2018-02-16 21:24:49,877 INFO Number of training examples = 25350
2018-02-16 21:24:49,877 INFO Number of validation examples = 1290
2018-02-16 21:24:49,878 INFO Number of testing examples = 12569
2018-02-16 21:24:49,879 INFO Number of classes = 43

2018-02-16 21:35:04,898 INFO loss:
2018-02-16 21:35:04,899 INFO [3.5564783743570541, 2.3400344225358682, 1.2084690685573178, 0.83791188093802393, 0.62838172509590318, 0.48711950422508948, 0.40841537411984136, 0.33118314318167857, 0.27518838419657959, 0.23798922012073284, 0.20595331502854236, 0.18550386692057463, 0.16492987925601899, 0.15207517747342938, 0.15177771697147829, 0.13375607843766141, 0.12225847874872783, 0.11800221569556926, 0.10464250712822645, 0.094092297662615301, 0.085789559547600189, 0.082556304664771707, 0.078400996576634616, 0.072446699799929376, 0.071184323547036923, 0.066830557872792906, 0.062936101401742744, 0.060913201758024491, 0.059018219187965938, 0.051918885438635036, 0.056645411616319856, 0.052633281055786435, 0.049371522602715198, 0.046113596423960769, 0.047496228651887566, 0.044673307826062866, 0.063258281407741868, 0.059383337443485062, 0.050739801901243844, 0.046325812006490469]
2018-02-16 21:35:04,900 INFO accuracy:
2018-02-16 21:35:04,900 INFO [0.070542635658914735, 0.45348837218543353, 0.64341085308281953, 0.72093023246572918, 0.78294573643410847, 0.84418604651162787, 0.85658914728682167, 0.87519379844961243, 0.90620155038759687, 0.9147286821705426, 0.9263565891472868, 0.93333333333333335, 0.93953488372093019, 0.93100775193798446, 0.93410852713178294, 0.93488372093023253, 0.93255813953488376, 0.94728682170542633, 0.93953488372093019, 0.9387596899224806, 0.94418604651162785, 0.93410852713178294, 0.93643410852713183, 0.94496124031007755, 0.94341085271317826, 0.94961240310077522, 0.94883720930232562, 0.94728682170542633, 0.94341085271317826, 0.94573643410852715, 0.94418604651162785, 0.93720930232558142, 0.94341085271317826, 0.94031007751937989, 0.94728682170542633, 0.94883720930232562, 0.9511627906976744, 0.94728682170542633, 0.94263565891472867, 0.95271317829457369]
2018-02-16 21:35:05,001 INFO Saving...
2018-02-16 21:35:05,068 INFO Saved model to disk
2018-02-16 21:35:05,323 INFO Loaded model from disk

2018-02-16 21:35:05,324 INFO Testing: 
2018-02-16 21:35:08,480 INFO 
Test accuracy : 0.969607765136
2018-02-16 21:35:48,655 INFO Number of training examples = 126750
2018-02-16 21:35:48,656 INFO Number of validation examples = 1290
2018-02-16 21:35:48,656 INFO Number of testing examples = 12569
2018-02-16 21:35:48,657 INFO Number of classes = 43

2018-02-16 22:26:20,665 INFO loss:
2018-02-16 22:26:20,667 INFO [2.595264533477422, 1.1748142090774851, 0.73636140378316239, 0.50948422564275164, 0.38478684241766997, 0.30219952561164043, 0.24642557086794098, 0.21187106181437212, 0.18118681987220719, 0.15633434537588023, 0.13739095279662566, 0.12442989355431507, 0.11180554319015856, 0.10235480173158458, 0.093829305915437505, 0.085483031512364832, 0.07959537080174249, 0.073866014141831873, 0.067675124655343602, 0.065292430031420087, 0.059742110774273702, 0.057889998186974836, 0.053410201473701638, 0.050280169748695647, 0.047800712058177361, 0.045216403529371264, 0.043912632959481529, 0.041515799261938185, 0.040536877323243271, 0.038860802277716891, 0.0376784213510961, 0.035621694587626637, 0.034119607575987219, 0.032785466212845414, 0.031287970226632773, 0.028913600885977921, 0.029823590722162813, 0.029304013050284378, 0.026914672079501597, 0.027352619764632023]
2018-02-16 22:26:20,667 INFO val accuracy:
2018-02-16 22:26:20,668 INFO [0.56589147286821706, 0.80000000000000004, 0.88217054263565886, 0.93488372093023253, 0.95193798449612399, 0.95426356589147288, 0.97131782945736433, 0.97441860465116281, 0.97054263565891474, 0.97674418604651159, 0.97286821705426352, 0.97209302325581393, 0.975968992248062, 0.96899224806201545, 0.97209302325581393, 0.97751937984496129, 0.98372093023255813, 0.98372093023255813, 0.98139534883720925, 0.98139534883720925, 0.98294573643410854, 0.98062015503875966, 0.97984496124031006, 0.97829457364341088, 0.975968992248062, 0.98294573643410854, 0.975968992248062, 0.98372093023255813, 0.97674418604651159, 0.97984496124031006, 0.98294573643410854, 0.98139534883720925, 0.97906976744186047, 0.98372093023255813, 0.975968992248062, 0.97829457364341088, 0.98139534883720925, 0.98527131782945732, 0.97829457364341088, 0.98139534883720925]
2018-02-16 22:26:20,669 INFO accuracy:
2018-02-16 22:26:20,669 INFO [0.30355029586645271, 0.6647337278134724, 0.78971203157417402, 0.85484812624214668, 0.89093491126517577, 0.91520315583358858, 0.93147928995587648, 0.94131755424063113, 0.94963313610972266, 0.95667061143984222, 0.96282445760121238, 0.96606706115150831, 0.96916765287500872, 0.97192110453648917, 0.97437475346672464, 0.97646548324223803, 0.97871400394477315, 0.98060749506903355, 0.98186982248520716, 0.98265877712031557, 0.98440236686390536, 0.98452859961304673, 0.9857751479365181, 0.98668244575936881, 0.98758974358974361, 0.98811045365643924, 0.98837869822485203, 0.98909664694280075, 0.98922287968441813, 0.9896173570019724, 0.99010650888326368, 0.99065088758148856, 0.99095857988165681, 0.99135305720673506, 0.99214201183431949, 0.99286785009861933, 0.99236291913214991, 0.99262327416925977, 0.9933412228796844, 0.9928441814595661]
2018-02-16 22:26:20,770 INFO Saving...
2018-02-16 22:26:20,852 INFO Saved model to disk
2018-02-16 22:26:21,134 INFO Loaded model from disk

2018-02-16 22:26:21,135 INFO Testing: 
2018-02-16 22:26:24,332 INFO 
Test accuracy : 0.990214018617
2018-02-16 22:27:03,191 INFO Number of training examples = 152100
2018-02-16 22:27:03,192 INFO Number of validation examples = 1290
2018-02-16 22:27:03,192 INFO Number of testing examples = 12569
2018-02-16 22:27:03,193 INFO Number of classes = 43

2018-02-16 23:27:39,137 INFO loss:
2018-02-16 23:27:39,138 INFO [2.3377891423779049, 0.92815680530649669, 0.55906246235149615, 0.38201105296102345, 0.28830970678378059, 0.23036561307979211, 0.18805751385695052, 0.16192415338335345, 0.13960337568434503, 0.12089354149727818, 0.10903007176148116, 0.097251767757728966, 0.087790636387920007, 0.078719190120461899, 0.073627868037398986, 0.066103824132136182, 0.062859613289180979, 0.057966309362320743, 0.05520613039954566, 0.050317056618145936, 0.047934342628635128, 0.04573936075853878, 0.042597501848742884, 0.041504713904399138, 0.03891188408518155, 0.037139446932888592, 0.035364275596335405, 0.03503454509610647, 0.032935526021447017, 0.031319875426683512, 0.029906178043051859, 0.0300812588374447, 0.028591798901224826, 0.02794353584449721, 0.025119009929232147, 0.024304563609747257, 0.024601753646609503, 0.023740554331488941, 0.021626046386723118, 0.022591851572117315]
2018-02-16 23:27:39,139 INFO val accuracy:
2018-02-16 23:27:39,139 INFO [0.70465116283690288, 0.87596899224806202, 0.94883720930232562, 0.97131782945736433, 0.975968992248062, 0.98062015503875966, 0.98294573643410854, 0.98527131782945732, 0.98449612403100772, 0.98604651162790702, 0.98604651162790702, 0.98372093023255813, 0.98992248062015509, 0.99069767441860468, 0.98837209302325579, 0.98604651162790702, 0.98914728682170538, 0.98837209302325579, 0.98992248062015509, 0.98294573643410854, 0.98604651162790702, 0.98837209302325579, 0.99069767441860468, 0.98449612403100772, 0.9875968992248062, 0.98527131782945732, 0.98604651162790702, 0.98682170542635661, 0.98527131782945732, 0.98682170542635661, 0.9875968992248062, 0.98682170542635661, 0.98682170542635661, 0.9875968992248062, 0.98837209302325579, 0.98682170542635661, 0.98682170542635661, 0.98527131782945732, 0.98604651162790702, 0.98914728682170538]
2018-02-16 23:27:39,140 INFO accuracy:
2018-02-16 23:27:39,141 INFO [0.37272189349269175, 0.73771203154721277, 0.84220907297987124, 0.89352399736858368, 0.92028270874581475, 0.93687047995837558, 0.94893491124417106, 0.95558185405436513, 0.9621433267665489, 0.96727810650887569, 0.97009204471840194, 0.97389217619673352, 0.97591715976331361, 0.97869822485207103, 0.9800723208415516, 0.98239316240413499, 0.98321499014903968, 0.98450361605305015, 0.9850821827713554, 0.98691650231209027, 0.98716633793556874, 0.98761998685075603, 0.98857330703484547, 0.98911242604647553, 0.99002629848783696, 0.98990795530354325, 0.99047337278106506, 0.99074950690335306, 0.99140696911024939, 0.9919723865877712, 0.99220249835634455, 0.99227481920886873, 0.99240631164805349, 0.99265614727153184, 0.99360946745562129, 0.99380670611439847, 0.99371466140383402, 0.99391190006574626, 0.99451676528599608, 0.99416831032215647]
2018-02-16 23:27:39,242 INFO Saving...
2018-02-16 23:27:39,336 INFO Saved model to disk
2018-02-16 23:27:39,643 INFO Loaded model from disk

2018-02-16 23:27:39,643 INFO Testing: 
2018-02-16 23:27:42,876 INFO 
Test accuracy : 0.992998647466
