2018-01-04 15:25:06,122 INFO 


Training... dropout = 0.3 , batch_size = 128 , learning rate = 0.0001
2018-01-04 15:25:30,775 INFO EPOCH 1 - 24 sec ...
2018-01-04 15:25:30,776 INFO Training error = 0.946 Validation error = 0.948
2018-01-04 15:25:53,549 INFO EPOCH 2 - 47 sec ...
2018-01-04 15:25:53,549 INFO Training error = 0.926 Validation error = 0.924
2018-01-04 15:26:16,540 INFO EPOCH 3 - 70 sec ...
2018-01-04 15:26:16,540 INFO Training error = 0.905 Validation error = 0.904
2018-01-04 15:26:39,245 INFO EPOCH 4 - 93 sec ...
2018-01-04 15:26:39,246 INFO Training error = 0.845 Validation error = 0.848
2018-01-04 15:27:01,973 INFO EPOCH 5 - 115 sec ...
2018-01-04 15:27:01,973 INFO Training error = 0.766 Validation error = 0.773
2018-01-04 15:27:24,638 INFO EPOCH 6 - 138 sec ...
2018-01-04 15:27:24,639 INFO Training error = 0.730 Validation error = 0.739
2018-01-04 15:27:47,340 INFO EPOCH 7 - 161 sec ...
2018-01-04 15:27:47,340 INFO Training error = 0.698 Validation error = 0.712
2018-01-04 15:28:10,036 INFO EPOCH 8 - 183 sec ...
2018-01-04 15:28:10,036 INFO Training error = 0.659 Validation error = 0.668
2018-01-04 15:28:32,693 INFO EPOCH 9 - 206 sec ...
2018-01-04 15:28:32,693 INFO Training error = 0.634 Validation error = 0.646
2018-01-04 15:28:55,292 INFO EPOCH 10 - 229 sec ...
2018-01-04 15:28:55,293 INFO Training error = 0.604 Validation error = 0.607
2018-01-04 15:29:18,103 INFO EPOCH 11 - 252 sec ...
2018-01-04 15:29:18,103 INFO Training error = 0.587 Validation error = 0.591
2018-01-04 15:29:40,804 INFO EPOCH 12 - 274 sec ...
2018-01-04 15:29:40,804 INFO Training error = 0.568 Validation error = 0.568
2018-01-04 15:30:03,623 INFO EPOCH 13 - 297 sec ...
2018-01-04 15:30:03,623 INFO Training error = 0.554 Validation error = 0.560
2018-01-04 15:30:26,814 INFO EPOCH 14 - 320 sec ...
2018-01-04 15:30:26,815 INFO Training error = 0.534 Validation error = 0.539
2018-01-04 15:30:49,706 INFO EPOCH 15 - 343 sec ...
2018-01-04 15:30:49,707 INFO Training error = 0.518 Validation error = 0.521
2018-01-04 15:31:13,030 INFO EPOCH 16 - 366 sec ...
2018-01-04 15:31:13,031 INFO Training error = 0.509 Validation error = 0.511
2018-01-04 15:31:36,424 INFO EPOCH 17 - 390 sec ...
2018-01-04 15:31:36,424 INFO Training error = 0.486 Validation error = 0.493
2018-01-04 15:31:59,277 INFO EPOCH 18 - 413 sec ...
2018-01-04 15:31:59,278 INFO Training error = 0.475 Validation error = 0.484
2018-01-04 15:32:22,132 INFO EPOCH 19 - 436 sec ...
2018-01-04 15:32:22,133 INFO Training error = 0.463 Validation error = 0.469
2018-01-04 15:32:44,902 INFO EPOCH 20 - 458 sec ...
2018-01-04 15:32:44,902 INFO Training error = 0.454 Validation error = 0.464
2018-01-04 15:33:07,518 INFO EPOCH 21 - 481 sec ...
2018-01-04 15:33:07,518 INFO Training error = 0.434 Validation error = 0.445
2018-01-04 15:33:30,210 INFO EPOCH 22 - 504 sec ...
2018-01-04 15:33:30,210 INFO Training error = 0.426 Validation error = 0.431
2018-01-04 15:33:53,578 INFO EPOCH 23 - 527 sec ...
2018-01-04 15:33:53,578 INFO Training error = 0.408 Validation error = 0.422
2018-01-04 15:34:16,732 INFO EPOCH 24 - 550 sec ...
2018-01-04 15:34:16,732 INFO Training error = 0.393 Validation error = 0.403
2018-01-04 15:34:41,149 INFO EPOCH 25 - 575 sec ...
2018-01-04 15:34:41,149 INFO Training error = 0.375 Validation error = 0.388
2018-01-04 15:35:03,876 INFO EPOCH 26 - 597 sec ...
2018-01-04 15:35:03,876 INFO Training error = 0.362 Validation error = 0.378
2018-01-04 15:35:27,396 INFO EPOCH 27 - 621 sec ...
2018-01-04 15:35:27,397 INFO Training error = 0.343 Validation error = 0.361
2018-01-04 15:35:50,785 INFO EPOCH 28 - 644 sec ...
2018-01-04 15:35:50,786 INFO Training error = 0.335 Validation error = 0.349
2018-01-04 15:36:14,391 INFO EPOCH 29 - 668 sec ...
2018-01-04 15:36:14,391 INFO Training error = 0.322 Validation error = 0.338
2018-01-04 15:36:37,783 INFO EPOCH 30 - 691 sec ...
2018-01-04 15:36:37,784 INFO Training error = 0.307 Validation error = 0.324
2018-01-04 15:37:01,420 INFO EPOCH 31 - 715 sec ...
2018-01-04 15:37:01,420 INFO Training error = 0.298 Validation error = 0.316
2018-01-04 15:37:24,759 INFO EPOCH 32 - 738 sec ...
2018-01-04 15:37:24,759 INFO Training error = 0.288 Validation error = 0.306
2018-01-04 15:37:47,598 INFO EPOCH 33 - 761 sec ...
2018-01-04 15:37:47,600 INFO Training error = 0.281 Validation error = 0.297
2018-01-04 15:38:10,456 INFO EPOCH 34 - 784 sec ...
2018-01-04 15:38:10,456 INFO Training error = 0.266 Validation error = 0.281
2018-01-04 15:38:33,490 INFO EPOCH 35 - 807 sec ...
2018-01-04 15:38:33,490 INFO Training error = 0.258 Validation error = 0.273
2018-01-04 15:38:57,438 INFO EPOCH 36 - 831 sec ...
2018-01-04 15:38:57,438 INFO Training error = 0.258 Validation error = 0.272
2018-01-04 15:39:21,221 INFO EPOCH 37 - 855 sec ...
2018-01-04 15:39:21,221 INFO Training error = 0.246 Validation error = 0.260
2018-01-04 15:39:44,498 INFO EPOCH 38 - 878 sec ...
2018-01-04 15:39:44,498 INFO Training error = 0.241 Validation error = 0.258
2018-01-04 15:40:08,598 INFO EPOCH 39 - 902 sec ...
2018-01-04 15:40:08,598 INFO Training error = 0.229 Validation error = 0.246
2018-01-04 15:40:32,372 INFO EPOCH 40 - 926 sec ...
2018-01-04 15:40:32,373 INFO Training error = 0.224 Validation error = 0.243
2018-01-04 15:40:55,807 INFO EPOCH 41 - 949 sec ...
2018-01-04 15:40:55,808 INFO Training error = 0.212 Validation error = 0.234
2018-01-04 15:41:19,534 INFO EPOCH 42 - 973 sec ...
2018-01-04 15:41:19,534 INFO Training error = 0.206 Validation error = 0.227
2018-01-04 15:41:42,574 INFO EPOCH 43 - 996 sec ...
2018-01-04 15:41:42,577 INFO Training error = 0.203 Validation error = 0.224
2018-01-04 15:42:05,935 INFO EPOCH 44 - 1019 sec ...
2018-01-04 15:42:05,935 INFO Training error = 0.195 Validation error = 0.218
2018-01-04 15:42:28,904 INFO EPOCH 45 - 1042 sec ...
2018-01-04 15:42:28,904 INFO Training error = 0.191 Validation error = 0.211
2018-01-04 15:42:51,693 INFO EPOCH 46 - 1065 sec ...
2018-01-04 15:42:51,693 INFO Training error = 0.189 Validation error = 0.210
2018-01-04 15:43:14,346 INFO EPOCH 47 - 1088 sec ...
2018-01-04 15:43:14,347 INFO Training error = 0.179 Validation error = 0.199
2018-01-04 15:43:39,268 INFO EPOCH 48 - 1113 sec ...
2018-01-04 15:43:39,268 INFO Training error = 0.175 Validation error = 0.202
2018-01-04 15:44:01,878 INFO EPOCH 49 - 1135 sec ...
2018-01-04 15:44:01,879 INFO Training error = 0.169 Validation error = 0.194
2018-01-04 15:44:24,583 INFO EPOCH 50 - 1158 sec ...
2018-01-04 15:44:24,583 INFO Training error = 0.165 Validation error = 0.194
2018-01-04 15:44:24,643 INFO Restoring parameters from ./models/lenet
2018-01-04 15:59:49,498 INFO 


Training... dropout = 0.3 , batch_size = 128 , learning rate = 0.0001
2018-01-04 16:10:52,562 INFO 


Training... dropout = 0.3 , batch_size = 128 , learning rate = 0.0001
2018-01-04 16:27:05,625 INFO 


Training... dropout = 0.3 , batch_size = 128 , learning rate = 0.0001
2018-01-04 16:27:30,179 INFO EPOCH 1 - 24 sec ...
2018-01-04 16:27:30,179 INFO Training error = 0.927 Validation error = 0.922
2018-01-04 16:27:54,845 INFO EPOCH 2 - 49 sec ...
2018-01-04 16:27:54,845 INFO Training error = 0.899 Validation error = 0.901
2018-01-04 16:28:19,755 INFO EPOCH 3 - 74 sec ...
2018-01-04 16:28:19,755 INFO Training error = 0.845 Validation error = 0.846
2018-01-04 16:28:19,832 INFO Restoring parameters from ./models/lenet
2018-01-04 16:37:27,986 INFO 


Training... dropout = 0.3 , batch_size = 128 , learning rate = 0.0001
2018-01-04 16:38:25,144 INFO 


Training... dropout = 0.3 , batch_size = 128 , learning rate = 0.0001
2018-01-04 16:39:29,517 INFO 


Training... dropout = 0.3 , batch_size = 128 , learning rate = 0.0001
2018-01-04 16:40:28,057 INFO 


Training... dropout = 0.3 , batch_size = 128 , learning rate = 0.0001
2018-01-04 16:42:33,931 INFO 


Training... dropout = 0.3 , batch_size = 128 , learning rate = 0.0001
2018-01-04 16:42:56,749 INFO EPOCH 1 - 22 sec ...
2018-01-04 16:42:56,749 INFO Training error = 0.924 Validation error = 0.923
2018-01-04 16:43:19,608 INFO EPOCH 2 - 45 sec ...
2018-01-04 16:43:19,609 INFO Training error = 0.852 Validation error = 0.866
2018-01-04 16:43:42,494 INFO EPOCH 3 - 68 sec ...
2018-01-04 16:43:42,495 INFO Training error = 0.779 Validation error = 0.792
2018-01-04 16:43:42,569 INFO Restoring parameters from ./models/lenet
2018-01-04 16:46:33,261 INFO 


Training... dropout = 0.3 , batch_size = 128 , learning rate = 0.0001
2018-01-04 16:46:56,228 INFO EPOCH 1 - 23 sec ...0.383562
2018-01-04 16:46:56,229 INFO Training error = 0.945 Validation error = 0.940
2018-01-04 16:47:19,071 INFO EPOCH 2 - 45 sec ...0.764279
2018-01-04 16:47:19,072 INFO Training error = 0.913 Validation error = 0.905
2018-01-04 16:47:41,936 INFO EPOCH 3 - 68 sec ...1.145346
2018-01-04 16:47:41,936 INFO Training error = 0.883 Validation error = 0.883
2018-01-04 16:47:42,013 INFO Restoring parameters from ./models/lenet
2018-01-04 16:50:32,763 INFO 


Training... dropout = 0.3 , batch_size = 128 , learning rate = 0.0001
2018-01-04 16:50:55,616 INFO EPOCH 1 - 22 sec ...0.1515084632 min
2018-01-04 16:50:55,616 INFO Training error = 0.956 Validation error = 0.954
2018-01-04 16:51:18,330 INFO EPOCH 2 - 45 sec ...0.1515084632 min
2018-01-04 16:51:18,330 INFO Training error = 0.940 Validation error = 0.943
2018-01-04 16:51:41,051 INFO EPOCH 3 - 68 sec ...1.1515084632 min
2018-01-04 16:51:41,051 INFO Training error = 0.923 Validation error = 0.926
2018-01-04 16:51:41,111 INFO Restoring parameters from ./models/lenet
2018-01-04 16:54:53,345 INFO 


Training... dropout = 0.3 , batch_size = 128 , learning rate = 0.0001
2018-01-04 16:55:16,167 INFO EPOCH 1 - 22 sec ...0.1515084893 min
2018-01-04 16:55:16,169 INFO Training error = 0.934 Validation error = 0.936
2018-01-04 16:55:39,490 INFO EPOCH 2 - 46 sec ...0.1515084893 min
2018-01-04 16:55:39,490 INFO Training error = 0.894 Validation error = 0.899
2018-01-04 16:55:39,553 INFO Restoring parameters from ./models/lenet
2018-01-04 16:56:14,764 INFO 


Training... dropout = 0.3 , batch_size = 128 , learning rate = 0.0001
2018-01-04 16:56:37,730 INFO EPOCH 1 - 23 sec ...0.1515084997 min
2018-01-04 16:56:37,731 INFO Training error = 0.948 Validation error = 0.953
2018-01-04 16:57:00,504 INFO EPOCH 2 - 45 sec ...0.1515085020 min
2018-01-04 16:57:00,504 INFO Training error = 0.908 Validation error = 0.910
2018-01-04 16:57:00,566 INFO Restoring parameters from ./models/lenet
2018-01-04 16:59:00,635 INFO 


Training... dropout = 0.3 , batch_size = 128 , learning rate = 0.0001
2018-01-04 16:59:19,135 INFO 


Training... dropout = 0.3 , batch_size = 128 , learning rate = 0.0001
2018-01-04 16:59:42,166 INFO EPOCH 1 - 23 sec ...0.1515085182 min
2018-01-04 16:59:42,166 INFO Training error = 0.950 Validation error = 0.948
2018-01-04 17:00:05,100 INFO EPOCH 2 - 46 sec ...0.1515085205 min
2018-01-04 17:00:05,100 INFO Training error = 0.929 Validation error = 0.932
2018-01-04 17:00:05,172 INFO Restoring parameters from ./models/lenet
2018-01-04 17:01:03,911 INFO 


Training... dropout = 0.3 , batch_size = 128 , learning rate = 0.0001
2018-01-04 17:01:28,714 INFO EPOCH 1 - 24 sec ...0.24 min
2018-01-04 17:01:28,714 INFO Training error = 0.934 Validation error = 0.932
2018-01-04 17:01:51,938 INFO EPOCH 2 - 48 sec ...0.48 min
2018-01-04 17:01:51,938 INFO Training error = 0.870 Validation error = 0.871
2018-01-04 17:01:52,015 INFO Restoring parameters from ./models/lenet
2018-01-04 17:08:03,908 INFO 


Training... dropout = 0.3 , batch_size = 128 , learning rate = 0.0001
2018-01-04 17:13:43,174 INFO 


Training... dropout = 0.3 , batch_size = 128 , learning rate = 0.0001
2018-01-04 17:15:23,680 INFO 


Training... dropout = 0.3 , batch_size = 128 , learning rate = 0.0001
2018-01-04 17:16:56,852 INFO 


Training... dropout = 0.3 , batch_size = 128 , learning rate = 0.0001
2018-01-04 17:17:19,777 INFO EPOCH 1 - 22 sec ...0.22 min
2018-01-04 17:17:19,777 INFO Training error = 0.948 Validation error = 0.947
2018-01-04 17:17:42,725 INFO EPOCH 2 - 45 sec ...0.45 min
2018-01-04 17:17:42,726 INFO Training error = 0.934 Validation error = 0.936
2018-01-04 17:18:07,114 INFO EPOCH 3 - 70 sec ...1.10 min
2018-01-04 17:18:07,114 INFO Training error = 0.906 Validation error = 0.908
2018-01-04 17:18:31,512 INFO EPOCH 4 - 94 sec ...1.34 min
2018-01-04 17:18:31,512 INFO Training error = 0.853 Validation error = 0.862
2018-01-04 17:18:54,305 INFO EPOCH 5 - 117 sec ...1.57 min
2018-01-04 17:18:54,305 INFO Training error = 0.810 Validation error = 0.812
2018-01-04 17:19:17,029 INFO EPOCH 6 - 140 sec ...2.20 min
2018-01-04 17:19:17,029 INFO Training error = 0.766 Validation error = 0.768
2018-01-04 17:19:39,907 INFO EPOCH 7 - 163 sec ...2.43 min
2018-01-04 17:19:39,908 INFO Training error = 0.713 Validation error = 0.721
2018-01-04 17:20:02,520 INFO EPOCH 8 - 185 sec ...3.5 min
2018-01-04 17:20:02,520 INFO Training error = 0.661 Validation error = 0.666
2018-01-04 17:20:25,088 INFO EPOCH 9 - 208 sec ...3.28 min
2018-01-04 17:20:25,090 INFO Training error = 0.633 Validation error = 0.631
2018-01-04 17:20:47,654 INFO EPOCH 10 - 230 sec ...3.50 min
2018-01-04 17:20:47,655 INFO Training error = 0.609 Validation error = 0.609
2018-01-04 17:21:10,319 INFO EPOCH 11 - 253 sec ...4.13 min
2018-01-04 17:21:10,320 INFO Training error = 0.589 Validation error = 0.600
2018-01-04 17:21:32,981 INFO EPOCH 12 - 276 sec ...4.36 min
2018-01-04 17:21:32,981 INFO Training error = 0.567 Validation error = 0.571
2018-01-04 17:21:55,529 INFO EPOCH 13 - 298 sec ...4.58 min
2018-01-04 17:21:55,529 INFO Training error = 0.546 Validation error = 0.552
2018-01-04 17:22:18,208 INFO EPOCH 14 - 321 sec ...5.21 min
2018-01-04 17:22:18,209 INFO Training error = 0.530 Validation error = 0.536
2018-01-04 17:22:40,729 INFO EPOCH 15 - 343 sec ...5.43 min
2018-01-04 17:22:40,729 INFO Training error = 0.514 Validation error = 0.518
2018-01-04 17:23:03,264 INFO EPOCH 16 - 366 sec ...6.6 min
2018-01-04 17:23:03,265 INFO Training error = 0.493 Validation error = 0.501
2018-01-04 17:23:25,888 INFO EPOCH 17 - 389 sec ...6.29 min
2018-01-04 17:23:25,889 INFO Training error = 0.478 Validation error = 0.488
2018-01-04 17:23:48,449 INFO EPOCH 18 - 411 sec ...6.51 min
2018-01-04 17:23:48,449 INFO Training error = 0.460 Validation error = 0.469
2018-01-04 17:24:11,046 INFO EPOCH 19 - 434 sec ...7.14 min
2018-01-04 17:24:11,046 INFO Training error = 0.441 Validation error = 0.453
2018-01-04 17:24:34,834 INFO EPOCH 20 - 458 sec ...7.38 min
2018-01-04 17:24:34,834 INFO Training error = 0.426 Validation error = 0.436
2018-01-04 17:24:57,935 INFO EPOCH 21 - 481 sec ...8.1 min
2018-01-04 17:24:57,935 INFO Training error = 0.407 Validation error = 0.422
2018-01-04 17:25:20,504 INFO EPOCH 22 - 503 sec ...8.23 min
2018-01-04 17:25:20,504 INFO Training error = 0.397 Validation error = 0.409
2018-01-04 17:25:43,107 INFO EPOCH 23 - 526 sec ...8.46 min
2018-01-04 17:25:43,108 INFO Training error = 0.378 Validation error = 0.392
2018-01-04 17:26:05,604 INFO EPOCH 24 - 548 sec ...9.8 min
2018-01-04 17:26:05,604 INFO Training error = 0.364 Validation error = 0.379
2018-01-04 17:26:28,135 INFO EPOCH 25 - 571 sec ...9.31 min
2018-01-04 17:26:28,135 INFO Training error = 0.351 Validation error = 0.366
2018-01-04 17:26:50,683 INFO EPOCH 26 - 593 sec ...9.53 min
2018-01-04 17:26:50,683 INFO Training error = 0.336 Validation error = 0.353
2018-01-04 17:27:13,168 INFO EPOCH 27 - 616 sec ...10.16 min
2018-01-04 17:27:13,169 INFO Training error = 0.321 Validation error = 0.339
2018-01-04 17:27:35,750 INFO EPOCH 28 - 638 sec ...10.38 min
2018-01-04 17:27:35,750 INFO Training error = 0.312 Validation error = 0.328
2018-01-04 17:27:58,296 INFO EPOCH 29 - 661 sec ...11.1 min
2018-01-04 17:27:58,296 INFO Training error = 0.298 Validation error = 0.313
2018-01-04 17:28:20,771 INFO EPOCH 30 - 683 sec ...11.23 min
2018-01-04 17:28:20,771 INFO Training error = 0.284 Validation error = 0.303
2018-01-04 17:28:43,170 INFO EPOCH 31 - 706 sec ...11.46 min
2018-01-04 17:28:43,170 INFO Training error = 0.276 Validation error = 0.289
2018-01-04 17:29:05,673 INFO EPOCH 32 - 728 sec ...12.8 min
2018-01-04 17:29:05,674 INFO Training error = 0.266 Validation error = 0.284
2018-01-04 17:29:28,150 INFO EPOCH 33 - 751 sec ...12.31 min
2018-01-04 17:29:28,150 INFO Training error = 0.258 Validation error = 0.271
2018-01-04 17:29:50,620 INFO EPOCH 34 - 773 sec ...12.53 min
2018-01-04 17:29:50,620 INFO Training error = 0.250 Validation error = 0.264
2018-01-04 17:30:13,102 INFO EPOCH 35 - 796 sec ...13.16 min
2018-01-04 17:30:13,102 INFO Training error = 0.240 Validation error = 0.252
2018-01-04 17:30:35,562 INFO EPOCH 36 - 818 sec ...13.38 min
2018-01-04 17:30:35,562 INFO Training error = 0.231 Validation error = 0.248
2018-01-04 17:30:57,991 INFO EPOCH 37 - 841 sec ...14.1 min
2018-01-04 17:30:57,992 INFO Training error = 0.223 Validation error = 0.236
2018-01-04 17:31:20,469 INFO EPOCH 38 - 863 sec ...14.23 min
2018-01-04 17:31:20,469 INFO Training error = 0.216 Validation error = 0.232
2018-01-04 17:31:42,916 INFO EPOCH 39 - 886 sec ...14.46 min
2018-01-04 17:31:42,917 INFO Training error = 0.213 Validation error = 0.224
2018-01-04 17:32:05,360 INFO EPOCH 40 - 908 sec ...15.8 min
2018-01-04 17:32:05,361 INFO Training error = 0.200 Validation error = 0.218
2018-01-04 17:32:27,869 INFO EPOCH 41 - 931 sec ...15.31 min
2018-01-04 17:32:27,870 INFO Training error = 0.190 Validation error = 0.206
2018-01-04 17:32:50,276 INFO EPOCH 42 - 953 sec ...15.53 min
2018-01-04 17:32:50,276 INFO Training error = 0.182 Validation error = 0.200
2018-01-04 17:33:12,687 INFO EPOCH 43 - 975 sec ...16.15 min
2018-01-04 17:33:12,687 INFO Training error = 0.179 Validation error = 0.195
2018-01-04 17:33:35,213 INFO EPOCH 44 - 998 sec ...16.38 min
2018-01-04 17:33:35,213 INFO Training error = 0.174 Validation error = 0.192
2018-01-04 17:33:57,627 INFO EPOCH 45 - 1020 sec ...17.0 min
2018-01-04 17:33:57,627 INFO Training error = 0.166 Validation error = 0.183
2018-01-04 17:34:20,081 INFO EPOCH 46 - 1043 sec ...17.23 min
2018-01-04 17:34:20,081 INFO Training error = 0.160 Validation error = 0.180
2018-01-04 17:34:42,480 INFO EPOCH 47 - 1065 sec ...17.45 min
2018-01-04 17:34:42,481 INFO Training error = 0.160 Validation error = 0.177
2018-01-04 17:35:04,864 INFO EPOCH 48 - 1088 sec ...18.8 min
2018-01-04 17:35:04,865 INFO Training error = 0.150 Validation error = 0.170
2018-01-04 17:35:27,276 INFO EPOCH 49 - 1110 sec ...18.30 min
2018-01-04 17:35:27,277 INFO Training error = 0.146 Validation error = 0.162
2018-01-04 17:35:49,747 INFO EPOCH 50 - 1132 sec ...18.52 min
2018-01-04 17:35:49,747 INFO Training error = 0.148 Validation error = 0.166
2018-01-04 17:36:12,102 INFO EPOCH 51 - 1155 sec ...19.15 min
2018-01-04 17:36:12,103 INFO Training error = 0.136 Validation error = 0.154
2018-01-04 17:36:34,482 INFO EPOCH 52 - 1177 sec ...19.37 min
2018-01-04 17:36:34,483 INFO Training error = 0.131 Validation error = 0.149
2018-01-04 17:36:56,933 INFO EPOCH 53 - 1200 sec ...20.0 min
2018-01-04 17:36:56,934 INFO Training error = 0.125 Validation error = 0.142
2018-01-04 17:37:19,339 INFO EPOCH 54 - 1222 sec ...20.22 min
2018-01-04 17:37:19,339 INFO Training error = 0.124 Validation error = 0.143
2018-01-04 17:37:41,752 INFO EPOCH 55 - 1244 sec ...20.44 min
2018-01-04 17:37:41,752 INFO Training error = 0.120 Validation error = 0.140
2018-01-04 17:38:04,137 INFO EPOCH 56 - 1267 sec ...21.7 min
2018-01-04 17:38:04,137 INFO Training error = 0.116 Validation error = 0.136
2018-01-04 17:38:26,503 INFO EPOCH 57 - 1289 sec ...21.29 min
2018-01-04 17:38:26,504 INFO Training error = 0.112 Validation error = 0.131
2018-01-04 17:38:48,859 INFO EPOCH 58 - 1312 sec ...21.52 min
2018-01-04 17:38:48,860 INFO Training error = 0.110 Validation error = 0.128
2018-01-04 17:39:11,288 INFO EPOCH 59 - 1334 sec ...22.14 min
2018-01-04 17:39:11,288 INFO Training error = 0.106 Validation error = 0.122
2018-01-04 17:39:33,693 INFO EPOCH 60 - 1356 sec ...22.36 min
2018-01-04 17:39:33,694 INFO Training error = 0.104 Validation error = 0.121
2018-01-04 17:39:56,041 INFO EPOCH 61 - 1379 sec ...22.59 min
2018-01-04 17:39:56,041 INFO Training error = 0.100 Validation error = 0.120
2018-01-04 17:40:18,465 INFO EPOCH 62 - 1401 sec ...23.21 min
2018-01-04 17:40:18,465 INFO Training error = 0.101 Validation error = 0.117
2018-01-04 17:40:40,806 INFO EPOCH 63 - 1423 sec ...23.43 min
2018-01-04 17:40:40,806 INFO Training error = 0.097 Validation error = 0.114
2018-01-04 17:41:03,161 INFO EPOCH 64 - 1446 sec ...24.6 min
2018-01-04 17:41:03,162 INFO Training error = 0.091 Validation error = 0.109
2018-01-04 17:41:25,565 INFO EPOCH 65 - 1468 sec ...24.28 min
2018-01-04 17:41:25,566 INFO Training error = 0.090 Validation error = 0.109
2018-01-04 17:41:47,956 INFO EPOCH 66 - 1491 sec ...24.51 min
2018-01-04 17:41:47,957 INFO Training error = 0.087 Validation error = 0.104
2018-01-04 17:42:10,286 INFO EPOCH 67 - 1513 sec ...25.13 min
2018-01-04 17:42:10,287 INFO Training error = 0.085 Validation error = 0.104
2018-01-04 17:42:32,704 INFO EPOCH 68 - 1535 sec ...25.35 min
2018-01-04 17:42:32,704 INFO Training error = 0.082 Validation error = 0.100
2018-01-04 17:42:55,058 INFO EPOCH 69 - 1558 sec ...25.58 min
2018-01-04 17:42:55,060 INFO Training error = 0.080 Validation error = 0.101
2018-01-04 17:43:17,450 INFO EPOCH 70 - 1580 sec ...26.20 min
2018-01-04 17:43:17,450 INFO Training error = 0.079 Validation error = 0.099
2018-01-04 17:43:39,859 INFO EPOCH 71 - 1603 sec ...26.43 min
2018-01-04 17:43:39,860 INFO Training error = 0.076 Validation error = 0.094
2018-01-04 17:44:02,261 INFO EPOCH 72 - 1625 sec ...27.5 min
2018-01-04 17:44:02,261 INFO Training error = 0.074 Validation error = 0.095
2018-01-04 17:44:24,682 INFO EPOCH 73 - 1647 sec ...27.27 min
2018-01-04 17:44:24,683 INFO Training error = 0.073 Validation error = 0.092
2018-01-04 17:44:47,086 INFO EPOCH 74 - 1670 sec ...27.50 min
2018-01-04 17:44:47,086 INFO Training error = 0.072 Validation error = 0.092
2018-01-04 17:45:09,446 INFO EPOCH 75 - 1692 sec ...28.12 min
2018-01-04 17:45:09,446 INFO Training error = 0.072 Validation error = 0.090
2018-01-04 17:45:31,871 INFO EPOCH 76 - 1715 sec ...28.35 min
2018-01-04 17:45:31,871 INFO Training error = 0.067 Validation error = 0.088
2018-01-04 17:45:54,256 INFO EPOCH 77 - 1737 sec ...28.57 min
2018-01-04 17:45:54,257 INFO Training error = 0.065 Validation error = 0.086
2018-01-04 17:46:16,641 INFO EPOCH 78 - 1759 sec ...29.19 min
2018-01-04 17:46:16,642 INFO Training error = 0.063 Validation error = 0.085
2018-01-04 17:46:38,971 INFO EPOCH 79 - 1782 sec ...29.42 min
2018-01-04 17:46:38,971 INFO Training error = 0.061 Validation error = 0.082
2018-01-04 17:47:01,355 INFO EPOCH 80 - 1804 sec ...30.4 min
2018-01-04 17:47:01,355 INFO Training error = 0.059 Validation error = 0.083
2018-01-04 17:47:23,702 INFO EPOCH 81 - 1826 sec ...30.26 min
2018-01-04 17:47:23,703 INFO Training error = 0.061 Validation error = 0.083
2018-01-04 17:47:46,045 INFO EPOCH 82 - 1849 sec ...30.49 min
2018-01-04 17:47:46,045 INFO Training error = 0.058 Validation error = 0.080
2018-01-04 17:48:08,443 INFO EPOCH 83 - 1871 sec ...31.11 min
2018-01-04 17:48:08,444 INFO Training error = 0.055 Validation error = 0.078
2018-01-04 17:48:30,804 INFO EPOCH 84 - 1893 sec ...31.33 min
2018-01-04 17:48:30,805 INFO Training error = 0.057 Validation error = 0.079
2018-01-04 17:48:53,153 INFO EPOCH 85 - 1916 sec ...31.56 min
2018-01-04 17:48:53,154 INFO Training error = 0.053 Validation error = 0.078
2018-01-04 17:49:15,596 INFO EPOCH 86 - 1938 sec ...32.18 min
2018-01-04 17:49:15,596 INFO Training error = 0.051 Validation error = 0.076
2018-01-04 17:49:37,965 INFO EPOCH 87 - 1961 sec ...32.41 min
2018-01-04 17:49:37,965 INFO Training error = 0.050 Validation error = 0.076
2018-01-04 17:50:00,310 INFO EPOCH 88 - 1983 sec ...33.3 min
2018-01-04 17:50:00,310 INFO Training error = 0.048 Validation error = 0.071
2018-01-04 17:50:22,694 INFO EPOCH 89 - 2005 sec ...33.25 min
2018-01-04 17:50:22,694 INFO Training error = 0.050 Validation error = 0.074
2018-01-04 17:50:45,020 INFO EPOCH 90 - 2028 sec ...33.48 min
2018-01-04 17:50:45,021 INFO Training error = 0.045 Validation error = 0.071
2018-01-04 17:51:07,373 INFO EPOCH 91 - 2050 sec ...34.10 min
2018-01-04 17:51:07,374 INFO Training error = 0.044 Validation error = 0.068
2018-01-04 17:51:29,770 INFO EPOCH 92 - 2072 sec ...34.32 min
2018-01-04 17:51:29,770 INFO Training error = 0.044 Validation error = 0.070
2018-01-04 17:51:52,081 INFO EPOCH 93 - 2095 sec ...34.55 min
2018-01-04 17:51:52,081 INFO Training error = 0.043 Validation error = 0.069
2018-01-04 17:52:14,392 INFO EPOCH 94 - 2117 sec ...35.17 min
2018-01-04 17:52:14,392 INFO Training error = 0.043 Validation error = 0.069
2018-01-04 17:52:36,789 INFO EPOCH 95 - 2139 sec ...35.39 min
2018-01-04 17:52:36,789 INFO Training error = 0.041 Validation error = 0.066
2018-01-04 17:52:59,122 INFO EPOCH 96 - 2162 sec ...36.2 min
2018-01-04 17:52:59,122 INFO Training error = 0.040 Validation error = 0.064
2018-01-04 17:53:21,496 INFO EPOCH 97 - 2184 sec ...36.24 min
2018-01-04 17:53:21,496 INFO Training error = 0.041 Validation error = 0.066
2018-01-04 17:53:43,952 INFO EPOCH 98 - 2207 sec ...36.47 min
2018-01-04 17:53:43,953 INFO Training error = 0.038 Validation error = 0.064
2018-01-04 17:54:06,930 INFO EPOCH 99 - 2230 sec ...37.10 min
2018-01-04 17:54:06,930 INFO Training error = 0.036 Validation error = 0.061
2018-01-04 17:54:29,340 INFO EPOCH 100 - 2252 sec ...37.32 min
2018-01-04 17:54:29,341 INFO Training error = 0.037 Validation error = 0.065
2018-01-04 17:54:51,768 INFO EPOCH 101 - 2274 sec ...37.54 min
2018-01-04 17:54:51,768 INFO Training error = 0.036 Validation error = 0.061
2018-01-04 17:55:14,155 INFO EPOCH 102 - 2297 sec ...38.17 min
2018-01-04 17:55:14,155 INFO Training error = 0.036 Validation error = 0.064
2018-01-04 17:55:36,526 INFO EPOCH 103 - 2319 sec ...38.39 min
2018-01-04 17:55:36,526 INFO Training error = 0.033 Validation error = 0.061
2018-01-04 17:55:58,899 INFO EPOCH 104 - 2342 sec ...39.2 min
2018-01-04 17:55:58,900 INFO Training error = 0.035 Validation error = 0.062
2018-01-04 17:56:21,308 INFO EPOCH 105 - 2364 sec ...39.24 min
2018-01-04 17:56:21,308 INFO Training error = 0.032 Validation error = 0.060
2018-01-04 17:56:43,645 INFO EPOCH 106 - 2386 sec ...39.46 min
2018-01-04 17:56:43,645 INFO Training error = 0.033 Validation error = 0.060
2018-01-04 17:57:06,043 INFO EPOCH 107 - 2409 sec ...40.9 min
2018-01-04 17:57:06,044 INFO Training error = 0.031 Validation error = 0.059
2018-01-04 17:57:28,445 INFO EPOCH 108 - 2431 sec ...40.31 min
2018-01-04 17:57:28,445 INFO Training error = 0.030 Validation error = 0.061
2018-01-04 17:57:50,824 INFO EPOCH 109 - 2454 sec ...40.54 min
2018-01-04 17:57:50,825 INFO Training error = 0.030 Validation error = 0.061
2018-01-04 17:58:13,196 INFO EPOCH 110 - 2476 sec ...41.16 min
2018-01-04 17:58:13,197 INFO Training error = 0.030 Validation error = 0.058
2018-01-04 17:58:35,578 INFO EPOCH 111 - 2498 sec ...41.38 min
2018-01-04 17:58:35,581 INFO Training error = 0.029 Validation error = 0.056
2018-01-04 17:58:57,955 INFO EPOCH 112 - 2521 sec ...42.1 min
2018-01-04 17:58:57,955 INFO Training error = 0.027 Validation error = 0.058
2018-01-04 17:59:22,470 INFO EPOCH 113 - 2545 sec ...42.25 min
2018-01-04 17:59:22,470 INFO Training error = 0.027 Validation error = 0.057
2018-01-04 17:59:44,816 INFO EPOCH 114 - 2568 sec ...42.48 min
2018-01-04 17:59:44,816 INFO Training error = 0.025 Validation error = 0.055
2018-01-04 18:00:07,148 INFO EPOCH 115 - 2590 sec ...43.10 min
2018-01-04 18:00:07,149 INFO Training error = 0.025 Validation error = 0.054
2018-01-04 18:00:29,524 INFO EPOCH 116 - 2612 sec ...43.32 min
2018-01-04 18:00:29,524 INFO Training error = 0.026 Validation error = 0.054
2018-01-04 18:00:51,832 INFO EPOCH 117 - 2635 sec ...43.55 min
2018-01-04 18:00:51,834 INFO Training error = 0.025 Validation error = 0.055
2018-01-04 18:01:14,133 INFO EPOCH 118 - 2657 sec ...44.17 min
2018-01-04 18:01:14,133 INFO Training error = 0.024 Validation error = 0.055
2018-01-04 18:01:36,525 INFO EPOCH 119 - 2679 sec ...44.39 min
2018-01-04 18:01:36,526 INFO Training error = 0.023 Validation error = 0.054
2018-01-04 18:01:58,824 INFO EPOCH 120 - 2702 sec ...45.2 min
2018-01-04 18:01:58,824 INFO Training error = 0.023 Validation error = 0.052
2018-01-04 18:02:21,186 INFO EPOCH 121 - 2724 sec ...45.24 min
2018-01-04 18:02:21,186 INFO Training error = 0.022 Validation error = 0.052
2018-01-04 18:02:43,540 INFO EPOCH 122 - 2746 sec ...45.46 min
2018-01-04 18:02:43,540 INFO Training error = 0.022 Validation error = 0.052
2018-01-04 18:03:05,868 INFO EPOCH 123 - 2769 sec ...46.9 min
2018-01-04 18:03:05,868 INFO Training error = 0.021 Validation error = 0.050
2018-01-04 18:03:28,188 INFO EPOCH 124 - 2791 sec ...46.31 min
2018-01-04 18:03:28,188 INFO Training error = 0.020 Validation error = 0.053
2018-01-04 18:03:50,585 INFO EPOCH 125 - 2813 sec ...46.53 min
2018-01-04 18:03:50,585 INFO Training error = 0.020 Validation error = 0.052
2018-01-04 18:04:12,963 INFO EPOCH 126 - 2836 sec ...47.16 min
2018-01-04 18:04:12,963 INFO Training error = 0.020 Validation error = 0.052
2018-01-04 18:04:35,316 INFO EPOCH 127 - 2858 sec ...47.38 min
2018-01-04 18:04:35,317 INFO Training error = 0.021 Validation error = 0.052
2018-01-04 18:04:57,699 INFO EPOCH 128 - 2880 sec ...48.0 min
2018-01-04 18:04:57,699 INFO Training error = 0.019 Validation error = 0.050
2018-01-04 18:05:20,071 INFO EPOCH 129 - 2903 sec ...48.23 min
2018-01-04 18:05:20,072 INFO Training error = 0.019 Validation error = 0.050
2018-01-04 18:05:42,435 INFO EPOCH 130 - 2925 sec ...48.45 min
2018-01-04 18:05:42,435 INFO Training error = 0.019 Validation error = 0.052
2018-01-04 18:06:04,799 INFO EPOCH 131 - 2947 sec ...49.7 min
2018-01-04 18:06:04,799 INFO Training error = 0.018 Validation error = 0.048
2018-01-04 18:06:27,163 INFO EPOCH 132 - 2970 sec ...49.30 min
2018-01-04 18:06:27,164 INFO Training error = 0.019 Validation error = 0.049
2018-01-04 18:06:49,514 INFO EPOCH 133 - 2992 sec ...49.52 min
2018-01-04 18:06:49,515 INFO Training error = 0.019 Validation error = 0.048
2018-01-04 18:07:11,889 INFO EPOCH 134 - 3015 sec ...50.15 min
2018-01-04 18:07:11,890 INFO Training error = 0.016 Validation error = 0.048
2018-01-04 18:07:34,297 INFO EPOCH 135 - 3037 sec ...50.37 min
2018-01-04 18:07:34,297 INFO Training error = 0.016 Validation error = 0.048
2018-01-04 18:07:56,642 INFO EPOCH 136 - 3059 sec ...50.59 min
2018-01-04 18:07:56,642 INFO Training error = 0.019 Validation error = 0.052
2018-01-04 18:08:19,060 INFO EPOCH 137 - 3082 sec ...51.22 min
2018-01-04 18:08:19,060 INFO Training error = 0.016 Validation error = 0.048
2018-01-04 18:08:41,374 INFO EPOCH 138 - 3104 sec ...51.44 min
2018-01-04 18:08:41,374 INFO Training error = 0.015 Validation error = 0.047
2018-01-04 18:09:03,727 INFO EPOCH 139 - 3126 sec ...52.6 min
2018-01-04 18:09:03,727 INFO Training error = 0.016 Validation error = 0.050
2018-01-04 18:09:26,144 INFO EPOCH 140 - 3149 sec ...52.29 min
2018-01-04 18:09:26,145 INFO Training error = 0.015 Validation error = 0.049
2018-01-04 18:09:48,492 INFO EPOCH 141 - 3171 sec ...52.51 min
2018-01-04 18:09:48,492 INFO Training error = 0.014 Validation error = 0.047
2018-01-04 18:10:10,838 INFO EPOCH 142 - 3194 sec ...53.14 min
2018-01-04 18:10:10,838 INFO Training error = 0.014 Validation error = 0.047
2018-01-04 18:10:33,248 INFO EPOCH 143 - 3216 sec ...53.36 min
2018-01-04 18:10:33,249 INFO Training error = 0.014 Validation error = 0.047
2018-01-04 18:10:55,577 INFO EPOCH 144 - 3238 sec ...53.58 min
2018-01-04 18:10:55,578 INFO Training error = 0.014 Validation error = 0.046
2018-01-04 18:11:17,952 INFO EPOCH 145 - 3261 sec ...54.21 min
2018-01-04 18:11:17,953 INFO Training error = 0.012 Validation error = 0.044
2018-01-04 18:11:40,349 INFO EPOCH 146 - 3283 sec ...54.43 min
2018-01-04 18:11:40,349 INFO Training error = 0.013 Validation error = 0.044
2018-01-04 18:12:02,710 INFO EPOCH 147 - 3305 sec ...55.5 min
2018-01-04 18:12:02,712 INFO Training error = 0.013 Validation error = 0.045
2018-01-04 18:12:25,074 INFO EPOCH 148 - 3328 sec ...55.28 min
2018-01-04 18:12:25,074 INFO Training error = 0.013 Validation error = 0.045
2018-01-04 18:12:47,432 INFO EPOCH 149 - 3350 sec ...55.50 min
2018-01-04 18:12:47,432 INFO Training error = 0.013 Validation error = 0.045
2018-01-04 18:13:09,795 INFO EPOCH 150 - 3372 sec ...56.12 min
2018-01-04 18:13:09,796 INFO Training error = 0.012 Validation error = 0.042
2018-01-04 18:13:09,848 INFO Restoring parameters from ./models/lenet
2018-01-06 03:34:26,873 INFO 


Training... dropout = 0.3 , batch_size = 128 , learning rate = 1e-06
2018-01-06 03:34:49,459 INFO EPOCH 1 - 22 sec ...0.22 min
2018-01-06 03:34:49,460 INFO Training error = 0.980 Validation error = 0.979
2018-01-06 03:35:11,973 INFO EPOCH 2 - 45 sec ...0.45 min
2018-01-06 03:35:11,973 INFO Training error = 0.978 Validation error = 0.977
2018-01-06 03:35:34,515 INFO EPOCH 3 - 67 sec ...1.7 min
2018-01-06 03:35:34,516 INFO Training error = 0.976 Validation error = 0.974
2018-01-06 03:35:56,972 INFO EPOCH 4 - 90 sec ...1.30 min
2018-01-06 03:35:56,972 INFO Training error = 0.974 Validation error = 0.972
2018-01-06 03:36:19,491 INFO EPOCH 5 - 112 sec ...1.52 min
2018-01-06 03:36:19,492 INFO Training error = 0.973 Validation error = 0.970
2018-01-06 03:36:42,062 INFO EPOCH 6 - 135 sec ...2.15 min
2018-01-06 03:36:42,062 INFO Training error = 0.971 Validation error = 0.968
2018-01-06 03:37:04,572 INFO EPOCH 7 - 157 sec ...2.37 min
2018-01-06 03:37:04,572 INFO Training error = 0.971 Validation error = 0.967
2018-01-06 03:37:27,212 INFO EPOCH 8 - 180 sec ...3.0 min
2018-01-06 03:37:27,212 INFO Training error = 0.969 Validation error = 0.966
2018-01-06 03:37:49,726 INFO EPOCH 9 - 202 sec ...3.22 min
2018-01-06 03:37:49,727 INFO Training error = 0.968 Validation error = 0.966
2018-01-06 03:38:12,304 INFO EPOCH 10 - 225 sec ...3.45 min
2018-01-06 03:38:12,304 INFO Training error = 0.967 Validation error = 0.966
2018-01-06 03:38:35,971 INFO EPOCH 11 - 249 sec ...4.9 min
2018-01-06 03:38:35,972 INFO Training error = 0.966 Validation error = 0.962
2018-01-06 03:38:58,496 INFO EPOCH 12 - 271 sec ...4.31 min
2018-01-06 03:38:58,497 INFO Training error = 0.965 Validation error = 0.962
2018-01-06 03:39:21,115 INFO EPOCH 13 - 294 sec ...4.54 min
2018-01-06 03:39:21,116 INFO Training error = 0.965 Validation error = 0.962
2018-01-06 03:39:43,777 INFO EPOCH 14 - 316 sec ...5.16 min
2018-01-06 03:39:43,777 INFO Training error = 0.964 Validation error = 0.961
2018-01-06 03:40:06,315 INFO EPOCH 15 - 339 sec ...5.39 min
2018-01-06 03:40:06,315 INFO Training error = 0.963 Validation error = 0.961
2018-01-06 03:40:28,869 INFO EPOCH 16 - 362 sec ...6.2 min
2018-01-06 03:40:28,869 INFO Training error = 0.963 Validation error = 0.960
2018-01-06 03:40:51,446 INFO EPOCH 17 - 384 sec ...6.24 min
2018-01-06 03:40:51,446 INFO Training error = 0.963 Validation error = 0.958
2018-01-06 03:41:13,971 INFO EPOCH 18 - 407 sec ...6.47 min
2018-01-06 03:41:13,971 INFO Training error = 0.962 Validation error = 0.957
2018-01-06 03:41:36,421 INFO EPOCH 19 - 429 sec ...7.9 min
2018-01-06 03:41:36,421 INFO Training error = 0.962 Validation error = 0.957
2018-01-06 03:42:00,766 INFO EPOCH 20 - 453 sec ...7.33 min
2018-01-06 03:42:00,767 INFO Training error = 0.963 Validation error = 0.956
2018-01-06 03:42:23,280 INFO EPOCH 21 - 476 sec ...7.56 min
2018-01-06 03:42:23,281 INFO Training error = 0.963 Validation error = 0.956
2018-01-06 03:42:45,687 INFO EPOCH 22 - 498 sec ...8.18 min
2018-01-06 03:42:45,688 INFO Training error = 0.962 Validation error = 0.957
2018-01-06 03:43:08,224 INFO EPOCH 23 - 521 sec ...8.41 min
2018-01-06 03:43:08,225 INFO Training error = 0.962 Validation error = 0.957
2018-01-06 03:43:30,718 INFO EPOCH 24 - 543 sec ...9.3 min
2018-01-06 03:43:30,718 INFO Training error = 0.961 Validation error = 0.957
2018-01-06 03:43:53,170 INFO EPOCH 25 - 566 sec ...9.26 min
2018-01-06 03:43:53,171 INFO Training error = 0.961 Validation error = 0.956
2018-01-06 03:44:15,655 INFO EPOCH 26 - 588 sec ...9.48 min
2018-01-06 03:44:15,655 INFO Training error = 0.962 Validation error = 0.956
2018-01-06 03:44:38,056 INFO EPOCH 27 - 611 sec ...10.11 min
2018-01-06 03:44:38,056 INFO Training error = 0.961 Validation error = 0.955
2018-01-06 03:45:00,477 INFO EPOCH 28 - 633 sec ...10.33 min
2018-01-06 03:45:00,478 INFO Training error = 0.961 Validation error = 0.955
2018-01-06 03:45:23,029 INFO EPOCH 29 - 656 sec ...10.56 min
2018-01-06 03:45:23,030 INFO Training error = 0.960 Validation error = 0.956
2018-01-06 03:45:45,456 INFO EPOCH 30 - 678 sec ...11.18 min
2018-01-06 03:45:45,456 INFO Training error = 0.960 Validation error = 0.956
2018-01-06 03:46:07,904 INFO EPOCH 31 - 701 sec ...11.41 min
2018-01-06 03:46:07,905 INFO Training error = 0.959 Validation error = 0.956
2018-01-06 03:46:30,342 INFO EPOCH 32 - 723 sec ...12.3 min
2018-01-06 03:46:30,343 INFO Training error = 0.959 Validation error = 0.956
2018-01-06 03:46:52,754 INFO EPOCH 33 - 745 sec ...12.25 min
2018-01-06 03:46:52,755 INFO Training error = 0.958 Validation error = 0.955
2018-01-06 03:47:15,178 INFO EPOCH 34 - 768 sec ...12.48 min
2018-01-06 03:47:15,178 INFO Training error = 0.957 Validation error = 0.955
2018-01-06 03:47:37,638 INFO EPOCH 35 - 790 sec ...13.10 min
2018-01-06 03:47:37,638 INFO Training error = 0.957 Validation error = 0.954
2018-01-06 03:48:00,014 INFO EPOCH 36 - 813 sec ...13.33 min
2018-01-06 03:48:00,015 INFO Training error = 0.957 Validation error = 0.952
2018-01-06 03:48:22,428 INFO EPOCH 37 - 835 sec ...13.55 min
2018-01-06 03:48:22,428 INFO Training error = 0.957 Validation error = 0.953
2018-01-06 03:48:44,846 INFO EPOCH 38 - 858 sec ...14.18 min
2018-01-06 03:48:44,847 INFO Training error = 0.956 Validation error = 0.951
2018-01-06 03:49:07,259 INFO EPOCH 39 - 880 sec ...14.40 min
2018-01-06 03:49:07,260 INFO Training error = 0.955 Validation error = 0.952
2018-01-06 03:49:29,657 INFO EPOCH 40 - 902 sec ...15.2 min
2018-01-06 03:49:29,657 INFO Training error = 0.955 Validation error = 0.951
2018-01-06 03:49:52,160 INFO EPOCH 41 - 925 sec ...15.25 min
2018-01-06 03:49:52,160 INFO Training error = 0.954 Validation error = 0.949
2018-01-06 03:50:14,619 INFO EPOCH 42 - 947 sec ...15.47 min
2018-01-06 03:50:14,619 INFO Training error = 0.953 Validation error = 0.949
2018-01-06 03:50:37,014 INFO EPOCH 43 - 970 sec ...16.10 min
2018-01-06 03:50:37,014 INFO Training error = 0.952 Validation error = 0.947
2018-01-06 03:50:59,439 INFO EPOCH 44 - 992 sec ...16.32 min
2018-01-06 03:50:59,439 INFO Training error = 0.951 Validation error = 0.946
2018-01-06 03:51:21,874 INFO EPOCH 45 - 1015 sec ...16.55 min
2018-01-06 03:51:21,874 INFO Training error = 0.951 Validation error = 0.947
2018-01-06 03:51:44,229 INFO EPOCH 46 - 1037 sec ...17.17 min
2018-01-06 03:51:44,230 INFO Training error = 0.950 Validation error = 0.946
2018-01-06 03:52:06,689 INFO EPOCH 47 - 1059 sec ...17.39 min
2018-01-06 03:52:06,690 INFO Training error = 0.950 Validation error = 0.945
2018-01-06 03:52:29,024 INFO EPOCH 48 - 1082 sec ...18.2 min
2018-01-06 03:52:29,025 INFO Training error = 0.949 Validation error = 0.946
2018-01-06 03:52:51,358 INFO EPOCH 49 - 1104 sec ...18.24 min
2018-01-06 03:52:51,359 INFO Training error = 0.949 Validation error = 0.946
2018-01-06 03:53:13,786 INFO EPOCH 50 - 1126 sec ...18.46 min
2018-01-06 03:53:13,786 INFO Training error = 0.948 Validation error = 0.946
2018-01-06 03:53:36,174 INFO EPOCH 51 - 1149 sec ...19.9 min
2018-01-06 03:53:36,175 INFO Training error = 0.947 Validation error = 0.945
2018-01-06 03:53:58,570 INFO EPOCH 52 - 1171 sec ...19.31 min
2018-01-06 03:53:58,570 INFO Training error = 0.946 Validation error = 0.944
2018-01-06 03:54:21,004 INFO EPOCH 53 - 1194 sec ...19.54 min
2018-01-06 03:54:21,004 INFO Training error = 0.946 Validation error = 0.945
2018-01-06 03:54:43,411 INFO EPOCH 54 - 1216 sec ...20.16 min
2018-01-06 03:54:43,411 INFO Training error = 0.944 Validation error = 0.944
2018-01-06 03:55:05,789 INFO EPOCH 55 - 1238 sec ...20.38 min
2018-01-06 03:55:05,789 INFO Training error = 0.944 Validation error = 0.943
2018-01-06 03:55:28,239 INFO EPOCH 56 - 1261 sec ...21.1 min
2018-01-06 03:55:28,239 INFO Training error = 0.943 Validation error = 0.943
2018-01-06 03:55:50,556 INFO EPOCH 57 - 1283 sec ...21.23 min
2018-01-06 03:55:50,557 INFO Training error = 0.941 Validation error = 0.942
2018-01-06 03:56:12,945 INFO EPOCH 58 - 1306 sec ...21.46 min
2018-01-06 03:56:12,945 INFO Training error = 0.941 Validation error = 0.943
2018-01-06 03:56:35,378 INFO EPOCH 59 - 1328 sec ...22.8 min
2018-01-06 03:56:35,378 INFO Training error = 0.940 Validation error = 0.941
2018-01-06 03:56:57,734 INFO EPOCH 60 - 1350 sec ...22.30 min
2018-01-06 03:56:57,734 INFO Training error = 0.940 Validation error = 0.941
2018-01-06 03:57:20,146 INFO EPOCH 61 - 1373 sec ...22.53 min
2018-01-06 03:57:20,146 INFO Training error = 0.939 Validation error = 0.940
2018-01-06 03:57:42,576 INFO EPOCH 62 - 1395 sec ...23.15 min
2018-01-06 03:57:42,577 INFO Training error = 0.938 Validation error = 0.941
2018-01-06 03:58:04,974 INFO EPOCH 63 - 1418 sec ...23.38 min
2018-01-06 03:58:04,974 INFO Training error = 0.937 Validation error = 0.939
2018-01-06 03:58:27,347 INFO EPOCH 64 - 1440 sec ...24.0 min
2018-01-06 03:58:27,347 INFO Training error = 0.936 Validation error = 0.938
2018-01-06 03:58:49,777 INFO EPOCH 65 - 1462 sec ...24.22 min
2018-01-06 03:58:49,777 INFO Training error = 0.936 Validation error = 0.938
2018-01-06 03:59:12,193 INFO EPOCH 66 - 1485 sec ...24.45 min
2018-01-06 03:59:12,194 INFO Training error = 0.935 Validation error = 0.937
2018-01-06 03:59:34,594 INFO EPOCH 67 - 1507 sec ...25.7 min
2018-01-06 03:59:34,594 INFO Training error = 0.934 Validation error = 0.936
2018-01-06 03:59:57,025 INFO EPOCH 68 - 1530 sec ...25.30 min
2018-01-06 03:59:57,025 INFO Training error = 0.933 Validation error = 0.936
2018-01-06 04:00:19,423 INFO EPOCH 69 - 1552 sec ...25.52 min
2018-01-06 04:00:19,423 INFO Training error = 0.932 Validation error = 0.936
2018-01-06 04:00:41,777 INFO EPOCH 70 - 1574 sec ...26.14 min
2018-01-06 04:00:41,777 INFO Training error = 0.931 Validation error = 0.935
2018-01-06 04:01:04,144 INFO EPOCH 71 - 1597 sec ...26.37 min
2018-01-06 04:01:04,145 INFO Training error = 0.929 Validation error = 0.934
2018-01-06 04:01:26,521 INFO EPOCH 72 - 1619 sec ...26.59 min
2018-01-06 04:01:26,521 INFO Training error = 0.928 Validation error = 0.933
2018-01-06 04:01:48,836 INFO EPOCH 73 - 1642 sec ...27.22 min
2018-01-06 04:01:48,836 INFO Training error = 0.927 Validation error = 0.932
2018-01-06 04:02:11,174 INFO EPOCH 74 - 1664 sec ...27.44 min
2018-01-06 04:02:11,174 INFO Training error = 0.926 Validation error = 0.931
2018-01-06 04:02:33,442 INFO EPOCH 75 - 1686 sec ...28.6 min
2018-01-06 04:02:33,443 INFO Training error = 0.925 Validation error = 0.931
2018-01-06 04:02:55,727 INFO EPOCH 76 - 1708 sec ...28.28 min
2018-01-06 04:02:55,727 INFO Training error = 0.924 Validation error = 0.929
2018-01-06 04:03:18,038 INFO EPOCH 77 - 1731 sec ...28.51 min
2018-01-06 04:03:18,038 INFO Training error = 0.923 Validation error = 0.928
2018-01-06 04:03:40,327 INFO EPOCH 78 - 1753 sec ...29.13 min
2018-01-06 04:03:40,327 INFO Training error = 0.922 Validation error = 0.927
2018-01-06 04:04:02,626 INFO EPOCH 79 - 1775 sec ...29.35 min
2018-01-06 04:04:02,626 INFO Training error = 0.921 Validation error = 0.925
2018-01-06 04:04:24,953 INFO EPOCH 80 - 1798 sec ...29.58 min
2018-01-06 04:04:24,954 INFO Training error = 0.920 Validation error = 0.923
2018-01-06 04:04:47,272 INFO EPOCH 81 - 1820 sec ...30.20 min
2018-01-06 04:04:47,273 INFO Training error = 0.918 Validation error = 0.923
2018-01-06 04:05:09,591 INFO EPOCH 82 - 1842 sec ...30.42 min
2018-01-06 04:05:09,591 INFO Training error = 0.916 Validation error = 0.921
2018-01-06 04:05:31,931 INFO EPOCH 83 - 1865 sec ...31.5 min
2018-01-06 04:05:31,932 INFO Training error = 0.915 Validation error = 0.919
2018-01-06 04:05:54,216 INFO EPOCH 84 - 1887 sec ...31.27 min
2018-01-06 04:05:54,216 INFO Training error = 0.913 Validation error = 0.918
2018-01-06 04:06:16,538 INFO EPOCH 85 - 1909 sec ...31.49 min
2018-01-06 04:06:16,538 INFO Training error = 0.912 Validation error = 0.917
2018-01-06 04:06:38,852 INFO EPOCH 86 - 1932 sec ...32.12 min
2018-01-06 04:06:38,852 INFO Training error = 0.911 Validation error = 0.915
2018-01-06 04:07:01,137 INFO EPOCH 87 - 1954 sec ...32.34 min
2018-01-06 04:07:01,137 INFO Training error = 0.910 Validation error = 0.913
2018-01-06 04:07:23,457 INFO EPOCH 88 - 1976 sec ...32.56 min
2018-01-06 04:07:23,458 INFO Training error = 0.908 Validation error = 0.911
2018-01-06 04:07:45,795 INFO EPOCH 89 - 1998 sec ...33.18 min
2018-01-06 04:07:45,796 INFO Training error = 0.907 Validation error = 0.911
2018-01-06 04:08:08,080 INFO EPOCH 90 - 2021 sec ...33.41 min
2018-01-06 04:08:08,080 INFO Training error = 0.906 Validation error = 0.908
2018-01-06 04:08:30,340 INFO EPOCH 91 - 2043 sec ...34.3 min
2018-01-06 04:08:30,341 INFO Training error = 0.905 Validation error = 0.906
2018-01-06 04:08:52,687 INFO EPOCH 92 - 2065 sec ...34.25 min
2018-01-06 04:08:52,688 INFO Training error = 0.903 Validation error = 0.903
2018-01-06 04:09:14,997 INFO EPOCH 93 - 2088 sec ...34.48 min
2018-01-06 04:09:14,998 INFO Training error = 0.902 Validation error = 0.902
2018-01-06 04:09:37,367 INFO EPOCH 94 - 2110 sec ...35.10 min
2018-01-06 04:09:37,368 INFO Training error = 0.900 Validation error = 0.901
2018-01-06 04:09:59,728 INFO EPOCH 95 - 2132 sec ...35.32 min
2018-01-06 04:09:59,729 INFO Training error = 0.899 Validation error = 0.899
2018-01-06 04:10:22,038 INFO EPOCH 96 - 2155 sec ...35.55 min
2018-01-06 04:10:22,039 INFO Training error = 0.898 Validation error = 0.897
2018-01-06 04:10:44,313 INFO EPOCH 97 - 2177 sec ...36.17 min
2018-01-06 04:10:44,313 INFO Training error = 0.896 Validation error = 0.895
2018-01-06 04:11:06,657 INFO EPOCH 98 - 2199 sec ...36.39 min
2018-01-06 04:11:06,657 INFO Training error = 0.895 Validation error = 0.894
2018-01-06 04:11:28,955 INFO EPOCH 99 - 2222 sec ...37.2 min
2018-01-06 04:11:28,955 INFO Training error = 0.893 Validation error = 0.892
2018-01-06 04:11:51,258 INFO EPOCH 100 - 2244 sec ...37.24 min
2018-01-06 04:11:51,258 INFO Training error = 0.892 Validation error = 0.891
2018-01-06 04:12:13,661 INFO EPOCH 101 - 2266 sec ...37.46 min
2018-01-06 04:12:13,662 INFO Training error = 0.890 Validation error = 0.891
2018-01-06 04:12:35,957 INFO EPOCH 102 - 2289 sec ...38.9 min
2018-01-06 04:12:35,957 INFO Training error = 0.888 Validation error = 0.888
2018-01-06 04:12:58,254 INFO EPOCH 103 - 2311 sec ...38.31 min
2018-01-06 04:12:58,255 INFO Training error = 0.886 Validation error = 0.887
2018-01-06 04:13:20,595 INFO EPOCH 104 - 2333 sec ...38.53 min
2018-01-06 04:13:20,596 INFO Training error = 0.884 Validation error = 0.885
2018-01-06 04:13:42,906 INFO EPOCH 105 - 2356 sec ...39.16 min
2018-01-06 04:13:42,907 INFO Training error = 0.882 Validation error = 0.883
2018-01-06 04:14:05,211 INFO EPOCH 106 - 2378 sec ...39.38 min
2018-01-06 04:14:05,211 INFO Training error = 0.880 Validation error = 0.881
2018-01-06 04:14:27,526 INFO EPOCH 107 - 2400 sec ...40.0 min
2018-01-06 04:14:27,527 INFO Training error = 0.878 Validation error = 0.879
2018-01-06 04:14:49,851 INFO EPOCH 108 - 2423 sec ...40.23 min
2018-01-06 04:14:49,851 INFO Training error = 0.876 Validation error = 0.876
2018-01-06 04:15:12,136 INFO EPOCH 109 - 2445 sec ...40.45 min
2018-01-06 04:15:12,137 INFO Training error = 0.874 Validation error = 0.873
2018-01-06 04:15:34,468 INFO EPOCH 110 - 2467 sec ...41.7 min
2018-01-06 04:15:34,469 INFO Training error = 0.872 Validation error = 0.872
2018-01-06 04:15:56,733 INFO EPOCH 111 - 2489 sec ...41.29 min
2018-01-06 04:15:56,733 INFO Training error = 0.869 Validation error = 0.870
2018-01-06 04:16:19,031 INFO EPOCH 112 - 2512 sec ...41.52 min
2018-01-06 04:16:19,031 INFO Training error = 0.868 Validation error = 0.867
2018-01-06 04:16:41,345 INFO EPOCH 113 - 2534 sec ...42.14 min
2018-01-06 04:16:41,345 INFO Training error = 0.866 Validation error = 0.865
2018-01-06 04:17:03,624 INFO EPOCH 114 - 2556 sec ...42.36 min
2018-01-06 04:17:03,624 INFO Training error = 0.864 Validation error = 0.863
2018-01-06 04:17:25,937 INFO EPOCH 115 - 2579 sec ...42.59 min
2018-01-06 04:17:25,937 INFO Training error = 0.862 Validation error = 0.862
2018-01-06 04:17:48,233 INFO EPOCH 116 - 2601 sec ...43.21 min
2018-01-06 04:17:48,233 INFO Training error = 0.860 Validation error = 0.860
2018-01-06 04:18:10,540 INFO EPOCH 117 - 2623 sec ...43.43 min
2018-01-06 04:18:10,540 INFO Training error = 0.859 Validation error = 0.858
2018-01-06 04:18:32,844 INFO EPOCH 118 - 2646 sec ...44.6 min
2018-01-06 04:18:32,844 INFO Training error = 0.857 Validation error = 0.857
2018-01-06 04:18:55,145 INFO EPOCH 119 - 2668 sec ...44.28 min
2018-01-06 04:18:55,145 INFO Training error = 0.855 Validation error = 0.855
2018-01-06 04:19:17,419 INFO EPOCH 120 - 2690 sec ...44.50 min
2018-01-06 04:19:17,419 INFO Training error = 0.853 Validation error = 0.854
2018-01-06 04:19:39,805 INFO EPOCH 121 - 2712 sec ...45.12 min
2018-01-06 04:19:39,805 INFO Training error = 0.851 Validation error = 0.852
2018-01-06 04:20:02,116 INFO EPOCH 122 - 2735 sec ...45.35 min
2018-01-06 04:20:02,116 INFO Training error = 0.849 Validation error = 0.850
2018-01-06 04:20:24,433 INFO EPOCH 123 - 2757 sec ...45.57 min
2018-01-06 04:20:24,433 INFO Training error = 0.847 Validation error = 0.848
2018-01-06 04:20:46,729 INFO EPOCH 124 - 2779 sec ...46.19 min
2018-01-06 04:20:46,730 INFO Training error = 0.845 Validation error = 0.847
2018-01-06 04:21:09,044 INFO EPOCH 125 - 2802 sec ...46.42 min
2018-01-06 04:21:09,044 INFO Training error = 0.843 Validation error = 0.845
2018-01-06 04:21:31,329 INFO EPOCH 126 - 2824 sec ...47.4 min
2018-01-06 04:21:31,329 INFO Training error = 0.841 Validation error = 0.843
2018-01-06 04:21:53,609 INFO EPOCH 127 - 2846 sec ...47.26 min
2018-01-06 04:21:53,609 INFO Training error = 0.840 Validation error = 0.840
2018-01-06 04:22:15,965 INFO EPOCH 128 - 2869 sec ...47.49 min
2018-01-06 04:22:15,965 INFO Training error = 0.838 Validation error = 0.838
2018-01-06 04:22:38,216 INFO EPOCH 129 - 2891 sec ...48.11 min
2018-01-06 04:22:38,216 INFO Training error = 0.835 Validation error = 0.836
2018-01-06 04:23:00,460 INFO EPOCH 130 - 2913 sec ...48.33 min
2018-01-06 04:23:00,460 INFO Training error = 0.833 Validation error = 0.835
2018-01-06 04:23:22,847 INFO EPOCH 131 - 2936 sec ...48.56 min
2018-01-06 04:23:22,847 INFO Training error = 0.831 Validation error = 0.834
2018-01-06 04:23:45,086 INFO EPOCH 132 - 2958 sec ...49.18 min
2018-01-06 04:23:45,087 INFO Training error = 0.829 Validation error = 0.833
2018-01-06 04:24:07,367 INFO EPOCH 133 - 2980 sec ...49.40 min
2018-01-06 04:24:07,367 INFO Training error = 0.827 Validation error = 0.830
2018-01-06 04:24:29,677 INFO EPOCH 134 - 3002 sec ...50.2 min
2018-01-06 04:24:29,678 INFO Training error = 0.825 Validation error = 0.828
2018-01-06 04:24:51,964 INFO EPOCH 135 - 3025 sec ...50.25 min
2018-01-06 04:24:51,964 INFO Training error = 0.823 Validation error = 0.827
2018-01-06 04:25:14,256 INFO EPOCH 136 - 3047 sec ...50.47 min
2018-01-06 04:25:14,257 INFO Training error = 0.820 Validation error = 0.824
2018-01-06 04:25:36,593 INFO EPOCH 137 - 3069 sec ...51.9 min
2018-01-06 04:25:36,594 INFO Training error = 0.818 Validation error = 0.822
2018-01-06 04:25:58,850 INFO EPOCH 138 - 3092 sec ...51.32 min
2018-01-06 04:25:58,851 INFO Training error = 0.817 Validation error = 0.819
2018-01-06 04:26:21,101 INFO EPOCH 139 - 3114 sec ...51.54 min
2018-01-06 04:26:21,101 INFO Training error = 0.815 Validation error = 0.817
2018-01-06 04:26:43,402 INFO EPOCH 140 - 3136 sec ...52.16 min
2018-01-06 04:26:43,402 INFO Training error = 0.813 Validation error = 0.815
2018-01-06 04:27:05,665 INFO EPOCH 141 - 3158 sec ...52.38 min
2018-01-06 04:27:05,665 INFO Training error = 0.811 Validation error = 0.813
2018-01-06 04:27:27,944 INFO EPOCH 142 - 3181 sec ...53.1 min
2018-01-06 04:27:27,944 INFO Training error = 0.810 Validation error = 0.812
2018-01-06 04:27:50,223 INFO EPOCH 143 - 3203 sec ...53.23 min
2018-01-06 04:27:50,224 INFO Training error = 0.808 Validation error = 0.811
2018-01-06 04:28:12,526 INFO EPOCH 144 - 3225 sec ...53.45 min
2018-01-06 04:28:12,526 INFO Training error = 0.805 Validation error = 0.810
2018-01-06 04:28:34,793 INFO EPOCH 145 - 3247 sec ...54.7 min
2018-01-06 04:28:34,793 INFO Training error = 0.803 Validation error = 0.808
2018-01-06 04:28:57,103 INFO EPOCH 146 - 3270 sec ...54.30 min
2018-01-06 04:28:57,103 INFO Training error = 0.802 Validation error = 0.807
2018-01-06 04:29:19,417 INFO EPOCH 147 - 3292 sec ...54.52 min
2018-01-06 04:29:19,418 INFO Training error = 0.800 Validation error = 0.805
2018-01-06 04:29:41,762 INFO EPOCH 148 - 3314 sec ...55.14 min
2018-01-06 04:29:41,763 INFO Training error = 0.798 Validation error = 0.803
2018-01-06 04:30:04,058 INFO EPOCH 149 - 3337 sec ...55.37 min
2018-01-06 04:30:04,058 INFO Training error = 0.797 Validation error = 0.803
2018-01-06 04:30:26,369 INFO EPOCH 150 - 3359 sec ...55.59 min
2018-01-06 04:30:26,369 INFO Training error = 0.795 Validation error = 0.802
2018-01-06 04:30:26,419 INFO Restoring parameters from ./models/lenet
2018-01-06 15:44:39,508 INFO 


Training... dropout = 0.3 , batch_size = 128 , learning rate = 1e-06
2018-01-06 15:45:02,290 INFO EPOCH 1 - 22 sec ...0.22 min
2018-01-06 15:45:02,290 INFO Training error = 0.982 Validation error = 0.981
2018-01-06 15:45:24,935 INFO EPOCH 2 - 45 sec ...0.45 min
2018-01-06 15:45:24,935 INFO Training error = 0.982 Validation error = 0.981
2018-01-06 15:45:47,527 INFO EPOCH 3 - 68 sec ...1.8 min
2018-01-06 15:45:47,527 INFO Training error = 0.983 Validation error = 0.981
2018-01-06 15:45:47,607 INFO Restoring parameters from ./models/lenet
2018-01-06 15:50:11,034 INFO 


Training... dropout = 0.3 , batch_size = 128 , learning rate = 1e-06
2018-01-06 15:50:33,759 INFO EPOCH 1 - 22 sec ...0.22 min
2018-01-06 15:50:33,759 INFO Training error = 0.970 Validation error = 0.971
2018-01-06 15:50:56,451 INFO EPOCH 2 - 45 sec ...0.45 min
2018-01-06 15:50:56,451 INFO Training error = 0.969 Validation error = 0.970
2018-01-06 15:51:19,141 INFO EPOCH 3 - 68 sec ...1.8 min
2018-01-06 15:51:19,141 INFO Training error = 0.968 Validation error = 0.970
2018-01-06 15:51:19,209 INFO Restoring parameters from ./models/lenet
2018-01-06 15:52:46,458 INFO 


Training... dropout = 0.3 , batch_size = 128 , learning rate = 1e-06
2018-01-06 15:53:09,285 INFO EPOCH 1 - 22 sec ...0.22 min
2018-01-06 15:53:09,285 INFO Training error = 0.980 Validation error = 0.982
2018-01-06 15:53:31,936 INFO EPOCH 2 - 45 sec ...0.45 min
2018-01-06 15:53:31,936 INFO Training error = 0.980 Validation error = 0.982
2018-01-06 15:53:54,605 INFO EPOCH 3 - 68 sec ...1.8 min
2018-01-06 15:53:54,606 INFO Training error = 0.980 Validation error = 0.981
2018-01-06 15:53:54,670 INFO Restoring parameters from ./models/lenet
2018-01-06 15:56:01,953 INFO 


Training... dropout = 0.3 , batch_size = 128 , learning rate = 1e-06
2018-01-06 15:56:24,759 INFO EPOCH 1 - 22 sec ...0.22 min
2018-01-06 15:56:24,759 INFO Training error = 0.970 Validation error = 0.968
2018-01-06 15:56:47,360 INFO EPOCH 2 - 45 sec ...0.45 min
2018-01-06 15:56:47,361 INFO Training error = 0.968 Validation error = 0.964
2018-01-06 15:57:10,018 INFO EPOCH 3 - 68 sec ...1.8 min
2018-01-06 15:57:10,018 INFO Training error = 0.967 Validation error = 0.963
2018-01-06 15:57:10,078 INFO Restoring parameters from ./models/lenet
2018-01-06 16:00:50,793 INFO 


Training... dropout = 0.3 , batch_size = 128 , learning rate = 1e-06
2018-01-06 16:01:13,739 INFO EPOCH 1 - 23 sec ...0.23 min
2018-01-06 16:01:13,739 INFO Training error = 0.972 Validation error = 0.969
2018-01-06 16:01:36,564 INFO EPOCH 2 - 45 sec ...0.45 min
2018-01-06 16:01:36,564 INFO Training error = 0.972 Validation error = 0.970
2018-01-06 16:01:59,260 INFO EPOCH 3 - 68 sec ...1.8 min
2018-01-06 16:01:59,260 INFO Training error = 0.973 Validation error = 0.970
2018-01-06 16:01:59,327 INFO Restoring parameters from ./models/lenet
2018-01-06 16:01:59,369 INFO Prova
2018-01-06 16:07:48,778 INFO 


Training... dropout = 0.3 , batch_size = 128 , learning rate = 1e-06
2018-01-06 16:08:11,518 INFO EPOCH 1 - 22 sec ...0.22 min
2018-01-06 16:08:11,518 INFO Training error = 0.983 Validation error = 0.986
2018-01-06 16:08:34,170 INFO EPOCH 2 - 45 sec ...0.45 min
2018-01-06 16:08:34,170 INFO Training error = 0.980 Validation error = 0.983
2018-01-06 16:08:56,930 INFO EPOCH 3 - 68 sec ...1.8 min
2018-01-06 16:08:56,930 INFO Training error = 0.978 Validation error = 0.980
2018-01-06 16:08:56,988 INFO prova
2018-01-06 16:11:17,856 INFO 


Training... dropout = 0.3 , batch_size = 128 , learning rate = 0.0001
2018-01-06 16:11:40,558 INFO EPOCH 1 - 22 sec ...0.22 min
2018-01-06 16:11:40,558 INFO Training error = 0.932 Validation error = 0.933
2018-01-06 16:11:40,559 INFO prova
2018-01-06 16:13:18,137 INFO 


Training... dropout = 0.3 , batch_size = 128 , learning rate = 0.0001
2018-01-06 16:13:40,866 INFO EPOCH 1 - 22 sec ...0.22 min
2018-01-06 16:13:40,866 INFO Training error = 0.925 Validation error = 0.931
2018-01-06 16:13:40,867 INFO prova
2018-01-06 16:14:22,684 INFO 


Training... dropout = 0.3 , batch_size = 128 , learning rate = 1e-06
2018-01-06 16:14:45,324 INFO EPOCH 1 - 22 sec ...0.22 min
2018-01-06 16:14:45,324 INFO Training error = 0.980 Validation error = 0.977
2018-01-06 16:15:08,047 INFO EPOCH 2 - 45 sec ...0.45 min
2018-01-06 16:15:08,047 INFO Training error = 0.974 Validation error = 0.970
2018-01-06 16:15:30,719 INFO EPOCH 3 - 68 sec ...1.8 min
2018-01-06 16:15:30,719 INFO Training error = 0.967 Validation error = 0.964
2018-01-06 16:15:30,790 INFO Restoring parameters from ./models/lenet
2018-01-06 16:19:20,239 INFO 


Training... dropout = 0.3 , batch_size = 128 , learning rate = 1e-06
2018-01-06 16:19:43,363 INFO EPOCH 1 - 23 sec ...0.23 min
2018-01-06 16:19:43,363 INFO Training error = 0.981 Validation error = 0.976
2018-01-06 16:20:06,375 INFO EPOCH 2 - 46 sec ...0.46 min
2018-01-06 16:20:06,375 INFO Training error = 0.981 Validation error = 0.976
2018-01-06 16:20:29,215 INFO EPOCH 3 - 69 sec ...1.9 min
2018-01-06 16:20:29,216 INFO Training error = 0.982 Validation error = 0.977
2018-01-06 16:20:29,276 INFO prova log after saver.save

2018-01-06 16:21:48,400 INFO 


Training... dropout = 0.3 , batch_size = 128 , learning rate = 1e-06
2018-01-06 16:22:11,279 INFO EPOCH 1 - 22 sec ...0.22 min
2018-01-06 16:22:11,280 INFO Training error = 0.973 Validation error = 0.973
2018-01-06 16:22:33,959 INFO EPOCH 2 - 45 sec ...0.45 min
2018-01-06 16:22:33,960 INFO Training error = 0.974 Validation error = 0.975
2018-01-06 16:22:56,879 INFO EPOCH 3 - 68 sec ...1.8 min
2018-01-06 16:22:56,879 INFO Training error = 0.976 Validation error = 0.977
2018-01-06 16:22:56,934 INFO prova log after saver.save and out of with block

2018-01-06 16:25:55,367 INFO 


Training... dropout = 0.3 , batch_size = 128 , learning rate = 1e-06
2018-01-06 16:26:18,311 INFO EPOCH 1 - 22 sec ...0.22 min
2018-01-06 16:26:18,311 INFO Training error = 0.974 Validation error = 0.971
2018-01-06 16:26:41,134 INFO EPOCH 2 - 45 sec ...0.45 min
2018-01-06 16:26:41,135 INFO Training error = 0.971 Validation error = 0.968
2018-01-06 16:27:04,040 INFO EPOCH 3 - 68 sec ...1.8 min
2018-01-06 16:27:04,041 INFO Training error = 0.969 Validation error = 0.967
2018-01-06 16:48:56,548 INFO 


Training... dropout = 0.3 , batch_size = 128 , learning rate = 1e-06
2018-01-06 16:49:19,573 INFO EPOCH 1 - 23 sec ...0.23 min
2018-01-06 16:49:19,573 INFO Training error = 0.992 Validation error = 0.993
2018-01-06 16:49:42,620 INFO EPOCH 2 - 46 sec ...0.46 min
2018-01-06 16:49:42,620 INFO Training error = 0.992 Validation error = 0.993
2018-01-06 16:50:05,582 INFO EPOCH 3 - 69 sec ...1.9 min
2018-01-06 16:50:05,583 INFO Training error = 0.992 Validation error = 0.993
2018-01-06 16:52:54,134 INFO 


Training... dropout = 0.3 , batch_size = 128 , learning rate = 1e-06
2018-01-06 16:53:17,190 INFO EPOCH 1 - 23 sec ...0.23 min
2018-01-06 16:53:17,191 INFO Training error = 0.986 Validation error = 0.986
2018-01-06 16:53:40,211 INFO EPOCH 2 - 46 sec ...0.46 min
2018-01-06 16:53:40,211 INFO Training error = 0.984 Validation error = 0.986
2018-01-06 16:54:03,414 INFO EPOCH 3 - 69 sec ...1.9 min
2018-01-06 16:54:03,414 INFO Training error = 0.983 Validation error = 0.984
2018-01-06 16:57:16,391 INFO 


Training... dropout = 0.3 , batch_size = 128 , learning rate = 1e-06
2018-01-06 16:57:39,100 INFO EPOCH 1 - 22 sec ...0.22 min
2018-01-06 16:57:39,100 INFO Training error = 0.962 Validation error = 0.962
2018-01-06 16:58:01,809 INFO EPOCH 2 - 45 sec ...0.45 min
2018-01-06 16:58:01,809 INFO Training error = 0.962 Validation error = 0.962
2018-01-06 16:58:24,515 INFO EPOCH 3 - 68 sec ...1.8 min
2018-01-06 16:58:24,515 INFO Training error = 0.962 Validation error = 0.962
2018-01-06 16:59:35,477 INFO 


Training... dropout = 0.3 , batch_size = 128 , learning rate = 1e-06
2018-01-06 16:59:58,293 INFO EPOCH 1 - 22 sec ...0.22 min
2018-01-06 16:59:58,293 INFO Training error = 0.987 Validation error = 0.989
2018-01-06 17:00:21,025 INFO EPOCH 2 - 45 sec ...0.45 min
2018-01-06 17:00:21,025 INFO Training error = 0.986 Validation error = 0.988
2018-01-06 17:00:43,760 INFO EPOCH 3 - 68 sec ...1.8 min
2018-01-06 17:00:43,760 INFO Training error = 0.985 Validation error = 0.987
2018-01-06 17:01:51,713 INFO 


Training... dropout = 0.3 , batch_size = 128 , learning rate = 1e-06
2018-01-06 17:02:14,529 INFO EPOCH 1 - 22 sec ...0.22 min
2018-01-06 17:02:14,529 INFO Training error = 0.994 Validation error = 0.994
2018-01-06 17:02:37,244 INFO EPOCH 2 - 45 sec ...0.45 min
2018-01-06 17:02:37,244 INFO Training error = 0.994 Validation error = 0.994
2018-01-06 17:03:00,001 INFO EPOCH 3 - 68 sec ...1.8 min
2018-01-06 17:03:00,001 INFO Training error = 0.993 Validation error = 0.993
2018-01-06 17:03:06,448 INFO Accuracy Model On Training Images: 0.007
2018-01-06 17:03:07,830 INFO Accuracy Model On Validation Images: 0.007
2018-01-06 17:03:09,212 INFO Accuracy Model On Test Images: 0.007
