2017-12-28 18:12:36,238 INFO Training... dropout = 0.3 , batch_size = 128 , learning rate = 0.0001
2017-12-28 18:19:05,616 INFO Training... dropout = 0.3 , batch_size = 128 , learning rate = 0.0001
2017-12-28 18:19:05,616 INFO Training... dropout = 0.3 , batch_size = 128 , learning rate = 0.0001
2017-12-28 18:20:46,227 INFO Training... dropout = 0.3 , batch_size = 128 , learning rate = 0.0001
2017-12-28 18:20:46,227 INFO Training... dropout = 0.3 , batch_size = 128 , learning rate = 0.0001
2017-12-28 18:20:46,227 INFO Training... dropout = 0.3 , batch_size = 128 , learning rate = 0.0001
2017-12-28 18:23:21,769 INFO Training... dropout = 0.3 , batch_size = 128 , learning rate = 0.0001
2017-12-28 18:23:21,769 INFO Training... dropout = 0.3 , batch_size = 128 , learning rate = 0.0001
2017-12-28 18:23:21,769 INFO Training... dropout = 0.3 , batch_size = 128 , learning rate = 0.0001
2017-12-28 18:23:29,755 INFO Training... dropout = 0.3 , batch_size = 128 , learning rate = 0.0001
2017-12-28 18:23:29,755 INFO Training... dropout = 0.3 , batch_size = 128 , learning rate = 0.0001
2017-12-28 18:23:29,755 INFO Training... dropout = 0.3 , batch_size = 128 , learning rate = 0.0001
2017-12-28 18:23:34,046 INFO Training... dropout = 0.3 , batch_size = 128 , learning rate = 0.0001
2017-12-28 18:23:34,046 INFO Training... dropout = 0.3 , batch_size = 128 , learning rate = 0.0001
2017-12-28 18:23:34,046 INFO Training... dropout = 0.3 , batch_size = 128 , learning rate = 0.0001
2017-12-28 18:23:40,598 INFO Training... dropout = 0.3 , batch_size = 128 , learning rate = 0.0001
2017-12-28 18:23:40,598 INFO Training... dropout = 0.3 , batch_size = 128 , learning rate = 0.0001
2017-12-28 18:23:40,598 INFO Training... dropout = 0.3 , batch_size = 128 , learning rate = 0.0001
2017-12-28 18:24:08,352 INFO Training... dropout = 0.3 , batch_size = 128 , learning rate = 0.0001
2017-12-28 18:24:08,352 INFO Training... dropout = 0.3 , batch_size = 128 , learning rate = 0.0001
2017-12-28 18:24:08,352 INFO Training... dropout = 0.3 , batch_size = 128 , learning rate = 0.0001
2017-12-28 18:24:24,052 INFO Training... dropout = 0.3 , batch_size = 128 , learning rate = 0.0001
2017-12-28 18:24:24,052 INFO Training... dropout = 0.3 , batch_size = 128 , learning rate = 0.0001
2017-12-28 18:24:24,052 INFO Training... dropout = 0.3 , batch_size = 128 , learning rate = 0.0001
2017-12-28 18:24:45,356 INFO Training... dropout = 0.3 , batch_size = 128 , learning rate = 0.0001
2017-12-28 18:24:45,356 INFO Training... dropout = 0.3 , batch_size = 128 , learning rate = 0.0001
2017-12-28 18:24:45,356 INFO Training... dropout = 0.3 , batch_size = 128 , learning rate = 0.0001
2017-12-28 18:25:08,354 INFO Training... dropout = 0.3 , batch_size = 128 , learning rate = 0.0001
2017-12-28 18:25:08,354 INFO Training... dropout = 0.3 , batch_size = 128 , learning rate = 0.0001
2017-12-28 18:25:08,354 INFO Training... dropout = 0.3 , batch_size = 128 , learning rate = 0.0001
2017-12-28 18:26:30,234 INFO Training... dropout = 0.3 , batch_size = 128 , learning rate = 0.0001
2017-12-28 18:26:30,234 INFO Training... dropout = 0.3 , batch_size = 128 , learning rate = 0.0001
2017-12-28 18:26:30,234 INFO Training... dropout = 0.3 , batch_size = 128 , learning rate = 0.0001
2017-12-28 18:26:30,234 INFO Training... dropout = 0.3 , batch_size = 128 , learning rate = 0.0001
2017-12-28 18:33:33,393 INFO Training... dropout = 0.3 , batch_size = 128 , learning rate = 0.0001
2017-12-28 18:33:33,393 INFO Training... dropout = 0.3 , batch_size = 128 , learning rate = 0.0001
2017-12-28 18:33:33,393 INFO Training... dropout = 0.3 , batch_size = 128 , learning rate = 0.0001
2017-12-28 18:33:33,393 INFO Training... dropout = 0.3 , batch_size = 128 , learning rate = 0.0001
2017-12-28 18:33:33,393 INFO Training... dropout = 0.3 , batch_size = 128 , learning rate = 0.0001
2017-12-28 18:37:33,919 INFO Training... dropout = 0.3 , batch_size = 128 , learning rate = 0.0001
2017-12-28 18:37:33,919 INFO Training... dropout = 0.3 , batch_size = 128 , learning rate = 0.0001
2017-12-28 18:37:33,919 INFO Training... dropout = 0.3 , batch_size = 128 , learning rate = 0.0001
2017-12-28 18:37:33,919 INFO Training... dropout = 0.3 , batch_size = 128 , learning rate = 0.0001
2017-12-28 18:37:33,919 INFO Training... dropout = 0.3 , batch_size = 128 , learning rate = 0.0001
2017-12-28 18:37:33,919 INFO Training... dropout = 0.3 , batch_size = 128 , learning rate = 0.0001
2017-12-28 18:39:21,959 INFO Training... dropout = 0.3 , batch_size = 128 , learning rate = 0.0001
2017-12-28 18:39:21,959 INFO Training... dropout = 0.3 , batch_size = 128 , learning rate = 0.0001
2017-12-28 18:39:21,959 INFO Training... dropout = 0.3 , batch_size = 128 , learning rate = 0.0001
2017-12-28 18:39:21,959 INFO Training... dropout = 0.3 , batch_size = 128 , learning rate = 0.0001
2017-12-28 18:39:21,959 INFO Training... dropout = 0.3 , batch_size = 128 , learning rate = 0.0001
2017-12-28 18:39:21,959 INFO Training... dropout = 0.3 , batch_size = 128 , learning rate = 0.0001
2017-12-28 18:39:24,607 INFO Training... dropout = 0.3 , batch_size = 128 , learning rate = 0.0001
2017-12-28 18:39:24,607 INFO Training... dropout = 0.3 , batch_size = 128 , learning rate = 0.0001
2017-12-28 18:39:24,607 INFO Training... dropout = 0.3 , batch_size = 128 , learning rate = 0.0001
2017-12-28 18:39:24,607 INFO Training... dropout = 0.3 , batch_size = 128 , learning rate = 0.0001
2017-12-28 18:39:24,607 INFO Training... dropout = 0.3 , batch_size = 128 , learning rate = 0.0001
2017-12-28 18:39:24,607 INFO Training... dropout = 0.3 , batch_size = 128 , learning rate = 0.0001
2017-12-28 18:39:41,525 INFO Training... dropout = 0.3 , batch_size = 128 , learning rate = 0.0001
2017-12-28 18:39:41,525 INFO Training... dropout = 0.3 , batch_size = 128 , learning rate = 0.0001
2017-12-28 18:39:41,525 INFO Training... dropout = 0.3 , batch_size = 128 , learning rate = 0.0001
2017-12-28 18:39:41,525 INFO Training... dropout = 0.3 , batch_size = 128 , learning rate = 0.0001
2017-12-28 18:39:41,525 INFO Training... dropout = 0.3 , batch_size = 128 , learning rate = 0.0001
2017-12-28 18:39:41,525 INFO Training... dropout = 0.3 , batch_size = 128 , learning rate = 0.0001
2017-12-28 18:39:54,425 INFO Training... dropout = 0.3 , batch_size = 128 , learning rate = 0.0001
2017-12-28 18:39:54,425 INFO Training... dropout = 0.3 , batch_size = 128 , learning rate = 0.0001
2017-12-28 18:39:54,425 INFO Training... dropout = 0.3 , batch_size = 128 , learning rate = 0.0001
2017-12-28 18:39:54,425 INFO Training... dropout = 0.3 , batch_size = 128 , learning rate = 0.0001
2017-12-28 18:39:54,425 INFO Training... dropout = 0.3 , batch_size = 128 , learning rate = 0.0001
2017-12-28 18:39:54,425 INFO Training... dropout = 0.3 , batch_size = 128 , learning rate = 0.0001
2017-12-28 18:39:58,721 INFO Training... dropout = 0.3 , batch_size = 128 , learning rate = 0.0001
2017-12-28 18:39:58,721 INFO Training... dropout = 0.3 , batch_size = 128 , learning rate = 0.0001
2017-12-28 18:39:58,721 INFO Training... dropout = 0.3 , batch_size = 128 , learning rate = 0.0001
2017-12-28 18:39:58,721 INFO Training... dropout = 0.3 , batch_size = 128 , learning rate = 0.0001
2017-12-28 18:39:58,721 INFO Training... dropout = 0.3 , batch_size = 128 , learning rate = 0.0001
2017-12-28 18:39:58,721 INFO Training... dropout = 0.3 , batch_size = 128 , learning rate = 0.0001
2017-12-28 18:40:09,788 INFO Training... dropout = 0.3 , batch_size = 128 , learning rate = 0.0001
2017-12-28 18:40:09,788 INFO Training... dropout = 0.3 , batch_size = 128 , learning rate = 0.0001
2017-12-28 18:40:09,788 INFO Training... dropout = 0.3 , batch_size = 128 , learning rate = 0.0001
2017-12-28 18:40:09,788 INFO Training... dropout = 0.3 , batch_size = 128 , learning rate = 0.0001
2017-12-28 18:40:09,788 INFO Training... dropout = 0.3 , batch_size = 128 , learning rate = 0.0001
2017-12-28 18:40:09,788 INFO Training... dropout = 0.3 , batch_size = 128 , learning rate = 0.0001
2017-12-28 18:42:22,424 INFO Training... dropout = 0.3 , batch_size = 128 , learning rate = 0.0001
2017-12-28 18:42:22,424 INFO Training... dropout = 0.3 , batch_size = 128 , learning rate = 0.0001
2017-12-28 18:42:22,424 INFO Training... dropout = 0.3 , batch_size = 128 , learning rate = 0.0001
2017-12-28 18:42:22,424 INFO Training... dropout = 0.3 , batch_size = 128 , learning rate = 0.0001
2017-12-28 18:42:22,424 INFO Training... dropout = 0.3 , batch_size = 128 , learning rate = 0.0001
2017-12-28 18:42:22,424 INFO Training... dropout = 0.3 , batch_size = 128 , learning rate = 0.0001
2017-12-28 18:46:32,303 INFO Training... dropout = 0.3 , batch_size = 128 , learning rate = 0.0001
2017-12-28 18:46:32,303 INFO Training... dropout = 0.3 , batch_size = 128 , learning rate = 0.0001
2017-12-28 18:46:32,303 INFO Training... dropout = 0.3 , batch_size = 128 , learning rate = 0.0001
2017-12-28 18:46:32,303 INFO Training... dropout = 0.3 , batch_size = 128 , learning rate = 0.0001
2017-12-28 18:46:32,303 INFO Training... dropout = 0.3 , batch_size = 128 , learning rate = 0.0001
2017-12-28 18:46:32,303 INFO Training... dropout = 0.3 , batch_size = 128 , learning rate = 0.0001
2017-12-28 18:46:32,303 INFO Training... dropout = 0.3 , batch_size = 128 , learning rate = 0.0001
2017-12-28 18:47:05,956 INFO Training... dropout = 0.3 , batch_size = 128 , learning rate = 0.0001
2017-12-28 18:47:05,956 INFO Training... dropout = 0.3 , batch_size = 128 , learning rate = 0.0001
2017-12-28 18:47:05,956 INFO Training... dropout = 0.3 , batch_size = 128 , learning rate = 0.0001
2017-12-28 18:47:05,956 INFO Training... dropout = 0.3 , batch_size = 128 , learning rate = 0.0001
2017-12-28 18:47:05,956 INFO Training... dropout = 0.3 , batch_size = 128 , learning rate = 0.0001
2017-12-28 18:47:05,956 INFO Training... dropout = 0.3 , batch_size = 128 , learning rate = 0.0001
2017-12-28 18:47:05,956 INFO Training... dropout = 0.3 , batch_size = 128 , learning rate = 0.0001
2017-12-28 18:47:05,956 INFO Training... dropout = 0.3 , batch_size = 128 , learning rate = 0.0001
2017-12-28 18:47:34,628 INFO Training... dropout = 0.3 , batch_size = 128 , learning rate = 0.0001
2017-12-28 18:47:34,628 INFO Training... dropout = 0.3 , batch_size = 128 , learning rate = 0.0001
2017-12-28 18:47:34,628 INFO Training... dropout = 0.3 , batch_size = 128 , learning rate = 0.0001
2017-12-28 18:47:34,628 INFO Training... dropout = 0.3 , batch_size = 128 , learning rate = 0.0001
2017-12-28 18:47:34,628 INFO Training... dropout = 0.3 , batch_size = 128 , learning rate = 0.0001
2017-12-28 18:47:34,628 INFO Training... dropout = 0.3 , batch_size = 128 , learning rate = 0.0001
2017-12-28 18:47:34,628 INFO Training... dropout = 0.3 , batch_size = 128 , learning rate = 0.0001
2017-12-28 18:47:34,628 INFO Training... dropout = 0.3 , batch_size = 128 , learning rate = 0.0001
2017-12-28 18:47:34,628 INFO Training... dropout = 0.3 , batch_size = 128 , learning rate = 0.0001
2017-12-29 08:51:08,060 INFO Training... dropout = 0.3 , batch_size = 128 , learning rate = 0.0001
2017-12-29 08:55:16,889 INFO Training... dropout = 0.3 , batch_size = 128 , learning rate = 0.0001
2017-12-29 08:55:16,889 INFO Training... dropout = 0.3 , batch_size = 128 , learning rate = 0.0001
2017-12-29 08:56:22,071 INFO Training... dropout = 0.3 , batch_size = 128 , learning rate = 0.0001
2017-12-29 08:56:22,071 INFO Training... dropout = 0.3 , batch_size = 128 , learning rate = 0.0001
2017-12-29 08:56:22,071 INFO Training... dropout = 0.3 , batch_size = 128 , learning rate = 0.0001
2017-12-29 09:00:05,976 INFO Training... dropout = 0.3 , batch_size = 128 , learning rate = 0.0001
2017-12-29 09:00:05,976 INFO Training... dropout = 0.3 , batch_size = 128 , learning rate = 0.0001
2017-12-29 09:00:05,976 INFO Training... dropout = 0.3 , batch_size = 128 , learning rate = 0.0001
2017-12-29 09:00:05,976 INFO Training... dropout = 0.3 , batch_size = 128 , learning rate = 0.0001
2017-12-29 09:00:16,990 INFO EPOCH 1 - 11 sec ...
2017-12-29 09:00:16,990 INFO EPOCH 1 - 11 sec ...
2017-12-29 09:00:16,990 INFO EPOCH 1 - 11 sec ...
2017-12-29 09:00:16,990 INFO EPOCH 1 - 11 sec ...
2017-12-29 09:00:16,991 INFO Training error = 0.916 Validation error = 0.907
2017-12-29 09:00:16,991 INFO Training error = 0.916 Validation error = 0.907
2017-12-29 09:00:16,991 INFO Training error = 0.916 Validation error = 0.907
2017-12-29 09:00:16,991 INFO Training error = 0.916 Validation error = 0.907
2017-12-29 09:00:27,826 INFO EPOCH 2 - 21 sec ...
2017-12-29 09:00:27,826 INFO EPOCH 2 - 21 sec ...
2017-12-29 09:00:27,826 INFO EPOCH 2 - 21 sec ...
2017-12-29 09:00:27,826 INFO EPOCH 2 - 21 sec ...
2017-12-29 09:00:27,827 INFO Training error = 0.823 Validation error = 0.821
2017-12-29 09:00:27,827 INFO Training error = 0.823 Validation error = 0.821
2017-12-29 09:00:27,827 INFO Training error = 0.823 Validation error = 0.821
2017-12-29 09:00:27,827 INFO Training error = 0.823 Validation error = 0.821
2017-12-29 09:00:39,472 INFO EPOCH 3 - 33 sec ...
2017-12-29 09:00:39,472 INFO EPOCH 3 - 33 sec ...
2017-12-29 09:00:39,472 INFO EPOCH 3 - 33 sec ...
2017-12-29 09:00:39,472 INFO EPOCH 3 - 33 sec ...
2017-12-29 09:00:39,473 INFO Training error = 0.746 Validation error = 0.744
2017-12-29 09:00:39,473 INFO Training error = 0.746 Validation error = 0.744
2017-12-29 09:00:39,473 INFO Training error = 0.746 Validation error = 0.744
2017-12-29 09:00:39,473 INFO Training error = 0.746 Validation error = 0.744
2017-12-29 09:01:10,109 INFO Restoring parameters from ./models/lenet
2017-12-29 09:01:10,109 INFO Restoring parameters from ./models/lenet
2017-12-29 09:01:10,109 INFO Restoring parameters from ./models/lenet
2017-12-29 09:01:10,109 INFO Restoring parameters from ./models/lenet
2017-12-29 09:03:03,548 INFO Training... dropout = 0.3 , batch_size = 128 , learning rate = 0.0001
2017-12-29 09:03:03,548 INFO Training... dropout = 0.3 , batch_size = 128 , learning rate = 0.0001
2017-12-29 09:03:03,548 INFO Training... dropout = 0.3 , batch_size = 128 , learning rate = 0.0001
2017-12-29 09:03:03,548 INFO Training... dropout = 0.3 , batch_size = 128 , learning rate = 0.0001
2017-12-29 09:03:03,548 INFO Training... dropout = 0.3 , batch_size = 128 , learning rate = 0.0001
2017-12-29 09:03:14,644 INFO EPOCH 1 - 11 sec ...
2017-12-29 09:03:14,644 INFO EPOCH 1 - 11 sec ...
2017-12-29 09:03:14,644 INFO EPOCH 1 - 11 sec ...
2017-12-29 09:03:14,644 INFO EPOCH 1 - 11 sec ...
2017-12-29 09:03:14,644 INFO EPOCH 1 - 11 sec ...
2017-12-29 09:03:14,645 INFO Training error = 0.945 Validation error = 0.945
2017-12-29 09:03:14,645 INFO Training error = 0.945 Validation error = 0.945
2017-12-29 09:03:14,645 INFO Training error = 0.945 Validation error = 0.945
2017-12-29 09:03:14,645 INFO Training error = 0.945 Validation error = 0.945
2017-12-29 09:03:14,645 INFO Training error = 0.945 Validation error = 0.945
2017-12-29 09:03:25,354 INFO EPOCH 2 - 21 sec ...
2017-12-29 09:03:25,354 INFO EPOCH 2 - 21 sec ...
2017-12-29 09:03:25,354 INFO EPOCH 2 - 21 sec ...
2017-12-29 09:03:25,354 INFO EPOCH 2 - 21 sec ...
2017-12-29 09:03:25,354 INFO EPOCH 2 - 21 sec ...
2017-12-29 09:03:25,354 INFO Training error = 0.941 Validation error = 0.939
2017-12-29 09:03:25,354 INFO Training error = 0.941 Validation error = 0.939
2017-12-29 09:03:25,354 INFO Training error = 0.941 Validation error = 0.939
2017-12-29 09:03:25,354 INFO Training error = 0.941 Validation error = 0.939
2017-12-29 09:03:25,354 INFO Training error = 0.941 Validation error = 0.939
2017-12-29 09:03:35,984 INFO EPOCH 3 - 32 sec ...
2017-12-29 09:03:35,984 INFO EPOCH 3 - 32 sec ...
2017-12-29 09:03:35,984 INFO EPOCH 3 - 32 sec ...
2017-12-29 09:03:35,984 INFO EPOCH 3 - 32 sec ...
2017-12-29 09:03:35,984 INFO EPOCH 3 - 32 sec ...
2017-12-29 09:03:35,984 INFO Training error = 0.918 Validation error = 0.915
2017-12-29 09:03:35,984 INFO Training error = 0.918 Validation error = 0.915
2017-12-29 09:03:35,984 INFO Training error = 0.918 Validation error = 0.915
2017-12-29 09:03:35,984 INFO Training error = 0.918 Validation error = 0.915
2017-12-29 09:03:35,984 INFO Training error = 0.918 Validation error = 0.915
2017-12-29 09:03:36,328 INFO Restoring parameters from ./models/lenet
2017-12-29 09:03:36,328 INFO Restoring parameters from ./models/lenet
2017-12-29 09:03:36,328 INFO Restoring parameters from ./models/lenet
2017-12-29 09:03:36,328 INFO Restoring parameters from ./models/lenet
2017-12-29 09:03:36,328 INFO Restoring parameters from ./models/lenet
2017-12-29 09:04:23,089 INFO Training... dropout = 0.3 , batch_size = 128 , learning rate = 0.0001
2017-12-29 09:04:23,089 INFO Training... dropout = 0.3 , batch_size = 128 , learning rate = 0.0001
2017-12-29 09:04:23,089 INFO Training... dropout = 0.3 , batch_size = 128 , learning rate = 0.0001
2017-12-29 09:04:23,089 INFO Training... dropout = 0.3 , batch_size = 128 , learning rate = 0.0001
2017-12-29 09:04:23,089 INFO Training... dropout = 0.3 , batch_size = 128 , learning rate = 0.0001
2017-12-29 09:04:23,089 INFO Training... dropout = 0.3 , batch_size = 128 , learning rate = 0.0001
2017-12-29 09:04:34,218 INFO EPOCH 1 - 11 sec ...
2017-12-29 09:04:34,218 INFO EPOCH 1 - 11 sec ...
2017-12-29 09:04:34,218 INFO EPOCH 1 - 11 sec ...
2017-12-29 09:04:34,218 INFO EPOCH 1 - 11 sec ...
2017-12-29 09:04:34,218 INFO EPOCH 1 - 11 sec ...
2017-12-29 09:04:34,218 INFO EPOCH 1 - 11 sec ...
2017-12-29 09:04:34,218 INFO Training error = 0.928 Validation error = 0.921
2017-12-29 09:04:34,218 INFO Training error = 0.928 Validation error = 0.921
2017-12-29 09:04:34,218 INFO Training error = 0.928 Validation error = 0.921
2017-12-29 09:04:34,218 INFO Training error = 0.928 Validation error = 0.921
2017-12-29 09:04:34,218 INFO Training error = 0.928 Validation error = 0.921
2017-12-29 09:04:34,218 INFO Training error = 0.928 Validation error = 0.921
2017-12-29 09:04:45,096 INFO EPOCH 2 - 22 sec ...
2017-12-29 09:04:45,096 INFO EPOCH 2 - 22 sec ...
2017-12-29 09:04:45,096 INFO EPOCH 2 - 22 sec ...
2017-12-29 09:04:45,096 INFO EPOCH 2 - 22 sec ...
2017-12-29 09:04:45,096 INFO EPOCH 2 - 22 sec ...
2017-12-29 09:04:45,096 INFO EPOCH 2 - 22 sec ...
2017-12-29 09:04:45,097 INFO Training error = 0.886 Validation error = 0.891
2017-12-29 09:04:45,097 INFO Training error = 0.886 Validation error = 0.891
2017-12-29 09:04:45,097 INFO Training error = 0.886 Validation error = 0.891
2017-12-29 09:04:45,097 INFO Training error = 0.886 Validation error = 0.891
2017-12-29 09:04:45,097 INFO Training error = 0.886 Validation error = 0.891
2017-12-29 09:04:45,097 INFO Training error = 0.886 Validation error = 0.891
2017-12-29 09:04:55,809 INFO EPOCH 3 - 33 sec ...
2017-12-29 09:04:55,809 INFO EPOCH 3 - 33 sec ...
2017-12-29 09:04:55,809 INFO EPOCH 3 - 33 sec ...
2017-12-29 09:04:55,809 INFO EPOCH 3 - 33 sec ...
2017-12-29 09:04:55,809 INFO EPOCH 3 - 33 sec ...
2017-12-29 09:04:55,809 INFO EPOCH 3 - 33 sec ...
2017-12-29 09:04:55,810 INFO Training error = 0.809 Validation error = 0.803
2017-12-29 09:04:55,810 INFO Training error = 0.809 Validation error = 0.803
2017-12-29 09:04:55,810 INFO Training error = 0.809 Validation error = 0.803
2017-12-29 09:04:55,810 INFO Training error = 0.809 Validation error = 0.803
2017-12-29 09:04:55,810 INFO Training error = 0.809 Validation error = 0.803
2017-12-29 09:04:55,810 INFO Training error = 0.809 Validation error = 0.803
2017-12-29 09:04:56,523 INFO Restoring parameters from ./models/lenet
2017-12-29 09:04:56,523 INFO Restoring parameters from ./models/lenet
2017-12-29 09:04:56,523 INFO Restoring parameters from ./models/lenet
2017-12-29 09:04:56,523 INFO Restoring parameters from ./models/lenet
2017-12-29 09:04:56,523 INFO Restoring parameters from ./models/lenet
2017-12-29 09:04:56,523 INFO Restoring parameters from ./models/lenet
2017-12-29 09:07:38,614 INFO Restoring parameters from ./models/lenet
2017-12-29 09:07:38,614 INFO Restoring parameters from ./models/lenet
2017-12-29 09:07:38,614 INFO Restoring parameters from ./models/lenet
2017-12-29 09:07:38,614 INFO Restoring parameters from ./models/lenet
2017-12-29 09:07:38,614 INFO Restoring parameters from ./models/lenet
2017-12-29 09:07:38,614 INFO Restoring parameters from ./models/lenet
2017-12-29 09:08:09,650 INFO Training... dropout = 0.3 , batch_size = 128 , learning rate = 0.0001
2017-12-29 09:08:09,650 INFO Training... dropout = 0.3 , batch_size = 128 , learning rate = 0.0001
2017-12-29 09:08:09,650 INFO Training... dropout = 0.3 , batch_size = 128 , learning rate = 0.0001
2017-12-29 09:08:09,650 INFO Training... dropout = 0.3 , batch_size = 128 , learning rate = 0.0001
2017-12-29 09:08:09,650 INFO Training... dropout = 0.3 , batch_size = 128 , learning rate = 0.0001
2017-12-29 09:08:09,650 INFO Training... dropout = 0.3 , batch_size = 128 , learning rate = 0.0001
2017-12-29 09:08:09,650 INFO Training... dropout = 0.3 , batch_size = 128 , learning rate = 0.0001
2017-12-29 09:08:20,347 INFO EPOCH 1 - 11 sec ...
2017-12-29 09:08:20,347 INFO EPOCH 1 - 11 sec ...
2017-12-29 09:08:20,347 INFO EPOCH 1 - 11 sec ...
2017-12-29 09:08:20,347 INFO EPOCH 1 - 11 sec ...
2017-12-29 09:08:20,347 INFO EPOCH 1 - 11 sec ...
2017-12-29 09:08:20,347 INFO EPOCH 1 - 11 sec ...
2017-12-29 09:08:20,347 INFO EPOCH 1 - 11 sec ...
2017-12-29 09:08:20,347 INFO Training error = 0.901 Validation error = 0.900
2017-12-29 09:08:20,347 INFO Training error = 0.901 Validation error = 0.900
2017-12-29 09:08:20,347 INFO Training error = 0.901 Validation error = 0.900
2017-12-29 09:08:20,347 INFO Training error = 0.901 Validation error = 0.900
2017-12-29 09:08:20,347 INFO Training error = 0.901 Validation error = 0.900
2017-12-29 09:08:20,347 INFO Training error = 0.901 Validation error = 0.900
2017-12-29 09:08:20,347 INFO Training error = 0.901 Validation error = 0.900
2017-12-29 09:08:30,834 INFO EPOCH 2 - 21 sec ...
2017-12-29 09:08:30,834 INFO EPOCH 2 - 21 sec ...
2017-12-29 09:08:30,834 INFO EPOCH 2 - 21 sec ...
2017-12-29 09:08:30,834 INFO EPOCH 2 - 21 sec ...
2017-12-29 09:08:30,834 INFO EPOCH 2 - 21 sec ...
2017-12-29 09:08:30,834 INFO EPOCH 2 - 21 sec ...
2017-12-29 09:08:30,834 INFO EPOCH 2 - 21 sec ...
2017-12-29 09:08:30,835 INFO Training error = 0.825 Validation error = 0.825
2017-12-29 09:08:30,835 INFO Training error = 0.825 Validation error = 0.825
2017-12-29 09:08:30,835 INFO Training error = 0.825 Validation error = 0.825
2017-12-29 09:08:30,835 INFO Training error = 0.825 Validation error = 0.825
2017-12-29 09:08:30,835 INFO Training error = 0.825 Validation error = 0.825
2017-12-29 09:08:30,835 INFO Training error = 0.825 Validation error = 0.825
2017-12-29 09:08:30,835 INFO Training error = 0.825 Validation error = 0.825
2017-12-29 09:08:41,304 INFO EPOCH 3 - 32 sec ...
2017-12-29 09:08:41,304 INFO EPOCH 3 - 32 sec ...
2017-12-29 09:08:41,304 INFO EPOCH 3 - 32 sec ...
2017-12-29 09:08:41,304 INFO EPOCH 3 - 32 sec ...
2017-12-29 09:08:41,304 INFO EPOCH 3 - 32 sec ...
2017-12-29 09:08:41,304 INFO EPOCH 3 - 32 sec ...
2017-12-29 09:08:41,304 INFO EPOCH 3 - 32 sec ...
2017-12-29 09:08:41,305 INFO Training error = 0.751 Validation error = 0.750
2017-12-29 09:08:41,305 INFO Training error = 0.751 Validation error = 0.750
2017-12-29 09:08:41,305 INFO Training error = 0.751 Validation error = 0.750
2017-12-29 09:08:41,305 INFO Training error = 0.751 Validation error = 0.750
2017-12-29 09:08:41,305 INFO Training error = 0.751 Validation error = 0.750
2017-12-29 09:08:41,305 INFO Training error = 0.751 Validation error = 0.750
2017-12-29 09:08:41,305 INFO Training error = 0.751 Validation error = 0.750
2017-12-29 09:08:41,822 INFO Restoring parameters from ./models/lenet
2017-12-29 09:08:41,822 INFO Restoring parameters from ./models/lenet
2017-12-29 09:08:41,822 INFO Restoring parameters from ./models/lenet
2017-12-29 09:08:41,822 INFO Restoring parameters from ./models/lenet
2017-12-29 09:08:41,822 INFO Restoring parameters from ./models/lenet
2017-12-29 09:08:41,822 INFO Restoring parameters from ./models/lenet
2017-12-29 09:08:41,822 INFO Restoring parameters from ./models/lenet
2017-12-29 09:51:17,524 INFO Training... dropout = 0.3 , batch_size = 128 , learning rate = 0.0001
2017-12-29 09:51:20,305 INFO EPOCH 1 - 2 sec ...
2017-12-29 09:51:20,306 INFO Training error = 0.952 Validation error = 0.950
2017-12-29 09:51:23,035 INFO EPOCH 2 - 5 sec ...
2017-12-29 09:51:23,035 INFO Training error = 0.926 Validation error = 0.927
2017-12-29 09:51:25,790 INFO EPOCH 3 - 8 sec ...
2017-12-29 09:51:25,790 INFO Training error = 0.886 Validation error = 0.890
2017-12-29 09:51:28,695 INFO EPOCH 4 - 11 sec ...
2017-12-29 09:51:28,696 INFO Training error = 0.845 Validation error = 0.848
2017-12-29 09:51:31,465 INFO EPOCH 5 - 13 sec ...
2017-12-29 09:51:31,466 INFO Training error = 0.794 Validation error = 0.796
2017-12-29 09:51:34,202 INFO EPOCH 6 - 16 sec ...
2017-12-29 09:51:34,203 INFO Training error = 0.758 Validation error = 0.753
2017-12-29 09:51:36,961 INFO EPOCH 7 - 19 sec ...
2017-12-29 09:51:36,962 INFO Training error = 0.720 Validation error = 0.716
2017-12-29 09:51:39,733 INFO EPOCH 8 - 22 sec ...
2017-12-29 09:51:39,733 INFO Training error = 0.677 Validation error = 0.679
2017-12-29 09:51:42,452 INFO EPOCH 9 - 24 sec ...
2017-12-29 09:51:42,453 INFO Training error = 0.640 Validation error = 0.649
2017-12-29 09:51:45,185 INFO EPOCH 10 - 27 sec ...
2017-12-29 09:51:45,186 INFO Training error = 0.599 Validation error = 0.607
2017-12-29 09:51:47,985 INFO EPOCH 11 - 30 sec ...
2017-12-29 09:51:47,986 INFO Training error = 0.570 Validation error = 0.581
2017-12-29 09:51:50,707 INFO EPOCH 12 - 33 sec ...
2017-12-29 09:51:50,708 INFO Training error = 0.540 Validation error = 0.555
2017-12-29 09:51:53,421 INFO EPOCH 13 - 35 sec ...
2017-12-29 09:51:53,422 INFO Training error = 0.515 Validation error = 0.529
2017-12-29 09:51:56,243 INFO EPOCH 14 - 38 sec ...
2017-12-29 09:51:56,244 INFO Training error = 0.484 Validation error = 0.499
2017-12-29 09:51:58,983 INFO EPOCH 15 - 41 sec ...
2017-12-29 09:51:58,983 INFO Training error = 0.464 Validation error = 0.476
2017-12-29 09:52:01,902 INFO EPOCH 16 - 44 sec ...
2017-12-29 09:52:01,904 INFO Training error = 0.440 Validation error = 0.456
2017-12-29 09:52:04,795 INFO EPOCH 17 - 47 sec ...
2017-12-29 09:52:04,796 INFO Training error = 0.418 Validation error = 0.438
2017-12-29 09:52:07,510 INFO EPOCH 18 - 50 sec ...
2017-12-29 09:52:07,510 INFO Training error = 0.401 Validation error = 0.418
2017-12-29 09:52:10,244 INFO EPOCH 19 - 52 sec ...
2017-12-29 09:52:10,244 INFO Training error = 0.389 Validation error = 0.405
2017-12-29 09:52:13,060 INFO EPOCH 20 - 55 sec ...
2017-12-29 09:52:13,060 INFO Training error = 0.373 Validation error = 0.389
2017-12-29 09:52:15,801 INFO EPOCH 21 - 58 sec ...
2017-12-29 09:52:15,801 INFO Training error = 0.355 Validation error = 0.373
2017-12-29 09:52:18,813 INFO EPOCH 22 - 61 sec ...
2017-12-29 09:52:18,814 INFO Training error = 0.338 Validation error = 0.357
2017-12-29 09:52:21,835 INFO EPOCH 23 - 64 sec ...
2017-12-29 09:52:21,835 INFO Training error = 0.324 Validation error = 0.342
2017-12-29 09:52:24,569 INFO EPOCH 24 - 67 sec ...
2017-12-29 09:52:24,569 INFO Training error = 0.308 Validation error = 0.326
2017-12-29 09:52:27,293 INFO EPOCH 25 - 69 sec ...
2017-12-29 09:52:27,293 INFO Training error = 0.294 Validation error = 0.311
2017-12-29 09:52:30,054 INFO EPOCH 26 - 72 sec ...
2017-12-29 09:52:30,054 INFO Training error = 0.284 Validation error = 0.298
2017-12-29 09:52:32,776 INFO EPOCH 27 - 75 sec ...
2017-12-29 09:52:32,777 INFO Training error = 0.269 Validation error = 0.281
2017-12-29 09:52:35,513 INFO EPOCH 28 - 78 sec ...
2017-12-29 09:52:35,514 INFO Training error = 0.257 Validation error = 0.272
2017-12-29 09:52:38,293 INFO EPOCH 29 - 80 sec ...
2017-12-29 09:52:38,293 INFO Training error = 0.247 Validation error = 0.265
2017-12-29 09:52:41,011 INFO EPOCH 30 - 83 sec ...
2017-12-29 09:52:41,012 INFO Training error = 0.235 Validation error = 0.249
2017-12-29 09:52:43,742 INFO EPOCH 31 - 86 sec ...
2017-12-29 09:52:43,742 INFO Training error = 0.224 Validation error = 0.239
2017-12-29 09:52:46,552 INFO EPOCH 32 - 89 sec ...
2017-12-29 09:52:46,552 INFO Training error = 0.214 Validation error = 0.230
2017-12-29 09:52:49,329 INFO EPOCH 33 - 91 sec ...
2017-12-29 09:52:49,330 INFO Training error = 0.205 Validation error = 0.221
2017-12-29 09:52:52,074 INFO EPOCH 34 - 94 sec ...
2017-12-29 09:52:52,074 INFO Training error = 0.196 Validation error = 0.213
2017-12-29 09:52:54,836 INFO EPOCH 35 - 97 sec ...
2017-12-29 09:52:54,837 INFO Training error = 0.189 Validation error = 0.208
2017-12-29 09:52:57,536 INFO EPOCH 36 - 100 sec ...
2017-12-29 09:52:57,536 INFO Training error = 0.183 Validation error = 0.201
2017-12-29 09:53:00,228 INFO EPOCH 37 - 102 sec ...
2017-12-29 09:53:00,229 INFO Training error = 0.176 Validation error = 0.190
2017-12-29 09:53:02,994 INFO EPOCH 38 - 105 sec ...
2017-12-29 09:53:02,995 INFO Training error = 0.164 Validation error = 0.183
2017-12-29 09:53:05,687 INFO EPOCH 39 - 108 sec ...
2017-12-29 09:53:05,687 INFO Training error = 0.161 Validation error = 0.183
2017-12-29 09:53:08,398 INFO EPOCH 40 - 110 sec ...
2017-12-29 09:53:08,398 INFO Training error = 0.153 Validation error = 0.172
2017-12-29 09:53:11,193 INFO EPOCH 41 - 113 sec ...
2017-12-29 09:53:11,194 INFO Training error = 0.148 Validation error = 0.163
2017-12-29 09:53:13,903 INFO EPOCH 42 - 116 sec ...
2017-12-29 09:53:13,904 INFO Training error = 0.142 Validation error = 0.160
2017-12-29 09:53:16,605 INFO EPOCH 43 - 119 sec ...
2017-12-29 09:53:16,605 INFO Training error = 0.136 Validation error = 0.159
2017-12-29 09:53:19,397 INFO EPOCH 44 - 121 sec ...
2017-12-29 09:53:19,398 INFO Training error = 0.132 Validation error = 0.153
2017-12-29 09:53:22,155 INFO EPOCH 45 - 124 sec ...
2017-12-29 09:53:22,155 INFO Training error = 0.125 Validation error = 0.144
2017-12-29 09:53:24,899 INFO EPOCH 46 - 127 sec ...
2017-12-29 09:53:24,899 INFO Training error = 0.125 Validation error = 0.147
2017-12-29 09:53:27,672 INFO EPOCH 47 - 130 sec ...
2017-12-29 09:53:27,672 INFO Training error = 0.117 Validation error = 0.135
2017-12-29 09:53:30,365 INFO EPOCH 48 - 132 sec ...
2017-12-29 09:53:30,365 INFO Training error = 0.117 Validation error = 0.138
2017-12-29 09:53:33,093 INFO EPOCH 49 - 135 sec ...
2017-12-29 09:53:33,093 INFO Training error = 0.107 Validation error = 0.125
2017-12-29 09:53:35,914 INFO EPOCH 50 - 138 sec ...
2017-12-29 09:53:35,915 INFO Training error = 0.110 Validation error = 0.131
2017-12-29 09:54:17,197 INFO Restoring parameters from ./models/lenet
2017-12-29 10:03:01,172 INFO Training... dropout = 0.3 , batch_size = 128 , learning rate = 0.0001
2017-12-29 10:03:03,878 INFO EPOCH 1 - 2 sec ...
2017-12-29 10:03:03,878 INFO Training error = 0.925 Validation error = 0.926
2017-12-29 10:03:06,561 INFO EPOCH 2 - 5 sec ...
2017-12-29 10:03:06,562 INFO Training error = 0.879 Validation error = 0.883
2017-12-29 10:03:09,193 INFO EPOCH 3 - 8 sec ...
2017-12-29 10:03:09,193 INFO Training error = 0.822 Validation error = 0.829
2017-12-29 10:03:11,838 INFO EPOCH 4 - 10 sec ...
2017-12-29 10:03:11,838 INFO Training error = 0.775 Validation error = 0.780
2017-12-29 10:03:14,484 INFO EPOCH 5 - 13 sec ...
2017-12-29 10:03:14,485 INFO Training error = 0.735 Validation error = 0.748
2017-12-29 10:03:17,118 INFO EPOCH 6 - 16 sec ...
2017-12-29 10:03:17,119 INFO Training error = 0.696 Validation error = 0.709
2017-12-29 10:03:19,747 INFO EPOCH 7 - 18 sec ...
2017-12-29 10:03:19,747 INFO Training error = 0.657 Validation error = 0.672
2017-12-29 10:03:22,462 INFO EPOCH 8 - 21 sec ...
2017-12-29 10:03:22,463 INFO Training error = 0.617 Validation error = 0.629
2017-12-29 10:03:25,104 INFO EPOCH 9 - 23 sec ...
2017-12-29 10:03:25,104 INFO Training error = 0.579 Validation error = 0.584
2017-12-29 10:03:27,745 INFO EPOCH 10 - 26 sec ...
2017-12-29 10:03:27,746 INFO Training error = 0.550 Validation error = 0.562
2017-12-29 10:03:30,448 INFO EPOCH 11 - 29 sec ...
2017-12-29 10:03:30,448 INFO Training error = 0.523 Validation error = 0.535
2017-12-29 10:03:33,091 INFO EPOCH 12 - 31 sec ...
2017-12-29 10:03:33,092 INFO Training error = 0.492 Validation error = 0.506
2017-12-29 10:03:35,723 INFO EPOCH 13 - 34 sec ...
2017-12-29 10:03:35,723 INFO Training error = 0.464 Validation error = 0.486
2017-12-29 10:03:38,417 INFO EPOCH 14 - 37 sec ...
2017-12-29 10:03:38,417 INFO Training error = 0.438 Validation error = 0.458
2017-12-29 10:03:41,052 INFO EPOCH 15 - 39 sec ...
2017-12-29 10:03:41,052 INFO Training error = 0.420 Validation error = 0.439
2017-12-29 10:03:43,686 INFO EPOCH 16 - 42 sec ...
2017-12-29 10:03:43,686 INFO Training error = 0.402 Validation error = 0.418
2017-12-29 10:03:46,397 INFO EPOCH 17 - 45 sec ...
2017-12-29 10:03:46,398 INFO Training error = 0.385 Validation error = 0.405
2017-12-29 10:03:49,034 INFO EPOCH 18 - 47 sec ...
2017-12-29 10:03:49,034 INFO Training error = 0.375 Validation error = 0.389
2017-12-29 10:03:51,678 INFO EPOCH 19 - 50 sec ...
2017-12-29 10:03:51,679 INFO Training error = 0.357 Validation error = 0.373
2017-12-29 10:03:54,439 INFO EPOCH 20 - 53 sec ...
2017-12-29 10:03:54,440 INFO Training error = 0.345 Validation error = 0.361
2017-12-29 10:03:57,076 INFO EPOCH 21 - 55 sec ...
2017-12-29 10:03:57,076 INFO Training error = 0.333 Validation error = 0.348
2017-12-29 10:03:59,701 INFO EPOCH 22 - 58 sec ...
2017-12-29 10:03:59,701 INFO Training error = 0.316 Validation error = 0.338
2017-12-29 10:04:02,399 INFO EPOCH 23 - 61 sec ...
2017-12-29 10:04:02,399 INFO Training error = 0.306 Validation error = 0.328
2017-12-29 10:04:05,031 INFO EPOCH 24 - 63 sec ...
2017-12-29 10:04:05,031 INFO Training error = 0.296 Validation error = 0.320
2017-12-29 10:04:07,669 INFO EPOCH 25 - 66 sec ...
2017-12-29 10:04:07,670 INFO Training error = 0.283 Validation error = 0.306
2017-12-29 10:04:10,364 INFO EPOCH 26 - 69 sec ...
2017-12-29 10:04:10,365 INFO Training error = 0.273 Validation error = 0.293
2017-12-29 10:04:12,988 INFO EPOCH 27 - 71 sec ...
2017-12-29 10:04:12,988 INFO Training error = 0.261 Validation error = 0.286
2017-12-29 10:04:15,617 INFO EPOCH 28 - 74 sec ...
2017-12-29 10:04:15,617 INFO Training error = 0.253 Validation error = 0.276
2017-12-29 10:04:18,311 INFO EPOCH 29 - 77 sec ...
2017-12-29 10:04:18,311 INFO Training error = 0.245 Validation error = 0.270
2017-12-29 10:04:20,933 INFO EPOCH 30 - 79 sec ...
2017-12-29 10:04:20,934 INFO Training error = 0.232 Validation error = 0.257
2017-12-29 10:04:23,568 INFO EPOCH 31 - 82 sec ...
2017-12-29 10:04:23,569 INFO Training error = 0.223 Validation error = 0.243
2017-12-29 10:04:26,258 INFO EPOCH 32 - 85 sec ...
2017-12-29 10:04:26,258 INFO Training error = 0.216 Validation error = 0.238
2017-12-29 10:04:28,898 INFO EPOCH 33 - 87 sec ...
2017-12-29 10:04:28,898 INFO Training error = 0.209 Validation error = 0.232
2017-12-29 10:04:31,537 INFO EPOCH 34 - 90 sec ...
2017-12-29 10:04:31,537 INFO Training error = 0.200 Validation error = 0.226
2017-12-29 10:04:34,243 INFO EPOCH 35 - 93 sec ...
2017-12-29 10:04:34,244 INFO Training error = 0.199 Validation error = 0.225
2017-12-29 10:04:36,861 INFO EPOCH 36 - 95 sec ...
2017-12-29 10:04:36,861 INFO Training error = 0.188 Validation error = 0.209
2017-12-29 10:04:39,485 INFO EPOCH 37 - 98 sec ...
2017-12-29 10:04:39,486 INFO Training error = 0.179 Validation error = 0.198
2017-12-29 10:04:42,218 INFO EPOCH 38 - 101 sec ...
2017-12-29 10:04:42,218 INFO Training error = 0.171 Validation error = 0.200
2017-12-29 10:04:44,870 INFO EPOCH 39 - 103 sec ...
2017-12-29 10:04:44,871 INFO Training error = 0.169 Validation error = 0.192
2017-12-29 10:04:47,504 INFO EPOCH 40 - 106 sec ...
2017-12-29 10:04:47,504 INFO Training error = 0.157 Validation error = 0.179
2017-12-29 10:04:50,225 INFO EPOCH 41 - 109 sec ...
2017-12-29 10:04:50,225 INFO Training error = 0.155 Validation error = 0.177
2017-12-29 10:04:52,853 INFO EPOCH 42 - 111 sec ...
2017-12-29 10:04:52,854 INFO Training error = 0.147 Validation error = 0.172
2017-12-29 10:04:55,511 INFO EPOCH 43 - 114 sec ...
2017-12-29 10:04:55,512 INFO Training error = 0.144 Validation error = 0.168
2017-12-29 10:04:58,223 INFO EPOCH 44 - 117 sec ...
2017-12-29 10:04:58,223 INFO Training error = 0.140 Validation error = 0.164
2017-12-29 10:05:00,848 INFO EPOCH 45 - 119 sec ...
2017-12-29 10:05:00,848 INFO Training error = 0.138 Validation error = 0.163
2017-12-29 10:05:03,484 INFO EPOCH 46 - 122 sec ...
2017-12-29 10:05:03,484 INFO Training error = 0.128 Validation error = 0.155
2017-12-29 10:05:06,208 INFO EPOCH 47 - 125 sec ...
2017-12-29 10:05:06,208 INFO Training error = 0.129 Validation error = 0.156
2017-12-29 10:05:08,832 INFO EPOCH 48 - 127 sec ...
2017-12-29 10:05:08,832 INFO Training error = 0.126 Validation error = 0.157
2017-12-29 10:05:11,461 INFO EPOCH 49 - 130 sec ...
2017-12-29 10:05:11,461 INFO Training error = 0.118 Validation error = 0.147
2017-12-29 10:05:14,201 INFO EPOCH 50 - 133 sec ...
2017-12-29 10:05:14,202 INFO Training error = 0.118 Validation error = 0.145
2017-12-29 10:05:16,826 INFO EPOCH 51 - 135 sec ...
2017-12-29 10:05:16,827 INFO Training error = 0.110 Validation error = 0.139
2017-12-29 10:05:19,464 INFO EPOCH 52 - 138 sec ...
2017-12-29 10:05:19,464 INFO Training error = 0.112 Validation error = 0.141
2017-12-29 10:05:22,175 INFO EPOCH 53 - 141 sec ...
2017-12-29 10:05:22,176 INFO Training error = 0.106 Validation error = 0.136
2017-12-29 10:05:24,806 INFO EPOCH 54 - 143 sec ...
2017-12-29 10:05:24,806 INFO Training error = 0.102 Validation error = 0.134
2017-12-29 10:05:27,438 INFO EPOCH 55 - 146 sec ...
2017-12-29 10:05:27,439 INFO Training error = 0.105 Validation error = 0.134
2017-12-29 10:05:30,131 INFO EPOCH 56 - 149 sec ...
2017-12-29 10:05:30,131 INFO Training error = 0.094 Validation error = 0.124
2017-12-29 10:05:32,759 INFO EPOCH 57 - 151 sec ...
2017-12-29 10:05:32,759 INFO Training error = 0.101 Validation error = 0.131
2017-12-29 10:05:35,373 INFO EPOCH 58 - 154 sec ...
2017-12-29 10:05:35,374 INFO Training error = 0.093 Validation error = 0.124
2017-12-29 10:05:38,075 INFO EPOCH 59 - 156 sec ...
2017-12-29 10:05:38,075 INFO Training error = 0.089 Validation error = 0.119
2017-12-29 10:05:40,681 INFO EPOCH 60 - 159 sec ...
2017-12-29 10:05:40,681 INFO Training error = 0.086 Validation error = 0.117
2017-12-29 10:05:43,311 INFO EPOCH 61 - 162 sec ...
2017-12-29 10:05:43,311 INFO Training error = 0.087 Validation error = 0.118
2017-12-29 10:05:46,017 INFO EPOCH 62 - 164 sec ...
2017-12-29 10:05:46,017 INFO Training error = 0.083 Validation error = 0.109
2017-12-29 10:05:48,630 INFO EPOCH 63 - 167 sec ...
2017-12-29 10:05:48,631 INFO Training error = 0.084 Validation error = 0.112
2017-12-29 10:05:51,240 INFO EPOCH 64 - 170 sec ...
2017-12-29 10:05:51,241 INFO Training error = 0.078 Validation error = 0.109
2017-12-29 10:05:53,940 INFO EPOCH 65 - 172 sec ...
2017-12-29 10:05:53,940 INFO Training error = 0.077 Validation error = 0.109
2017-12-29 10:05:56,565 INFO EPOCH 66 - 175 sec ...
2017-12-29 10:05:56,565 INFO Training error = 0.076 Validation error = 0.104
2017-12-29 10:05:59,178 INFO EPOCH 67 - 178 sec ...
2017-12-29 10:05:59,178 INFO Training error = 0.072 Validation error = 0.103
2017-12-29 10:06:01,869 INFO EPOCH 68 - 180 sec ...
2017-12-29 10:06:01,870 INFO Training error = 0.073 Validation error = 0.105
2017-12-29 10:06:04,493 INFO EPOCH 69 - 183 sec ...
2017-12-29 10:06:04,493 INFO Training error = 0.069 Validation error = 0.099
2017-12-29 10:06:07,095 INFO EPOCH 70 - 185 sec ...
2017-12-29 10:06:07,096 INFO Training error = 0.066 Validation error = 0.099
2017-12-29 10:06:09,805 INFO EPOCH 71 - 188 sec ...
2017-12-29 10:06:09,805 INFO Training error = 0.068 Validation error = 0.100
2017-12-29 10:06:12,433 INFO EPOCH 72 - 191 sec ...
2017-12-29 10:06:12,433 INFO Training error = 0.066 Validation error = 0.100
2017-12-29 10:06:15,029 INFO EPOCH 73 - 193 sec ...
2017-12-29 10:06:15,029 INFO Training error = 0.065 Validation error = 0.096
2017-12-29 10:06:17,731 INFO EPOCH 74 - 196 sec ...
2017-12-29 10:06:17,732 INFO Training error = 0.062 Validation error = 0.092
2017-12-29 10:06:20,343 INFO EPOCH 75 - 199 sec ...
2017-12-29 10:06:20,343 INFO Training error = 0.060 Validation error = 0.091
2017-12-29 10:06:22,973 INFO EPOCH 76 - 201 sec ...
2017-12-29 10:06:22,973 INFO Training error = 0.060 Validation error = 0.095
2017-12-29 10:06:25,664 INFO EPOCH 77 - 204 sec ...
2017-12-29 10:06:25,664 INFO Training error = 0.059 Validation error = 0.091
2017-12-29 10:06:28,274 INFO EPOCH 78 - 207 sec ...
2017-12-29 10:06:28,275 INFO Training error = 0.056 Validation error = 0.089
2017-12-29 10:06:30,884 INFO EPOCH 79 - 209 sec ...
2017-12-29 10:06:30,884 INFO Training error = 0.054 Validation error = 0.088
2017-12-29 10:06:33,587 INFO EPOCH 80 - 212 sec ...
2017-12-29 10:06:33,587 INFO Training error = 0.054 Validation error = 0.086
2017-12-29 10:06:36,218 INFO EPOCH 81 - 215 sec ...
2017-12-29 10:06:36,219 INFO Training error = 0.053 Validation error = 0.084
2017-12-29 10:06:38,839 INFO EPOCH 82 - 217 sec ...
2017-12-29 10:06:38,840 INFO Training error = 0.049 Validation error = 0.080
2017-12-29 10:06:41,512 INFO EPOCH 83 - 220 sec ...
2017-12-29 10:06:41,513 INFO Training error = 0.050 Validation error = 0.082
2017-12-29 10:06:44,121 INFO EPOCH 84 - 223 sec ...
2017-12-29 10:06:44,121 INFO Training error = 0.048 Validation error = 0.079
2017-12-29 10:06:46,736 INFO EPOCH 85 - 225 sec ...
2017-12-29 10:06:46,737 INFO Training error = 0.048 Validation error = 0.081
2017-12-29 10:06:49,429 INFO EPOCH 86 - 228 sec ...
2017-12-29 10:06:49,429 INFO Training error = 0.047 Validation error = 0.078
2017-12-29 10:06:52,042 INFO EPOCH 87 - 230 sec ...
2017-12-29 10:06:52,042 INFO Training error = 0.048 Validation error = 0.078
2017-12-29 10:06:54,652 INFO EPOCH 88 - 233 sec ...
2017-12-29 10:06:54,653 INFO Training error = 0.045 Validation error = 0.077
2017-12-29 10:06:57,337 INFO EPOCH 89 - 236 sec ...
2017-12-29 10:06:57,337 INFO Training error = 0.046 Validation error = 0.078
2017-12-29 10:06:59,944 INFO EPOCH 90 - 238 sec ...
2017-12-29 10:06:59,944 INFO Training error = 0.046 Validation error = 0.077
2017-12-29 10:07:02,561 INFO EPOCH 91 - 241 sec ...
2017-12-29 10:07:02,561 INFO Training error = 0.043 Validation error = 0.074
2017-12-29 10:07:05,239 INFO EPOCH 92 - 244 sec ...
2017-12-29 10:07:05,239 INFO Training error = 0.041 Validation error = 0.070
2017-12-29 10:07:07,850 INFO EPOCH 93 - 246 sec ...
2017-12-29 10:07:07,850 INFO Training error = 0.040 Validation error = 0.070
2017-12-29 10:07:10,435 INFO EPOCH 94 - 249 sec ...
2017-12-29 10:07:10,435 INFO Training error = 0.040 Validation error = 0.072
2017-12-29 10:07:13,113 INFO EPOCH 95 - 251 sec ...
2017-12-29 10:07:13,113 INFO Training error = 0.038 Validation error = 0.069
2017-12-29 10:07:15,724 INFO EPOCH 96 - 254 sec ...
2017-12-29 10:07:15,724 INFO Training error = 0.037 Validation error = 0.068
2017-12-29 10:07:18,334 INFO EPOCH 97 - 257 sec ...
2017-12-29 10:07:18,334 INFO Training error = 0.039 Validation error = 0.069
2017-12-29 10:07:21,017 INFO EPOCH 98 - 259 sec ...
2017-12-29 10:07:21,017 INFO Training error = 0.035 Validation error = 0.066
2017-12-29 10:07:23,610 INFO EPOCH 99 - 262 sec ...
2017-12-29 10:07:23,610 INFO Training error = 0.037 Validation error = 0.070
2017-12-29 10:07:26,217 INFO EPOCH 100 - 265 sec ...
2017-12-29 10:07:26,218 INFO Training error = 0.035 Validation error = 0.066
2017-12-29 10:07:28,918 INFO EPOCH 101 - 267 sec ...
2017-12-29 10:07:28,918 INFO Training error = 0.036 Validation error = 0.063
2017-12-29 10:07:31,532 INFO EPOCH 102 - 270 sec ...
2017-12-29 10:07:31,533 INFO Training error = 0.033 Validation error = 0.066
2017-12-29 10:07:34,138 INFO EPOCH 103 - 273 sec ...
2017-12-29 10:07:34,138 INFO Training error = 0.034 Validation error = 0.066
2017-12-29 10:07:36,820 INFO EPOCH 104 - 275 sec ...
2017-12-29 10:07:36,821 INFO Training error = 0.031 Validation error = 0.062
2017-12-29 10:07:39,435 INFO EPOCH 105 - 278 sec ...
2017-12-29 10:07:39,435 INFO Training error = 0.033 Validation error = 0.063
2017-12-29 10:07:42,056 INFO EPOCH 106 - 280 sec ...
2017-12-29 10:07:42,057 INFO Training error = 0.032 Validation error = 0.062
2017-12-29 10:07:44,737 INFO EPOCH 107 - 283 sec ...
2017-12-29 10:07:44,737 INFO Training error = 0.031 Validation error = 0.062
2017-12-29 10:07:47,333 INFO EPOCH 108 - 286 sec ...
2017-12-29 10:07:47,333 INFO Training error = 0.031 Validation error = 0.061
2017-12-29 10:07:49,942 INFO EPOCH 109 - 288 sec ...
2017-12-29 10:07:49,943 INFO Training error = 0.029 Validation error = 0.060
2017-12-29 10:07:52,615 INFO EPOCH 110 - 291 sec ...
2017-12-29 10:07:52,615 INFO Training error = 0.028 Validation error = 0.061
2017-12-29 10:07:55,226 INFO EPOCH 111 - 294 sec ...
2017-12-29 10:07:55,226 INFO Training error = 0.027 Validation error = 0.060
2017-12-29 10:07:57,823 INFO EPOCH 112 - 296 sec ...
2017-12-29 10:07:57,823 INFO Training error = 0.027 Validation error = 0.061
2017-12-29 10:08:00,491 INFO EPOCH 113 - 299 sec ...
2017-12-29 10:08:00,492 INFO Training error = 0.028 Validation error = 0.062
2017-12-29 10:08:03,089 INFO EPOCH 114 - 301 sec ...
2017-12-29 10:08:03,090 INFO Training error = 0.028 Validation error = 0.058
2017-12-29 10:08:05,688 INFO EPOCH 115 - 304 sec ...
2017-12-29 10:08:05,688 INFO Training error = 0.026 Validation error = 0.058
2017-12-29 10:08:08,375 INFO EPOCH 116 - 307 sec ...
2017-12-29 10:08:08,376 INFO Training error = 0.028 Validation error = 0.066
2017-12-29 10:08:10,966 INFO EPOCH 117 - 309 sec ...
2017-12-29 10:08:10,967 INFO Training error = 0.027 Validation error = 0.060
2017-12-29 10:08:13,574 INFO EPOCH 118 - 312 sec ...
2017-12-29 10:08:13,574 INFO Training error = 0.025 Validation error = 0.056
2017-12-29 10:08:16,249 INFO EPOCH 119 - 315 sec ...
2017-12-29 10:08:16,249 INFO Training error = 0.026 Validation error = 0.060
2017-12-29 10:08:18,851 INFO EPOCH 120 - 317 sec ...
2017-12-29 10:08:18,851 INFO Training error = 0.025 Validation error = 0.058
2017-12-29 10:08:21,461 INFO EPOCH 121 - 320 sec ...
2017-12-29 10:08:21,462 INFO Training error = 0.024 Validation error = 0.055
2017-12-29 10:08:24,142 INFO EPOCH 122 - 323 sec ...
2017-12-29 10:08:24,142 INFO Training error = 0.024 Validation error = 0.059
2017-12-29 10:08:26,745 INFO EPOCH 123 - 325 sec ...
2017-12-29 10:08:26,745 INFO Training error = 0.022 Validation error = 0.056
2017-12-29 10:08:29,352 INFO EPOCH 124 - 328 sec ...
2017-12-29 10:08:29,352 INFO Training error = 0.021 Validation error = 0.053
2017-12-29 10:08:32,034 INFO EPOCH 125 - 330 sec ...
2017-12-29 10:08:32,034 INFO Training error = 0.022 Validation error = 0.054
2017-12-29 10:08:34,623 INFO EPOCH 126 - 333 sec ...
2017-12-29 10:08:34,624 INFO Training error = 0.022 Validation error = 0.054
2017-12-29 10:08:37,231 INFO EPOCH 127 - 336 sec ...
2017-12-29 10:08:37,231 INFO Training error = 0.021 Validation error = 0.056
2017-12-29 10:08:39,942 INFO EPOCH 128 - 338 sec ...
2017-12-29 10:08:39,942 INFO Training error = 0.025 Validation error = 0.060
2017-12-29 10:08:42,544 INFO EPOCH 129 - 341 sec ...
2017-12-29 10:08:42,545 INFO Training error = 0.021 Validation error = 0.054
2017-12-29 10:08:45,140 INFO EPOCH 130 - 344 sec ...
2017-12-29 10:08:45,140 INFO Training error = 0.019 Validation error = 0.054
2017-12-29 10:08:47,803 INFO EPOCH 131 - 346 sec ...
2017-12-29 10:08:47,803 INFO Training error = 0.022 Validation error = 0.057
2017-12-29 10:08:50,401 INFO EPOCH 132 - 349 sec ...
2017-12-29 10:08:50,401 INFO Training error = 0.020 Validation error = 0.052
2017-12-29 10:08:53,004 INFO EPOCH 133 - 351 sec ...
2017-12-29 10:08:53,004 INFO Training error = 0.020 Validation error = 0.052
2017-12-29 10:08:55,685 INFO EPOCH 134 - 354 sec ...
2017-12-29 10:08:55,685 INFO Training error = 0.017 Validation error = 0.054
2017-12-29 10:08:58,266 INFO EPOCH 135 - 357 sec ...
2017-12-29 10:08:58,267 INFO Training error = 0.019 Validation error = 0.054
2017-12-29 10:09:00,863 INFO EPOCH 136 - 359 sec ...
2017-12-29 10:09:00,864 INFO Training error = 0.018 Validation error = 0.053
2017-12-29 10:09:03,540 INFO EPOCH 137 - 362 sec ...
2017-12-29 10:09:03,540 INFO Training error = 0.018 Validation error = 0.052
2017-12-29 10:09:06,136 INFO EPOCH 138 - 365 sec ...
2017-12-29 10:09:06,137 INFO Training error = 0.018 Validation error = 0.053
2017-12-29 10:09:08,721 INFO EPOCH 139 - 367 sec ...
2017-12-29 10:09:08,721 INFO Training error = 0.017 Validation error = 0.050
2017-12-29 10:09:11,387 INFO EPOCH 140 - 370 sec ...
2017-12-29 10:09:11,388 INFO Training error = 0.016 Validation error = 0.049
2017-12-29 10:09:13,988 INFO EPOCH 141 - 372 sec ...
2017-12-29 10:09:13,989 INFO Training error = 0.016 Validation error = 0.048
2017-12-29 10:09:16,583 INFO EPOCH 142 - 375 sec ...
2017-12-29 10:09:16,583 INFO Training error = 0.017 Validation error = 0.049
2017-12-29 10:09:19,326 INFO EPOCH 143 - 378 sec ...
2017-12-29 10:09:19,326 INFO Training error = 0.016 Validation error = 0.048
2017-12-29 10:09:21,974 INFO EPOCH 144 - 380 sec ...
2017-12-29 10:09:21,974 INFO Training error = 0.016 Validation error = 0.051
2017-12-29 10:09:24,679 INFO EPOCH 145 - 383 sec ...
2017-12-29 10:09:24,679 INFO Training error = 0.016 Validation error = 0.049
2017-12-29 10:09:27,370 INFO EPOCH 146 - 386 sec ...
2017-12-29 10:09:27,371 INFO Training error = 0.015 Validation error = 0.049
2017-12-29 10:09:29,990 INFO EPOCH 147 - 388 sec ...
2017-12-29 10:09:29,991 INFO Training error = 0.015 Validation error = 0.048
2017-12-29 10:09:32,597 INFO EPOCH 148 - 391 sec ...
2017-12-29 10:09:32,598 INFO Training error = 0.014 Validation error = 0.049
2017-12-29 10:09:35,271 INFO EPOCH 149 - 394 sec ...
2017-12-29 10:09:35,271 INFO Training error = 0.013 Validation error = 0.049
2017-12-29 10:09:37,902 INFO EPOCH 150 - 396 sec ...
2017-12-29 10:09:37,902 INFO Training error = 0.013 Validation error = 0.048
2017-12-29 10:09:44,066 INFO Restoring parameters from ./models/lenet
2017-12-29 17:00:33,752 INFO Training... dropout = 0.3 , batch_size = 128 , learning rate = 0.0001
2017-12-29 17:00:39,155 INFO EPOCH 1 - 102 sec ...
2017-12-29 17:00:39,155 INFO Training error = 0.904 Validation error = 0.908
2017-12-29 17:00:42,405 INFO EPOCH 2 - 105 sec ...
2017-12-29 17:00:42,405 INFO Training error = 0.862 Validation error = 0.866
2017-12-29 17:00:45,630 INFO EPOCH 3 - 108 sec ...
2017-12-29 17:00:45,631 INFO Training error = 0.805 Validation error = 0.808
2017-12-29 17:00:48,850 INFO EPOCH 4 - 112 sec ...
2017-12-29 17:00:48,850 INFO Training error = 0.732 Validation error = 0.741
2017-12-29 17:00:52,074 INFO EPOCH 5 - 115 sec ...
2017-12-29 17:00:52,074 INFO Training error = 0.646 Validation error = 0.653
2017-12-29 17:00:55,383 INFO EPOCH 6 - 118 sec ...
2017-12-29 17:00:55,384 INFO Training error = 0.582 Validation error = 0.591
2017-12-29 17:00:58,670 INFO EPOCH 7 - 121 sec ...
2017-12-29 17:00:58,671 INFO Training error = 0.531 Validation error = 0.540
2017-12-29 17:01:02,053 INFO EPOCH 8 - 125 sec ...
2017-12-29 17:01:02,054 INFO Training error = 0.488 Validation error = 0.500
2017-12-29 17:01:05,271 INFO EPOCH 9 - 128 sec ...
2017-12-29 17:01:05,272 INFO Training error = 0.442 Validation error = 0.454
2017-12-29 17:01:08,479 INFO EPOCH 10 - 131 sec ...
2017-12-29 17:01:08,480 INFO Training error = 0.406 Validation error = 0.416
2017-12-29 17:01:11,694 INFO EPOCH 11 - 135 sec ...
2017-12-29 17:01:11,694 INFO Training error = 0.372 Validation error = 0.377
2017-12-29 17:01:14,950 INFO EPOCH 12 - 138 sec ...
2017-12-29 17:01:14,950 INFO Training error = 0.348 Validation error = 0.354
2017-12-29 17:01:18,253 INFO EPOCH 13 - 141 sec ...
2017-12-29 17:01:18,253 INFO Training error = 0.320 Validation error = 0.332
2017-12-29 17:01:21,612 INFO EPOCH 14 - 144 sec ...
2017-12-29 17:01:21,612 INFO Training error = 0.304 Validation error = 0.319
2017-12-29 17:01:24,881 INFO EPOCH 15 - 148 sec ...
2017-12-29 17:01:24,882 INFO Training error = 0.279 Validation error = 0.288
2017-12-29 17:01:28,117 INFO EPOCH 16 - 151 sec ...
2017-12-29 17:01:28,117 INFO Training error = 0.262 Validation error = 0.279
2017-12-29 17:01:31,472 INFO EPOCH 17 - 154 sec ...
2017-12-29 17:01:31,472 INFO Training error = 0.247 Validation error = 0.262
2017-12-29 17:01:34,710 INFO EPOCH 18 - 158 sec ...
2017-12-29 17:01:34,710 INFO Training error = 0.235 Validation error = 0.245
2017-12-29 17:01:38,091 INFO EPOCH 19 - 161 sec ...
2017-12-29 17:01:38,091 INFO Training error = 0.218 Validation error = 0.230
2017-12-29 17:01:41,427 INFO EPOCH 20 - 164 sec ...
2017-12-29 17:01:41,428 INFO Training error = 0.207 Validation error = 0.220
2017-12-29 17:01:44,662 INFO EPOCH 21 - 167 sec ...
2017-12-29 17:01:44,662 INFO Training error = 0.193 Validation error = 0.204
2017-12-29 17:01:47,948 INFO EPOCH 22 - 171 sec ...
2017-12-29 17:01:47,948 INFO Training error = 0.185 Validation error = 0.197
2017-12-29 17:01:51,249 INFO EPOCH 23 - 174 sec ...
2017-12-29 17:01:51,249 INFO Training error = 0.175 Validation error = 0.182
2017-12-29 17:01:54,494 INFO EPOCH 24 - 177 sec ...
2017-12-29 17:01:54,494 INFO Training error = 0.165 Validation error = 0.178
2017-12-29 17:01:57,730 INFO EPOCH 25 - 181 sec ...
2017-12-29 17:01:57,730 INFO Training error = 0.155 Validation error = 0.166
2017-12-29 17:02:01,065 INFO EPOCH 26 - 184 sec ...
2017-12-29 17:02:01,065 INFO Training error = 0.149 Validation error = 0.158
2017-12-29 17:02:04,484 INFO EPOCH 27 - 187 sec ...
2017-12-29 17:02:04,484 INFO Training error = 0.142 Validation error = 0.152
2017-12-29 17:02:07,829 INFO EPOCH 28 - 191 sec ...
2017-12-29 17:02:07,830 INFO Training error = 0.134 Validation error = 0.150
2017-12-29 17:02:11,194 INFO EPOCH 29 - 194 sec ...
2017-12-29 17:02:11,195 INFO Training error = 0.127 Validation error = 0.138
2017-12-29 17:02:14,476 INFO EPOCH 30 - 197 sec ...
2017-12-29 17:02:14,477 INFO Training error = 0.125 Validation error = 0.139
2017-12-29 17:02:17,754 INFO EPOCH 31 - 201 sec ...
2017-12-29 17:02:17,754 INFO Training error = 0.118 Validation error = 0.132
2017-12-29 17:02:21,085 INFO EPOCH 32 - 204 sec ...
2017-12-29 17:02:21,085 INFO Training error = 0.113 Validation error = 0.125
2017-12-29 17:02:24,359 INFO EPOCH 33 - 207 sec ...
2017-12-29 17:02:24,360 INFO Training error = 0.106 Validation error = 0.122
2017-12-29 17:02:27,624 INFO EPOCH 34 - 210 sec ...
2017-12-29 17:02:27,625 INFO Training error = 0.102 Validation error = 0.119
2017-12-29 17:02:30,931 INFO EPOCH 35 - 214 sec ...
2017-12-29 17:02:30,931 INFO Training error = 0.097 Validation error = 0.113
2017-12-29 17:02:34,170 INFO EPOCH 36 - 217 sec ...
2017-12-29 17:02:34,170 INFO Training error = 0.095 Validation error = 0.114
2017-12-29 17:02:37,415 INFO EPOCH 37 - 220 sec ...
2017-12-29 17:02:37,415 INFO Training error = 0.091 Validation error = 0.106
2017-12-29 17:02:40,804 INFO EPOCH 38 - 224 sec ...
2017-12-29 17:02:40,804 INFO Training error = 0.088 Validation error = 0.105
2017-12-29 17:02:44,107 INFO EPOCH 39 - 227 sec ...
2017-12-29 17:02:44,108 INFO Training error = 0.084 Validation error = 0.100
2017-12-29 17:02:47,413 INFO EPOCH 40 - 230 sec ...
2017-12-29 17:02:47,413 INFO Training error = 0.081 Validation error = 0.096
2017-12-29 17:02:50,894 INFO EPOCH 41 - 234 sec ...
2017-12-29 17:02:50,894 INFO Training error = 0.079 Validation error = 0.099
2017-12-29 17:02:54,090 INFO EPOCH 42 - 237 sec ...
2017-12-29 17:02:54,090 INFO Training error = 0.074 Validation error = 0.096
2017-12-29 17:02:57,366 INFO EPOCH 43 - 240 sec ...
2017-12-29 17:02:57,367 INFO Training error = 0.071 Validation error = 0.092
2017-12-29 17:03:00,732 INFO EPOCH 44 - 244 sec ...
2017-12-29 17:03:00,733 INFO Training error = 0.071 Validation error = 0.091
2017-12-29 17:03:04,040 INFO EPOCH 45 - 247 sec ...
2017-12-29 17:03:04,040 INFO Training error = 0.068 Validation error = 0.091
2017-12-29 17:03:07,472 INFO EPOCH 46 - 250 sec ...
2017-12-29 17:03:07,473 INFO Training error = 0.065 Validation error = 0.086
2017-12-29 17:03:10,927 INFO EPOCH 47 - 254 sec ...
2017-12-29 17:03:10,928 INFO Training error = 0.063 Validation error = 0.084
2017-12-29 17:03:14,451 INFO EPOCH 48 - 257 sec ...
2017-12-29 17:03:14,452 INFO Training error = 0.061 Validation error = 0.086
2017-12-29 17:03:17,850 INFO EPOCH 49 - 261 sec ...
2017-12-29 17:03:17,851 INFO Training error = 0.061 Validation error = 0.082
2017-12-29 17:03:21,222 INFO EPOCH 50 - 264 sec ...
2017-12-29 17:03:21,222 INFO Training error = 0.056 Validation error = 0.081
2017-12-29 17:03:24,464 INFO EPOCH 51 - 267 sec ...
2017-12-29 17:03:24,464 INFO Training error = 0.056 Validation error = 0.079
2017-12-29 17:03:27,865 INFO EPOCH 52 - 271 sec ...
2017-12-29 17:03:27,865 INFO Training error = 0.058 Validation error = 0.085
2017-12-29 17:03:31,215 INFO EPOCH 53 - 274 sec ...
2017-12-29 17:03:31,215 INFO Training error = 0.052 Validation error = 0.076
2017-12-29 17:03:34,473 INFO EPOCH 54 - 277 sec ...
2017-12-29 17:03:34,474 INFO Training error = 0.052 Validation error = 0.075
2017-12-29 17:03:37,858 INFO EPOCH 55 - 281 sec ...
2017-12-29 17:03:37,859 INFO Training error = 0.050 Validation error = 0.073
2017-12-29 17:03:41,188 INFO EPOCH 56 - 284 sec ...
2017-12-29 17:03:41,189 INFO Training error = 0.049 Validation error = 0.070
2017-12-29 17:03:44,477 INFO EPOCH 57 - 287 sec ...
2017-12-29 17:03:44,478 INFO Training error = 0.046 Validation error = 0.068
2017-12-29 17:03:47,772 INFO EPOCH 58 - 291 sec ...
2017-12-29 17:03:47,772 INFO Training error = 0.045 Validation error = 0.071
2017-12-29 17:03:51,064 INFO EPOCH 59 - 294 sec ...
2017-12-29 17:03:51,065 INFO Training error = 0.045 Validation error = 0.070
2017-12-29 17:03:54,340 INFO EPOCH 60 - 297 sec ...
2017-12-29 17:03:54,340 INFO Training error = 0.042 Validation error = 0.064
2017-12-29 17:03:57,616 INFO EPOCH 61 - 300 sec ...
2017-12-29 17:03:57,617 INFO Training error = 0.041 Validation error = 0.066
2017-12-29 17:04:00,899 INFO EPOCH 62 - 304 sec ...
2017-12-29 17:04:00,899 INFO Training error = 0.041 Validation error = 0.066
2017-12-29 17:04:04,132 INFO EPOCH 63 - 307 sec ...
2017-12-29 17:04:04,133 INFO Training error = 0.042 Validation error = 0.065
2017-12-29 17:04:07,360 INFO EPOCH 64 - 310 sec ...
2017-12-29 17:04:07,361 INFO Training error = 0.038 Validation error = 0.062
2017-12-29 17:04:10,623 INFO EPOCH 65 - 313 sec ...
2017-12-29 17:04:10,624 INFO Training error = 0.036 Validation error = 0.060
2017-12-29 17:04:13,904 INFO EPOCH 66 - 317 sec ...
2017-12-29 17:04:13,904 INFO Training error = 0.035 Validation error = 0.058
2017-12-29 17:04:17,147 INFO EPOCH 67 - 320 sec ...
2017-12-29 17:04:17,148 INFO Training error = 0.037 Validation error = 0.059
2017-12-29 17:04:20,410 INFO EPOCH 68 - 323 sec ...
2017-12-29 17:04:20,410 INFO Training error = 0.033 Validation error = 0.054
2017-12-29 17:04:23,658 INFO EPOCH 69 - 326 sec ...
2017-12-29 17:04:23,658 INFO Training error = 0.033 Validation error = 0.057
2017-12-29 17:04:26,927 INFO EPOCH 70 - 330 sec ...
2017-12-29 17:04:26,927 INFO Training error = 0.034 Validation error = 0.058
2017-12-29 17:04:30,247 INFO EPOCH 71 - 333 sec ...
2017-12-29 17:04:30,248 INFO Training error = 0.030 Validation error = 0.054
2017-12-29 17:04:33,464 INFO EPOCH 72 - 336 sec ...
2017-12-29 17:04:33,465 INFO Training error = 0.030 Validation error = 0.054
2017-12-29 17:04:36,802 INFO EPOCH 73 - 340 sec ...
2017-12-29 17:04:36,802 INFO Training error = 0.029 Validation error = 0.052
2017-12-29 17:04:40,059 INFO EPOCH 74 - 343 sec ...
2017-12-29 17:04:40,059 INFO Training error = 0.029 Validation error = 0.054
2017-12-29 17:04:43,291 INFO EPOCH 75 - 346 sec ...
2017-12-29 17:04:43,291 INFO Training error = 0.027 Validation error = 0.053
2017-12-29 17:04:46,525 INFO EPOCH 76 - 349 sec ...
2017-12-29 17:04:46,526 INFO Training error = 0.029 Validation error = 0.051
2017-12-29 17:04:49,762 INFO EPOCH 77 - 353 sec ...
2017-12-29 17:04:49,763 INFO Training error = 0.027 Validation error = 0.053
2017-12-29 17:04:53,009 INFO EPOCH 78 - 356 sec ...
2017-12-29 17:04:53,009 INFO Training error = 0.025 Validation error = 0.050
2017-12-29 17:04:56,368 INFO EPOCH 79 - 359 sec ...
2017-12-29 17:04:56,369 INFO Training error = 0.024 Validation error = 0.050
2017-12-29 17:04:59,795 INFO EPOCH 80 - 363 sec ...
2017-12-29 17:04:59,795 INFO Training error = 0.025 Validation error = 0.054
2017-12-29 17:05:03,044 INFO EPOCH 81 - 366 sec ...
2017-12-29 17:05:03,044 INFO Training error = 0.026 Validation error = 0.049
2017-12-29 17:05:06,329 INFO EPOCH 82 - 369 sec ...
2017-12-29 17:05:06,329 INFO Training error = 0.024 Validation error = 0.051
2017-12-29 17:05:09,569 INFO EPOCH 83 - 372 sec ...
2017-12-29 17:05:09,570 INFO Training error = 0.022 Validation error = 0.049
2017-12-29 17:05:12,843 INFO EPOCH 84 - 376 sec ...
2017-12-29 17:05:12,843 INFO Training error = 0.022 Validation error = 0.047
2017-12-29 17:05:16,125 INFO EPOCH 85 - 379 sec ...
2017-12-29 17:05:16,126 INFO Training error = 0.020 Validation error = 0.046
2017-12-29 17:05:19,468 INFO EPOCH 86 - 382 sec ...
2017-12-29 17:05:19,468 INFO Training error = 0.020 Validation error = 0.047
2017-12-29 17:05:22,789 INFO EPOCH 87 - 386 sec ...
2017-12-29 17:05:22,789 INFO Training error = 0.021 Validation error = 0.045
2017-12-29 17:05:26,060 INFO EPOCH 88 - 389 sec ...
2017-12-29 17:05:26,061 INFO Training error = 0.020 Validation error = 0.046
2017-12-29 17:05:29,436 INFO EPOCH 89 - 392 sec ...
2017-12-29 17:05:29,436 INFO Training error = 0.020 Validation error = 0.045
2017-12-29 17:05:32,774 INFO EPOCH 90 - 396 sec ...
2017-12-29 17:05:32,775 INFO Training error = 0.021 Validation error = 0.048
2017-12-29 17:05:36,020 INFO EPOCH 91 - 399 sec ...
2017-12-29 17:05:36,020 INFO Training error = 0.019 Validation error = 0.046
2017-12-29 17:05:39,275 INFO EPOCH 92 - 402 sec ...
2017-12-29 17:05:39,275 INFO Training error = 0.018 Validation error = 0.044
2017-12-29 17:05:42,585 INFO EPOCH 93 - 405 sec ...
2017-12-29 17:05:42,585 INFO Training error = 0.018 Validation error = 0.046
2017-12-29 17:05:45,862 INFO EPOCH 94 - 409 sec ...
2017-12-29 17:05:45,863 INFO Training error = 0.017 Validation error = 0.043
2017-12-29 17:05:49,142 INFO EPOCH 95 - 412 sec ...
2017-12-29 17:05:49,142 INFO Training error = 0.018 Validation error = 0.043
2017-12-29 17:05:52,401 INFO EPOCH 96 - 415 sec ...
2017-12-29 17:05:52,402 INFO Training error = 0.016 Validation error = 0.044
2017-12-29 17:05:55,803 INFO EPOCH 97 - 419 sec ...
2017-12-29 17:05:55,804 INFO Training error = 0.016 Validation error = 0.041
2017-12-29 17:05:59,114 INFO EPOCH 98 - 422 sec ...
2017-12-29 17:05:59,115 INFO Training error = 0.017 Validation error = 0.042
2017-12-29 17:06:02,396 INFO EPOCH 99 - 425 sec ...
2017-12-29 17:06:02,397 INFO Training error = 0.018 Validation error = 0.043
2017-12-29 17:06:05,668 INFO EPOCH 100 - 428 sec ...
2017-12-29 17:06:05,668 INFO Training error = 0.014 Validation error = 0.040
2017-12-29 17:06:08,996 INFO EPOCH 101 - 432 sec ...
2017-12-29 17:06:08,997 INFO Training error = 0.015 Validation error = 0.040
2017-12-29 17:06:12,320 INFO EPOCH 102 - 435 sec ...
2017-12-29 17:06:12,320 INFO Training error = 0.013 Validation error = 0.037
2017-12-29 17:06:15,644 INFO EPOCH 103 - 438 sec ...
2017-12-29 17:06:15,644 INFO Training error = 0.015 Validation error = 0.043
2017-12-29 17:06:19,048 INFO EPOCH 104 - 442 sec ...
2017-12-29 17:06:19,048 INFO Training error = 0.013 Validation error = 0.039
2017-12-29 17:06:22,330 INFO EPOCH 105 - 445 sec ...
2017-12-29 17:06:22,330 INFO Training error = 0.012 Validation error = 0.039
2017-12-29 17:06:25,550 INFO EPOCH 106 - 448 sec ...
2017-12-29 17:06:25,551 INFO Training error = 0.011 Validation error = 0.037
2017-12-29 17:06:28,807 INFO EPOCH 107 - 452 sec ...
2017-12-29 17:06:28,808 INFO Training error = 0.012 Validation error = 0.037
2017-12-29 17:06:32,121 INFO EPOCH 108 - 455 sec ...
2017-12-29 17:06:32,121 INFO Training error = 0.013 Validation error = 0.037
2017-12-29 17:06:35,497 INFO EPOCH 109 - 458 sec ...
2017-12-29 17:06:35,498 INFO Training error = 0.012 Validation error = 0.038
2017-12-29 17:06:38,745 INFO EPOCH 110 - 462 sec ...
2017-12-29 17:06:38,745 INFO Training error = 0.011 Validation error = 0.037
2017-12-29 17:06:41,948 INFO EPOCH 111 - 465 sec ...
2017-12-29 17:06:41,948 INFO Training error = 0.011 Validation error = 0.039
2017-12-29 17:06:45,210 INFO EPOCH 112 - 468 sec ...
2017-12-29 17:06:45,210 INFO Training error = 0.011 Validation error = 0.038
2017-12-29 17:06:48,488 INFO EPOCH 113 - 471 sec ...
2017-12-29 17:06:48,488 INFO Training error = 0.010 Validation error = 0.036
2017-12-29 17:06:51,867 INFO EPOCH 114 - 475 sec ...
2017-12-29 17:06:51,868 INFO Training error = 0.010 Validation error = 0.038
2017-12-29 17:06:55,169 INFO EPOCH 115 - 478 sec ...
2017-12-29 17:06:55,170 INFO Training error = 0.010 Validation error = 0.037
2017-12-29 17:06:58,478 INFO EPOCH 116 - 481 sec ...
2017-12-29 17:06:58,479 INFO Training error = 0.011 Validation error = 0.038
2017-12-29 17:07:01,845 INFO EPOCH 117 - 485 sec ...
2017-12-29 17:07:01,846 INFO Training error = 0.011 Validation error = 0.038
2017-12-29 17:07:05,295 INFO EPOCH 118 - 488 sec ...
2017-12-29 17:07:05,296 INFO Training error = 0.009 Validation error = 0.034
2017-12-29 17:07:08,752 INFO EPOCH 119 - 492 sec ...
2017-12-29 17:07:08,752 INFO Training error = 0.010 Validation error = 0.037
2017-12-29 17:07:12,164 INFO EPOCH 120 - 495 sec ...
2017-12-29 17:07:12,164 INFO Training error = 0.009 Validation error = 0.036
2017-12-29 17:07:15,507 INFO EPOCH 121 - 498 sec ...
2017-12-29 17:07:15,508 INFO Training error = 0.010 Validation error = 0.039
2017-12-29 17:07:18,876 INFO EPOCH 122 - 502 sec ...
2017-12-29 17:07:18,876 INFO Training error = 0.008 Validation error = 0.033
2017-12-29 17:07:22,237 INFO EPOCH 123 - 505 sec ...
2017-12-29 17:07:22,238 INFO Training error = 0.008 Validation error = 0.036
2017-12-29 17:07:25,550 INFO EPOCH 124 - 508 sec ...
2017-12-29 17:07:25,550 INFO Training error = 0.009 Validation error = 0.033
2017-12-29 17:07:29,007 INFO EPOCH 125 - 512 sec ...
2017-12-29 17:07:29,007 INFO Training error = 0.008 Validation error = 0.036
2017-12-29 17:07:32,466 INFO EPOCH 126 - 515 sec ...
2017-12-29 17:07:32,467 INFO Training error = 0.009 Validation error = 0.033
2017-12-29 17:07:35,834 INFO EPOCH 127 - 519 sec ...
2017-12-29 17:07:35,834 INFO Training error = 0.007 Validation error = 0.033
2017-12-29 17:07:39,317 INFO EPOCH 128 - 522 sec ...
2017-12-29 17:07:39,317 INFO Training error = 0.007 Validation error = 0.035
2017-12-29 17:07:42,745 INFO EPOCH 129 - 526 sec ...
2017-12-29 17:07:42,746 INFO Training error = 0.007 Validation error = 0.033
2017-12-29 17:07:46,218 INFO EPOCH 130 - 529 sec ...
2017-12-29 17:07:46,219 INFO Training error = 0.008 Validation error = 0.033
2017-12-29 17:07:49,498 INFO EPOCH 131 - 532 sec ...
2017-12-29 17:07:49,499 INFO Training error = 0.007 Validation error = 0.032
2017-12-29 17:07:52,771 INFO EPOCH 132 - 536 sec ...
2017-12-29 17:07:52,772 INFO Training error = 0.007 Validation error = 0.034
2017-12-29 17:07:56,031 INFO EPOCH 133 - 539 sec ...
2017-12-29 17:07:56,031 INFO Training error = 0.006 Validation error = 0.033
2017-12-29 17:07:59,311 INFO EPOCH 134 - 542 sec ...
2017-12-29 17:07:59,312 INFO Training error = 0.007 Validation error = 0.034
2017-12-29 17:08:02,636 INFO EPOCH 135 - 545 sec ...
2017-12-29 17:08:02,637 INFO Training error = 0.006 Validation error = 0.033
2017-12-29 17:08:06,006 INFO EPOCH 136 - 549 sec ...
2017-12-29 17:08:06,006 INFO Training error = 0.006 Validation error = 0.034
2017-12-29 17:08:09,341 INFO EPOCH 137 - 552 sec ...
2017-12-29 17:08:09,342 INFO Training error = 0.005 Validation error = 0.032
2017-12-29 17:08:12,648 INFO EPOCH 138 - 555 sec ...
2017-12-29 17:08:12,648 INFO Training error = 0.006 Validation error = 0.034
2017-12-29 17:08:15,849 INFO EPOCH 139 - 559 sec ...
2017-12-29 17:08:15,850 INFO Training error = 0.005 Validation error = 0.031
2017-12-29 17:08:19,104 INFO EPOCH 140 - 562 sec ...
2017-12-29 17:08:19,104 INFO Training error = 0.005 Validation error = 0.030
2017-12-29 17:08:22,358 INFO EPOCH 141 - 565 sec ...
2017-12-29 17:08:22,358 INFO Training error = 0.008 Validation error = 0.035
2017-12-29 17:08:25,584 INFO EPOCH 142 - 568 sec ...
2017-12-29 17:08:25,584 INFO Training error = 0.006 Validation error = 0.035
2017-12-29 17:08:28,888 INFO EPOCH 143 - 572 sec ...
2017-12-29 17:08:28,888 INFO Training error = 0.005 Validation error = 0.034
2017-12-29 17:08:32,205 INFO EPOCH 144 - 575 sec ...
2017-12-29 17:08:32,205 INFO Training error = 0.006 Validation error = 0.032
2017-12-29 17:08:35,494 INFO EPOCH 145 - 578 sec ...
2017-12-29 17:08:35,495 INFO Training error = 0.005 Validation error = 0.030
2017-12-29 17:08:38,875 INFO EPOCH 146 - 582 sec ...
2017-12-29 17:08:38,875 INFO Training error = 0.006 Validation error = 0.034
2017-12-29 17:08:42,154 INFO EPOCH 147 - 585 sec ...
2017-12-29 17:08:42,154 INFO Training error = 0.004 Validation error = 0.032
2017-12-29 17:08:45,498 INFO EPOCH 148 - 588 sec ...
2017-12-29 17:08:45,499 INFO Training error = 0.004 Validation error = 0.030
2017-12-29 17:08:48,860 INFO EPOCH 149 - 592 sec ...
2017-12-29 17:08:48,860 INFO Training error = 0.005 Validation error = 0.031
2017-12-29 17:08:52,109 INFO EPOCH 150 - 595 sec ...
2017-12-29 17:08:52,109 INFO Training error = 0.006 Validation error = 0.035
2017-12-29 17:08:52,175 INFO Restoring parameters from ./models/lenet
