2018-02-17 14:05:03,361 INFO Number of training examples = 152100
2018-02-17 14:05:03,362 INFO Number of validation examples = 1290
2018-02-17 14:05:03,362 INFO Number of testing examples = 12569
2018-02-17 14:05:03,362 INFO Number of classes = 43

2018-02-17 14:24:10,509 INFO loss:
2018-02-17 14:24:10,509 INFO [2.8822829876598131, 1.0300237005263233, 0.54676646413495866, 0.37013882188480357, 0.27648868200420001, 0.21955088992208183, 0.18145376562758703, 0.15537024969258331, 0.13627748471451465, 0.12259292961205408, 0.11001693162692369, 0.098773273164253342, 0.092867554915452927, 0.084842562813025255, 0.078797851094827884, 0.073657109639818613, 0.069917759094913878, 0.064700555791888562, 0.062744702607452046, 0.057742849100310106, 0.054952817060185608, 0.054662988548075817, 0.050027532845167325, 0.049140191666052033, 0.045906418972623576, 0.044508055990695329, 0.043791610060368691, 0.042712526953706295, 0.039510988458687342, 0.037669445172020824, 0.037487982656417278, 0.036322013527194108, 0.035449562121493736, 0.034761351724544066, 0.032940109995420949, 0.03219156808225361, 0.031444987179956384, 0.03141492315053078, 0.029939099574347691, 0.029438697638603652]
2018-02-17 14:24:10,510 INFO val accuracy:
2018-02-17 14:24:10,510 INFO [0.56744186055752655, 0.8775193798449612, 0.94806201550387592, 0.95891472868217054, 0.96511627906976749, 0.96666666666666667, 0.96666666666666667, 0.97209302325581393, 0.96279069767441861, 0.975968992248062, 0.97906976744186047, 0.97364341085271322, 0.97441860465116281, 0.97906976744186047, 0.98604651162790702, 0.9751937984496124, 0.98372093023255813, 0.98217054263565895, 0.98294573643410854, 0.98449612403100772, 0.98527131782945732, 0.97829457364341088, 0.98372093023255813, 0.98294573643410854, 0.98449612403100772, 0.98604651162790702, 0.98372093023255813, 0.98527131782945732, 0.98139534883720925, 0.98372093023255813, 0.98682170542635661, 0.98294573643410854, 0.98527131782945732, 0.98062015503875966, 0.98527131782945732, 0.98449612403100772, 0.98527131782945732, 0.98217054263565895, 0.98604651162790702, 0.98372093023255813]
2018-02-17 14:24:10,510 INFO accuracy:
2018-02-17 14:24:10,511 INFO [0.22439842209464855, 0.6946351084734248, 0.83760026297704082, 0.89060486521868232, 0.91806048652359251, 0.93424720579350484, 0.9464036817992697, 0.95362261670110726, 0.95928994082526731, 0.9631755424031766, 0.9665680473451157, 0.97016436554898089, 0.97205785668421385, 0.97404996713159275, 0.9759303090072321, 0.97763313610251212, 0.97902038133591118, 0.98001314924391847, 0.98079552926804026, 0.98294543064871087, 0.98302432611222179, 0.98316239316239318, 0.98468770546790885, 0.98481262327416175, 0.98589743589743595, 0.98648257726278066, 0.98641025641025637, 0.98665351743372076, 0.98808678501769953, 0.98839579223881102, 0.98865877712031558, 0.98873109797283976, 0.98911900065746217, 0.98934253780407622, 0.98998027613412232, 0.98994740303529871, 0.9905391190006575, 0.99057856673241285, 0.99088757397546967, 0.99094674556213014]
2018-02-17 14:24:10,612 INFO Saving...
2018-02-17 14:24:10,642 INFO Saved model to disk
2018-02-17 14:24:10,815 INFO Loaded model from disk

2018-02-17 14:24:10,815 INFO Testing: 
2018-02-17 14:24:12,351 INFO 
Test accuracy : 0.992600843345
2018-02-17 14:26:42,008 INFO Number of training examples = 126750
2018-02-17 14:26:42,009 INFO Number of validation examples = 1290
2018-02-17 14:26:42,009 INFO Number of testing examples = 12569
2018-02-17 14:26:42,010 INFO Number of classes = 43

2018-02-17 14:42:21,684 INFO loss:
2018-02-17 14:42:21,685 INFO [2.9029317247966335, 1.274788859045717, 0.77610164542169968, 0.54423948661533328, 0.4105388007982243, 0.32346475749749404, 0.26861209710250944, 0.22645239936999786, 0.19777845429451274, 0.17242940971437526, 0.1531028563654164, 0.13868754193233784, 0.12329688709703893, 0.11459915354442314, 0.10531216011659281, 0.098094062099560245, 0.092117388614947504, 0.086788843412371072, 0.08120591523320482, 0.076449116710610179, 0.071955417080258835, 0.068297316324193572, 0.065098775794049921, 0.064519821845979611, 0.060019300250964761, 0.057410681950828497, 0.054848150584354438, 0.053101392279715227, 0.050045518894343687, 0.050148454276062328, 0.049008438234968768, 0.046358943775737071, 0.044675080709997012, 0.043620739718307641, 0.041137355181298546, 0.040859914132888031, 0.038791869502918727, 0.039495491393924463, 0.037999524600965499, 0.036389395014509648]
2018-02-17 14:42:21,686 INFO val accuracy:
2018-02-17 14:42:21,686 INFO [0.55658914728682174, 0.83100775175316388, 0.92248062015503873, 0.92558139534883721, 0.94806201550387592, 0.96124031007751942, 0.95891472868217054, 0.95968992248062013, 0.95813953488372094, 0.95891472868217054, 0.96899224806201545, 0.96279069767441861, 0.96744186046511627, 0.96511627906976749, 0.96279069767441861, 0.96976744186046515, 0.96899224806201545, 0.97364341085271322, 0.975968992248062, 0.97054263565891474, 0.97054263565891474, 0.975968992248062, 0.9751937984496124, 0.97751937984496129, 0.975968992248062, 0.975968992248062, 0.97751937984496129, 0.9751937984496124, 0.97906976744186047, 0.97364341085271322, 0.97751937984496129, 0.97984496124031006, 0.97906976744186047, 0.98062015503875966, 0.98062015503875966, 0.97286821705426352, 0.98294573643410854, 0.98139534883720925, 0.98139534883720925, 0.97984496124031006]
2018-02-17 14:42:21,686 INFO accuracy:
2018-02-17 14:42:21,687 INFO [0.22476528600263879, 0.6249625246717615, 0.76737672584672889, 0.83510059173196494, 0.87650493097587445, 0.9024536489302355, 0.91947928994835249, 0.93135305722178319, 0.93981065088757398, 0.94780276135627095, 0.95368836292665615, 0.95783037475345167, 0.96254043392504929, 0.96489940829154774, 0.96805522682445755, 0.97065877712783966, 0.97187376725838259, 0.97373570020476274, 0.97505325443786983, 0.97682840238943602, 0.97860355029585799, 0.97884812624026563, 0.97984220908050235, 0.98018934911242606, 0.98134911242603551, 0.98257988165680477, 0.98321104537993964, 0.98397633136094675, 0.98453648915187375, 0.98459171598385542, 0.9852702169625247, 0.986043392504931, 0.98601183431952666, 0.98622485207100596, 0.98765285996807628, 0.98771597633136099, 0.98854437870574896, 0.98792899409036428, 0.98811834319526626, 0.98881262327416175]
2018-02-17 14:42:21,787 INFO Saving...
2018-02-17 14:42:21,832 INFO Saved model to disk
2018-02-17 14:42:22,032 INFO Loaded model from disk

2018-02-17 14:42:22,032 INFO Testing: 
2018-02-17 14:42:23,562 INFO 
Test accuracy : 0.990850505211
2018-02-17 14:42:51,816 INFO Number of training examples = 25350
2018-02-17 14:42:51,817 INFO Number of validation examples = 1290
2018-02-17 14:42:51,818 INFO Number of testing examples = 12569
2018-02-17 14:42:51,818 INFO Number of classes = 43

2018-02-17 14:46:03,280 INFO loss:
2018-02-17 14:46:03,280 INFO [3.6095473218387402, 2.3907814760838271, 1.1591796463998347, 0.75033188585698962, 0.54395470506869825, 0.42033624985367352, 0.34280709693888001, 0.29201484754475854, 0.24874302324987727, 0.20867592621807751, 0.18145060580804268, 0.16369908181990864, 0.1469806167595015, 0.14134093190908903, 0.12037785298960683, 0.11189054365370871, 0.10169394495967717, 0.094722183274097843, 0.087230206975158625, 0.079506405359189181, 0.076189522661224626, 0.072130847428089534, 0.066066104667867429, 0.061962955211540889, 0.056829602787127863, 0.05404687318561463, 0.054151449226737536, 0.049757126526194358, 0.04864323337843432, 0.043780306209855999, 0.045621086809879696, 0.041160621359150794, 0.041417185648011973, 0.036145371419820327, 0.035437460243701938, 0.033863454047494974, 0.033774093059745769, 0.033834787767079218, 0.033880679563121387, 0.030846328131075677]
2018-02-17 14:46:03,281 INFO val accuracy:
2018-02-17 14:46:03,281 INFO [0.10387596899224806, 0.44418604651162791, 0.66434108528286917, 0.78062015540840091, 0.83565891454386154, 0.8658914728682171, 0.89302325581395348, 0.90697674418604646, 0.91860465116279066, 0.91937984496124026, 0.92015503875968996, 0.93488372093023253, 0.93333333333333335, 0.93410852713178294, 0.94186046511627908, 0.92868217054263569, 0.94806201550387592, 0.95193798449612399, 0.94496124031007755, 0.95891472868217054, 0.95271317829457369, 0.94341085271317826, 0.94573643410852715, 0.95503875968992247, 0.95503875968992247, 0.95891472868217054, 0.94573643410852715, 0.95503875968992247, 0.94961240310077522, 0.95503875968992247, 0.94496124031007755, 0.95503875968992247, 0.96666666666666667, 0.95503875968992247, 0.96201550387596901, 0.95813953488372094, 0.96821705426356586, 0.95968992248062013, 0.96666666666666667, 0.96124031007751942]
2018-02-17 14:46:03,282 INFO accuracy:
2018-02-17 14:46:03,283 INFO [0.054832347141215085, 0.38035502958579881, 0.67570019723865882, 0.7891518737766634, 0.85116370808678499, 0.88473372781065085, 0.90654832347140035, 0.92343195266742439, 0.93317554240631162, 0.94568047337278105, 0.95479289940828405, 0.95917159764254112, 0.96173570020664378, 0.96422090729783039, 0.97065088758336959, 0.97297830374753447, 0.97479289940828406, 0.97577909270216967, 0.97830374753451677, 0.98090729783037478, 0.98232741617357, 0.98287968441814599, 0.98398422090729787, 0.98493096646942802, 0.98627218934911243, 0.98706114398422096, 0.98706114398422096, 0.98777120315581857, 0.9882840236686391, 0.99009861932938859, 0.98954635108481259, 0.99021696252465485, 0.98998027613412232, 0.99187376725838261, 0.99274161735700195, 0.99329388560157794, 0.99211045364891515, 0.99226824458534191, 0.99222879684418142, 0.99333333334273843]
2018-02-17 14:46:03,383 INFO Saving...
2018-02-17 14:46:03,440 INFO Saved model to disk
2018-02-17 14:46:03,743 INFO Loaded model from disk

2018-02-17 14:46:03,743 INFO Testing: 
2018-02-17 14:46:05,327 INFO 
Test accuracy : 0.970005569258
2018-02-17 14:46:53,281 INFO Number of training examples = 152100
2018-02-17 14:46:53,282 INFO Number of validation examples = 1290
2018-02-17 14:46:53,283 INFO Number of testing examples = 12569
2018-02-17 14:46:53,284 INFO Number of classes = 43

2018-02-17 15:47:51,641 INFO loss:
2018-02-17 15:47:51,642 INFO [2.9969125136539074, 1.2182140941340855, 0.71902093060936767, 0.49276754644495496, 0.36031453617774367, 0.27730569137153777, 0.22431490930775763, 0.18266525376007636, 0.15598564441818535, 0.13423793466564546, 0.11709113193863242, 0.10451405933583589, 0.091420067047931736, 0.084638668058891975, 0.07758817863975756, 0.072273568212300202, 0.06572793612916715, 0.060242800337656166, 0.056954714511322162, 0.053180733926589362, 0.050082678011594675, 0.046907463639602312, 0.044623695665053205, 0.04168006377224856, 0.039327850004732802, 0.037924463684712875, 0.036450479176779627, 0.034636336181858976, 0.033593151729595573, 0.030746647894656792, 0.030139861335729313, 0.030311503331767815, 0.028516004439210672, 0.027712093244927013, 0.025835079987883019, 0.025689625459074737, 0.025089283241540743, 0.02384882183518949, 0.023013592998483105, 0.022888567046771151]
2018-02-17 15:47:51,643 INFO val accuracy:
2018-02-17 15:47:51,643 INFO [0.5, 0.79612403100775198, 0.90775193798449616, 0.93798449612403101, 0.9635658914728682, 0.96976744186046515, 0.97906976744186047, 0.97751937984496129, 0.98449612403100772, 0.98527131782945732, 0.98139534883720925, 0.97906976744186047, 0.98217054263565895, 0.97906976744186047, 0.98372093023255813, 0.98682170542635661, 0.97829457364341088, 0.9875968992248062, 0.98217054263565895, 0.97984496124031006, 0.97829457364341088, 0.98682170542635661, 0.98527131782945732, 0.99069767441860468, 0.98837209302325579, 0.98449612403100772, 0.98294573643410854, 0.98992248062015509, 0.9875968992248062, 0.99069767441860468, 0.99147286821705427, 0.98914728682170538, 0.98604651162790702, 0.98527131782945732, 0.98992248062015509, 0.98914728682170538, 0.98837209302325579, 0.98527131782945732, 0.98837209302325579, 0.98914728682170538]
2018-02-17 15:47:51,644 INFO accuracy:
2018-02-17 15:47:51,644 INFO [0.19617357002834518, 0.65451019067500937, 0.79367521367678118, 0.85965154503145791, 0.89884286654301182, 0.92307034845339631, 0.9382511505666804, 0.94996055227608212, 0.95747534516765287, 0.96313609468239381, 0.96819855359414153, 0.97109796187503017, 0.97506903353057195, 0.97698224852071003, 0.97928336620644318, 0.98047994740302435, 0.98182774491564062, 0.98408941486961821, 0.98456936226166991, 0.98554898093359633, 0.98656147271531891, 0.98720578567516171, 0.98811965811965807, 0.98886259040888946, 0.98948717948717946, 0.99005917159763313, 0.99033530573089368, 0.99063116370808679, 0.99096646942800792, 0.9919921104614865, 0.99193951347484, 0.99190006575719214, 0.99239316239316244, 0.99268244575936881, 0.99322156476002632, 0.99320184089414854, 0.99349769888231432, 0.99381985535831685, 0.99413543721236031, 0.99401051939513474]
2018-02-17 15:47:51,746 INFO Saving...
2018-02-17 15:47:51,817 INFO Saved model to disk
2018-02-17 15:47:52,175 INFO Loaded model from disk

2018-02-17 15:47:52,176 INFO Testing: 
2018-02-17 15:47:55,500 INFO 
Test accuracy : 0.992362160872
