2017-12-30 16:03:41,725 INFO image size = 32
2017-12-30 16:03:44,287 INFO Dataset dimension on /datasets/GTSRB/Images/ = 39209
2017-12-30 16:03:46,750 INFO Dataset dimension on /datasets/GTSRB/Final_Test/Images/ = 12630
2017-12-30 16:03:46,751 INFO Final dimension = 51839
2017-12-30 16:03:47,663 INFO 	Number of training examples = 36287
2017-12-30 16:03:47,663 INFO 	Number of validation examples = 3111
2017-12-30 16:03:47,663 INFO 	Number of testing examples = 12441
2017-12-30 16:03:47,663 INFO Number of classes = 43
2017-12-30 16:04:02,538 INFO used net = LeNet
2017-12-30 16:04:03,290 INFO Training... dropout = 0.3 , batch_size = 128 , learning rate = 0.0001
2017-12-30 16:04:08,325 INFO EPOCH 1 - 5 sec ...
2017-12-30 16:04:08,326 INFO Training error = 0.917 Validation error = 0.922
2017-12-30 16:04:11,695 INFO EPOCH 2 - 8 sec ...
2017-12-30 16:04:11,696 INFO Training error = 0.826 Validation error = 0.824
2017-12-30 16:04:15,041 INFO EPOCH 3 - 12 sec ...
2017-12-30 16:04:15,041 INFO Training error = 0.732 Validation error = 0.732
2017-12-30 16:04:18,403 INFO EPOCH 4 - 15 sec ...
2017-12-30 16:04:18,404 INFO Training error = 0.653 Validation error = 0.654
2017-12-30 16:04:21,760 INFO EPOCH 5 - 18 sec ...
2017-12-30 16:04:21,761 INFO Training error = 0.573 Validation error = 0.570
2017-12-30 16:04:25,121 INFO EPOCH 6 - 22 sec ...
2017-12-30 16:04:25,122 INFO Training error = 0.510 Validation error = 0.509
2017-12-30 16:04:28,436 INFO EPOCH 7 - 25 sec ...
2017-12-30 16:04:28,436 INFO Training error = 0.463 Validation error = 0.460
2017-12-30 16:04:31,842 INFO EPOCH 8 - 28 sec ...
2017-12-30 16:04:31,842 INFO Training error = 0.420 Validation error = 0.418
2017-12-30 16:04:35,210 INFO EPOCH 9 - 32 sec ...
2017-12-30 16:04:35,210 INFO Training error = 0.384 Validation error = 0.383
2017-12-30 16:04:38,611 INFO EPOCH 10 - 35 sec ...
2017-12-30 16:04:38,611 INFO Training error = 0.360 Validation error = 0.363
2017-12-30 16:04:42,025 INFO EPOCH 11 - 39 sec ...
2017-12-30 16:04:42,026 INFO Training error = 0.325 Validation error = 0.329
2017-12-30 16:04:45,404 INFO EPOCH 12 - 42 sec ...
2017-12-30 16:04:45,405 INFO Training error = 0.303 Validation error = 0.303
2017-12-30 16:04:48,747 INFO EPOCH 13 - 45 sec ...
2017-12-30 16:04:48,747 INFO Training error = 0.283 Validation error = 0.292
2017-12-30 16:04:52,161 INFO EPOCH 14 - 49 sec ...
2017-12-30 16:04:52,161 INFO Training error = 0.269 Validation error = 0.271
2017-12-30 16:04:55,497 INFO EPOCH 15 - 52 sec ...
2017-12-30 16:04:55,498 INFO Training error = 0.250 Validation error = 0.254
2017-12-30 16:04:58,861 INFO EPOCH 16 - 56 sec ...
2017-12-30 16:04:58,861 INFO Training error = 0.229 Validation error = 0.238
2017-12-30 16:05:02,264 INFO EPOCH 17 - 59 sec ...
2017-12-30 16:05:02,264 INFO Training error = 0.216 Validation error = 0.227
2017-12-30 16:05:05,609 INFO EPOCH 18 - 62 sec ...
2017-12-30 16:05:05,609 INFO Training error = 0.206 Validation error = 0.215
2017-12-30 16:05:08,964 INFO EPOCH 19 - 66 sec ...
2017-12-30 16:05:08,964 INFO Training error = 0.193 Validation error = 0.202
2017-12-30 16:05:12,356 INFO EPOCH 20 - 69 sec ...
2017-12-30 16:05:12,356 INFO Training error = 0.183 Validation error = 0.192
2017-12-30 16:05:15,799 INFO EPOCH 21 - 72 sec ...
2017-12-30 16:05:15,799 INFO Training error = 0.177 Validation error = 0.188
2017-12-30 16:05:19,206 INFO EPOCH 22 - 76 sec ...
2017-12-30 16:05:19,206 INFO Training error = 0.166 Validation error = 0.181
2017-12-30 16:05:22,631 INFO EPOCH 23 - 79 sec ...
2017-12-30 16:05:22,632 INFO Training error = 0.160 Validation error = 0.175
2017-12-30 16:05:26,039 INFO EPOCH 24 - 83 sec ...
2017-12-30 16:05:26,040 INFO Training error = 0.151 Validation error = 0.169
2017-12-30 16:05:29,361 INFO EPOCH 25 - 86 sec ...
2017-12-30 16:05:29,361 INFO Training error = 0.143 Validation error = 0.162
2017-12-30 16:05:32,767 INFO EPOCH 26 - 89 sec ...
2017-12-30 16:05:32,767 INFO Training error = 0.138 Validation error = 0.158
2017-12-30 16:05:36,113 INFO EPOCH 27 - 93 sec ...
2017-12-30 16:05:36,113 INFO Training error = 0.135 Validation error = 0.158
2017-12-30 16:05:39,558 INFO EPOCH 28 - 96 sec ...
2017-12-30 16:05:39,559 INFO Training error = 0.130 Validation error = 0.150
2017-12-30 16:05:42,997 INFO EPOCH 29 - 100 sec ...
2017-12-30 16:05:42,998 INFO Training error = 0.123 Validation error = 0.145
2017-12-30 16:05:46,368 INFO EPOCH 30 - 103 sec ...
2017-12-30 16:05:46,368 INFO Training error = 0.121 Validation error = 0.139
2017-12-30 16:05:49,779 INFO EPOCH 31 - 106 sec ...
2017-12-30 16:05:49,779 INFO Training error = 0.114 Validation error = 0.132
2017-12-30 16:05:53,188 INFO EPOCH 32 - 110 sec ...
2017-12-30 16:05:53,189 INFO Training error = 0.108 Validation error = 0.130
2017-12-30 16:05:56,579 INFO EPOCH 33 - 113 sec ...
2017-12-30 16:05:56,580 INFO Training error = 0.106 Validation error = 0.131
2017-12-30 16:05:59,914 INFO EPOCH 34 - 117 sec ...
2017-12-30 16:05:59,914 INFO Training error = 0.099 Validation error = 0.127
2017-12-30 16:06:03,305 INFO EPOCH 35 - 120 sec ...
2017-12-30 16:06:03,305 INFO Training error = 0.098 Validation error = 0.123
2017-12-30 16:06:06,704 INFO EPOCH 36 - 123 sec ...
2017-12-30 16:06:06,704 INFO Training error = 0.094 Validation error = 0.122
2017-12-30 16:06:10,189 INFO EPOCH 37 - 127 sec ...
2017-12-30 16:06:10,189 INFO Training error = 0.090 Validation error = 0.119
2017-12-30 16:06:13,748 INFO EPOCH 38 - 130 sec ...
2017-12-30 16:06:13,749 INFO Training error = 0.089 Validation error = 0.115
2017-12-30 16:06:17,103 INFO EPOCH 39 - 134 sec ...
2017-12-30 16:06:17,104 INFO Training error = 0.083 Validation error = 0.105
2017-12-30 16:06:20,569 INFO EPOCH 40 - 137 sec ...
2017-12-30 16:06:20,570 INFO Training error = 0.081 Validation error = 0.105
2017-12-30 16:06:23,987 INFO EPOCH 41 - 141 sec ...
2017-12-30 16:06:23,987 INFO Training error = 0.078 Validation error = 0.105
2017-12-30 16:06:27,470 INFO EPOCH 42 - 144 sec ...
2017-12-30 16:06:27,470 INFO Training error = 0.076 Validation error = 0.101
2017-12-30 16:06:30,877 INFO EPOCH 43 - 148 sec ...
2017-12-30 16:06:30,877 INFO Training error = 0.072 Validation error = 0.101
2017-12-30 16:06:34,359 INFO EPOCH 44 - 151 sec ...
2017-12-30 16:06:34,359 INFO Training error = 0.071 Validation error = 0.096
2017-12-30 16:06:37,708 INFO EPOCH 45 - 154 sec ...
2017-12-30 16:06:37,708 INFO Training error = 0.071 Validation error = 0.097
2017-12-30 16:06:41,092 INFO EPOCH 46 - 158 sec ...
2017-12-30 16:06:41,092 INFO Training error = 0.068 Validation error = 0.094
2017-12-30 16:06:44,481 INFO EPOCH 47 - 161 sec ...
2017-12-30 16:06:44,482 INFO Training error = 0.064 Validation error = 0.090
2017-12-30 16:06:47,852 INFO EPOCH 48 - 165 sec ...
2017-12-30 16:06:47,853 INFO Training error = 0.064 Validation error = 0.093
2017-12-30 16:06:51,247 INFO EPOCH 49 - 168 sec ...
2017-12-30 16:06:51,248 INFO Training error = 0.062 Validation error = 0.090
2017-12-30 16:06:54,677 INFO EPOCH 50 - 171 sec ...
2017-12-30 16:06:54,678 INFO Training error = 0.059 Validation error = 0.087
2017-12-30 16:06:58,084 INFO EPOCH 51 - 175 sec ...
2017-12-30 16:06:58,084 INFO Training error = 0.058 Validation error = 0.087
2017-12-30 16:07:01,545 INFO EPOCH 52 - 178 sec ...
2017-12-30 16:07:01,546 INFO Training error = 0.056 Validation error = 0.085
2017-12-30 16:07:04,989 INFO EPOCH 53 - 182 sec ...
2017-12-30 16:07:04,990 INFO Training error = 0.055 Validation error = 0.087
2017-12-30 16:07:08,389 INFO EPOCH 54 - 185 sec ...
2017-12-30 16:07:08,389 INFO Training error = 0.052 Validation error = 0.083
2017-12-30 16:07:11,774 INFO EPOCH 55 - 188 sec ...
2017-12-30 16:07:11,774 INFO Training error = 0.051 Validation error = 0.079
2017-12-30 16:07:15,199 INFO EPOCH 56 - 192 sec ...
2017-12-30 16:07:15,200 INFO Training error = 0.051 Validation error = 0.083
2017-12-30 16:07:18,763 INFO EPOCH 57 - 195 sec ...
2017-12-30 16:07:18,764 INFO Training error = 0.050 Validation error = 0.078
2017-12-30 16:07:22,218 INFO EPOCH 58 - 199 sec ...
2017-12-30 16:07:22,219 INFO Training error = 0.048 Validation error = 0.079
2017-12-30 16:07:25,661 INFO EPOCH 59 - 202 sec ...
2017-12-30 16:07:25,661 INFO Training error = 0.046 Validation error = 0.077
2017-12-30 16:07:29,097 INFO EPOCH 60 - 206 sec ...
2017-12-30 16:07:29,098 INFO Training error = 0.045 Validation error = 0.076
2017-12-30 16:07:32,584 INFO EPOCH 61 - 209 sec ...
2017-12-30 16:07:32,585 INFO Training error = 0.043 Validation error = 0.074
2017-12-30 16:07:36,019 INFO EPOCH 62 - 213 sec ...
2017-12-30 16:07:36,019 INFO Training error = 0.043 Validation error = 0.073
2017-12-30 16:07:39,382 INFO EPOCH 63 - 216 sec ...
2017-12-30 16:07:39,383 INFO Training error = 0.042 Validation error = 0.075
2017-12-30 16:07:42,766 INFO EPOCH 64 - 219 sec ...
2017-12-30 16:07:42,767 INFO Training error = 0.041 Validation error = 0.071
2017-12-30 16:07:46,133 INFO EPOCH 65 - 223 sec ...
2017-12-30 16:07:46,133 INFO Training error = 0.040 Validation error = 0.071
2017-12-30 16:07:49,517 INFO EPOCH 66 - 226 sec ...
2017-12-30 16:07:49,518 INFO Training error = 0.038 Validation error = 0.069
2017-12-30 16:07:52,869 INFO EPOCH 67 - 230 sec ...
2017-12-30 16:07:52,870 INFO Training error = 0.037 Validation error = 0.068
2017-12-30 16:07:56,336 INFO EPOCH 68 - 233 sec ...
2017-12-30 16:07:56,336 INFO Training error = 0.037 Validation error = 0.065
2017-12-30 16:07:59,749 INFO EPOCH 69 - 236 sec ...
2017-12-30 16:07:59,750 INFO Training error = 0.035 Validation error = 0.069
2017-12-30 16:08:03,117 INFO EPOCH 70 - 240 sec ...
2017-12-30 16:08:03,117 INFO Training error = 0.035 Validation error = 0.065
2017-12-30 16:08:06,538 INFO EPOCH 71 - 243 sec ...
2017-12-30 16:08:06,539 INFO Training error = 0.034 Validation error = 0.065
2017-12-30 16:08:09,934 INFO EPOCH 72 - 247 sec ...
2017-12-30 16:08:09,935 INFO Training error = 0.033 Validation error = 0.061
2017-12-30 16:08:13,325 INFO EPOCH 73 - 250 sec ...
2017-12-30 16:08:13,325 INFO Training error = 0.033 Validation error = 0.062
2017-12-30 16:08:16,738 INFO EPOCH 74 - 253 sec ...
2017-12-30 16:08:16,739 INFO Training error = 0.033 Validation error = 0.061
2017-12-30 16:08:20,119 INFO EPOCH 75 - 257 sec ...
2017-12-30 16:08:20,119 INFO Training error = 0.031 Validation error = 0.060
2017-12-30 16:08:23,562 INFO EPOCH 76 - 260 sec ...
2017-12-30 16:08:23,562 INFO Training error = 0.031 Validation error = 0.061
2017-12-30 16:08:26,955 INFO EPOCH 77 - 264 sec ...
2017-12-30 16:08:26,956 INFO Training error = 0.030 Validation error = 0.060
2017-12-30 16:08:30,385 INFO EPOCH 78 - 267 sec ...
2017-12-30 16:08:30,385 INFO Training error = 0.029 Validation error = 0.059
2017-12-30 16:08:33,980 INFO EPOCH 79 - 271 sec ...
2017-12-30 16:08:33,981 INFO Training error = 0.027 Validation error = 0.055
2017-12-30 16:08:37,143 INFO EPOCH 80 - 274 sec ...
2017-12-30 16:08:37,143 INFO Training error = 0.029 Validation error = 0.058
2017-12-30 16:08:40,479 INFO EPOCH 81 - 277 sec ...
2017-12-30 16:08:40,479 INFO Training error = 0.026 Validation error = 0.053
2017-12-30 16:08:43,905 INFO EPOCH 82 - 281 sec ...
2017-12-30 16:08:43,906 INFO Training error = 0.026 Validation error = 0.053
2017-12-30 16:08:47,351 INFO EPOCH 83 - 284 sec ...
2017-12-30 16:08:47,351 INFO Training error = 0.026 Validation error = 0.055
2017-12-30 16:08:50,772 INFO EPOCH 84 - 287 sec ...
2017-12-30 16:08:50,773 INFO Training error = 0.024 Validation error = 0.051
2017-12-30 16:08:54,134 INFO EPOCH 85 - 291 sec ...
2017-12-30 16:08:54,134 INFO Training error = 0.023 Validation error = 0.052
2017-12-30 16:08:57,552 INFO EPOCH 86 - 294 sec ...
2017-12-30 16:08:57,553 INFO Training error = 0.025 Validation error = 0.054
2017-12-30 16:09:00,919 INFO EPOCH 87 - 298 sec ...
2017-12-30 16:09:00,919 INFO Training error = 0.022 Validation error = 0.048
2017-12-30 16:09:04,293 INFO EPOCH 88 - 301 sec ...
2017-12-30 16:09:04,294 INFO Training error = 0.022 Validation error = 0.050
2017-12-30 16:09:07,708 INFO EPOCH 89 - 304 sec ...
2017-12-30 16:09:07,709 INFO Training error = 0.022 Validation error = 0.050
2017-12-30 16:09:11,096 INFO EPOCH 90 - 308 sec ...
2017-12-30 16:09:11,097 INFO Training error = 0.022 Validation error = 0.050
2017-12-30 16:09:14,494 INFO EPOCH 91 - 311 sec ...
2017-12-30 16:09:14,495 INFO Training error = 0.021 Validation error = 0.048
2017-12-30 16:09:17,916 INFO EPOCH 92 - 315 sec ...
2017-12-30 16:09:17,916 INFO Training error = 0.020 Validation error = 0.051
2017-12-30 16:09:21,313 INFO EPOCH 93 - 318 sec ...
2017-12-30 16:09:21,314 INFO Training error = 0.019 Validation error = 0.044
2017-12-30 16:09:24,667 INFO EPOCH 94 - 321 sec ...
2017-12-30 16:09:24,667 INFO Training error = 0.019 Validation error = 0.048
2017-12-30 16:09:28,053 INFO EPOCH 95 - 325 sec ...
2017-12-30 16:09:28,053 INFO Training error = 0.018 Validation error = 0.047
2017-12-30 16:09:31,392 INFO EPOCH 96 - 328 sec ...
2017-12-30 16:09:31,393 INFO Training error = 0.018 Validation error = 0.046
2017-12-30 16:09:34,762 INFO EPOCH 97 - 331 sec ...
2017-12-30 16:09:34,763 INFO Training error = 0.018 Validation error = 0.048
2017-12-30 16:09:38,156 INFO EPOCH 98 - 335 sec ...
2017-12-30 16:09:38,157 INFO Training error = 0.017 Validation error = 0.050
2017-12-30 16:09:41,530 INFO EPOCH 99 - 338 sec ...
2017-12-30 16:09:41,530 INFO Training error = 0.017 Validation error = 0.046
2017-12-30 16:09:44,900 INFO EPOCH 100 - 342 sec ...
2017-12-30 16:09:44,900 INFO Training error = 0.017 Validation error = 0.049
2017-12-30 16:09:48,293 INFO EPOCH 101 - 345 sec ...
2017-12-30 16:09:48,294 INFO Training error = 0.017 Validation error = 0.045
2017-12-30 16:09:51,643 INFO EPOCH 102 - 348 sec ...
2017-12-30 16:09:51,643 INFO Training error = 0.016 Validation error = 0.047
2017-12-30 16:09:55,027 INFO EPOCH 103 - 352 sec ...
2017-12-30 16:09:55,027 INFO Training error = 0.015 Validation error = 0.043
2017-12-30 16:09:58,430 INFO EPOCH 104 - 355 sec ...
2017-12-30 16:09:58,431 INFO Training error = 0.014 Validation error = 0.043
2017-12-30 16:10:01,767 INFO EPOCH 105 - 358 sec ...
2017-12-30 16:10:01,767 INFO Training error = 0.015 Validation error = 0.046
2017-12-30 16:10:05,081 INFO EPOCH 106 - 362 sec ...
2017-12-30 16:10:05,081 INFO Training error = 0.014 Validation error = 0.042
2017-12-30 16:10:08,496 INFO EPOCH 107 - 365 sec ...
2017-12-30 16:10:08,496 INFO Training error = 0.014 Validation error = 0.044
2017-12-30 16:10:11,876 INFO EPOCH 108 - 369 sec ...
2017-12-30 16:10:11,876 INFO Training error = 0.015 Validation error = 0.047
2017-12-30 16:10:15,235 INFO EPOCH 109 - 372 sec ...
2017-12-30 16:10:15,236 INFO Training error = 0.014 Validation error = 0.043
2017-12-30 16:10:18,637 INFO EPOCH 110 - 375 sec ...
2017-12-30 16:10:18,638 INFO Training error = 0.012 Validation error = 0.043
2017-12-30 16:10:22,002 INFO EPOCH 111 - 379 sec ...
2017-12-30 16:10:22,002 INFO Training error = 0.012 Validation error = 0.044
2017-12-30 16:10:25,367 INFO EPOCH 112 - 382 sec ...
2017-12-30 16:10:25,367 INFO Training error = 0.012 Validation error = 0.044
2017-12-30 16:10:28,766 INFO EPOCH 113 - 385 sec ...
2017-12-30 16:10:28,767 INFO Training error = 0.013 Validation error = 0.044
2017-12-30 16:10:32,163 INFO EPOCH 114 - 389 sec ...
2017-12-30 16:10:32,163 INFO Training error = 0.011 Validation error = 0.043
2017-12-30 16:10:35,534 INFO EPOCH 115 - 392 sec ...
2017-12-30 16:10:35,534 INFO Training error = 0.011 Validation error = 0.044
2017-12-30 16:10:38,922 INFO EPOCH 116 - 396 sec ...
2017-12-30 16:10:38,922 INFO Training error = 0.012 Validation error = 0.041
2017-12-30 16:10:42,289 INFO EPOCH 117 - 399 sec ...
2017-12-30 16:10:42,290 INFO Training error = 0.010 Validation error = 0.042
2017-12-30 16:10:45,662 INFO EPOCH 118 - 402 sec ...
2017-12-30 16:10:45,663 INFO Training error = 0.013 Validation error = 0.045
2017-12-30 16:10:49,044 INFO EPOCH 119 - 406 sec ...
2017-12-30 16:10:49,044 INFO Training error = 0.011 Validation error = 0.042
2017-12-30 16:10:52,418 INFO EPOCH 120 - 409 sec ...
2017-12-30 16:10:52,419 INFO Training error = 0.010 Validation error = 0.043
2017-12-30 16:10:55,759 INFO EPOCH 121 - 412 sec ...
2017-12-30 16:10:55,759 INFO Training error = 0.010 Validation error = 0.044
2017-12-30 16:10:59,182 INFO EPOCH 122 - 416 sec ...
2017-12-30 16:10:59,183 INFO Training error = 0.009 Validation error = 0.042
2017-12-30 16:11:02,580 INFO EPOCH 123 - 419 sec ...
2017-12-30 16:11:02,580 INFO Training error = 0.010 Validation error = 0.041
2017-12-30 16:11:05,985 INFO EPOCH 124 - 423 sec ...
2017-12-30 16:11:05,986 INFO Training error = 0.011 Validation error = 0.043
2017-12-30 16:11:09,412 INFO EPOCH 125 - 426 sec ...
2017-12-30 16:11:09,412 INFO Training error = 0.009 Validation error = 0.040
2017-12-30 16:11:12,778 INFO EPOCH 126 - 429 sec ...
2017-12-30 16:11:12,779 INFO Training error = 0.009 Validation error = 0.040
2017-12-30 16:11:16,129 INFO EPOCH 127 - 433 sec ...
2017-12-30 16:11:16,129 INFO Training error = 0.008 Validation error = 0.038
2017-12-30 16:11:19,545 INFO EPOCH 128 - 436 sec ...
2017-12-30 16:11:19,546 INFO Training error = 0.009 Validation error = 0.042
2017-12-30 16:11:22,916 INFO EPOCH 129 - 440 sec ...
2017-12-30 16:11:22,916 INFO Training error = 0.008 Validation error = 0.042
2017-12-30 16:11:26,282 INFO EPOCH 130 - 443 sec ...
2017-12-30 16:11:26,283 INFO Training error = 0.008 Validation error = 0.040
2017-12-30 16:11:29,768 INFO EPOCH 131 - 446 sec ...
2017-12-30 16:11:29,769 INFO Training error = 0.007 Validation error = 0.041
2017-12-30 16:11:33,164 INFO EPOCH 132 - 450 sec ...
2017-12-30 16:11:33,165 INFO Training error = 0.008 Validation error = 0.041
2017-12-30 16:11:36,639 INFO EPOCH 133 - 453 sec ...
2017-12-30 16:11:36,639 INFO Training error = 0.007 Validation error = 0.041
2017-12-30 16:11:40,127 INFO EPOCH 134 - 457 sec ...
2017-12-30 16:11:40,128 INFO Training error = 0.007 Validation error = 0.041
2017-12-30 16:11:43,577 INFO EPOCH 135 - 460 sec ...
2017-12-30 16:11:43,577 INFO Training error = 0.007 Validation error = 0.041
2017-12-30 16:11:46,956 INFO EPOCH 136 - 464 sec ...
2017-12-30 16:11:46,956 INFO Training error = 0.007 Validation error = 0.041
2017-12-30 16:11:50,370 INFO EPOCH 137 - 467 sec ...
2017-12-30 16:11:50,371 INFO Training error = 0.006 Validation error = 0.039
2017-12-30 16:11:53,771 INFO EPOCH 138 - 470 sec ...
2017-12-30 16:11:53,771 INFO Training error = 0.008 Validation error = 0.043
2017-12-30 16:11:57,130 INFO EPOCH 139 - 474 sec ...
2017-12-30 16:11:57,130 INFO Training error = 0.006 Validation error = 0.042
2017-12-30 16:12:00,538 INFO EPOCH 140 - 477 sec ...
2017-12-30 16:12:00,539 INFO Training error = 0.006 Validation error = 0.043
2017-12-30 16:12:03,852 INFO EPOCH 141 - 481 sec ...
2017-12-30 16:12:03,852 INFO Training error = 0.006 Validation error = 0.041
2017-12-30 16:12:07,210 INFO EPOCH 142 - 484 sec ...
2017-12-30 16:12:07,211 INFO Training error = 0.006 Validation error = 0.039
2017-12-30 16:12:10,618 INFO EPOCH 143 - 487 sec ...
2017-12-30 16:12:10,619 INFO Training error = 0.007 Validation error = 0.039
2017-12-30 16:12:13,985 INFO EPOCH 144 - 491 sec ...
2017-12-30 16:12:13,986 INFO Training error = 0.005 Validation error = 0.039
2017-12-30 16:12:17,348 INFO EPOCH 145 - 494 sec ...
2017-12-30 16:12:17,348 INFO Training error = 0.006 Validation error = 0.041
2017-12-30 16:12:20,791 INFO EPOCH 146 - 497 sec ...
2017-12-30 16:12:20,792 INFO Training error = 0.005 Validation error = 0.038
2017-12-30 16:12:24,186 INFO EPOCH 147 - 501 sec ...
2017-12-30 16:12:24,187 INFO Training error = 0.006 Validation error = 0.039
2017-12-30 16:12:27,589 INFO EPOCH 148 - 504 sec ...
2017-12-30 16:12:27,590 INFO Training error = 0.005 Validation error = 0.038
2017-12-30 16:12:30,999 INFO EPOCH 149 - 508 sec ...
2017-12-30 16:12:30,999 INFO Training error = 0.005 Validation error = 0.039
2017-12-30 16:12:34,376 INFO EPOCH 150 - 511 sec ...
2017-12-30 16:12:34,377 INFO Training error = 0.005 Validation error = 0.039
2017-12-30 16:12:34,436 INFO Restoring parameters from ./models/lenet
2017-12-30 16:12:34,475 INFO 
2017-12-30 16:12:35,428 INFO Accuracy Model On Training Images: 1.00
2017-12-30 16:12:35,511 INFO Accuracy Model On Validation Images: 0.96
2017-12-30 16:12:35,828 INFO Accuracy Model On Test Images: 0.96
