2018-01-30 16:43:41,136 INFO Number of training examples = 25350
2018-01-30 16:43:41,136 INFO Number of validation examples = 1290
2018-01-30 16:43:41,136 INFO Number of testing examples = 12569
2018-01-30 16:43:41,136 INFO Number of classes = 43

2018-01-30 16:43:44,263 INFO used net = LeNet-adv
2018-01-30 16:45:08,304 INFO Training... dropout = 0.3 , batch_size = 128 , learning rate = 0.001
2018-01-30 16:45:29,288 INFO EPOCH 1 - 104 sec ....1.44 min
2018-01-30 16:45:29,289 INFO Training error = 0.055 Validation error = 0.210
2018-01-30 16:45:48,388 INFO EPOCH 2 - 123 sec ....2.3 min
2018-01-30 16:45:48,388 INFO Training error = 0.011 Validation error = 0.136
2018-01-30 16:46:07,400 INFO EPOCH 3 - 142 sec ....2.22 min
2018-01-30 16:46:07,400 INFO Training error = 0.010 Validation error = 0.134
2018-01-30 16:46:26,471 INFO EPOCH 4 - 162 sec ....2.42 min
2018-01-30 16:46:26,472 INFO Training error = 0.004 Validation error = 0.122
2018-01-30 16:46:45,467 INFO EPOCH 5 - 181 sec ....3.1 min
2018-01-30 16:46:45,467 INFO Training error = 0.003 Validation error = 0.129
2018-01-30 16:47:04,491 INFO EPOCH 6 - 200 sec ....3.20 min
2018-01-30 16:47:04,492 INFO Training error = 0.002 Validation error = 0.110
2018-01-30 16:47:23,441 INFO EPOCH 7 - 218 sec ....3.38 min
2018-01-30 16:47:23,442 INFO Training error = 0.001 Validation error = 0.108
2018-01-30 16:47:42,738 INFO EPOCH 8 - 238 sec ....3.58 min
2018-01-30 16:47:42,739 INFO Training error = 0.003 Validation error = 0.108
2018-01-30 16:48:02,105 INFO EPOCH 9 - 257 sec ....4.17 min
2018-01-30 16:48:02,105 INFO Training error = 0.001 Validation error = 0.095
2018-01-30 16:48:21,120 INFO EPOCH 10 - 276 sec ....4.36 min
2018-01-30 16:48:21,120 INFO Training error = 0.001 Validation error = 0.098
2018-01-30 16:48:40,326 INFO EPOCH 11 - 295 sec ....4.55 min
2018-01-30 16:48:40,326 INFO Training error = 0.001 Validation error = 0.118
2018-01-30 16:48:59,335 INFO EPOCH 12 - 314 sec ....5.14 min
2018-01-30 16:48:59,336 INFO Training error = 0.001 Validation error = 0.117
2018-01-30 16:49:18,330 INFO EPOCH 13 - 333 sec ....5.33 min
2018-01-30 16:49:18,330 INFO Training error = 0.001 Validation error = 0.101
2018-01-30 16:49:37,631 INFO EPOCH 14 - 353 sec ....5.53 min
2018-01-30 16:49:37,632 INFO Training error = 0.003 Validation error = 0.116
2018-01-30 16:49:57,056 INFO EPOCH 15 - 372 sec ....6.12 min
2018-01-30 16:49:57,056 INFO Training error = 0.001 Validation error = 0.097
2018-01-30 16:50:16,405 INFO EPOCH 16 - 391 sec ....6.31 min
2018-01-30 16:50:16,406 INFO Training error = 0.001 Validation error = 0.093
2018-01-30 16:50:35,832 INFO EPOCH 17 - 411 sec ....6.51 min
2018-01-30 16:50:35,833 INFO Training error = 0.007 Validation error = 0.117
2018-01-30 16:50:55,097 INFO EPOCH 18 - 430 sec ....7.10 min
2018-01-30 16:50:55,097 INFO Training error = 0.001 Validation error = 0.094
2018-01-30 16:51:14,458 INFO EPOCH 19 - 450 sec ....7.30 min
2018-01-30 16:51:14,458 INFO Training error = 0.002 Validation error = 0.126
2018-01-30 16:51:34,155 INFO EPOCH 20 - 469 sec ....7.49 min
2018-01-30 16:51:34,155 INFO Training error = 0.002 Validation error = 0.108
2018-01-30 16:51:53,314 INFO EPOCH 21 - 488 sec ....8.8 min
2018-01-30 16:51:53,315 INFO Training error = 0.001 Validation error = 0.110
2018-01-30 16:52:12,302 INFO EPOCH 22 - 507 sec ....8.27 min
2018-01-30 16:52:12,303 INFO Training error = 0.000 Validation error = 0.082
2018-01-30 16:52:31,547 INFO EPOCH 23 - 527 sec ....8.47 min
2018-01-30 16:52:31,547 INFO Training error = 0.000 Validation error = 0.094
2018-01-30 16:52:50,582 INFO EPOCH 24 - 546 sec ....9.6 min
2018-01-30 16:52:50,582 INFO Training error = 0.000 Validation error = 0.091
2018-01-30 16:53:09,786 INFO EPOCH 25 - 565 sec ....9.25 min
2018-01-30 16:53:09,786 INFO Training error = 0.003 Validation error = 0.095
2018-01-30 16:53:29,605 INFO EPOCH 26 - 585 sec ....9.45 min
2018-01-30 16:53:29,605 INFO Training error = 0.000 Validation error = 0.082
2018-01-30 16:53:48,706 INFO EPOCH 27 - 604 sec ....10.4 min
2018-01-30 16:53:48,706 INFO Training error = 0.002 Validation error = 0.098
2018-01-30 16:54:07,899 INFO EPOCH 28 - 623 sec ....10.23 min
2018-01-30 16:54:07,899 INFO Training error = 0.000 Validation error = 0.088
2018-01-30 16:54:27,289 INFO EPOCH 29 - 642 sec ....10.42 min
2018-01-30 16:54:27,289 INFO Training error = 0.000 Validation error = 0.110
2018-01-30 16:54:46,380 INFO EPOCH 30 - 661 sec ....11.1 min
2018-01-30 16:54:46,380 INFO Training error = 0.001 Validation error = 0.099
2018-01-30 16:55:05,433 INFO EPOCH 31 - 680 sec ....11.20 min
2018-01-30 16:55:05,433 INFO Training error = 0.000 Validation error = 0.095
2018-01-30 16:55:24,494 INFO EPOCH 32 - 700 sec ....11.40 min
2018-01-30 16:55:24,494 INFO Training error = 0.000 Validation error = 0.093
2018-01-30 16:55:43,551 INFO EPOCH 33 - 719 sec ....11.59 min
2018-01-30 16:55:43,551 INFO Training error = 0.000 Validation error = 0.078
2018-01-30 16:56:02,673 INFO EPOCH 34 - 738 sec ....12.18 min
2018-01-30 16:56:02,674 INFO Training error = 0.000 Validation error = 0.086
2018-01-30 16:56:21,920 INFO EPOCH 35 - 757 sec ....12.37 min
2018-01-30 16:56:21,920 INFO Training error = 0.000 Validation error = 0.098
2018-01-30 16:56:41,021 INFO EPOCH 36 - 776 sec ....12.56 min
2018-01-30 16:56:41,022 INFO Training error = 0.000 Validation error = 0.098
2018-01-30 16:57:00,192 INFO EPOCH 37 - 795 sec ....13.15 min
2018-01-30 16:57:00,193 INFO Training error = 0.000 Validation error = 0.094
2018-01-30 16:57:19,336 INFO EPOCH 38 - 814 sec ....13.34 min
2018-01-30 16:57:19,336 INFO Training error = 0.000 Validation error = 0.084
2018-01-30 16:57:38,585 INFO EPOCH 39 - 834 sec ....13.54 min
2018-01-30 16:57:38,585 INFO Training error = 0.002 Validation error = 0.091
2018-01-30 16:57:57,869 INFO EPOCH 40 - 853 sec ....14.13 min
2018-01-30 16:57:57,869 INFO Training error = 0.000 Validation error = 0.106
2018-01-30 16:57:58,150 INFO Restoring parameters from ./models/lenet
2018-01-30 16:57:58,195 INFO ACCURACY:
2018-01-30 16:58:02,103 INFO Accuracy Model On Training Images: 1.000
2018-01-30 16:58:02,309 INFO Accuracy Model On Validation Images: 0.894
2018-01-30 16:58:04,238 INFO Accuracy Model On Test Images: 0.961
