2018-02-09 09:23:52,629 INFO dataset used = 2018-02-06_1645_online_augm_blur
2018-02-09 09:23:54,630 INFO Number of training examples = 152100
2018-02-09 09:23:54,630 INFO Number of validation examples = 1290
2018-02-09 09:23:54,630 INFO Number of testing examples = 12569
2018-02-09 09:23:54,630 INFO Number of classes = 43

2018-02-09 09:23:54,711 INFO used net = VGGnet
2018-02-09 09:23:55,543 INFO Training... dropout = 0.3 , batch_size = 128 , learning rate = 0.001
2018-02-09 09:25:34,367 INFO EPOCH 1 - 99 sec ....1.39 min
2018-02-09 09:25:34,367 INFO Training error = 0.1225 Validation error = 0.1907
2018-02-09 09:27:12,129 INFO EPOCH 2 - 197 sec ....3.17 min
2018-02-09 09:27:12,129 INFO Training error = 0.0436 Validation error = 0.0876
2018-02-09 09:28:50,180 INFO EPOCH 3 - 295 sec ....4.55 min
2018-02-09 09:28:50,181 INFO Training error = 0.0218 Validation error = 0.0302
2018-02-09 09:30:28,235 INFO EPOCH 4 - 393 sec ....6.33 min
2018-02-09 09:30:28,235 INFO Training error = 0.0127 Validation error = 0.0264
2018-02-09 09:32:06,911 INFO EPOCH 5 - 491 sec ....8.11 min
2018-02-09 09:32:06,911 INFO Training error = 0.0097 Validation error = 0.0256
2018-02-09 09:33:44,909 INFO EPOCH 6 - 589 sec ....9.49 min
2018-02-09 09:33:44,909 INFO Training error = 0.0067 Validation error = 0.0248
2018-02-09 09:35:08,550 INFO Restoring parameters from ./models/2018-02-09_0923/lenet
2018-02-09 09:35:08,599 INFO ACCURACY:
2018-02-09 09:35:33,266 INFO Accuracy Model On Training Images: 0.9927
2018-02-09 09:35:33,482 INFO Accuracy Model On Validation Images: 0.9667
2018-02-09 09:35:35,533 INFO Accuracy Model On Test Images: 0.9877
