2018-01-31 09:22:09,787 INFO Number of training examples = 34799
2018-01-31 09:22:09,787 INFO Number of validation examples = 4410
2018-01-31 09:22:09,787 INFO Number of testing examples = 12630
2018-01-31 09:22:09,788 INFO Number of classes = 43

2018-01-31 09:22:13,868 INFO used net = LeNet-adv
2018-01-31 09:23:41,734 INFO Training... dropout = 0.3 , batch_size = 128 , learning rate = 0.001
2018-01-31 09:24:11,639 INFO EPOCH 1 - 117 sec ....1.57 min
2018-01-31 09:24:11,640 INFO Training error = 0.031 Validation error = 0.096
2018-01-31 09:24:37,997 INFO EPOCH 2 - 143 sec ....2.23 min
2018-01-31 09:24:37,998 INFO Training error = 0.015 Validation error = 0.076
2018-01-31 09:25:04,372 INFO EPOCH 3 - 170 sec ....2.50 min
2018-01-31 09:25:04,372 INFO Training error = 0.007 Validation error = 0.063
2018-01-31 09:25:30,943 INFO EPOCH 4 - 196 sec ....3.16 min
2018-01-31 09:25:30,943 INFO Training error = 0.003 Validation error = 0.061
2018-01-31 09:25:57,256 INFO EPOCH 5 - 223 sec ....3.43 min
2018-01-31 09:25:57,256 INFO Training error = 0.002 Validation error = 0.045
2018-01-31 09:26:23,577 INFO EPOCH 6 - 249 sec ....4.9 min
2018-01-31 09:26:23,577 INFO Training error = 0.001 Validation error = 0.041
2018-01-31 09:26:49,903 INFO EPOCH 7 - 275 sec ....4.35 min
2018-01-31 09:26:49,903 INFO Training error = 0.002 Validation error = 0.056
2018-01-31 09:27:16,511 INFO EPOCH 8 - 302 sec ....5.2 min
2018-01-31 09:27:16,511 INFO Training error = 0.001 Validation error = 0.042
2018-01-31 09:27:42,849 INFO EPOCH 9 - 328 sec ....5.28 min
2018-01-31 09:27:42,850 INFO Training error = 0.001 Validation error = 0.039
2018-01-31 09:28:09,574 INFO EPOCH 10 - 355 sec ....5.55 min
2018-01-31 09:28:09,575 INFO Training error = 0.001 Validation error = 0.043
2018-01-31 09:28:36,330 INFO EPOCH 11 - 382 sec ....6.22 min
2018-01-31 09:28:36,330 INFO Training error = 0.001 Validation error = 0.046
2018-01-31 09:29:02,785 INFO EPOCH 12 - 408 sec ....6.48 min
2018-01-31 09:29:02,785 INFO Training error = 0.002 Validation error = 0.036
2018-01-31 09:29:29,121 INFO EPOCH 13 - 435 sec ....7.15 min
2018-01-31 09:29:29,122 INFO Training error = 0.001 Validation error = 0.043
2018-01-31 09:29:55,750 INFO EPOCH 14 - 461 sec ....7.41 min
2018-01-31 09:29:55,750 INFO Training error = 0.000 Validation error = 0.032
2018-01-31 09:30:22,134 INFO EPOCH 15 - 488 sec ....8.8 min
2018-01-31 09:30:22,134 INFO Training error = 0.000 Validation error = 0.023
2018-01-31 09:30:48,509 INFO EPOCH 16 - 514 sec ....8.34 min
2018-01-31 09:30:48,510 INFO Training error = 0.002 Validation error = 0.040
2018-01-31 09:31:15,088 INFO EPOCH 17 - 541 sec ....9.1 min
2018-01-31 09:31:15,088 INFO Training error = 0.001 Validation error = 0.038
2018-01-31 09:31:41,459 INFO EPOCH 18 - 567 sec ....9.27 min
2018-01-31 09:31:41,459 INFO Training error = 0.001 Validation error = 0.042
2018-01-31 09:32:07,817 INFO EPOCH 19 - 593 sec ....9.53 min
2018-01-31 09:32:07,817 INFO Training error = 0.001 Validation error = 0.047
2018-01-31 09:32:34,313 INFO EPOCH 20 - 620 sec ....10.20 min
2018-01-31 09:32:34,313 INFO Training error = 0.000 Validation error = 0.033
2018-01-31 09:33:00,682 INFO EPOCH 21 - 646 sec ....10.46 min
2018-01-31 09:33:00,682 INFO Training error = 0.000 Validation error = 0.035
2018-01-31 09:33:27,017 INFO EPOCH 22 - 672 sec ....11.12 min
2018-01-31 09:33:27,017 INFO Training error = 0.001 Validation error = 0.047
2018-01-31 09:33:53,515 INFO EPOCH 23 - 699 sec ....11.39 min
2018-01-31 09:33:53,515 INFO Training error = 0.000 Validation error = 0.037
2018-01-31 09:34:19,852 INFO EPOCH 24 - 725 sec ....12.5 min
2018-01-31 09:34:19,852 INFO Training error = 0.003 Validation error = 0.055
2018-01-31 09:34:46,193 INFO EPOCH 25 - 752 sec ....12.32 min
2018-01-31 09:34:46,194 INFO Training error = 0.000 Validation error = 0.034
2018-01-31 09:35:12,592 INFO EPOCH 26 - 778 sec ....12.58 min
2018-01-31 09:35:12,593 INFO Training error = 0.001 Validation error = 0.046
2018-01-31 09:35:38,921 INFO EPOCH 27 - 804 sec ....13.24 min
2018-01-31 09:35:38,921 INFO Training error = 0.000 Validation error = 0.033
2018-01-31 09:36:05,251 INFO EPOCH 28 - 831 sec ....13.51 min
2018-01-31 09:36:05,251 INFO Training error = 0.000 Validation error = 0.026
2018-01-31 09:36:31,719 INFO EPOCH 29 - 857 sec ....14.17 min
2018-01-31 09:36:31,719 INFO Training error = 0.000 Validation error = 0.043
2018-01-31 09:36:58,034 INFO EPOCH 30 - 883 sec ....14.43 min
2018-01-31 09:36:58,035 INFO Training error = 0.000 Validation error = 0.030
2018-01-31 09:37:24,345 INFO EPOCH 31 - 910 sec ....15.10 min
2018-01-31 09:37:24,345 INFO Training error = 0.000 Validation error = 0.036
2018-01-31 09:37:50,777 INFO EPOCH 32 - 936 sec ....15.36 min
2018-01-31 09:37:50,778 INFO Training error = 0.000 Validation error = 0.034
2018-01-31 09:38:17,115 INFO EPOCH 33 - 963 sec ....16.3 min
2018-01-31 09:38:17,116 INFO Training error = 0.001 Validation error = 0.037
2018-01-31 09:38:43,447 INFO EPOCH 34 - 989 sec ....16.29 min
2018-01-31 09:38:43,447 INFO Training error = 0.001 Validation error = 0.049
2018-01-31 09:39:09,867 INFO EPOCH 35 - 1015 sec ....16.55 min
2018-01-31 09:39:09,867 INFO Training error = 0.001 Validation error = 0.044
2018-01-31 09:39:36,186 INFO EPOCH 36 - 1042 sec ....17.22 min
2018-01-31 09:39:36,186 INFO Training error = 0.000 Validation error = 0.037
2018-01-31 09:40:02,504 INFO EPOCH 37 - 1068 sec ....17.48 min
2018-01-31 09:40:02,504 INFO Training error = 0.000 Validation error = 0.050
2018-01-31 09:40:28,926 INFO EPOCH 38 - 1094 sec ....18.14 min
2018-01-31 09:40:28,926 INFO Training error = 0.000 Validation error = 0.033
2018-01-31 09:40:55,245 INFO EPOCH 39 - 1121 sec ....18.41 min
2018-01-31 09:40:55,246 INFO Training error = 0.000 Validation error = 0.034
2018-01-31 09:41:21,575 INFO EPOCH 40 - 1147 sec ....19.7 min
2018-01-31 09:41:21,575 INFO Training error = 0.000 Validation error = 0.028
2018-01-31 09:41:47,994 INFO EPOCH 41 - 1173 sec ....19.33 min
2018-01-31 09:41:47,995 INFO Training error = 0.000 Validation error = 0.039
2018-01-31 09:42:14,316 INFO EPOCH 42 - 1200 sec ....20.0 min
2018-01-31 09:42:14,317 INFO Training error = 0.001 Validation error = 0.047
2018-01-31 09:42:40,617 INFO EPOCH 43 - 1226 sec ....20.26 min
2018-01-31 09:42:40,617 INFO Training error = 0.001 Validation error = 0.039
2018-01-31 09:43:07,172 INFO EPOCH 44 - 1253 sec ....20.53 min
2018-01-31 09:43:07,172 INFO Training error = 0.000 Validation error = 0.030
2018-01-31 09:43:33,847 INFO EPOCH 45 - 1279 sec ....21.19 min
2018-01-31 09:43:33,848 INFO Training error = 0.000 Validation error = 0.035
2018-01-31 09:44:00,496 INFO EPOCH 46 - 1306 sec ....21.46 min
2018-01-31 09:44:00,497 INFO Training error = 0.000 Validation error = 0.035
2018-01-31 09:44:27,448 INFO EPOCH 47 - 1333 sec ....22.13 min
2018-01-31 09:44:27,449 INFO Training error = 0.000 Validation error = 0.028
2018-01-31 09:44:54,172 INFO EPOCH 48 - 1360 sec ....22.40 min
2018-01-31 09:44:54,173 INFO Training error = 0.000 Validation error = 0.037
2018-01-31 09:45:21,314 INFO EPOCH 49 - 1387 sec ....23.7 min
2018-01-31 09:45:21,314 INFO Training error = 0.000 Validation error = 0.028
2018-01-31 09:45:48,065 INFO EPOCH 50 - 1413 sec ....23.33 min
2018-01-31 09:45:48,065 INFO Training error = 0.000 Validation error = 0.044
2018-01-31 09:46:14,529 INFO EPOCH 51 - 1440 sec ....24.0 min
2018-01-31 09:46:14,529 INFO Training error = 0.000 Validation error = 0.029
2018-01-31 09:46:41,056 INFO EPOCH 52 - 1466 sec ....24.26 min
2018-01-31 09:46:41,056 INFO Training error = 0.000 Validation error = 0.044
2018-01-31 09:47:07,800 INFO EPOCH 53 - 1493 sec ....24.53 min
2018-01-31 09:47:07,801 INFO Training error = 0.000 Validation error = 0.027
2018-01-31 09:47:34,380 INFO EPOCH 54 - 1520 sec ....25.20 min
2018-01-31 09:47:34,380 INFO Training error = 0.000 Validation error = 0.032
2018-01-31 09:48:01,171 INFO EPOCH 55 - 1547 sec ....25.47 min
2018-01-31 09:48:01,171 INFO Training error = 0.001 Validation error = 0.038
2018-01-31 09:48:27,700 INFO EPOCH 56 - 1573 sec ....26.13 min
2018-01-31 09:48:27,701 INFO Training error = 0.000 Validation error = 0.028
2018-01-31 09:48:54,131 INFO EPOCH 57 - 1600 sec ....26.40 min
2018-01-31 09:48:54,132 INFO Training error = 0.000 Validation error = 0.036
2018-01-31 09:49:20,795 INFO EPOCH 58 - 1626 sec ....27.6 min
2018-01-31 09:49:20,795 INFO Training error = 0.000 Validation error = 0.030
2018-01-31 09:49:47,669 INFO EPOCH 59 - 1653 sec ....27.33 min
2018-01-31 09:49:47,669 INFO Training error = 0.000 Validation error = 0.031
2018-01-31 09:50:14,087 INFO EPOCH 60 - 1680 sec ....28.0 min
2018-01-31 09:50:14,087 INFO Training error = 0.000 Validation error = 0.025
2018-01-31 09:50:40,534 INFO EPOCH 61 - 1706 sec ....28.26 min
2018-01-31 09:50:40,534 INFO Training error = 0.000 Validation error = 0.029
2018-01-31 09:51:07,426 INFO EPOCH 62 - 1733 sec ....28.53 min
2018-01-31 09:51:07,426 INFO Training error = 0.000 Validation error = 0.039
2018-01-31 09:51:34,112 INFO EPOCH 63 - 1760 sec ....29.20 min
2018-01-31 09:51:34,113 INFO Training error = 0.000 Validation error = 0.047
2018-01-31 09:52:00,674 INFO EPOCH 64 - 1786 sec ....29.46 min
2018-01-31 09:52:00,675 INFO Training error = 0.000 Validation error = 0.032
2018-01-31 09:52:27,215 INFO EPOCH 65 - 1813 sec ....30.13 min
2018-01-31 09:52:27,215 INFO Training error = 0.000 Validation error = 0.036
2018-01-31 09:52:53,747 INFO EPOCH 66 - 1839 sec ....30.39 min
2018-01-31 09:52:53,747 INFO Training error = 0.000 Validation error = 0.028
2018-01-31 09:53:21,097 INFO EPOCH 67 - 1867 sec ....31.7 min
2018-01-31 09:53:21,097 INFO Training error = 0.000 Validation error = 0.029
2018-01-31 09:53:48,385 INFO EPOCH 68 - 1894 sec ....31.34 min
2018-01-31 09:53:48,386 INFO Training error = 0.000 Validation error = 0.039
2018-01-31 09:54:15,160 INFO EPOCH 69 - 1921 sec ....32.1 min
2018-01-31 09:54:15,160 INFO Training error = 0.000 Validation error = 0.029
2018-01-31 09:54:41,693 INFO EPOCH 70 - 1947 sec ....32.27 min
2018-01-31 09:54:41,694 INFO Training error = 0.000 Validation error = 0.027
2018-01-31 09:55:08,947 INFO EPOCH 71 - 1974 sec ....32.54 min
2018-01-31 09:55:08,947 INFO Training error = 0.000 Validation error = 0.039
2018-01-31 09:55:36,502 INFO EPOCH 72 - 2002 sec ....33.22 min
2018-01-31 09:55:36,502 INFO Training error = 0.001 Validation error = 0.049
2018-01-31 09:56:03,369 INFO EPOCH 73 - 2029 sec ....33.49 min
2018-01-31 09:56:03,370 INFO Training error = 0.000 Validation error = 0.039
2018-01-31 09:56:30,262 INFO EPOCH 74 - 2056 sec ....34.16 min
2018-01-31 09:56:30,262 INFO Training error = 0.000 Validation error = 0.040
2018-01-31 09:56:57,174 INFO EPOCH 75 - 2083 sec ....34.43 min
2018-01-31 09:56:57,175 INFO Training error = 0.000 Validation error = 0.039
2018-01-31 09:57:24,343 INFO EPOCH 76 - 2110 sec ....35.10 min
2018-01-31 09:57:24,343 INFO Training error = 0.000 Validation error = 0.048
2018-01-31 09:57:52,510 INFO EPOCH 77 - 2138 sec ....35.38 min
2018-01-31 09:57:52,510 INFO Training error = 0.000 Validation error = 0.049
2018-01-31 09:58:21,479 INFO EPOCH 78 - 2167 sec ....36.7 min
2018-01-31 09:58:21,479 INFO Training error = 0.000 Validation error = 0.040
2018-01-31 09:58:50,472 INFO EPOCH 79 - 2196 sec ....36.36 min
2018-01-31 09:58:50,472 INFO Training error = 0.000 Validation error = 0.045
2018-01-31 09:59:19,486 INFO EPOCH 80 - 2225 sec ....37.5 min
2018-01-31 09:59:19,487 INFO Training error = 0.000 Validation error = 0.027
2018-01-31 09:59:19,700 INFO Restoring parameters from ./models/lenet
2018-01-31 09:59:19,761 INFO ACCURACY:
2018-01-31 09:59:25,477 INFO Accuracy Model On Training Images: 1.000
2018-01-31 09:59:26,210 INFO Accuracy Model On Validation Images: 0.973
2018-01-31 09:59:28,378 INFO Accuracy Model On Test Images: 0.961
