2018-01-29 14:02:08,570 INFO Number of training examples = 25350
2018-01-29 14:02:08,570 INFO Number of validation examples = 1290
2018-01-29 14:02:08,570 INFO Number of testing examples = 12569
2018-01-29 14:02:08,570 INFO Number of classes = 43

2018-01-29 14:02:10,017 INFO used net = LeNet
2018-01-29 14:02:10,892 INFO Training... dropout = 0.5 , batch_size = 128 , learning rate = 0.001
2018-01-29 14:02:13,847 INFO EPOCH 1 - 3 sec ....0.3 min
2018-01-29 14:02:13,847 INFO Training error = 0.804 Validation error = 0.901
2018-01-29 14:02:16,230 INFO EPOCH 2 - 5 sec ....0.5 min
2018-01-29 14:02:16,231 INFO Training error = 0.653 Validation error = 0.844
2018-01-29 14:02:18,608 INFO EPOCH 3 - 8 sec ....0.8 min
2018-01-29 14:02:18,609 INFO Training error = 0.565 Validation error = 0.791
2018-01-29 14:02:20,959 INFO EPOCH 4 - 10 sec ....0.10 min
2018-01-29 14:02:20,959 INFO Training error = 0.493 Validation error = 0.719
2018-01-29 14:02:23,314 INFO EPOCH 5 - 13 sec ....0.13 min
2018-01-29 14:02:23,315 INFO Training error = 0.471 Validation error = 0.665
2018-01-29 14:02:25,716 INFO EPOCH 6 - 15 sec ....0.15 min
2018-01-29 14:02:25,716 INFO Training error = 0.419 Validation error = 0.613
2018-01-29 14:02:28,116 INFO EPOCH 7 - 17 sec ....0.17 min
2018-01-29 14:02:28,117 INFO Training error = 0.382 Validation error = 0.577
2018-01-29 14:02:30,563 INFO EPOCH 8 - 20 sec ....0.20 min
2018-01-29 14:02:30,564 INFO Training error = 0.376 Validation error = 0.551
2018-01-29 14:02:32,941 INFO EPOCH 9 - 22 sec ....0.22 min
2018-01-29 14:02:32,942 INFO Training error = 0.342 Validation error = 0.508
2018-01-29 14:02:35,334 INFO EPOCH 10 - 25 sec ....0.25 min
2018-01-29 14:02:35,334 INFO Training error = 0.317 Validation error = 0.478
2018-01-29 14:02:37,767 INFO EPOCH 11 - 27 sec ....0.27 min
2018-01-29 14:02:37,767 INFO Training error = 0.299 Validation error = 0.466
2018-01-29 14:02:40,117 INFO EPOCH 12 - 29 sec ....0.29 min
2018-01-29 14:02:40,117 INFO Training error = 0.278 Validation error = 0.416
2018-01-29 14:02:42,451 INFO EPOCH 13 - 32 sec ....0.32 min
2018-01-29 14:02:42,451 INFO Training error = 0.254 Validation error = 0.398
2018-01-29 14:02:44,924 INFO EPOCH 14 - 34 sec ....0.34 min
2018-01-29 14:02:44,924 INFO Training error = 0.241 Validation error = 0.390
2018-01-29 14:02:47,397 INFO EPOCH 15 - 37 sec ....0.37 min
2018-01-29 14:02:47,397 INFO Training error = 0.204 Validation error = 0.353
2018-01-29 14:02:49,830 INFO EPOCH 16 - 39 sec ....0.39 min
2018-01-29 14:02:49,830 INFO Training error = 0.194 Validation error = 0.337
2018-01-29 14:02:52,255 INFO EPOCH 17 - 42 sec ....0.42 min
2018-01-29 14:02:52,256 INFO Training error = 0.180 Validation error = 0.310
2018-01-29 14:02:54,676 INFO EPOCH 18 - 44 sec ....0.44 min
2018-01-29 14:02:54,677 INFO Training error = 0.187 Validation error = 0.318
2018-01-29 14:02:57,062 INFO EPOCH 19 - 46 sec ....0.46 min
2018-01-29 14:02:57,062 INFO Training error = 0.164 Validation error = 0.327
2018-01-29 14:02:59,513 INFO EPOCH 20 - 49 sec ....0.49 min
2018-01-29 14:02:59,513 INFO Training error = 0.148 Validation error = 0.311
2018-01-29 14:03:01,964 INFO EPOCH 21 - 51 sec ....0.51 min
2018-01-29 14:03:01,964 INFO Training error = 0.150 Validation error = 0.284
2018-01-29 14:03:04,342 INFO EPOCH 22 - 54 sec ....0.54 min
2018-01-29 14:03:04,342 INFO Training error = 0.132 Validation error = 0.264
2018-01-29 14:03:06,753 INFO EPOCH 23 - 56 sec ....0.56 min
2018-01-29 14:03:06,753 INFO Training error = 0.124 Validation error = 0.257
2018-01-29 14:03:09,186 INFO EPOCH 24 - 58 sec ....0.58 min
2018-01-29 14:03:09,186 INFO Training error = 0.120 Validation error = 0.253
2018-01-29 14:03:11,616 INFO EPOCH 25 - 61 sec ....1.1 min
2018-01-29 14:03:11,617 INFO Training error = 0.108 Validation error = 0.264
2018-01-29 14:03:14,016 INFO EPOCH 26 - 63 sec ....1.3 min
2018-01-29 14:03:14,016 INFO Training error = 0.133 Validation error = 0.263
2018-01-29 14:03:16,398 INFO EPOCH 27 - 66 sec ....1.6 min
2018-01-29 14:03:16,399 INFO Training error = 0.098 Validation error = 0.238
2018-01-29 14:03:18,787 INFO EPOCH 28 - 68 sec ....1.8 min
2018-01-29 14:03:18,787 INFO Training error = 0.114 Validation error = 0.268
2018-01-29 14:03:21,203 INFO EPOCH 29 - 70 sec ....1.10 min
2018-01-29 14:03:21,203 INFO Training error = 0.106 Validation error = 0.240
2018-01-29 14:03:23,599 INFO EPOCH 30 - 73 sec ....1.13 min
2018-01-29 14:03:23,599 INFO Training error = 0.086 Validation error = 0.212
2018-01-29 14:03:26,043 INFO EPOCH 31 - 75 sec ....1.15 min
2018-01-29 14:03:26,043 INFO Training error = 0.088 Validation error = 0.253
2018-01-29 14:03:28,495 INFO EPOCH 32 - 78 sec ....1.18 min
2018-01-29 14:03:28,495 INFO Training error = 0.092 Validation error = 0.243
2018-01-29 14:03:30,955 INFO EPOCH 33 - 80 sec ....1.20 min
2018-01-29 14:03:30,956 INFO Training error = 0.103 Validation error = 0.250
2018-01-29 14:03:33,392 INFO EPOCH 34 - 83 sec ....1.23 min
2018-01-29 14:03:33,393 INFO Training error = 0.088 Validation error = 0.219
2018-01-29 14:03:35,798 INFO EPOCH 35 - 85 sec ....1.25 min
2018-01-29 14:03:35,798 INFO Training error = 0.069 Validation error = 0.209
2018-01-29 14:03:38,173 INFO EPOCH 36 - 87 sec ....1.27 min
2018-01-29 14:03:38,174 INFO Training error = 0.066 Validation error = 0.199
2018-01-29 14:03:40,594 INFO EPOCH 37 - 90 sec ....1.30 min
2018-01-29 14:03:40,595 INFO Training error = 0.076 Validation error = 0.217
2018-01-29 14:03:43,055 INFO EPOCH 38 - 92 sec ....1.32 min
2018-01-29 14:03:43,056 INFO Training error = 0.067 Validation error = 0.190
2018-01-29 14:03:45,462 INFO EPOCH 39 - 95 sec ....1.35 min
2018-01-29 14:03:45,462 INFO Training error = 0.066 Validation error = 0.207
2018-01-29 14:03:47,827 INFO EPOCH 40 - 97 sec ....1.37 min
2018-01-29 14:03:47,827 INFO Training error = 0.066 Validation error = 0.190
2018-01-29 14:03:50,265 INFO EPOCH 41 - 100 sec ....1.40 min
2018-01-29 14:03:50,265 INFO Training error = 0.061 Validation error = 0.212
2018-01-29 14:03:52,608 INFO EPOCH 42 - 102 sec ....1.42 min
2018-01-29 14:03:52,608 INFO Training error = 0.059 Validation error = 0.198
2018-01-29 14:03:54,971 INFO EPOCH 43 - 104 sec ....1.44 min
2018-01-29 14:03:54,971 INFO Training error = 0.058 Validation error = 0.195
2018-01-29 14:03:57,366 INFO EPOCH 44 - 107 sec ....1.47 min
2018-01-29 14:03:57,366 INFO Training error = 0.068 Validation error = 0.212
2018-01-29 14:03:59,787 INFO EPOCH 45 - 109 sec ....1.49 min
2018-01-29 14:03:59,788 INFO Training error = 0.056 Validation error = 0.185
2018-01-29 14:04:02,137 INFO EPOCH 46 - 111 sec ....1.51 min
2018-01-29 14:04:02,137 INFO Training error = 0.058 Validation error = 0.191
2018-01-29 14:04:04,609 INFO EPOCH 47 - 114 sec ....1.54 min
2018-01-29 14:04:04,609 INFO Training error = 0.046 Validation error = 0.177
2018-01-29 14:04:06,979 INFO EPOCH 48 - 116 sec ....1.56 min
2018-01-29 14:04:06,980 INFO Training error = 0.043 Validation error = 0.174
2018-01-29 14:04:09,327 INFO EPOCH 49 - 119 sec ....1.59 min
2018-01-29 14:04:09,327 INFO Training error = 0.042 Validation error = 0.187
2018-01-29 14:04:11,835 INFO EPOCH 50 - 121 sec ....2.1 min
2018-01-29 14:04:11,835 INFO Training error = 0.043 Validation error = 0.165
2018-01-29 14:04:14,229 INFO EPOCH 51 - 123 sec ....2.3 min
2018-01-29 14:04:14,230 INFO Training error = 0.032 Validation error = 0.164
2018-01-29 14:04:16,676 INFO EPOCH 52 - 126 sec ....2.6 min
2018-01-29 14:04:16,676 INFO Training error = 0.035 Validation error = 0.149
2018-01-29 14:04:19,089 INFO EPOCH 53 - 128 sec ....2.8 min
2018-01-29 14:04:19,089 INFO Training error = 0.034 Validation error = 0.156
2018-01-29 14:04:21,471 INFO EPOCH 54 - 131 sec ....2.11 min
2018-01-29 14:04:21,472 INFO Training error = 0.030 Validation error = 0.161
2018-01-29 14:04:23,952 INFO EPOCH 55 - 133 sec ....2.13 min
2018-01-29 14:04:23,953 INFO Training error = 0.033 Validation error = 0.165
2018-01-29 14:04:26,529 INFO EPOCH 56 - 136 sec ....2.16 min
2018-01-29 14:04:26,529 INFO Training error = 0.027 Validation error = 0.157
2018-01-29 14:04:28,931 INFO EPOCH 57 - 138 sec ....2.18 min
2018-01-29 14:04:28,932 INFO Training error = 0.032 Validation error = 0.169
2018-01-29 14:04:31,444 INFO EPOCH 58 - 141 sec ....2.21 min
2018-01-29 14:04:31,445 INFO Training error = 0.041 Validation error = 0.174
2018-01-29 14:04:33,886 INFO EPOCH 59 - 143 sec ....2.23 min
2018-01-29 14:04:33,886 INFO Training error = 0.026 Validation error = 0.136
2018-01-29 14:04:36,357 INFO EPOCH 60 - 146 sec ....2.26 min
2018-01-29 14:04:36,357 INFO Training error = 0.027 Validation error = 0.153
2018-01-29 14:04:38,884 INFO EPOCH 61 - 148 sec ....2.28 min
2018-01-29 14:04:38,884 INFO Training error = 0.031 Validation error = 0.161
2018-01-29 14:04:41,375 INFO EPOCH 62 - 151 sec ....2.31 min
2018-01-29 14:04:41,375 INFO Training error = 0.028 Validation error = 0.152
2018-01-29 14:04:43,797 INFO EPOCH 63 - 153 sec ....2.33 min
2018-01-29 14:04:43,797 INFO Training error = 0.022 Validation error = 0.130
2018-01-29 14:04:46,179 INFO EPOCH 64 - 155 sec ....2.35 min
2018-01-29 14:04:46,179 INFO Training error = 0.024 Validation error = 0.136
2018-01-29 14:04:48,646 INFO EPOCH 65 - 158 sec ....2.38 min
2018-01-29 14:04:48,646 INFO Training error = 0.025 Validation error = 0.142
2018-01-29 14:04:51,034 INFO EPOCH 66 - 160 sec ....2.40 min
2018-01-29 14:04:51,034 INFO Training error = 0.028 Validation error = 0.157
2018-01-29 14:04:53,411 INFO EPOCH 67 - 163 sec ....2.43 min
2018-01-29 14:04:53,412 INFO Training error = 0.024 Validation error = 0.150
2018-01-29 14:04:56,020 INFO EPOCH 68 - 165 sec ....2.45 min
2018-01-29 14:04:56,020 INFO Training error = 0.020 Validation error = 0.130
2018-01-29 14:04:58,390 INFO EPOCH 69 - 168 sec ....2.48 min
2018-01-29 14:04:58,390 INFO Training error = 0.028 Validation error = 0.157
2018-01-29 14:05:00,858 INFO EPOCH 70 - 170 sec ....2.50 min
2018-01-29 14:05:00,859 INFO Training error = 0.019 Validation error = 0.139
2018-01-29 14:05:03,404 INFO EPOCH 71 - 173 sec ....2.53 min
2018-01-29 14:05:03,404 INFO Training error = 0.025 Validation error = 0.159
2018-01-29 14:05:05,868 INFO EPOCH 72 - 175 sec ....2.55 min
2018-01-29 14:05:05,868 INFO Training error = 0.019 Validation error = 0.150
2018-01-29 14:05:08,268 INFO EPOCH 73 - 178 sec ....2.58 min
2018-01-29 14:05:08,269 INFO Training error = 0.014 Validation error = 0.129
2018-01-29 14:05:10,693 INFO EPOCH 74 - 180 sec ....3.0 min
2018-01-29 14:05:10,694 INFO Training error = 0.016 Validation error = 0.129
2018-01-29 14:05:13,059 INFO EPOCH 75 - 182 sec ....3.2 min
2018-01-29 14:05:13,059 INFO Training error = 0.021 Validation error = 0.140
2018-01-29 14:05:15,456 INFO EPOCH 76 - 185 sec ....3.5 min
2018-01-29 14:05:15,456 INFO Training error = 0.018 Validation error = 0.133
2018-01-29 14:05:17,876 INFO EPOCH 77 - 187 sec ....3.7 min
2018-01-29 14:05:17,876 INFO Training error = 0.027 Validation error = 0.141
2018-01-29 14:05:20,256 INFO EPOCH 78 - 190 sec ....3.10 min
2018-01-29 14:05:20,257 INFO Training error = 0.019 Validation error = 0.141
2018-01-29 14:05:22,633 INFO EPOCH 79 - 192 sec ....3.12 min
2018-01-29 14:05:22,633 INFO Training error = 0.014 Validation error = 0.136
2018-01-29 14:05:25,066 INFO EPOCH 80 - 194 sec ....3.14 min
2018-01-29 14:05:25,066 INFO Training error = 0.019 Validation error = 0.134
2018-01-29 14:05:25,110 INFO Restoring parameters from ./models/lenet
2018-01-29 14:05:25,138 INFO ACCURACY:
2018-01-29 14:05:25,849 INFO Accuracy Model On Training Images: 0.981
2018-01-29 14:05:25,885 INFO Accuracy Model On Validation Images: 0.866
2018-01-29 14:05:26,237 INFO Accuracy Model On Test Images: 0.915
