2018-01-30 15:07:09,653 INFO Number of training examples = 34799
2018-01-30 15:07:09,653 INFO Number of validation examples = 4410
2018-01-30 15:07:09,653 INFO Number of testing examples = 12630
2018-01-30 15:07:09,653 INFO Number of classes = 43

2018-01-30 15:07:12,508 INFO used net = LeNet
2018-01-30 15:08:38,155 INFO Training... dropout = 0.3 , batch_size = 128 , learning rate = 0.001
2018-01-30 15:08:43,518 INFO EPOCH 1 - 90 sec ....1.30 min
2018-01-30 15:08:43,518 INFO Training error = 0.274 Validation error = 0.298
2018-01-30 15:08:46,845 INFO EPOCH 2 - 94 sec ....1.34 min
2018-01-30 15:08:46,845 INFO Training error = 0.136 Validation error = 0.188
2018-01-30 15:08:50,141 INFO EPOCH 3 - 97 sec ....1.37 min
2018-01-30 15:08:50,142 INFO Training error = 0.079 Validation error = 0.134
2018-01-30 15:08:53,398 INFO EPOCH 4 - 100 sec ....1.40 min
2018-01-30 15:08:53,398 INFO Training error = 0.053 Validation error = 0.103
2018-01-30 15:08:56,596 INFO EPOCH 5 - 103 sec ....1.43 min
2018-01-30 15:08:56,596 INFO Training error = 0.040 Validation error = 0.101
2018-01-30 15:08:59,858 INFO EPOCH 6 - 107 sec ....1.47 min
2018-01-30 15:08:59,858 INFO Training error = 0.034 Validation error = 0.084
2018-01-30 15:09:03,117 INFO EPOCH 7 - 110 sec ....1.50 min
2018-01-30 15:09:03,118 INFO Training error = 0.024 Validation error = 0.078
2018-01-30 15:09:06,431 INFO EPOCH 8 - 113 sec ....1.53 min
2018-01-30 15:09:06,431 INFO Training error = 0.021 Validation error = 0.073
2018-01-30 15:09:09,628 INFO EPOCH 9 - 116 sec ....1.56 min
2018-01-30 15:09:09,629 INFO Training error = 0.018 Validation error = 0.070
2018-01-30 15:09:12,956 INFO EPOCH 10 - 120 sec ....2.0 min
2018-01-30 15:09:12,956 INFO Training error = 0.015 Validation error = 0.058
2018-01-30 15:09:16,433 INFO EPOCH 11 - 123 sec ....2.3 min
2018-01-30 15:09:16,434 INFO Training error = 0.013 Validation error = 0.061
2018-01-30 15:09:19,688 INFO EPOCH 12 - 126 sec ....2.6 min
2018-01-30 15:09:19,688 INFO Training error = 0.012 Validation error = 0.061
2018-01-30 15:09:23,024 INFO EPOCH 13 - 130 sec ....2.10 min
2018-01-30 15:09:23,025 INFO Training error = 0.009 Validation error = 0.054
2018-01-30 15:09:26,335 INFO EPOCH 14 - 133 sec ....2.13 min
2018-01-30 15:09:26,335 INFO Training error = 0.008 Validation error = 0.052
2018-01-30 15:09:29,717 INFO EPOCH 15 - 136 sec ....2.16 min
2018-01-30 15:09:29,717 INFO Training error = 0.007 Validation error = 0.050
2018-01-30 15:09:33,004 INFO EPOCH 16 - 140 sec ....2.20 min
2018-01-30 15:09:33,004 INFO Training error = 0.008 Validation error = 0.057
2018-01-30 15:09:36,255 INFO EPOCH 17 - 143 sec ....2.23 min
2018-01-30 15:09:36,255 INFO Training error = 0.007 Validation error = 0.056
2018-01-30 15:09:39,495 INFO EPOCH 18 - 146 sec ....2.26 min
2018-01-30 15:09:39,496 INFO Training error = 0.007 Validation error = 0.052
2018-01-30 15:09:42,776 INFO EPOCH 19 - 150 sec ....2.30 min
2018-01-30 15:09:42,777 INFO Training error = 0.005 Validation error = 0.049
2018-01-30 15:09:46,085 INFO EPOCH 20 - 153 sec ....2.33 min
2018-01-30 15:09:46,086 INFO Training error = 0.005 Validation error = 0.048
2018-01-30 15:09:49,401 INFO EPOCH 21 - 156 sec ....2.36 min
2018-01-30 15:09:49,402 INFO Training error = 0.006 Validation error = 0.056
2018-01-30 15:09:52,664 INFO EPOCH 22 - 159 sec ....2.39 min
2018-01-30 15:09:52,664 INFO Training error = 0.003 Validation error = 0.043
2018-01-30 15:09:55,994 INFO EPOCH 23 - 163 sec ....2.43 min
2018-01-30 15:09:55,994 INFO Training error = 0.004 Validation error = 0.049
2018-01-30 15:09:59,257 INFO EPOCH 24 - 166 sec ....2.46 min
2018-01-30 15:09:59,257 INFO Training error = 0.003 Validation error = 0.047
2018-01-30 15:10:02,573 INFO EPOCH 25 - 169 sec ....2.49 min
2018-01-30 15:10:02,574 INFO Training error = 0.005 Validation error = 0.054
2018-01-30 15:10:05,872 INFO EPOCH 26 - 173 sec ....2.53 min
2018-01-30 15:10:05,873 INFO Training error = 0.002 Validation error = 0.046
2018-01-30 15:10:09,127 INFO EPOCH 27 - 176 sec ....2.56 min
2018-01-30 15:10:09,128 INFO Training error = 0.002 Validation error = 0.045
2018-01-30 15:10:12,410 INFO EPOCH 28 - 179 sec ....2.59 min
2018-01-30 15:10:12,411 INFO Training error = 0.002 Validation error = 0.045
2018-01-30 15:10:15,670 INFO EPOCH 29 - 182 sec ....3.2 min
2018-01-30 15:10:15,670 INFO Training error = 0.002 Validation error = 0.052
2018-01-30 15:10:18,925 INFO EPOCH 30 - 186 sec ....3.6 min
2018-01-30 15:10:18,925 INFO Training error = 0.001 Validation error = 0.049
2018-01-30 15:10:22,181 INFO EPOCH 31 - 189 sec ....3.9 min
2018-01-30 15:10:22,182 INFO Training error = 0.002 Validation error = 0.049
2018-01-30 15:10:25,508 INFO EPOCH 32 - 192 sec ....3.12 min
2018-01-30 15:10:25,508 INFO Training error = 0.001 Validation error = 0.044
2018-01-30 15:10:28,774 INFO EPOCH 33 - 196 sec ....3.16 min
2018-01-30 15:10:28,774 INFO Training error = 0.003 Validation error = 0.054
2018-01-30 15:10:32,025 INFO EPOCH 34 - 199 sec ....3.19 min
2018-01-30 15:10:32,025 INFO Training error = 0.002 Validation error = 0.049
2018-01-30 15:10:35,279 INFO EPOCH 35 - 202 sec ....3.22 min
2018-01-30 15:10:35,279 INFO Training error = 0.001 Validation error = 0.046
2018-01-30 15:10:38,528 INFO EPOCH 36 - 205 sec ....3.25 min
2018-01-30 15:10:38,528 INFO Training error = 0.002 Validation error = 0.034
2018-01-30 15:10:41,814 INFO EPOCH 37 - 209 sec ....3.29 min
2018-01-30 15:10:41,814 INFO Training error = 0.001 Validation error = 0.036
2018-01-30 15:10:45,109 INFO EPOCH 38 - 212 sec ....3.32 min
2018-01-30 15:10:45,109 INFO Training error = 0.001 Validation error = 0.040
2018-01-30 15:10:48,384 INFO EPOCH 39 - 215 sec ....3.35 min
2018-01-30 15:10:48,384 INFO Training error = 0.001 Validation error = 0.048
2018-01-30 15:10:51,650 INFO EPOCH 40 - 218 sec ....3.38 min
2018-01-30 15:10:51,650 INFO Training error = 0.001 Validation error = 0.049
2018-01-30 15:10:54,805 INFO EPOCH 41 - 222 sec ....3.42 min
2018-01-30 15:10:54,805 INFO Training error = 0.002 Validation error = 0.044
2018-01-30 15:10:58,082 INFO EPOCH 42 - 225 sec ....3.45 min
2018-01-30 15:10:58,083 INFO Training error = 0.001 Validation error = 0.041
2018-01-30 15:11:01,406 INFO EPOCH 43 - 228 sec ....3.48 min
2018-01-30 15:11:01,406 INFO Training error = 0.001 Validation error = 0.041
2018-01-30 15:11:04,657 INFO EPOCH 44 - 231 sec ....3.51 min
2018-01-30 15:11:04,658 INFO Training error = 0.001 Validation error = 0.043
2018-01-30 15:11:07,929 INFO EPOCH 45 - 235 sec ....3.55 min
2018-01-30 15:11:07,929 INFO Training error = 0.001 Validation error = 0.044
2018-01-30 15:11:11,197 INFO EPOCH 46 - 238 sec ....3.58 min
2018-01-30 15:11:11,197 INFO Training error = 0.001 Validation error = 0.043
2018-01-30 15:11:14,568 INFO EPOCH 47 - 241 sec ....4.1 min
2018-01-30 15:11:14,568 INFO Training error = 0.002 Validation error = 0.052
2018-01-30 15:11:17,779 INFO EPOCH 48 - 245 sec ....4.5 min
2018-01-30 15:11:17,779 INFO Training error = 0.001 Validation error = 0.039
2018-01-30 15:11:21,066 INFO EPOCH 49 - 248 sec ....4.8 min
2018-01-30 15:11:21,066 INFO Training error = 0.001 Validation error = 0.043
2018-01-30 15:11:24,366 INFO EPOCH 50 - 251 sec ....4.11 min
2018-01-30 15:11:24,367 INFO Training error = 0.001 Validation error = 0.043
2018-01-30 15:11:27,719 INFO EPOCH 51 - 254 sec ....4.14 min
2018-01-30 15:11:27,719 INFO Training error = 0.001 Validation error = 0.041
2018-01-30 15:11:31,001 INFO EPOCH 52 - 258 sec ....4.18 min
2018-01-30 15:11:31,001 INFO Training error = 0.000 Validation error = 0.031
2018-01-30 15:11:34,312 INFO EPOCH 53 - 261 sec ....4.21 min
2018-01-30 15:11:34,312 INFO Training error = 0.000 Validation error = 0.035
2018-01-30 15:11:37,569 INFO EPOCH 54 - 264 sec ....4.24 min
2018-01-30 15:11:37,569 INFO Training error = 0.001 Validation error = 0.043
2018-01-30 15:11:40,828 INFO EPOCH 55 - 268 sec ....4.28 min
2018-01-30 15:11:40,828 INFO Training error = 0.000 Validation error = 0.043
2018-01-30 15:11:44,128 INFO EPOCH 56 - 271 sec ....4.31 min
2018-01-30 15:11:44,128 INFO Training error = 0.001 Validation error = 0.043
2018-01-30 15:11:47,416 INFO EPOCH 57 - 274 sec ....4.34 min
2018-01-30 15:11:47,416 INFO Training error = 0.000 Validation error = 0.038
2018-01-30 15:11:50,703 INFO EPOCH 58 - 277 sec ....4.37 min
2018-01-30 15:11:50,704 INFO Training error = 0.000 Validation error = 0.047
2018-01-30 15:11:53,962 INFO EPOCH 59 - 281 sec ....4.41 min
2018-01-30 15:11:53,962 INFO Training error = 0.000 Validation error = 0.039
2018-01-30 15:11:57,230 INFO EPOCH 60 - 284 sec ....4.44 min
2018-01-30 15:11:57,230 INFO Training error = 0.000 Validation error = 0.040
2018-01-30 15:12:00,563 INFO EPOCH 61 - 287 sec ....4.47 min
2018-01-30 15:12:00,563 INFO Training error = 0.000 Validation error = 0.043
2018-01-30 15:12:03,895 INFO EPOCH 62 - 291 sec ....4.51 min
2018-01-30 15:12:03,895 INFO Training error = 0.000 Validation error = 0.042
2018-01-30 15:12:07,189 INFO EPOCH 63 - 294 sec ....4.54 min
2018-01-30 15:12:07,189 INFO Training error = 0.000 Validation error = 0.038
2018-01-30 15:12:10,494 INFO EPOCH 64 - 297 sec ....4.57 min
2018-01-30 15:12:10,495 INFO Training error = 0.000 Validation error = 0.043
2018-01-30 15:12:13,794 INFO EPOCH 65 - 301 sec ....5.1 min
2018-01-30 15:12:13,795 INFO Training error = 0.000 Validation error = 0.041
2018-01-30 15:12:17,037 INFO EPOCH 66 - 304 sec ....5.4 min
2018-01-30 15:12:17,037 INFO Training error = 0.000 Validation error = 0.032
2018-01-30 15:12:20,289 INFO EPOCH 67 - 307 sec ....5.7 min
2018-01-30 15:12:20,289 INFO Training error = 0.000 Validation error = 0.036
2018-01-30 15:12:23,612 INFO EPOCH 68 - 310 sec ....5.10 min
2018-01-30 15:12:23,612 INFO Training error = 0.000 Validation error = 0.035
2018-01-30 15:12:26,858 INFO EPOCH 69 - 314 sec ....5.14 min
2018-01-30 15:12:26,859 INFO Training error = 0.000 Validation error = 0.036
2018-01-30 15:12:30,111 INFO EPOCH 70 - 317 sec ....5.17 min
2018-01-30 15:12:30,111 INFO Training error = 0.000 Validation error = 0.034
2018-01-30 15:12:33,408 INFO EPOCH 71 - 320 sec ....5.20 min
2018-01-30 15:12:33,408 INFO Training error = 0.000 Validation error = 0.039
2018-01-30 15:12:36,647 INFO EPOCH 72 - 323 sec ....5.23 min
2018-01-30 15:12:36,648 INFO Training error = 0.001 Validation error = 0.041
2018-01-30 15:12:39,898 INFO EPOCH 73 - 327 sec ....5.27 min
2018-01-30 15:12:39,899 INFO Training error = 0.000 Validation error = 0.034
2018-01-30 15:12:43,110 INFO EPOCH 74 - 330 sec ....5.30 min
2018-01-30 15:12:43,111 INFO Training error = 0.000 Validation error = 0.040
2018-01-30 15:12:46,364 INFO EPOCH 75 - 333 sec ....5.33 min
2018-01-30 15:12:46,364 INFO Training error = 0.000 Validation error = 0.040
2018-01-30 15:12:49,619 INFO EPOCH 76 - 336 sec ....5.36 min
2018-01-30 15:12:49,619 INFO Training error = 0.000 Validation error = 0.037
2018-01-30 15:12:52,948 INFO EPOCH 77 - 340 sec ....5.40 min
2018-01-30 15:12:52,949 INFO Training error = 0.000 Validation error = 0.046
2018-01-30 15:12:56,188 INFO EPOCH 78 - 343 sec ....5.43 min
2018-01-30 15:12:56,188 INFO Training error = 0.000 Validation error = 0.043
2018-01-30 15:12:59,366 INFO EPOCH 79 - 346 sec ....5.46 min
2018-01-30 15:12:59,366 INFO Training error = 0.000 Validation error = 0.034
2018-01-30 15:13:02,647 INFO EPOCH 80 - 349 sec ....5.49 min
2018-01-30 15:13:02,648 INFO Training error = 0.000 Validation error = 0.037
2018-01-30 15:13:02,695 INFO Restoring parameters from ./models/lenet
2018-01-30 15:13:02,723 INFO ACCURACY:
2018-01-30 15:13:03,644 INFO Accuracy Model On Training Images: 1.000
2018-01-30 15:13:03,757 INFO Accuracy Model On Validation Images: 0.963
2018-01-30 15:13:04,073 INFO Accuracy Model On Test Images: 0.944
