2018-02-07 09:46:32,046 INFO dataset used = 2018-02-06_1645_online_augm_blur
2018-02-07 09:46:33,809 INFO Number of training examples = 152100
2018-02-07 09:46:33,810 INFO Number of validation examples = 1290
2018-02-07 09:46:33,810 INFO Number of testing examples = 12569
2018-02-07 09:46:33,810 INFO Number of classes = 43

2018-02-07 09:46:33,854 INFO used net = LeNet-adv
2018-02-07 09:46:34,598 INFO Training... dropout = 0.3 , batch_size = 128 , learning rate = 0.001
2018-02-07 09:48:29,329 INFO EPOCH 1 - 115 sec ....1.55 min
2018-02-07 09:48:29,329 INFO Training error = 0.043 Validation error = 0.041
2018-02-07 09:50:21,360 INFO EPOCH 2 - 227 sec ....3.47 min
2018-02-07 09:50:21,360 INFO Training error = 0.016 Validation error = 0.040
2018-02-07 09:52:13,426 INFO EPOCH 3 - 339 sec ....5.39 min
2018-02-07 09:52:13,426 INFO Training error = 0.008 Validation error = 0.036
2018-02-07 09:54:05,907 INFO EPOCH 4 - 451 sec ....7.31 min
2018-02-07 09:54:05,908 INFO Training error = 0.007 Validation error = 0.030
2018-02-07 09:55:57,707 INFO EPOCH 5 - 563 sec ....9.23 min
2018-02-07 09:55:57,707 INFO Training error = 0.003 Validation error = 0.022
2018-02-07 09:57:49,440 INFO EPOCH 6 - 675 sec ....11.15 min
2018-02-07 09:57:49,440 INFO Training error = 0.004 Validation error = 0.028
2018-02-07 09:59:41,278 INFO EPOCH 7 - 787 sec ....13.7 min
2018-02-07 09:59:41,278 INFO Training error = 0.002 Validation error = 0.026
2018-02-07 10:01:33,465 INFO EPOCH 8 - 899 sec ....14.59 min
2018-02-07 10:01:33,465 INFO Training error = 0.001 Validation error = 0.047
2018-02-07 10:03:25,216 INFO EPOCH 9 - 1011 sec ....16.51 min
2018-02-07 10:03:25,216 INFO Training error = 0.001 Validation error = 0.029
2018-02-07 10:05:16,930 INFO EPOCH 10 - 1122 sec ....18.42 min
2018-02-07 10:05:16,930 INFO Training error = 0.002 Validation error = 0.028
2018-02-07 10:07:08,711 INFO EPOCH 11 - 1234 sec ....20.34 min
2018-02-07 10:07:08,711 INFO Training error = 0.001 Validation error = 0.034
2018-02-07 10:09:00,366 INFO EPOCH 12 - 1346 sec ....22.26 min
2018-02-07 10:09:00,366 INFO Training error = 0.001 Validation error = 0.032
2018-02-07 10:10:52,052 INFO EPOCH 13 - 1458 sec ....24.18 min
2018-02-07 10:10:52,052 INFO Training error = 0.001 Validation error = 0.035
2018-02-07 10:12:43,958 INFO EPOCH 14 - 1569 sec ....26.9 min
2018-02-07 10:12:43,958 INFO Training error = 0.001 Validation error = 0.021
2018-02-07 10:14:35,647 INFO EPOCH 15 - 1681 sec ....28.1 min
2018-02-07 10:14:35,647 INFO Training error = 0.002 Validation error = 0.036
2018-02-07 10:16:27,280 INFO EPOCH 16 - 1793 sec ....29.53 min
2018-02-07 10:16:27,280 INFO Training error = 0.001 Validation error = 0.025
2018-02-07 10:18:19,088 INFO EPOCH 17 - 1905 sec ....31.45 min
2018-02-07 10:18:19,088 INFO Training error = 0.000 Validation error = 0.016
2018-02-07 10:20:10,779 INFO EPOCH 18 - 2016 sec ....33.36 min
2018-02-07 10:20:10,780 INFO Training error = 0.001 Validation error = 0.026
2018-02-07 10:22:02,400 INFO EPOCH 19 - 2128 sec ....35.28 min
2018-02-07 10:22:02,400 INFO Training error = 0.001 Validation error = 0.023
2018-02-07 10:23:55,082 INFO EPOCH 20 - 2241 sec ....37.21 min
2018-02-07 10:23:55,083 INFO Training error = 0.000 Validation error = 0.028
2018-02-07 10:23:55,285 INFO Restoring parameters from ./models/lenet
2018-02-07 10:23:55,330 INFO ACCURACY:
2018-02-07 10:24:18,167 INFO Accuracy Model On Training Images: 1.000
2018-02-07 10:24:18,364 INFO Accuracy Model On Validation Images: 0.972
2018-02-07 10:24:20,294 INFO Accuracy Model On Test Images: 0.984
