2018-02-08 15:37:06,302 INFO dataset used = 2018-02-06_1645_online_augm_blur
2018-02-08 15:37:07,251 INFO Number of training examples = 152100
2018-02-08 15:37:07,251 INFO Number of validation examples = 1290
2018-02-08 15:37:07,252 INFO Number of testing examples = 12569
2018-02-08 15:37:07,252 INFO Number of classes = 43

2018-02-08 15:37:07,302 INFO used net = LeNet-adv
2018-02-08 15:38:31,534 INFO Training... dropout = 0.3 , batch_size = 128 , learning rate = 0.001
2018-02-08 15:40:35,682 INFO EPOCH 1 - 208 sec ....3.28 min
2018-02-08 15:40:35,682 INFO Training error = 0.1517 Validation error = 0.1147
2018-02-08 15:42:37,640 INFO EPOCH 2 - 330 sec ....5.30 min
2018-02-08 15:42:37,641 INFO Training error = 0.0606 Validation error = 0.0736
2018-02-08 15:44:39,225 INFO EPOCH 3 - 451 sec ....7.31 min
2018-02-08 15:44:39,227 INFO Training error = 0.0349 Validation error = 0.0574
2018-02-08 15:46:42,419 INFO EPOCH 4 - 574 sec ....9.34 min
2018-02-08 15:46:42,420 INFO Training error = 0.0261 Validation error = 0.0558
2018-02-08 15:48:47,493 INFO EPOCH 5 - 699 sec ....11.39 min
2018-02-08 15:48:47,494 INFO Training error = 0.0193 Validation error = 0.0403
2018-02-08 15:50:49,098 INFO EPOCH 6 - 821 sec ....13.41 min
2018-02-08 15:50:49,099 INFO Training error = 0.0155 Validation error = 0.0519
2018-02-08 15:52:52,202 INFO EPOCH 7 - 944 sec ....15.44 min
2018-02-08 15:52:52,203 INFO Training error = 0.0143 Validation error = 0.0465
2018-02-08 15:54:55,668 INFO EPOCH 8 - 1068 sec ....17.48 min
2018-02-08 15:54:55,669 INFO Training error = 0.0150 Validation error = 0.0419
2018-02-08 15:56:59,338 INFO EPOCH 9 - 1191 sec ....19.51 min
2018-02-08 15:56:59,338 INFO Training error = 0.0092 Validation error = 0.0419
2018-02-08 15:59:00,748 INFO EPOCH 10 - 1313 sec ....21.53 min
2018-02-08 15:59:00,748 INFO Training error = 0.0084 Validation error = 0.0349
2018-02-08 15:59:01,115 INFO Restoring parameters from ./models/2018-02-08_1537/lenet
2018-02-08 15:59:01,158 INFO ACCURACY:
2018-02-08 15:59:26,916 INFO Accuracy Model On Training Images: 0.9913
2018-02-08 15:59:27,140 INFO Accuracy Model On Validation Images: 0.9651
2018-02-08 15:59:29,293 INFO Accuracy Model On Test Images: 0.9805
