2018-01-21 22:49:23,318 INFO 	Number of training examples = 25350
2018-01-21 22:49:23,318 INFO 	Number of validation examples = 1290
2018-01-21 22:49:23,318 INFO 	Number of testing examples = 12569
2018-01-21 22:49:23,318 INFO Number of classes = 43
2018-01-21 22:49:24,776 INFO used net = LeNet
2018-01-21 22:50:48,979 INFO Training... dropout = 0.3 , batch_size = 128 , learning rate = 0.001
2018-01-21 22:50:53,350 INFO EPOCH 1 - 88 sec ....1.28 min
2018-01-21 22:50:53,351 INFO Training error = 0.654 Validation error = 0.834
2018-01-21 22:50:55,686 INFO EPOCH 2 - 90 sec ....1.30 min
2018-01-21 22:50:55,687 INFO Training error = 0.450 Validation error = 0.651
2018-01-21 22:50:57,994 INFO EPOCH 3 - 93 sec ....1.33 min
2018-01-21 22:50:57,994 INFO Training error = 0.350 Validation error = 0.514
2018-01-21 22:51:00,361 INFO EPOCH 4 - 95 sec ....1.35 min
2018-01-21 22:51:00,362 INFO Training error = 0.273 Validation error = 0.450
2018-01-21 22:51:02,707 INFO EPOCH 5 - 97 sec ....1.37 min
2018-01-21 22:51:02,707 INFO Training error = 0.231 Validation error = 0.412
2018-01-21 22:51:05,022 INFO EPOCH 6 - 100 sec ....1.40 min
2018-01-21 22:51:05,022 INFO Training error = 0.182 Validation error = 0.355
2018-01-21 22:51:07,360 INFO EPOCH 7 - 102 sec ....1.42 min
2018-01-21 22:51:07,360 INFO Training error = 0.150 Validation error = 0.304
2018-01-21 22:51:09,777 INFO EPOCH 8 - 104 sec ....1.44 min
2018-01-21 22:51:09,777 INFO Training error = 0.124 Validation error = 0.292
2018-01-21 22:51:12,111 INFO EPOCH 9 - 107 sec ....1.47 min
2018-01-21 22:51:12,111 INFO Training error = 0.096 Validation error = 0.238
2018-01-21 22:51:14,451 INFO EPOCH 10 - 109 sec ....1.49 min
2018-01-21 22:51:14,452 INFO Training error = 0.089 Validation error = 0.240
2018-01-21 22:51:16,855 INFO EPOCH 11 - 111 sec ....1.51 min
2018-01-21 22:51:16,856 INFO Training error = 0.082 Validation error = 0.252
2018-01-21 22:51:19,230 INFO EPOCH 12 - 114 sec ....1.54 min
2018-01-21 22:51:19,231 INFO Training error = 0.073 Validation error = 0.208
2018-01-21 22:51:21,584 INFO EPOCH 13 - 116 sec ....1.56 min
2018-01-21 22:51:21,584 INFO Training error = 0.067 Validation error = 0.216
2018-01-21 22:51:23,965 INFO EPOCH 14 - 118 sec ....1.58 min
2018-01-21 22:51:23,965 INFO Training error = 0.066 Validation error = 0.203
2018-01-21 22:51:26,310 INFO EPOCH 15 - 121 sec ....2.1 min
2018-01-21 22:51:26,310 INFO Training error = 0.049 Validation error = 0.202
2018-01-21 22:51:28,675 INFO EPOCH 16 - 123 sec ....2.3 min
2018-01-21 22:51:28,675 INFO Training error = 0.045 Validation error = 0.196
2018-01-21 22:51:31,091 INFO EPOCH 17 - 126 sec ....2.6 min
2018-01-21 22:51:31,091 INFO Training error = 0.043 Validation error = 0.198
2018-01-21 22:51:33,442 INFO EPOCH 18 - 128 sec ....2.8 min
2018-01-21 22:51:33,442 INFO Training error = 0.037 Validation error = 0.175
2018-01-21 22:51:35,789 INFO EPOCH 19 - 130 sec ....2.10 min
2018-01-21 22:51:35,789 INFO Training error = 0.041 Validation error = 0.181
2018-01-21 22:51:38,183 INFO EPOCH 20 - 133 sec ....2.13 min
2018-01-21 22:51:38,184 INFO Training error = 0.034 Validation error = 0.181
2018-01-21 22:51:40,556 INFO EPOCH 21 - 135 sec ....2.15 min
2018-01-21 22:51:40,557 INFO Training error = 0.026 Validation error = 0.162
2018-01-21 22:51:42,929 INFO EPOCH 22 - 137 sec ....2.17 min
2018-01-21 22:51:42,930 INFO Training error = 0.037 Validation error = 0.193
2018-01-21 22:51:45,307 INFO EPOCH 23 - 140 sec ....2.20 min
2018-01-21 22:51:45,307 INFO Training error = 0.025 Validation error = 0.173
2018-01-21 22:51:47,668 INFO EPOCH 24 - 142 sec ....2.22 min
2018-01-21 22:51:47,669 INFO Training error = 0.030 Validation error = 0.171
2018-01-21 22:51:50,043 INFO EPOCH 25 - 145 sec ....2.25 min
2018-01-21 22:51:50,043 INFO Training error = 0.019 Validation error = 0.178
2018-01-21 22:51:52,426 INFO EPOCH 26 - 147 sec ....2.27 min
2018-01-21 22:51:52,426 INFO Training error = 0.018 Validation error = 0.167
2018-01-21 22:51:54,783 INFO EPOCH 27 - 149 sec ....2.29 min
2018-01-21 22:51:54,783 INFO Training error = 0.022 Validation error = 0.171
2018-01-21 22:51:57,138 INFO EPOCH 28 - 152 sec ....2.32 min
2018-01-21 22:51:57,139 INFO Training error = 0.020 Validation error = 0.167
2018-01-21 22:51:59,531 INFO EPOCH 29 - 154 sec ....2.34 min
2018-01-21 22:51:59,532 INFO Training error = 0.021 Validation error = 0.160
2018-01-21 22:52:01,903 INFO EPOCH 30 - 156 sec ....2.36 min
2018-01-21 22:52:01,903 INFO Training error = 0.018 Validation error = 0.159
2018-01-21 22:52:04,213 INFO EPOCH 31 - 159 sec ....2.39 min
2018-01-21 22:52:04,213 INFO Training error = 0.012 Validation error = 0.159
2018-01-21 22:52:06,624 INFO EPOCH 32 - 161 sec ....2.41 min
2018-01-21 22:52:06,624 INFO Training error = 0.014 Validation error = 0.159
2018-01-21 22:52:08,977 INFO EPOCH 33 - 164 sec ....2.44 min
2018-01-21 22:52:08,977 INFO Training error = 0.011 Validation error = 0.148
2018-01-21 22:52:11,330 INFO EPOCH 34 - 166 sec ....2.46 min
2018-01-21 22:52:11,330 INFO Training error = 0.010 Validation error = 0.159
2018-01-21 22:52:13,745 INFO EPOCH 35 - 168 sec ....2.48 min
2018-01-21 22:52:13,746 INFO Training error = 0.016 Validation error = 0.164
2018-01-21 22:52:16,112 INFO EPOCH 36 - 171 sec ....2.51 min
2018-01-21 22:52:16,112 INFO Training error = 0.012 Validation error = 0.169
2018-01-21 22:52:18,466 INFO EPOCH 37 - 173 sec ....2.53 min
2018-01-21 22:52:18,467 INFO Training error = 0.013 Validation error = 0.157
2018-01-21 22:52:20,858 INFO EPOCH 38 - 175 sec ....2.55 min
2018-01-21 22:52:20,859 INFO Training error = 0.007 Validation error = 0.163
2018-01-21 22:52:23,208 INFO EPOCH 39 - 178 sec ....2.58 min
2018-01-21 22:52:23,209 INFO Training error = 0.017 Validation error = 0.158
2018-01-21 22:52:25,577 INFO EPOCH 40 - 180 sec ....3.0 min
2018-01-21 22:52:25,578 INFO Training error = 0.008 Validation error = 0.163
2018-01-21 22:52:27,947 INFO EPOCH 41 - 182 sec ....3.2 min
2018-01-21 22:52:27,947 INFO Training error = 0.013 Validation error = 0.153
2018-01-21 22:52:30,312 INFO EPOCH 42 - 185 sec ....3.5 min
2018-01-21 22:52:30,313 INFO Training error = 0.008 Validation error = 0.157
2018-01-21 22:52:32,683 INFO EPOCH 43 - 187 sec ....3.7 min
2018-01-21 22:52:32,683 INFO Training error = 0.006 Validation error = 0.147
2018-01-21 22:52:35,135 INFO EPOCH 44 - 190 sec ....3.10 min
2018-01-21 22:52:35,135 INFO Training error = 0.006 Validation error = 0.129
2018-01-21 22:52:37,480 INFO EPOCH 45 - 192 sec ....3.12 min
2018-01-21 22:52:37,480 INFO Training error = 0.012 Validation error = 0.151
2018-01-21 22:52:39,811 INFO EPOCH 46 - 194 sec ....3.14 min
2018-01-21 22:52:39,811 INFO Training error = 0.005 Validation error = 0.150
2018-01-21 22:52:42,213 INFO EPOCH 47 - 197 sec ....3.17 min
2018-01-21 22:52:42,213 INFO Training error = 0.006 Validation error = 0.143
2018-01-21 22:52:44,567 INFO EPOCH 48 - 199 sec ....3.19 min
2018-01-21 22:52:44,568 INFO Training error = 0.013 Validation error = 0.150
2018-01-21 22:52:46,942 INFO EPOCH 49 - 201 sec ....3.21 min
2018-01-21 22:52:46,942 INFO Training error = 0.005 Validation error = 0.153
2018-01-21 22:52:49,342 INFO EPOCH 50 - 204 sec ....3.24 min
2018-01-21 22:52:49,342 INFO Training error = 0.008 Validation error = 0.140
2018-01-21 22:52:51,710 INFO EPOCH 51 - 206 sec ....3.26 min
2018-01-21 22:52:51,710 INFO Training error = 0.005 Validation error = 0.160
2018-01-21 22:52:54,088 INFO EPOCH 52 - 209 sec ....3.29 min
2018-01-21 22:52:54,088 INFO Training error = 0.008 Validation error = 0.134
2018-01-21 22:52:56,494 INFO EPOCH 53 - 211 sec ....3.31 min
2018-01-21 22:52:56,494 INFO Training error = 0.004 Validation error = 0.132
2018-01-21 22:52:58,854 INFO EPOCH 54 - 213 sec ....3.33 min
2018-01-21 22:52:58,854 INFO Training error = 0.006 Validation error = 0.135
2018-01-21 22:53:01,203 INFO EPOCH 55 - 216 sec ....3.36 min
2018-01-21 22:53:01,203 INFO Training error = 0.004 Validation error = 0.164
2018-01-21 22:53:03,593 INFO EPOCH 56 - 218 sec ....3.38 min
2018-01-21 22:53:03,593 INFO Training error = 0.006 Validation error = 0.133
2018-01-21 22:53:05,929 INFO EPOCH 57 - 220 sec ....3.40 min
2018-01-21 22:53:05,929 INFO Training error = 0.002 Validation error = 0.129
2018-01-21 22:53:08,302 INFO EPOCH 58 - 223 sec ....3.43 min
2018-01-21 22:53:08,302 INFO Training error = 0.006 Validation error = 0.141
2018-01-21 22:53:10,694 INFO EPOCH 59 - 225 sec ....3.45 min
2018-01-21 22:53:10,694 INFO Training error = 0.004 Validation error = 0.132
2018-01-21 22:53:13,077 INFO EPOCH 60 - 228 sec ....3.48 min
2018-01-21 22:53:13,078 INFO Training error = 0.003 Validation error = 0.134
2018-01-21 22:53:15,435 INFO EPOCH 61 - 230 sec ....3.50 min
2018-01-21 22:53:15,436 INFO Training error = 0.006 Validation error = 0.141
2018-01-21 22:53:17,832 INFO EPOCH 62 - 232 sec ....3.52 min
2018-01-21 22:53:17,833 INFO Training error = 0.003 Validation error = 0.147
2018-01-21 22:53:20,185 INFO EPOCH 63 - 235 sec ....3.55 min
2018-01-21 22:53:20,186 INFO Training error = 0.006 Validation error = 0.136
2018-01-21 22:53:22,561 INFO EPOCH 64 - 237 sec ....3.57 min
2018-01-21 22:53:22,561 INFO Training error = 0.002 Validation error = 0.129
2018-01-21 22:53:24,931 INFO EPOCH 65 - 239 sec ....3.59 min
2018-01-21 22:53:24,932 INFO Training error = 0.003 Validation error = 0.138
2018-01-21 22:53:27,293 INFO EPOCH 66 - 242 sec ....4.2 min
2018-01-21 22:53:27,293 INFO Training error = 0.007 Validation error = 0.141
2018-01-21 22:53:29,647 INFO EPOCH 67 - 244 sec ....4.4 min
2018-01-21 22:53:29,647 INFO Training error = 0.004 Validation error = 0.130
2018-01-21 22:53:32,047 INFO EPOCH 68 - 247 sec ....4.7 min
2018-01-21 22:53:32,047 INFO Training error = 0.006 Validation error = 0.143
2018-01-21 22:53:34,420 INFO EPOCH 69 - 249 sec ....4.9 min
2018-01-21 22:53:34,421 INFO Training error = 0.004 Validation error = 0.152
2018-01-21 22:53:36,777 INFO EPOCH 70 - 251 sec ....4.11 min
2018-01-21 22:53:36,778 INFO Training error = 0.004 Validation error = 0.126
2018-01-21 22:53:39,149 INFO EPOCH 71 - 254 sec ....4.14 min
2018-01-21 22:53:39,149 INFO Training error = 0.003 Validation error = 0.129
2018-01-21 22:53:41,515 INFO EPOCH 72 - 256 sec ....4.16 min
2018-01-21 22:53:41,515 INFO Training error = 0.003 Validation error = 0.127
2018-01-21 22:53:43,867 INFO EPOCH 73 - 258 sec ....4.18 min
2018-01-21 22:53:43,867 INFO Training error = 0.002 Validation error = 0.141
2018-01-21 22:53:46,267 INFO EPOCH 74 - 261 sec ....4.21 min
2018-01-21 22:53:46,267 INFO Training error = 0.002 Validation error = 0.138
2018-01-21 22:53:48,628 INFO EPOCH 75 - 263 sec ....4.23 min
2018-01-21 22:53:48,628 INFO Training error = 0.002 Validation error = 0.134
2018-01-21 22:53:51,000 INFO EPOCH 76 - 266 sec ....4.26 min
2018-01-21 22:53:51,001 INFO Training error = 0.002 Validation error = 0.143
2018-01-21 22:53:53,394 INFO EPOCH 77 - 268 sec ....4.28 min
2018-01-21 22:53:53,394 INFO Training error = 0.003 Validation error = 0.126
2018-01-21 22:53:55,760 INFO EPOCH 78 - 270 sec ....4.30 min
2018-01-21 22:53:55,761 INFO Training error = 0.002 Validation error = 0.127
2018-01-21 22:53:58,111 INFO EPOCH 79 - 273 sec ....4.33 min
2018-01-21 22:53:58,112 INFO Training error = 0.003 Validation error = 0.137
2018-01-21 22:54:00,508 INFO EPOCH 80 - 275 sec ....4.35 min
2018-01-21 22:54:00,508 INFO Training error = 0.003 Validation error = 0.147
2018-01-21 22:54:00,560 INFO Restoring parameters from ./models/lenet
2018-01-21 22:54:00,589 INFO ACCURACY:
2018-01-21 22:54:01,280 INFO Accuracy Model On Training Images: 0.997
2018-01-21 22:54:01,317 INFO Accuracy Model On Validation Images: 0.853
2018-01-21 22:54:01,656 INFO Accuracy Model On Test Images: 0.915
