2018-01-15 17:36:54,618 INFO 	Number of training examples = 34799
2018-01-15 17:36:54,618 INFO 	Number of validation examples = 4410
2018-01-15 17:36:54,618 INFO 	Number of testing examples = 12630
2018-01-15 17:36:54,618 INFO Number of classes = 43
2018-01-15 17:36:56,614 INFO used net = LeNet
2018-01-15 17:38:23,825 INFO Training... dropout = 0.3 , batch_size = 128 , learning rate = 0.001
2018-01-15 17:38:29,262 INFO EPOCH 1 - 92 sec ...
2018-01-15 17:38:29,262 INFO Training error = 0.520 Validation error = 0.556
2018-01-15 17:38:32,620 INFO EPOCH 2 - 95 sec ...
2018-01-15 17:38:32,620 INFO Training error = 0.295 Validation error = 0.322
2018-01-15 17:38:36,023 INFO EPOCH 3 - 99 sec ...
2018-01-15 17:38:36,023 INFO Training error = 0.209 Validation error = 0.245
2018-01-15 17:38:39,405 INFO EPOCH 4 - 102 sec ...
2018-01-15 17:38:39,405 INFO Training error = 0.157 Validation error = 0.198
2018-01-15 17:38:42,748 INFO EPOCH 5 - 105 sec ...
2018-01-15 17:38:42,748 INFO Training error = 0.116 Validation error = 0.168
2018-01-15 17:38:46,084 INFO EPOCH 6 - 109 sec ...
2018-01-15 17:38:46,084 INFO Training error = 0.108 Validation error = 0.163
2018-01-15 17:38:49,430 INFO EPOCH 7 - 112 sec ...
2018-01-15 17:38:49,430 INFO Training error = 0.079 Validation error = 0.138
2018-01-15 17:38:52,828 INFO EPOCH 8 - 115 sec ...
2018-01-15 17:38:52,828 INFO Training error = 0.068 Validation error = 0.116
2018-01-15 17:38:56,158 INFO EPOCH 9 - 119 sec ...
2018-01-15 17:38:56,158 INFO Training error = 0.058 Validation error = 0.124
2018-01-15 17:38:59,519 INFO EPOCH 10 - 122 sec ...
2018-01-15 17:38:59,519 INFO Training error = 0.052 Validation error = 0.108
2018-01-15 17:39:02,955 INFO EPOCH 11 - 126 sec ...
2018-01-15 17:39:02,955 INFO Training error = 0.041 Validation error = 0.098
2018-01-15 17:39:06,335 INFO EPOCH 12 - 129 sec ...
2018-01-15 17:39:06,335 INFO Training error = 0.039 Validation error = 0.105
2018-01-15 17:39:09,727 INFO EPOCH 13 - 132 sec ...
2018-01-15 17:39:09,727 INFO Training error = 0.035 Validation error = 0.101
2018-01-15 17:39:13,133 INFO EPOCH 14 - 136 sec ...
2018-01-15 17:39:13,133 INFO Training error = 0.030 Validation error = 0.098
2018-01-15 17:39:16,485 INFO EPOCH 15 - 139 sec ...
2018-01-15 17:39:16,485 INFO Training error = 0.027 Validation error = 0.094
2018-01-15 17:39:19,952 INFO EPOCH 16 - 143 sec ...
2018-01-15 17:39:19,952 INFO Training error = 0.029 Validation error = 0.097
2018-01-15 17:39:23,254 INFO EPOCH 17 - 146 sec ...
2018-01-15 17:39:23,254 INFO Training error = 0.023 Validation error = 0.088
2018-01-15 17:39:26,557 INFO EPOCH 18 - 149 sec ...
2018-01-15 17:39:26,557 INFO Training error = 0.022 Validation error = 0.094
2018-01-15 17:39:29,851 INFO EPOCH 19 - 153 sec ...
2018-01-15 17:39:29,851 INFO Training error = 0.022 Validation error = 0.086
2018-01-15 17:39:33,147 INFO EPOCH 20 - 156 sec ...
2018-01-15 17:39:33,147 INFO Training error = 0.016 Validation error = 0.083
2018-01-15 17:39:36,417 INFO EPOCH 21 - 159 sec ...
2018-01-15 17:39:36,418 INFO Training error = 0.020 Validation error = 0.078
2018-01-15 17:39:39,692 INFO EPOCH 22 - 162 sec ...
2018-01-15 17:39:39,693 INFO Training error = 0.015 Validation error = 0.079
2018-01-15 17:39:42,996 INFO EPOCH 23 - 166 sec ...
2018-01-15 17:39:42,997 INFO Training error = 0.014 Validation error = 0.076
2018-01-15 17:39:46,292 INFO EPOCH 24 - 169 sec ...
2018-01-15 17:39:46,293 INFO Training error = 0.014 Validation error = 0.071
2018-01-15 17:39:49,581 INFO EPOCH 25 - 172 sec ...
2018-01-15 17:39:49,582 INFO Training error = 0.015 Validation error = 0.082
2018-01-15 17:39:52,926 INFO EPOCH 26 - 176 sec ...
2018-01-15 17:39:52,926 INFO Training error = 0.013 Validation error = 0.078
2018-01-15 17:39:56,223 INFO EPOCH 27 - 179 sec ...
2018-01-15 17:39:56,223 INFO Training error = 0.014 Validation error = 0.077
2018-01-15 17:39:59,593 INFO EPOCH 28 - 182 sec ...
2018-01-15 17:39:59,593 INFO Training error = 0.010 Validation error = 0.075
2018-01-15 17:40:02,897 INFO EPOCH 29 - 186 sec ...
2018-01-15 17:40:02,898 INFO Training error = 0.009 Validation error = 0.069
2018-01-15 17:40:06,189 INFO EPOCH 30 - 189 sec ...
2018-01-15 17:40:06,189 INFO Training error = 0.011 Validation error = 0.074
2018-01-15 17:40:09,397 INFO EPOCH 31 - 192 sec ...
2018-01-15 17:40:09,397 INFO Training error = 0.009 Validation error = 0.071
2018-01-15 17:40:12,736 INFO EPOCH 32 - 195 sec ...
2018-01-15 17:40:12,737 INFO Training error = 0.014 Validation error = 0.078
2018-01-15 17:40:16,041 INFO EPOCH 33 - 199 sec ...
2018-01-15 17:40:16,041 INFO Training error = 0.008 Validation error = 0.072
2018-01-15 17:40:19,310 INFO EPOCH 34 - 202 sec ...
2018-01-15 17:40:19,310 INFO Training error = 0.006 Validation error = 0.065
2018-01-15 17:40:22,746 INFO EPOCH 35 - 205 sec ...
2018-01-15 17:40:22,746 INFO Training error = 0.007 Validation error = 0.066
2018-01-15 17:40:25,987 INFO EPOCH 36 - 209 sec ...
2018-01-15 17:40:25,987 INFO Training error = 0.007 Validation error = 0.064
2018-01-15 17:40:29,460 INFO EPOCH 37 - 212 sec ...
2018-01-15 17:40:29,460 INFO Training error = 0.007 Validation error = 0.062
2018-01-15 17:40:32,888 INFO EPOCH 38 - 216 sec ...
2018-01-15 17:40:32,888 INFO Training error = 0.011 Validation error = 0.077
2018-01-15 17:40:36,160 INFO EPOCH 39 - 219 sec ...
2018-01-15 17:40:36,161 INFO Training error = 0.009 Validation error = 0.069
2018-01-15 17:40:39,472 INFO EPOCH 40 - 222 sec ...
2018-01-15 17:40:39,473 INFO Training error = 0.008 Validation error = 0.072
2018-01-15 17:40:42,885 INFO EPOCH 41 - 226 sec ...
2018-01-15 17:40:42,885 INFO Training error = 0.008 Validation error = 0.067
2018-01-15 17:40:46,227 INFO EPOCH 42 - 229 sec ...
2018-01-15 17:40:46,227 INFO Training error = 0.007 Validation error = 0.070
2018-01-15 17:40:49,641 INFO EPOCH 43 - 232 sec ...
2018-01-15 17:40:49,642 INFO Training error = 0.013 Validation error = 0.069
2018-01-15 17:40:52,980 INFO EPOCH 44 - 236 sec ...
2018-01-15 17:40:52,981 INFO Training error = 0.008 Validation error = 0.070
2018-01-15 17:40:56,220 INFO EPOCH 45 - 239 sec ...
2018-01-15 17:40:56,220 INFO Training error = 0.006 Validation error = 0.068
2018-01-15 17:40:59,586 INFO EPOCH 46 - 242 sec ...
2018-01-15 17:40:59,586 INFO Training error = 0.009 Validation error = 0.075
2018-01-15 17:41:03,007 INFO EPOCH 47 - 246 sec ...
2018-01-15 17:41:03,007 INFO Training error = 0.007 Validation error = 0.070
2018-01-15 17:41:06,284 INFO EPOCH 48 - 249 sec ...
2018-01-15 17:41:06,284 INFO Training error = 0.007 Validation error = 0.073
2018-01-15 17:41:09,608 INFO EPOCH 49 - 252 sec ...
2018-01-15 17:41:09,608 INFO Training error = 0.006 Validation error = 0.069
2018-01-15 17:41:12,962 INFO EPOCH 50 - 256 sec ...
2018-01-15 17:41:12,963 INFO Training error = 0.004 Validation error = 0.067
2018-01-15 17:41:16,183 INFO EPOCH 51 - 259 sec ...
2018-01-15 17:41:16,183 INFO Training error = 0.005 Validation error = 0.066
2018-01-15 17:41:19,509 INFO EPOCH 52 - 262 sec ...
2018-01-15 17:41:19,510 INFO Training error = 0.004 Validation error = 0.063
2018-01-15 17:41:22,960 INFO EPOCH 53 - 266 sec ...
2018-01-15 17:41:22,960 INFO Training error = 0.004 Validation error = 0.060
2018-01-15 17:41:26,346 INFO EPOCH 54 - 269 sec ...
2018-01-15 17:41:26,346 INFO Training error = 0.011 Validation error = 0.078
2018-01-15 17:41:29,670 INFO EPOCH 55 - 272 sec ...
2018-01-15 17:41:29,671 INFO Training error = 0.003 Validation error = 0.060
2018-01-15 17:41:33,032 INFO EPOCH 56 - 276 sec ...
2018-01-15 17:41:33,032 INFO Training error = 0.006 Validation error = 0.068
2018-01-15 17:41:36,336 INFO EPOCH 57 - 279 sec ...
2018-01-15 17:41:36,336 INFO Training error = 0.012 Validation error = 0.085
2018-01-15 17:41:39,829 INFO EPOCH 58 - 282 sec ...
2018-01-15 17:41:39,830 INFO Training error = 0.005 Validation error = 0.068
2018-01-15 17:41:43,350 INFO EPOCH 59 - 286 sec ...
2018-01-15 17:41:43,350 INFO Training error = 0.004 Validation error = 0.062
2018-01-15 17:41:46,774 INFO EPOCH 60 - 289 sec ...
2018-01-15 17:41:46,774 INFO Training error = 0.007 Validation error = 0.065
2018-01-15 17:41:50,272 INFO EPOCH 61 - 293 sec ...
2018-01-15 17:41:50,272 INFO Training error = 0.003 Validation error = 0.054
2018-01-15 17:41:53,707 INFO EPOCH 62 - 296 sec ...
2018-01-15 17:41:53,708 INFO Training error = 0.003 Validation error = 0.059
2018-01-15 17:41:57,070 INFO EPOCH 63 - 300 sec ...
2018-01-15 17:41:57,070 INFO Training error = 0.003 Validation error = 0.063
2018-01-15 17:42:00,440 INFO EPOCH 64 - 303 sec ...
2018-01-15 17:42:00,441 INFO Training error = 0.007 Validation error = 0.070
2018-01-15 17:42:03,856 INFO EPOCH 65 - 307 sec ...
2018-01-15 17:42:03,856 INFO Training error = 0.003 Validation error = 0.061
2018-01-15 17:42:07,224 INFO EPOCH 66 - 310 sec ...
2018-01-15 17:42:07,224 INFO Training error = 0.003 Validation error = 0.057
2018-01-15 17:42:10,567 INFO EPOCH 67 - 313 sec ...
2018-01-15 17:42:10,568 INFO Training error = 0.005 Validation error = 0.062
2018-01-15 17:42:13,939 INFO EPOCH 68 - 317 sec ...
2018-01-15 17:42:13,939 INFO Training error = 0.002 Validation error = 0.060
2018-01-15 17:42:17,246 INFO EPOCH 69 - 320 sec ...
2018-01-15 17:42:17,246 INFO Training error = 0.004 Validation error = 0.066
2018-01-15 17:42:20,850 INFO EPOCH 70 - 324 sec ...
2018-01-15 17:42:20,850 INFO Training error = 0.002 Validation error = 0.061
2018-01-15 17:42:24,298 INFO EPOCH 71 - 327 sec ...
2018-01-15 17:42:24,298 INFO Training error = 0.003 Validation error = 0.056
2018-01-15 17:42:27,725 INFO EPOCH 72 - 330 sec ...
2018-01-15 17:42:27,725 INFO Training error = 0.012 Validation error = 0.078
2018-01-15 17:42:31,097 INFO EPOCH 73 - 334 sec ...
2018-01-15 17:42:31,097 INFO Training error = 0.004 Validation error = 0.058
2018-01-15 17:42:34,531 INFO EPOCH 74 - 337 sec ...
2018-01-15 17:42:34,531 INFO Training error = 0.003 Validation error = 0.061
2018-01-15 17:42:37,920 INFO EPOCH 75 - 341 sec ...
2018-01-15 17:42:37,920 INFO Training error = 0.004 Validation error = 0.061
2018-01-15 17:42:41,287 INFO EPOCH 76 - 344 sec ...
2018-01-15 17:42:41,288 INFO Training error = 0.004 Validation error = 0.056
2018-01-15 17:42:44,688 INFO EPOCH 77 - 347 sec ...
2018-01-15 17:42:44,688 INFO Training error = 0.002 Validation error = 0.064
2018-01-15 17:42:48,048 INFO EPOCH 78 - 351 sec ...
2018-01-15 17:42:48,049 INFO Training error = 0.005 Validation error = 0.064
2018-01-15 17:42:51,430 INFO EPOCH 79 - 354 sec ...
2018-01-15 17:42:51,430 INFO Training error = 0.005 Validation error = 0.063
2018-01-15 17:42:54,859 INFO EPOCH 80 - 358 sec ...
2018-01-15 17:42:54,860 INFO Training error = 0.004 Validation error = 0.058
2018-01-15 17:42:58,225 INFO EPOCH 81 - 361 sec ...
2018-01-15 17:42:58,226 INFO Training error = 0.003 Validation error = 0.061
2018-01-15 17:43:01,587 INFO EPOCH 82 - 364 sec ...
2018-01-15 17:43:01,587 INFO Training error = 0.002 Validation error = 0.056
2018-01-15 17:43:05,045 INFO EPOCH 83 - 368 sec ...
2018-01-15 17:43:05,045 INFO Training error = 0.002 Validation error = 0.061
2018-01-15 17:43:08,434 INFO EPOCH 84 - 371 sec ...
2018-01-15 17:43:08,435 INFO Training error = 0.002 Validation error = 0.059
2018-01-15 17:43:11,839 INFO EPOCH 85 - 374 sec ...
2018-01-15 17:43:11,839 INFO Training error = 0.003 Validation error = 0.056
2018-01-15 17:43:15,277 INFO EPOCH 86 - 378 sec ...
2018-01-15 17:43:15,277 INFO Training error = 0.003 Validation error = 0.053
2018-01-15 17:43:18,679 INFO EPOCH 87 - 381 sec ...
2018-01-15 17:43:18,679 INFO Training error = 0.003 Validation error = 0.056
2018-01-15 17:43:22,058 INFO EPOCH 88 - 385 sec ...
2018-01-15 17:43:22,059 INFO Training error = 0.009 Validation error = 0.071
2018-01-15 17:43:25,439 INFO EPOCH 89 - 388 sec ...
2018-01-15 17:43:25,439 INFO Training error = 0.004 Validation error = 0.063
2018-01-15 17:43:28,820 INFO EPOCH 90 - 391 sec ...
2018-01-15 17:43:28,820 INFO Training error = 0.002 Validation error = 0.053
2018-01-15 17:43:32,203 INFO EPOCH 91 - 395 sec ...
2018-01-15 17:43:32,203 INFO Training error = 0.005 Validation error = 0.066
2018-01-15 17:43:35,660 INFO EPOCH 92 - 398 sec ...
2018-01-15 17:43:35,660 INFO Training error = 0.003 Validation error = 0.056
2018-01-15 17:43:39,065 INFO EPOCH 93 - 402 sec ...
2018-01-15 17:43:39,065 INFO Training error = 0.001 Validation error = 0.059
2018-01-15 17:43:42,459 INFO EPOCH 94 - 405 sec ...
2018-01-15 17:43:42,459 INFO Training error = 0.002 Validation error = 0.054
2018-01-15 17:43:45,901 INFO EPOCH 95 - 409 sec ...
2018-01-15 17:43:45,901 INFO Training error = 0.002 Validation error = 0.057
2018-01-15 17:43:49,311 INFO EPOCH 96 - 412 sec ...
2018-01-15 17:43:49,311 INFO Training error = 0.001 Validation error = 0.056
2018-01-15 17:43:52,741 INFO EPOCH 97 - 415 sec ...
2018-01-15 17:43:52,742 INFO Training error = 0.002 Validation error = 0.057
2018-01-15 17:43:56,165 INFO EPOCH 98 - 419 sec ...
2018-01-15 17:43:56,165 INFO Training error = 0.003 Validation error = 0.056
2018-01-15 17:43:59,532 INFO EPOCH 99 - 422 sec ...
2018-01-15 17:43:59,533 INFO Training error = 0.003 Validation error = 0.063
2018-01-15 17:44:02,898 INFO EPOCH 100 - 426 sec ...
2018-01-15 17:44:02,899 INFO Training error = 0.001 Validation error = 0.051
2018-01-15 17:44:06,304 INFO EPOCH 101 - 429 sec ...
2018-01-15 17:44:06,305 INFO Training error = 0.002 Validation error = 0.052
2018-01-15 17:44:09,690 INFO EPOCH 102 - 432 sec ...
2018-01-15 17:44:09,691 INFO Training error = 0.004 Validation error = 0.067
2018-01-15 17:44:13,064 INFO EPOCH 103 - 436 sec ...
2018-01-15 17:44:13,064 INFO Training error = 0.012 Validation error = 0.071
2018-01-15 17:44:16,472 INFO EPOCH 104 - 439 sec ...
2018-01-15 17:44:16,472 INFO Training error = 0.002 Validation error = 0.050
2018-01-15 17:44:19,863 INFO EPOCH 105 - 443 sec ...
2018-01-15 17:44:19,863 INFO Training error = 0.001 Validation error = 0.054
2018-01-15 17:44:23,209 INFO EPOCH 106 - 446 sec ...
2018-01-15 17:44:23,209 INFO Training error = 0.002 Validation error = 0.056
2018-01-15 17:44:26,613 INFO EPOCH 107 - 449 sec ...
2018-01-15 17:44:26,614 INFO Training error = 0.002 Validation error = 0.050
2018-01-15 17:44:29,976 INFO EPOCH 108 - 453 sec ...
2018-01-15 17:44:29,977 INFO Training error = 0.001 Validation error = 0.054
2018-01-15 17:44:33,351 INFO EPOCH 109 - 456 sec ...
2018-01-15 17:44:33,351 INFO Training error = 0.003 Validation error = 0.060
2018-01-15 17:44:36,812 INFO EPOCH 110 - 459 sec ...
2018-01-15 17:44:36,812 INFO Training error = 0.001 Validation error = 0.051
2018-01-15 17:44:40,166 INFO EPOCH 111 - 463 sec ...
2018-01-15 17:44:40,167 INFO Training error = 0.001 Validation error = 0.055
2018-01-15 17:44:43,611 INFO EPOCH 112 - 466 sec ...
2018-01-15 17:44:43,611 INFO Training error = 0.001 Validation error = 0.057
2018-01-15 17:44:46,935 INFO EPOCH 113 - 470 sec ...
2018-01-15 17:44:46,935 INFO Training error = 0.005 Validation error = 0.056
2018-01-15 17:44:50,035 INFO EPOCH 114 - 473 sec ...
2018-01-15 17:44:50,035 INFO Training error = 0.002 Validation error = 0.054
2018-01-15 17:44:53,158 INFO EPOCH 115 - 476 sec ...
2018-01-15 17:44:53,158 INFO Training error = 0.003 Validation error = 0.054
2018-01-15 17:44:56,474 INFO EPOCH 116 - 479 sec ...
2018-01-15 17:44:56,474 INFO Training error = 0.001 Validation error = 0.058
2018-01-15 17:44:59,776 INFO EPOCH 117 - 482 sec ...
2018-01-15 17:44:59,777 INFO Training error = 0.003 Validation error = 0.063
2018-01-15 17:45:03,043 INFO EPOCH 118 - 486 sec ...
2018-01-15 17:45:03,043 INFO Training error = 0.002 Validation error = 0.061
2018-01-15 17:45:06,276 INFO EPOCH 119 - 489 sec ...
2018-01-15 17:45:06,276 INFO Training error = 0.003 Validation error = 0.060
2018-01-15 17:45:09,599 INFO EPOCH 120 - 492 sec ...
2018-01-15 17:45:09,599 INFO Training error = 0.003 Validation error = 0.062
2018-01-15 17:45:12,862 INFO EPOCH 121 - 496 sec ...
2018-01-15 17:45:12,863 INFO Training error = 0.002 Validation error = 0.060
2018-01-15 17:45:16,269 INFO EPOCH 122 - 499 sec ...
2018-01-15 17:45:16,269 INFO Training error = 0.004 Validation error = 0.064
2018-01-15 17:45:19,545 INFO EPOCH 123 - 502 sec ...
2018-01-15 17:45:19,545 INFO Training error = 0.002 Validation error = 0.053
2018-01-15 17:45:22,831 INFO EPOCH 124 - 505 sec ...
2018-01-15 17:45:22,832 INFO Training error = 0.002 Validation error = 0.056
2018-01-15 17:45:26,142 INFO EPOCH 125 - 509 sec ...
2018-01-15 17:45:26,142 INFO Training error = 0.001 Validation error = 0.053
2018-01-15 17:45:29,430 INFO EPOCH 126 - 512 sec ...
2018-01-15 17:45:29,431 INFO Training error = 0.002 Validation error = 0.050
2018-01-15 17:45:32,783 INFO EPOCH 127 - 515 sec ...
2018-01-15 17:45:32,783 INFO Training error = 0.002 Validation error = 0.054
2018-01-15 17:45:36,261 INFO EPOCH 128 - 519 sec ...
2018-01-15 17:45:36,261 INFO Training error = 0.001 Validation error = 0.057
2018-01-15 17:45:39,585 INFO EPOCH 129 - 522 sec ...
2018-01-15 17:45:39,585 INFO Training error = 0.002 Validation error = 0.060
2018-01-15 17:45:42,807 INFO EPOCH 130 - 525 sec ...
2018-01-15 17:45:42,807 INFO Training error = 0.001 Validation error = 0.056
2018-01-15 17:45:46,206 INFO EPOCH 131 - 529 sec ...
2018-01-15 17:45:46,206 INFO Training error = 0.002 Validation error = 0.052
2018-01-15 17:45:49,497 INFO EPOCH 132 - 532 sec ...
2018-01-15 17:45:49,498 INFO Training error = 0.002 Validation error = 0.053
2018-01-15 17:45:52,737 INFO EPOCH 133 - 535 sec ...
2018-01-15 17:45:52,737 INFO Training error = 0.002 Validation error = 0.054
2018-01-15 17:45:56,041 INFO EPOCH 134 - 539 sec ...
2018-01-15 17:45:56,042 INFO Training error = 0.005 Validation error = 0.065
2018-01-15 17:45:59,382 INFO EPOCH 135 - 542 sec ...
2018-01-15 17:45:59,382 INFO Training error = 0.002 Validation error = 0.061
2018-01-15 17:46:02,691 INFO EPOCH 136 - 545 sec ...
2018-01-15 17:46:02,691 INFO Training error = 0.001 Validation error = 0.054
2018-01-15 17:46:05,765 INFO EPOCH 137 - 548 sec ...
2018-01-15 17:46:05,765 INFO Training error = 0.001 Validation error = 0.050
2018-01-15 17:46:08,754 INFO EPOCH 138 - 551 sec ...
2018-01-15 17:46:08,754 INFO Training error = 0.001 Validation error = 0.052
2018-01-15 17:46:11,786 INFO EPOCH 139 - 554 sec ...
2018-01-15 17:46:11,786 INFO Training error = 0.003 Validation error = 0.058
2018-01-15 17:46:14,723 INFO EPOCH 140 - 557 sec ...
2018-01-15 17:46:14,723 INFO Training error = 0.003 Validation error = 0.058
2018-01-15 17:46:17,731 INFO EPOCH 141 - 560 sec ...
2018-01-15 17:46:17,731 INFO Training error = 0.005 Validation error = 0.062
2018-01-15 17:46:20,944 INFO EPOCH 142 - 564 sec ...
2018-01-15 17:46:20,945 INFO Training error = 0.005 Validation error = 0.058
2018-01-15 17:46:24,221 INFO EPOCH 143 - 567 sec ...
2018-01-15 17:46:24,221 INFO Training error = 0.003 Validation error = 0.051
2018-01-15 17:46:27,449 INFO EPOCH 144 - 570 sec ...
2018-01-15 17:46:27,449 INFO Training error = 0.002 Validation error = 0.059
2018-01-15 17:46:30,677 INFO EPOCH 145 - 573 sec ...
2018-01-15 17:46:30,677 INFO Training error = 0.004 Validation error = 0.060
2018-01-15 17:46:33,939 INFO EPOCH 146 - 577 sec ...
2018-01-15 17:46:33,939 INFO Training error = 0.001 Validation error = 0.052
2018-01-15 17:46:37,074 INFO EPOCH 147 - 580 sec ...
2018-01-15 17:46:37,075 INFO Training error = 0.001 Validation error = 0.053
2018-01-15 17:46:40,246 INFO EPOCH 148 - 583 sec ...
2018-01-15 17:46:40,247 INFO Training error = 0.001 Validation error = 0.051
2018-01-15 17:46:43,458 INFO EPOCH 149 - 586 sec ...
2018-01-15 17:46:43,458 INFO Training error = 0.004 Validation error = 0.051
2018-01-15 17:46:46,607 INFO EPOCH 150 - 589 sec ...
2018-01-15 17:46:46,608 INFO Training error = 0.001 Validation error = 0.047
2018-01-15 17:46:46,655 INFO Restoring parameters from ./models/lenet
2018-01-15 17:46:46,687 INFO ACCURACY:
2018-01-15 17:46:47,407 INFO Accuracy Model On Training Images: 0.999
2018-01-15 17:46:47,499 INFO Accuracy Model On Validation Images: 0.953
2018-01-15 17:46:47,759 INFO Accuracy Model On Test Images: 0.924
