2018-01-20 22:17:28,992 INFO 	Number of training examples = 25350
2018-01-20 22:17:28,992 INFO 	Number of validation examples = 1290
2018-01-20 22:17:28,993 INFO 	Number of testing examples = 12569
2018-01-20 22:17:28,993 INFO Number of classes = 43
2018-01-20 22:17:30,873 INFO used net = LeNet
2018-01-20 22:17:31,244 INFO Training... dropout = 0.3 , batch_size = 128 , learning rate = 0.001
2018-01-20 22:17:51,604 INFO EPOCH 1 - 20 sec ....0.20 min
2018-01-20 22:17:51,605 INFO Training error = 0.629 Validation error = 0.812
2018-01-20 22:18:13,155 INFO EPOCH 2 - 41 sec ....0.41 min
2018-01-20 22:18:13,156 INFO Training error = 0.442 Validation error = 0.682
2018-01-20 22:18:33,528 INFO EPOCH 3 - 62 sec ....1.2 min
2018-01-20 22:18:33,529 INFO Training error = 0.318 Validation error = 0.542
2018-01-20 22:18:53,883 INFO EPOCH 4 - 82 sec ....1.22 min
2018-01-20 22:18:53,884 INFO Training error = 0.221 Validation error = 0.443
2018-01-20 22:19:14,041 INFO EPOCH 5 - 102 sec ....1.42 min
2018-01-20 22:19:14,041 INFO Training error = 0.170 Validation error = 0.387
2018-01-20 22:19:35,039 INFO EPOCH 6 - 123 sec ....2.3 min
2018-01-20 22:19:35,039 INFO Training error = 0.136 Validation error = 0.319
2018-01-20 22:19:56,602 INFO EPOCH 7 - 145 sec ....2.25 min
2018-01-20 22:19:56,603 INFO Training error = 0.110 Validation error = 0.303
2018-01-20 22:20:17,390 INFO EPOCH 8 - 166 sec ....2.46 min
2018-01-20 22:20:17,390 INFO Training error = 0.101 Validation error = 0.295
2018-01-20 22:20:37,924 INFO EPOCH 9 - 186 sec ....3.6 min
2018-01-20 22:20:37,924 INFO Training error = 0.086 Validation error = 0.285
2018-01-20 22:20:59,367 INFO EPOCH 10 - 208 sec ....3.28 min
2018-01-20 22:20:59,368 INFO Training error = 0.068 Validation error = 0.254
2018-01-20 22:21:20,384 INFO EPOCH 11 - 229 sec ....3.49 min
2018-01-20 22:21:20,384 INFO Training error = 0.062 Validation error = 0.250
2018-01-20 22:21:40,901 INFO EPOCH 12 - 249 sec ....4.9 min
2018-01-20 22:21:40,902 INFO Training error = 0.057 Validation error = 0.240
2018-01-20 22:22:01,333 INFO EPOCH 13 - 270 sec ....4.30 min
2018-01-20 22:22:01,333 INFO Training error = 0.053 Validation error = 0.225
2018-01-20 22:22:21,871 INFO EPOCH 14 - 290 sec ....4.50 min
2018-01-20 22:22:21,872 INFO Training error = 0.058 Validation error = 0.238
2018-01-20 22:22:42,463 INFO EPOCH 15 - 311 sec ....5.11 min
2018-01-20 22:22:42,463 INFO Training error = 0.043 Validation error = 0.231
2018-01-20 22:23:02,953 INFO EPOCH 16 - 331 sec ....5.31 min
2018-01-20 22:23:02,954 INFO Training error = 0.039 Validation error = 0.222
2018-01-20 22:23:23,427 INFO EPOCH 17 - 352 sec ....5.52 min
2018-01-20 22:23:23,427 INFO Training error = 0.033 Validation error = 0.204
2018-01-20 22:23:43,947 INFO EPOCH 18 - 372 sec ....6.12 min
2018-01-20 22:23:43,947 INFO Training error = 0.035 Validation error = 0.210
2018-01-20 22:24:04,521 INFO EPOCH 19 - 393 sec ....6.33 min
2018-01-20 22:24:04,522 INFO Training error = 0.028 Validation error = 0.198
2018-01-20 22:24:25,089 INFO EPOCH 20 - 413 sec ....6.53 min
2018-01-20 22:24:25,089 INFO Training error = 0.024 Validation error = 0.195
2018-01-20 22:24:45,697 INFO EPOCH 21 - 434 sec ....7.14 min
2018-01-20 22:24:45,697 INFO Training error = 0.027 Validation error = 0.206
2018-01-20 22:25:06,166 INFO EPOCH 22 - 455 sec ....7.35 min
2018-01-20 22:25:06,166 INFO Training error = 0.023 Validation error = 0.185
2018-01-20 22:25:26,695 INFO EPOCH 23 - 475 sec ....7.55 min
2018-01-20 22:25:26,695 INFO Training error = 0.020 Validation error = 0.198
2018-01-20 22:25:47,253 INFO EPOCH 24 - 496 sec ....8.16 min
2018-01-20 22:25:47,254 INFO Training error = 0.020 Validation error = 0.174
2018-01-20 22:26:07,891 INFO EPOCH 25 - 516 sec ....8.36 min
2018-01-20 22:26:07,893 INFO Training error = 0.015 Validation error = 0.177
2018-01-20 22:26:28,468 INFO EPOCH 26 - 537 sec ....8.57 min
2018-01-20 22:26:28,468 INFO Training error = 0.017 Validation error = 0.171
2018-01-20 22:26:49,019 INFO EPOCH 27 - 557 sec ....9.17 min
2018-01-20 22:26:49,019 INFO Training error = 0.016 Validation error = 0.169
2018-01-20 22:27:10,216 INFO EPOCH 28 - 579 sec ....9.39 min
2018-01-20 22:27:10,216 INFO Training error = 0.014 Validation error = 0.154
2018-01-20 22:27:31,893 INFO EPOCH 29 - 600 sec ....10.0 min
2018-01-20 22:27:31,894 INFO Training error = 0.013 Validation error = 0.165
2018-01-20 22:27:52,258 INFO EPOCH 30 - 621 sec ....10.21 min
2018-01-20 22:27:52,258 INFO Training error = 0.014 Validation error = 0.152
2018-01-20 22:28:13,216 INFO EPOCH 31 - 642 sec ....10.42 min
2018-01-20 22:28:13,216 INFO Training error = 0.022 Validation error = 0.172
2018-01-20 22:28:35,434 INFO EPOCH 32 - 664 sec ....11.4 min
2018-01-20 22:28:35,434 INFO Training error = 0.012 Validation error = 0.174
2018-01-20 22:28:56,811 INFO EPOCH 33 - 685 sec ....11.25 min
2018-01-20 22:28:56,812 INFO Training error = 0.016 Validation error = 0.175
2018-01-20 22:29:17,156 INFO EPOCH 34 - 705 sec ....11.45 min
2018-01-20 22:29:17,156 INFO Training error = 0.021 Validation error = 0.178
2018-01-20 22:29:39,186 INFO EPOCH 35 - 728 sec ....12.8 min
2018-01-20 22:29:39,187 INFO Training error = 0.019 Validation error = 0.172
2018-01-20 22:30:00,714 INFO EPOCH 36 - 749 sec ....12.29 min
2018-01-20 22:30:00,714 INFO Training error = 0.011 Validation error = 0.167
2018-01-20 22:30:22,138 INFO EPOCH 37 - 770 sec ....12.50 min
2018-01-20 22:30:22,139 INFO Training error = 0.010 Validation error = 0.169
2018-01-20 22:30:42,997 INFO EPOCH 38 - 791 sec ....13.11 min
2018-01-20 22:30:42,998 INFO Training error = 0.008 Validation error = 0.160
2018-01-20 22:31:03,383 INFO EPOCH 39 - 812 sec ....13.32 min
2018-01-20 22:31:03,384 INFO Training error = 0.006 Validation error = 0.164
2018-01-20 22:31:23,815 INFO EPOCH 40 - 832 sec ....13.52 min
2018-01-20 22:31:23,815 INFO Training error = 0.007 Validation error = 0.147
2018-01-20 22:31:44,306 INFO EPOCH 41 - 853 sec ....14.13 min
2018-01-20 22:31:44,306 INFO Training error = 0.014 Validation error = 0.170
2018-01-20 22:32:04,767 INFO EPOCH 42 - 873 sec ....14.33 min
2018-01-20 22:32:04,767 INFO Training error = 0.007 Validation error = 0.153
2018-01-20 22:32:25,344 INFO EPOCH 43 - 894 sec ....14.54 min
2018-01-20 22:32:25,344 INFO Training error = 0.005 Validation error = 0.161
2018-01-20 22:32:45,866 INFO EPOCH 44 - 914 sec ....15.14 min
2018-01-20 22:32:45,867 INFO Training error = 0.007 Validation error = 0.167
2018-01-20 22:33:06,232 INFO EPOCH 45 - 935 sec ....15.35 min
2018-01-20 22:33:06,232 INFO Training error = 0.006 Validation error = 0.164
2018-01-20 22:33:26,627 INFO EPOCH 46 - 955 sec ....15.55 min
2018-01-20 22:33:26,627 INFO Training error = 0.007 Validation error = 0.150
2018-01-20 22:33:47,117 INFO EPOCH 47 - 975 sec ....16.15 min
2018-01-20 22:33:47,117 INFO Training error = 0.009 Validation error = 0.161
2018-01-20 22:34:07,568 INFO EPOCH 48 - 996 sec ....16.36 min
2018-01-20 22:34:07,568 INFO Training error = 0.005 Validation error = 0.161
2018-01-20 22:34:27,963 INFO EPOCH 49 - 1016 sec ....16.56 min
2018-01-20 22:34:27,963 INFO Training error = 0.006 Validation error = 0.179
2018-01-20 22:34:48,502 INFO EPOCH 50 - 1037 sec ....17.17 min
2018-01-20 22:34:48,502 INFO Training error = 0.006 Validation error = 0.164
2018-01-20 22:35:08,898 INFO EPOCH 51 - 1057 sec ....17.37 min
2018-01-20 22:35:08,898 INFO Training error = 0.005 Validation error = 0.171
2018-01-20 22:35:29,306 INFO EPOCH 52 - 1078 sec ....17.58 min
2018-01-20 22:35:29,306 INFO Training error = 0.005 Validation error = 0.155
2018-01-20 22:35:52,064 INFO EPOCH 53 - 1100 sec ....18.20 min
2018-01-20 22:35:52,064 INFO Training error = 0.005 Validation error = 0.168
2018-01-20 22:36:12,389 INFO EPOCH 54 - 1121 sec ....18.41 min
2018-01-20 22:36:12,389 INFO Training error = 0.007 Validation error = 0.160
2018-01-20 22:36:32,553 INFO EPOCH 55 - 1141 sec ....19.1 min
2018-01-20 22:36:32,553 INFO Training error = 0.004 Validation error = 0.149
2018-01-20 22:36:52,792 INFO EPOCH 56 - 1161 sec ....19.21 min
2018-01-20 22:36:52,793 INFO Training error = 0.004 Validation error = 0.150
2018-01-20 22:37:13,008 INFO EPOCH 57 - 1181 sec ....19.41 min
2018-01-20 22:37:13,008 INFO Training error = 0.007 Validation error = 0.176
2018-01-20 22:37:33,232 INFO EPOCH 58 - 1202 sec ....20.2 min
2018-01-20 22:37:33,232 INFO Training error = 0.008 Validation error = 0.173
2018-01-20 22:37:53,576 INFO EPOCH 59 - 1222 sec ....20.22 min
2018-01-20 22:37:53,576 INFO Training error = 0.003 Validation error = 0.167
2018-01-20 22:38:13,822 INFO EPOCH 60 - 1242 sec ....20.42 min
2018-01-20 22:38:13,822 INFO Training error = 0.002 Validation error = 0.152
2018-01-20 22:38:34,005 INFO EPOCH 61 - 1262 sec ....21.2 min
2018-01-20 22:38:34,006 INFO Training error = 0.006 Validation error = 0.166
2018-01-20 22:38:54,308 INFO EPOCH 62 - 1283 sec ....21.23 min
2018-01-20 22:38:54,308 INFO Training error = 0.003 Validation error = 0.157
2018-01-20 22:39:14,507 INFO EPOCH 63 - 1303 sec ....21.43 min
2018-01-20 22:39:14,507 INFO Training error = 0.003 Validation error = 0.151
2018-01-20 22:39:34,720 INFO EPOCH 64 - 1323 sec ....22.3 min
2018-01-20 22:39:34,720 INFO Training error = 0.004 Validation error = 0.165
2018-01-20 22:39:55,029 INFO EPOCH 65 - 1343 sec ....22.23 min
2018-01-20 22:39:55,030 INFO Training error = 0.004 Validation error = 0.153
2018-01-20 22:40:15,307 INFO EPOCH 66 - 1364 sec ....22.44 min
2018-01-20 22:40:15,307 INFO Training error = 0.003 Validation error = 0.163
2018-01-20 22:40:35,539 INFO EPOCH 67 - 1384 sec ....23.4 min
2018-01-20 22:40:35,540 INFO Training error = 0.002 Validation error = 0.142
2018-01-20 22:40:55,822 INFO EPOCH 68 - 1404 sec ....23.24 min
2018-01-20 22:40:55,822 INFO Training error = 0.001 Validation error = 0.160
2018-01-20 22:41:16,100 INFO EPOCH 69 - 1424 sec ....23.44 min
2018-01-20 22:41:16,100 INFO Training error = 0.003 Validation error = 0.140
2018-01-20 22:41:36,498 INFO EPOCH 70 - 1445 sec ....24.5 min
2018-01-20 22:41:36,499 INFO Training error = 0.003 Validation error = 0.139
2018-01-20 22:41:56,742 INFO EPOCH 71 - 1465 sec ....24.25 min
2018-01-20 22:41:56,742 INFO Training error = 0.004 Validation error = 0.160
2018-01-20 22:42:16,959 INFO EPOCH 72 - 1485 sec ....24.45 min
2018-01-20 22:42:16,959 INFO Training error = 0.004 Validation error = 0.161
2018-01-20 22:42:37,153 INFO EPOCH 73 - 1505 sec ....25.5 min
2018-01-20 22:42:37,153 INFO Training error = 0.002 Validation error = 0.150
2018-01-20 22:42:57,421 INFO EPOCH 74 - 1526 sec ....25.26 min
2018-01-20 22:42:57,422 INFO Training error = 0.017 Validation error = 0.201
2018-01-20 22:43:17,574 INFO EPOCH 75 - 1546 sec ....25.46 min
2018-01-20 22:43:17,575 INFO Training error = 0.003 Validation error = 0.138
2018-01-20 22:43:37,753 INFO EPOCH 76 - 1566 sec ....26.6 min
2018-01-20 22:43:37,753 INFO Training error = 0.004 Validation error = 0.143
2018-01-20 22:43:57,982 INFO EPOCH 77 - 1586 sec ....26.26 min
2018-01-20 22:43:57,982 INFO Training error = 0.003 Validation error = 0.143
2018-01-20 22:44:18,324 INFO EPOCH 78 - 1607 sec ....26.47 min
2018-01-20 22:44:18,325 INFO Training error = 0.002 Validation error = 0.149
2018-01-20 22:44:38,615 INFO EPOCH 79 - 1627 sec ....27.7 min
2018-01-20 22:44:38,616 INFO Training error = 0.001 Validation error = 0.147
2018-01-20 22:44:58,872 INFO EPOCH 80 - 1647 sec ....27.27 min
2018-01-20 22:44:58,872 INFO Training error = 0.002 Validation error = 0.164
2018-01-20 22:45:19,036 INFO EPOCH 81 - 1667 sec ....27.47 min
2018-01-20 22:45:19,036 INFO Training error = 0.002 Validation error = 0.171
2018-01-20 22:45:39,264 INFO EPOCH 82 - 1688 sec ....28.8 min
2018-01-20 22:45:39,264 INFO Training error = 0.002 Validation error = 0.157
2018-01-20 22:45:59,480 INFO EPOCH 83 - 1708 sec ....28.28 min
2018-01-20 22:45:59,480 INFO Training error = 0.005 Validation error = 0.171
2018-01-20 22:46:19,745 INFO EPOCH 84 - 1728 sec ....28.48 min
2018-01-20 22:46:19,745 INFO Training error = 0.001 Validation error = 0.146
2018-01-20 22:46:39,944 INFO EPOCH 85 - 1748 sec ....29.8 min
2018-01-20 22:46:39,944 INFO Training error = 0.005 Validation error = 0.151
2018-01-20 22:47:00,216 INFO EPOCH 86 - 1769 sec ....29.29 min
2018-01-20 22:47:00,216 INFO Training error = 0.002 Validation error = 0.157
2018-01-20 22:47:20,393 INFO EPOCH 87 - 1789 sec ....29.49 min
2018-01-20 22:47:20,394 INFO Training error = 0.002 Validation error = 0.152
2018-01-20 22:47:40,755 INFO EPOCH 88 - 1809 sec ....30.9 min
2018-01-20 22:47:40,756 INFO Training error = 0.002 Validation error = 0.150
2018-01-20 22:48:00,940 INFO EPOCH 89 - 1829 sec ....30.29 min
2018-01-20 22:48:00,941 INFO Training error = 0.007 Validation error = 0.164
2018-01-20 22:48:21,158 INFO EPOCH 90 - 1850 sec ....30.50 min
2018-01-20 22:48:21,158 INFO Training error = 0.002 Validation error = 0.140
2018-01-20 22:48:41,411 INFO EPOCH 91 - 1870 sec ....31.10 min
2018-01-20 22:48:41,411 INFO Training error = 0.001 Validation error = 0.140
2018-01-20 22:49:01,675 INFO EPOCH 92 - 1890 sec ....31.30 min
2018-01-20 22:49:01,675 INFO Training error = 0.005 Validation error = 0.161
2018-01-20 22:49:21,868 INFO EPOCH 93 - 1910 sec ....31.50 min
2018-01-20 22:49:21,869 INFO Training error = 0.003 Validation error = 0.153
2018-01-20 22:49:42,222 INFO EPOCH 94 - 1931 sec ....32.11 min
2018-01-20 22:49:42,222 INFO Training error = 0.002 Validation error = 0.160
2018-01-20 22:50:02,574 INFO EPOCH 95 - 1951 sec ....32.31 min
2018-01-20 22:50:02,574 INFO Training error = 0.007 Validation error = 0.166
2018-01-20 22:50:22,813 INFO EPOCH 96 - 1971 sec ....32.51 min
2018-01-20 22:50:22,814 INFO Training error = 0.004 Validation error = 0.152
2018-01-20 22:50:43,128 INFO EPOCH 97 - 1991 sec ....33.11 min
2018-01-20 22:50:43,128 INFO Training error = 0.001 Validation error = 0.137
2018-01-20 22:51:03,427 INFO EPOCH 98 - 2012 sec ....33.32 min
2018-01-20 22:51:03,427 INFO Training error = 0.001 Validation error = 0.129
2018-01-20 22:51:23,657 INFO EPOCH 99 - 2032 sec ....33.52 min
2018-01-20 22:51:23,657 INFO Training error = 0.002 Validation error = 0.168
2018-01-20 22:51:43,862 INFO EPOCH 100 - 2052 sec ....34.12 min
2018-01-20 22:51:43,862 INFO Training error = 0.002 Validation error = 0.133
2018-01-20 22:52:04,141 INFO EPOCH 101 - 2072 sec ....34.32 min
2018-01-20 22:52:04,141 INFO Training error = 0.004 Validation error = 0.148
2018-01-20 22:52:24,406 INFO EPOCH 102 - 2093 sec ....34.53 min
2018-01-20 22:52:24,406 INFO Training error = 0.001 Validation error = 0.127
2018-01-20 22:52:44,572 INFO EPOCH 103 - 2113 sec ....35.13 min
2018-01-20 22:52:44,572 INFO Training error = 0.001 Validation error = 0.129
2018-01-20 22:53:04,833 INFO EPOCH 104 - 2133 sec ....35.33 min
2018-01-20 22:53:04,833 INFO Training error = 0.003 Validation error = 0.147
2018-01-20 22:53:27,018 INFO EPOCH 105 - 2155 sec ....35.55 min
2018-01-20 22:53:27,019 INFO Training error = 0.001 Validation error = 0.120
2018-01-20 22:53:48,172 INFO EPOCH 106 - 2177 sec ....36.17 min
2018-01-20 22:53:48,172 INFO Training error = 0.001 Validation error = 0.131
2018-01-20 22:54:08,523 INFO EPOCH 107 - 2197 sec ....36.37 min
2018-01-20 22:54:08,523 INFO Training error = 0.003 Validation error = 0.157
2018-01-20 22:54:33,663 INFO EPOCH 108 - 2222 sec ....37.2 min
2018-01-20 22:54:33,663 INFO Training error = 0.002 Validation error = 0.138
2018-01-20 22:54:58,031 INFO EPOCH 109 - 2246 sec ....37.26 min
2018-01-20 22:54:58,032 INFO Training error = 0.002 Validation error = 0.140
2018-01-20 22:55:23,794 INFO EPOCH 110 - 2272 sec ....37.52 min
2018-01-20 22:55:23,794 INFO Training error = 0.003 Validation error = 0.134
2018-01-20 22:55:44,311 INFO EPOCH 111 - 2293 sec ....38.13 min
2018-01-20 22:55:44,311 INFO Training error = 0.005 Validation error = 0.149
2018-01-20 22:56:05,376 INFO EPOCH 112 - 2314 sec ....38.34 min
2018-01-20 22:56:05,377 INFO Training error = 0.010 Validation error = 0.160
2018-01-20 22:56:30,268 INFO EPOCH 113 - 2339 sec ....38.59 min
2018-01-20 22:56:30,268 INFO Training error = 0.001 Validation error = 0.151
2018-01-20 22:56:54,102 INFO EPOCH 114 - 2362 sec ....39.22 min
2018-01-20 22:56:54,102 INFO Training error = 0.002 Validation error = 0.143
2018-01-20 22:57:18,406 INFO EPOCH 115 - 2387 sec ....39.47 min
2018-01-20 22:57:18,406 INFO Training error = 0.002 Validation error = 0.144
2018-01-20 22:57:43,505 INFO EPOCH 116 - 2412 sec ....40.12 min
2018-01-20 22:57:43,517 INFO Training error = 0.001 Validation error = 0.133
2018-01-20 22:58:26,840 INFO EPOCH 117 - 2455 sec ....40.55 min
2018-01-20 22:58:26,852 INFO Training error = 0.001 Validation error = 0.134
2018-01-20 22:59:12,181 INFO EPOCH 118 - 2501 sec ....41.41 min
2018-01-20 22:59:12,193 INFO Training error = 0.002 Validation error = 0.124
2018-01-20 22:59:37,560 INFO EPOCH 119 - 2526 sec ....42.6 min
2018-01-20 22:59:37,578 INFO Training error = 0.001 Validation error = 0.131
2018-01-20 23:00:00,914 INFO EPOCH 120 - 2549 sec ....42.29 min
2018-01-20 23:00:01,956 INFO Training error = 0.004 Validation error = 0.142
2018-01-20 23:00:50,845 INFO EPOCH 121 - 2599 sec ....43.19 min
2018-01-20 23:00:50,850 INFO Training error = 0.001 Validation error = 0.131
2018-01-20 23:01:11,317 INFO EPOCH 122 - 2620 sec ....43.40 min
2018-01-20 23:01:11,327 INFO Training error = 0.001 Validation error = 0.117
2018-01-20 23:01:31,421 INFO EPOCH 123 - 2640 sec ....44.0 min
2018-01-20 23:01:31,422 INFO Training error = 0.001 Validation error = 0.132
2018-01-20 23:01:51,517 INFO EPOCH 124 - 2660 sec ....44.20 min
2018-01-20 23:01:51,518 INFO Training error = 0.002 Validation error = 0.117
2018-01-20 23:02:11,765 INFO EPOCH 125 - 2680 sec ....44.40 min
2018-01-20 23:02:11,765 INFO Training error = 0.003 Validation error = 0.142
2018-01-20 23:02:31,871 INFO EPOCH 126 - 2700 sec ....45.0 min
2018-01-20 23:02:31,871 INFO Training error = 0.001 Validation error = 0.135
2018-01-20 23:02:51,904 INFO EPOCH 127 - 2720 sec ....45.20 min
2018-01-20 23:02:51,904 INFO Training error = 0.001 Validation error = 0.125
2018-01-20 23:03:11,955 INFO EPOCH 128 - 2740 sec ....45.40 min
2018-01-20 23:03:11,955 INFO Training error = 0.001 Validation error = 0.136
2018-01-20 23:03:31,986 INFO EPOCH 129 - 2760 sec ....46.0 min
2018-01-20 23:03:31,986 INFO Training error = 0.002 Validation error = 0.143
2018-01-20 23:03:52,092 INFO EPOCH 130 - 2780 sec ....46.20 min
2018-01-20 23:03:52,092 INFO Training error = 0.002 Validation error = 0.131
2018-01-20 23:04:12,375 INFO EPOCH 131 - 2801 sec ....46.41 min
2018-01-20 23:04:12,375 INFO Training error = 0.003 Validation error = 0.128
2018-01-20 23:04:32,424 INFO EPOCH 132 - 2821 sec ....47.1 min
2018-01-20 23:04:32,424 INFO Training error = 0.001 Validation error = 0.129
2018-01-20 23:04:52,525 INFO EPOCH 133 - 2841 sec ....47.21 min
2018-01-20 23:04:52,525 INFO Training error = 0.001 Validation error = 0.129
2018-01-20 23:05:12,599 INFO EPOCH 134 - 2861 sec ....47.41 min
2018-01-20 23:05:12,599 INFO Training error = 0.002 Validation error = 0.153
2018-01-20 23:05:32,951 INFO EPOCH 135 - 2881 sec ....48.1 min
2018-01-20 23:05:32,951 INFO Training error = 0.003 Validation error = 0.152
2018-01-20 23:05:54,327 INFO EPOCH 136 - 2903 sec ....48.23 min
2018-01-20 23:05:54,331 INFO Training error = 0.003 Validation error = 0.142
2018-01-20 23:06:14,562 INFO EPOCH 137 - 2923 sec ....48.43 min
2018-01-20 23:06:14,562 INFO Training error = 0.003 Validation error = 0.129
2018-01-20 23:06:34,591 INFO EPOCH 138 - 2943 sec ....49.3 min
2018-01-20 23:06:34,592 INFO Training error = 0.001 Validation error = 0.118
2018-01-20 23:06:54,664 INFO EPOCH 139 - 2963 sec ....49.23 min
2018-01-20 23:06:54,664 INFO Training error = 0.002 Validation error = 0.134
2018-01-20 23:07:14,737 INFO EPOCH 140 - 2983 sec ....49.43 min
2018-01-20 23:07:14,737 INFO Training error = 0.001 Validation error = 0.136
2018-01-20 23:07:34,761 INFO EPOCH 141 - 3003 sec ....50.3 min
2018-01-20 23:07:34,761 INFO Training error = 0.007 Validation error = 0.155
2018-01-20 23:07:54,833 INFO EPOCH 142 - 3023 sec ....50.23 min
2018-01-20 23:07:54,834 INFO Training error = 0.002 Validation error = 0.147
2018-01-20 23:08:15,017 INFO EPOCH 143 - 3043 sec ....50.43 min
2018-01-20 23:08:15,017 INFO Training error = 0.001 Validation error = 0.127
2018-01-20 23:08:35,026 INFO EPOCH 144 - 3063 sec ....51.3 min
2018-01-20 23:08:35,026 INFO Training error = 0.001 Validation error = 0.123
2018-01-20 23:08:55,245 INFO EPOCH 145 - 3084 sec ....51.24 min
2018-01-20 23:08:55,252 INFO Training error = 0.003 Validation error = 0.140
2018-01-20 23:09:15,737 INFO EPOCH 146 - 3104 sec ....51.44 min
2018-01-20 23:09:15,747 INFO Training error = 0.003 Validation error = 0.133
2018-01-20 23:09:36,006 INFO EPOCH 147 - 3124 sec ....52.4 min
2018-01-20 23:09:36,020 INFO Training error = 0.003 Validation error = 0.135
2018-01-20 23:09:56,463 INFO EPOCH 148 - 3145 sec ....52.25 min
2018-01-20 23:09:56,473 INFO Training error = 0.000 Validation error = 0.121
2018-01-20 23:10:17,008 INFO EPOCH 149 - 3165 sec ....52.45 min
2018-01-20 23:10:17,019 INFO Training error = 0.001 Validation error = 0.137
2018-01-20 23:10:37,370 INFO EPOCH 150 - 3186 sec ....53.6 min
2018-01-20 23:10:37,380 INFO Training error = 0.002 Validation error = 0.125
2018-01-20 23:10:37,564 INFO Restoring parameters from ./models/lenet
2018-01-20 23:10:37,645 INFO ACCURACY:
2018-01-20 23:10:44,357 INFO Accuracy Model On Training Images: 0.998
2018-01-20 23:10:44,765 INFO Accuracy Model On Validation Images: 0.875
2018-01-20 23:10:48,331 INFO Accuracy Model On Test Images: 0.038
