2018-01-17 17:22:40,400 INFO Dataset dimension on /datasets/GTSRB/Images/ = 39209
2018-01-17 17:22:42,896 INFO Dataset dimension on /datasets/GTSRB/Final_Test/Images/ = 12630
2018-01-17 17:22:42,896 INFO Final dimension = 51839
2018-01-17 17:22:42,921 INFO 	Number of training examples = 36287
2018-01-17 17:22:42,921 INFO 	Number of validation examples = 3111
2018-01-17 17:22:42,921 INFO 	Number of testing examples = 12441
2018-01-17 17:22:42,921 INFO Number of classes = 43
2018-01-17 17:22:44,810 INFO used net = LeNet
2018-01-17 17:22:45,475 INFO Training... dropout = 0.3 , batch_size = 128 , learning rate = 0.001
2018-01-17 17:22:49,459 INFO EPOCH 1 - 4 sec ....0.4 min
2018-01-17 17:22:49,459 INFO Training error = 0.670 Validation error = 0.664
2018-01-17 17:22:52,867 INFO EPOCH 2 - 7 sec ....0.7 min
2018-01-17 17:22:52,868 INFO Training error = 0.474 Validation error = 0.475
2018-01-17 17:22:56,256 INFO EPOCH 3 - 11 sec ....0.11 min
2018-01-17 17:22:56,256 INFO Training error = 0.354 Validation error = 0.349
2018-01-17 17:22:59,625 INFO EPOCH 4 - 14 sec ....0.14 min
2018-01-17 17:22:59,625 INFO Training error = 0.271 Validation error = 0.264
2018-01-17 17:23:03,035 INFO EPOCH 5 - 18 sec ....0.18 min
2018-01-17 17:23:03,035 INFO Training error = 0.208 Validation error = 0.202
2018-01-17 17:23:06,439 INFO EPOCH 6 - 21 sec ....0.21 min
2018-01-17 17:23:06,439 INFO Training error = 0.172 Validation error = 0.173
2018-01-17 17:23:09,826 INFO EPOCH 7 - 24 sec ....0.24 min
2018-01-17 17:23:09,827 INFO Training error = 0.154 Validation error = 0.156
2018-01-17 17:23:13,287 INFO EPOCH 8 - 28 sec ....0.28 min
2018-01-17 17:23:13,287 INFO Training error = 0.116 Validation error = 0.124
2018-01-17 17:23:16,675 INFO EPOCH 9 - 31 sec ....0.31 min
2018-01-17 17:23:16,675 INFO Training error = 0.097 Validation error = 0.112
2018-01-17 17:23:20,085 INFO EPOCH 10 - 35 sec ....0.35 min
2018-01-17 17:23:20,085 INFO Training error = 0.081 Validation error = 0.094
2018-01-17 17:23:23,521 INFO EPOCH 11 - 38 sec ....0.38 min
2018-01-17 17:23:23,521 INFO Training error = 0.074 Validation error = 0.080
2018-01-17 17:23:26,913 INFO EPOCH 12 - 41 sec ....0.41 min
2018-01-17 17:23:26,913 INFO Training error = 0.058 Validation error = 0.069
2018-01-17 17:23:30,291 INFO EPOCH 13 - 45 sec ....0.45 min
2018-01-17 17:23:30,291 INFO Training error = 0.049 Validation error = 0.061
2018-01-17 17:23:33,732 INFO EPOCH 14 - 48 sec ....0.48 min
2018-01-17 17:23:33,732 INFO Training error = 0.043 Validation error = 0.056
2018-01-17 17:23:37,118 INFO EPOCH 15 - 52 sec ....0.52 min
2018-01-17 17:23:37,119 INFO Training error = 0.042 Validation error = 0.050
2018-01-17 17:23:40,486 INFO EPOCH 16 - 55 sec ....0.55 min
2018-01-17 17:23:40,486 INFO Training error = 0.034 Validation error = 0.048
2018-01-17 17:23:43,921 INFO EPOCH 17 - 58 sec ....0.58 min
2018-01-17 17:23:43,922 INFO Training error = 0.031 Validation error = 0.045
2018-01-17 17:23:47,320 INFO EPOCH 18 - 62 sec ....1.2 min
2018-01-17 17:23:47,320 INFO Training error = 0.028 Validation error = 0.042
2018-01-17 17:23:50,704 INFO EPOCH 19 - 65 sec ....1.5 min
2018-01-17 17:23:50,705 INFO Training error = 0.032 Validation error = 0.043
2018-01-17 17:23:54,143 INFO EPOCH 20 - 69 sec ....1.9 min
2018-01-17 17:23:54,143 INFO Training error = 0.023 Validation error = 0.031
2018-01-17 17:23:57,549 INFO EPOCH 21 - 72 sec ....1.12 min
2018-01-17 17:23:57,549 INFO Training error = 0.017 Validation error = 0.030
2018-01-17 17:24:00,951 INFO EPOCH 22 - 75 sec ....1.15 min
2018-01-17 17:24:00,951 INFO Training error = 0.026 Validation error = 0.037
2018-01-17 17:24:04,374 INFO EPOCH 23 - 79 sec ....1.19 min
2018-01-17 17:24:04,374 INFO Training error = 0.018 Validation error = 0.030
2018-01-17 17:24:07,779 INFO EPOCH 24 - 82 sec ....1.22 min
2018-01-17 17:24:07,780 INFO Training error = 0.016 Validation error = 0.030
2018-01-17 17:24:11,165 INFO EPOCH 25 - 86 sec ....1.26 min
2018-01-17 17:24:11,166 INFO Training error = 0.015 Validation error = 0.026
2018-01-17 17:24:14,601 INFO EPOCH 26 - 89 sec ....1.29 min
2018-01-17 17:24:14,601 INFO Training error = 0.015 Validation error = 0.027
2018-01-17 17:24:17,996 INFO EPOCH 27 - 92 sec ....1.32 min
2018-01-17 17:24:17,996 INFO Training error = 0.016 Validation error = 0.029
2018-01-17 17:24:21,409 INFO EPOCH 28 - 96 sec ....1.36 min
2018-01-17 17:24:21,409 INFO Training error = 0.017 Validation error = 0.032
2018-01-17 17:24:24,871 INFO EPOCH 29 - 99 sec ....1.39 min
2018-01-17 17:24:24,871 INFO Training error = 0.017 Validation error = 0.026
2018-01-17 17:24:28,269 INFO EPOCH 30 - 103 sec ....1.43 min
2018-01-17 17:24:28,270 INFO Training error = 0.010 Validation error = 0.025
2018-01-17 17:24:31,659 INFO EPOCH 31 - 106 sec ....1.46 min
2018-01-17 17:24:31,659 INFO Training error = 0.009 Validation error = 0.020
2018-01-17 17:24:35,106 INFO EPOCH 32 - 110 sec ....1.50 min
2018-01-17 17:24:35,106 INFO Training error = 0.013 Validation error = 0.024
2018-01-17 17:24:38,479 INFO EPOCH 33 - 113 sec ....1.53 min
2018-01-17 17:24:38,479 INFO Training error = 0.016 Validation error = 0.031
2018-01-17 17:24:41,883 INFO EPOCH 34 - 116 sec ....1.56 min
2018-01-17 17:24:41,883 INFO Training error = 0.015 Validation error = 0.032
2018-01-17 17:24:45,282 INFO EPOCH 35 - 120 sec ....2.0 min
2018-01-17 17:24:45,282 INFO Training error = 0.008 Validation error = 0.023
2018-01-17 17:24:48,658 INFO EPOCH 36 - 123 sec ....2.3 min
2018-01-17 17:24:48,658 INFO Training error = 0.013 Validation error = 0.026
2018-01-17 17:24:52,037 INFO EPOCH 37 - 127 sec ....2.7 min
2018-01-17 17:24:52,038 INFO Training error = 0.009 Validation error = 0.024
2018-01-17 17:24:55,468 INFO EPOCH 38 - 130 sec ....2.10 min
2018-01-17 17:24:55,469 INFO Training error = 0.010 Validation error = 0.024
2018-01-17 17:24:58,827 INFO EPOCH 39 - 133 sec ....2.13 min
2018-01-17 17:24:58,827 INFO Training error = 0.010 Validation error = 0.025
2018-01-17 17:25:02,237 INFO EPOCH 40 - 137 sec ....2.17 min
2018-01-17 17:25:02,238 INFO Training error = 0.008 Validation error = 0.020
2018-01-17 17:25:05,664 INFO EPOCH 41 - 140 sec ....2.20 min
2018-01-17 17:25:05,664 INFO Training error = 0.006 Validation error = 0.019
2018-01-17 17:25:09,090 INFO EPOCH 42 - 144 sec ....2.24 min
2018-01-17 17:25:09,090 INFO Training error = 0.008 Validation error = 0.024
2018-01-17 17:25:12,438 INFO EPOCH 43 - 147 sec ....2.27 min
2018-01-17 17:25:12,438 INFO Training error = 0.006 Validation error = 0.021
2018-01-17 17:25:15,915 INFO EPOCH 44 - 150 sec ....2.30 min
2018-01-17 17:25:15,915 INFO Training error = 0.005 Validation error = 0.020
2018-01-17 17:25:19,315 INFO EPOCH 45 - 154 sec ....2.34 min
2018-01-17 17:25:19,316 INFO Training error = 0.017 Validation error = 0.027
2018-01-17 17:25:22,702 INFO EPOCH 46 - 157 sec ....2.37 min
2018-01-17 17:25:22,702 INFO Training error = 0.007 Validation error = 0.023
2018-01-17 17:25:26,141 INFO EPOCH 47 - 161 sec ....2.41 min
2018-01-17 17:25:26,141 INFO Training error = 0.006 Validation error = 0.018
2018-01-17 17:25:29,533 INFO EPOCH 48 - 164 sec ....2.44 min
2018-01-17 17:25:29,533 INFO Training error = 0.007 Validation error = 0.024
2018-01-17 17:25:32,910 INFO EPOCH 49 - 167 sec ....2.47 min
2018-01-17 17:25:32,910 INFO Training error = 0.008 Validation error = 0.021
2018-01-17 17:25:36,329 INFO EPOCH 50 - 171 sec ....2.51 min
2018-01-17 17:25:36,330 INFO Training error = 0.015 Validation error = 0.033
2018-01-17 17:25:39,713 INFO EPOCH 51 - 174 sec ....2.54 min
2018-01-17 17:25:39,713 INFO Training error = 0.007 Validation error = 0.021
2018-01-17 17:25:43,081 INFO EPOCH 52 - 178 sec ....2.58 min
2018-01-17 17:25:43,082 INFO Training error = 0.006 Validation error = 0.020
2018-01-17 17:25:46,508 INFO EPOCH 53 - 181 sec ....3.1 min
2018-01-17 17:25:46,508 INFO Training error = 0.007 Validation error = 0.020
2018-01-17 17:25:49,877 INFO EPOCH 54 - 184 sec ....3.4 min
2018-01-17 17:25:49,877 INFO Training error = 0.010 Validation error = 0.027
2018-01-17 17:25:53,276 INFO EPOCH 55 - 188 sec ....3.8 min
2018-01-17 17:25:53,276 INFO Training error = 0.005 Validation error = 0.017
2018-01-17 17:25:56,696 INFO EPOCH 56 - 191 sec ....3.11 min
2018-01-17 17:25:56,696 INFO Training error = 0.006 Validation error = 0.020
2018-01-17 17:26:00,060 INFO EPOCH 57 - 195 sec ....3.15 min
2018-01-17 17:26:00,061 INFO Training error = 0.004 Validation error = 0.020
2018-01-17 17:26:03,496 INFO EPOCH 58 - 198 sec ....3.18 min
2018-01-17 17:26:03,496 INFO Training error = 0.005 Validation error = 0.023
2018-01-17 17:26:06,936 INFO EPOCH 59 - 201 sec ....3.21 min
2018-01-17 17:26:06,936 INFO Training error = 0.004 Validation error = 0.018
2018-01-17 17:26:10,305 INFO EPOCH 60 - 205 sec ....3.25 min
2018-01-17 17:26:10,305 INFO Training error = 0.005 Validation error = 0.019
2018-01-17 17:26:13,723 INFO EPOCH 61 - 208 sec ....3.28 min
2018-01-17 17:26:13,723 INFO Training error = 0.006 Validation error = 0.020
2018-01-17 17:26:17,149 INFO EPOCH 62 - 212 sec ....3.32 min
2018-01-17 17:26:17,150 INFO Training error = 0.006 Validation error = 0.022
2018-01-17 17:26:20,523 INFO EPOCH 63 - 215 sec ....3.35 min
2018-01-17 17:26:20,523 INFO Training error = 0.004 Validation error = 0.021
2018-01-17 17:26:23,931 INFO EPOCH 64 - 218 sec ....3.38 min
2018-01-17 17:26:23,931 INFO Training error = 0.006 Validation error = 0.021
2018-01-17 17:26:27,394 INFO EPOCH 65 - 222 sec ....3.42 min
2018-01-17 17:26:27,394 INFO Training error = 0.010 Validation error = 0.033
2018-01-17 17:26:30,797 INFO EPOCH 66 - 225 sec ....3.45 min
2018-01-17 17:26:30,797 INFO Training error = 0.004 Validation error = 0.024
2018-01-17 17:26:34,204 INFO EPOCH 67 - 229 sec ....3.49 min
2018-01-17 17:26:34,205 INFO Training error = 0.005 Validation error = 0.019
2018-01-17 17:26:37,594 INFO EPOCH 68 - 232 sec ....3.52 min
2018-01-17 17:26:37,594 INFO Training error = 0.005 Validation error = 0.019
2018-01-17 17:26:40,984 INFO EPOCH 69 - 235 sec ....3.55 min
2018-01-17 17:26:40,985 INFO Training error = 0.020 Validation error = 0.037
2018-01-17 17:26:44,386 INFO EPOCH 70 - 239 sec ....3.59 min
2018-01-17 17:26:44,386 INFO Training error = 0.006 Validation error = 0.022
2018-01-17 17:26:47,807 INFO EPOCH 71 - 242 sec ....4.2 min
2018-01-17 17:26:47,807 INFO Training error = 0.003 Validation error = 0.020
2018-01-17 17:26:51,215 INFO EPOCH 72 - 246 sec ....4.6 min
2018-01-17 17:26:51,216 INFO Training error = 0.005 Validation error = 0.020
2018-01-17 17:26:54,643 INFO EPOCH 73 - 249 sec ....4.9 min
2018-01-17 17:26:54,643 INFO Training error = 0.004 Validation error = 0.022
2018-01-17 17:26:58,082 INFO EPOCH 74 - 253 sec ....4.13 min
2018-01-17 17:26:58,082 INFO Training error = 0.008 Validation error = 0.026
2018-01-17 17:27:01,473 INFO EPOCH 75 - 256 sec ....4.16 min
2018-01-17 17:27:01,473 INFO Training error = 0.003 Validation error = 0.016
2018-01-17 17:27:04,885 INFO EPOCH 76 - 259 sec ....4.19 min
2018-01-17 17:27:04,885 INFO Training error = 0.004 Validation error = 0.020
2018-01-17 17:27:08,332 INFO EPOCH 77 - 263 sec ....4.23 min
2018-01-17 17:27:08,332 INFO Training error = 0.004 Validation error = 0.019
2018-01-17 17:27:11,750 INFO EPOCH 78 - 266 sec ....4.26 min
2018-01-17 17:27:11,750 INFO Training error = 0.005 Validation error = 0.021
2018-01-17 17:27:15,149 INFO EPOCH 79 - 270 sec ....4.30 min
2018-01-17 17:27:15,150 INFO Training error = 0.009 Validation error = 0.027
2018-01-17 17:27:18,603 INFO EPOCH 80 - 273 sec ....4.33 min
2018-01-17 17:27:18,603 INFO Training error = 0.002 Validation error = 0.017
2018-01-17 17:27:18,656 INFO Restoring parameters from ./models/lenet
2018-01-17 17:27:18,685 INFO ACCURACY:
2018-01-17 17:27:19,662 INFO Accuracy Model On Training Images: 0.998
2018-01-17 17:27:19,746 INFO Accuracy Model On Validation Images: 0.983
2018-01-17 17:27:20,086 INFO Accuracy Model On Test Images: 0.979
