2018-01-07 14:38:40,156 INFO Dataset dimension on /datasets/GTSRB/Images/ = 39209
2018-01-07 14:38:45,911 INFO Dataset dimension on /datasets/GTSRB/Final_Test/Images/ = 12630
2018-01-07 14:38:45,911 INFO Final dimension = 51839
2018-01-07 14:38:45,935 INFO 	Number of training examples = 36287
2018-01-07 14:38:45,935 INFO 	Number of validation examples = 3111
2018-01-07 14:38:45,935 INFO 	Number of testing examples = 12441
2018-01-07 14:38:45,935 INFO Number of classes = 43
2018-01-07 14:38:47,867 INFO used net = LeNet
2018-01-07 14:38:48,104 INFO Training... dropout = 0.3 , batch_size = 128 , learning rate = 0.01
2018-01-07 14:39:05,170 INFO EPOCH 1 - 17 sec ...
2018-01-07 14:39:05,170 INFO Training error = 0.850 Validation error = 0.851
2018-01-07 14:39:24,590 INFO EPOCH 2 - 36 sec ...
2018-01-07 14:39:24,590 INFO Training error = 0.515 Validation error = 0.516
2018-01-07 14:39:43,204 INFO EPOCH 3 - 55 sec ...
2018-01-07 14:39:43,204 INFO Training error = 0.376 Validation error = 0.372
2018-01-07 14:39:43,253 INFO Restoring parameters from ./models/lenet
2018-01-07 14:39:43,287 INFO ACCURACY:
2018-01-07 14:39:46,828 INFO Accuracy Model On Training Images: 0.624
2018-01-07 14:39:47,131 INFO Accuracy Model On Validation Images: 0.628
2018-01-07 14:39:48,339 INFO Accuracy Model On Test Images: 0.624
