2018-02-07 10:28:50,189 INFO dataset used = 2018-02-06_1645_online_augm_blur
2018-02-07 10:28:50,313 INFO Number of training examples = 25350
2018-02-07 10:28:50,313 INFO Number of validation examples = 1290
2018-02-07 10:28:50,313 INFO Number of testing examples = 12569
2018-02-07 10:28:50,313 INFO Number of classes = 43

2018-02-07 10:28:50,355 INFO used net = LeNet-adv
2018-02-07 10:28:51,323 INFO Training... dropout = 0.3 , batch_size = 128 , learning rate = 0.001
2018-02-07 10:29:11,079 INFO EPOCH 1 - 20 sec ....0.20 min
2018-02-07 10:29:11,080 INFO Training error = 0.036 Validation error = 0.128
2018-02-07 10:29:29,886 INFO EPOCH 2 - 39 sec ....0.39 min
2018-02-07 10:29:29,886 INFO Training error = 0.007 Validation error = 0.110
2018-02-07 10:29:48,689 INFO EPOCH 3 - 58 sec ....0.58 min
2018-02-07 10:29:48,690 INFO Training error = 0.003 Validation error = 0.055
2018-02-07 10:30:07,512 INFO EPOCH 4 - 76 sec ....1.16 min
2018-02-07 10:30:07,512 INFO Training error = 0.001 Validation error = 0.054
2018-02-07 10:30:26,321 INFO EPOCH 5 - 95 sec ....1.35 min
2018-02-07 10:30:26,322 INFO Training error = 0.005 Validation error = 0.061
2018-02-07 10:30:45,135 INFO EPOCH 6 - 114 sec ....1.54 min
2018-02-07 10:30:45,136 INFO Training error = 0.003 Validation error = 0.081
2018-02-07 10:31:03,959 INFO EPOCH 7 - 133 sec ....2.13 min
2018-02-07 10:31:03,959 INFO Training error = 0.003 Validation error = 0.059
2018-02-07 10:31:22,933 INFO EPOCH 8 - 152 sec ....2.32 min
2018-02-07 10:31:22,933 INFO Training error = 0.012 Validation error = 0.073
2018-02-07 10:31:41,767 INFO EPOCH 9 - 171 sec ....2.51 min
2018-02-07 10:31:41,768 INFO Training error = 0.000 Validation error = 0.036
2018-02-07 10:32:00,603 INFO EPOCH 10 - 190 sec ....3.10 min
2018-02-07 10:32:00,604 INFO Training error = 0.000 Validation error = 0.048
2018-02-07 10:32:19,528 INFO EPOCH 11 - 208 sec ....3.28 min
2018-02-07 10:32:19,529 INFO Training error = 0.001 Validation error = 0.037
2018-02-07 10:32:38,356 INFO EPOCH 12 - 227 sec ....3.47 min
2018-02-07 10:32:38,356 INFO Training error = 0.000 Validation error = 0.047
2018-02-07 10:32:57,142 INFO EPOCH 13 - 246 sec ....4.6 min
2018-02-07 10:32:57,142 INFO Training error = 0.000 Validation error = 0.047
2018-02-07 10:33:16,122 INFO EPOCH 14 - 265 sec ....4.25 min
2018-02-07 10:33:16,123 INFO Training error = 0.000 Validation error = 0.063
2018-02-07 10:33:34,937 INFO EPOCH 15 - 284 sec ....4.44 min
2018-02-07 10:33:34,937 INFO Training error = 0.001 Validation error = 0.052
2018-02-07 10:33:53,761 INFO EPOCH 16 - 303 sec ....5.3 min
2018-02-07 10:33:53,761 INFO Training error = 0.001 Validation error = 0.052
2018-02-07 10:34:12,677 INFO EPOCH 17 - 322 sec ....5.22 min
2018-02-07 10:34:12,677 INFO Training error = 0.000 Validation error = 0.046
2018-02-07 10:34:31,514 INFO EPOCH 18 - 340 sec ....5.40 min
2018-02-07 10:34:31,515 INFO Training error = 0.000 Validation error = 0.061
2018-02-07 10:34:50,318 INFO EPOCH 19 - 359 sec ....5.59 min
2018-02-07 10:34:50,318 INFO Training error = 0.000 Validation error = 0.049
2018-02-07 10:35:09,250 INFO EPOCH 20 - 378 sec ....6.18 min
2018-02-07 10:35:09,250 INFO Training error = 0.001 Validation error = 0.057
2018-02-07 10:35:28,076 INFO EPOCH 21 - 397 sec ....6.37 min
2018-02-07 10:35:28,077 INFO Training error = 0.000 Validation error = 0.057
2018-02-07 10:35:46,873 INFO EPOCH 22 - 416 sec ....6.56 min
2018-02-07 10:35:46,874 INFO Training error = 0.000 Validation error = 0.051
2018-02-07 10:36:05,796 INFO EPOCH 23 - 435 sec ....7.15 min
2018-02-07 10:36:05,796 INFO Training error = 0.000 Validation error = 0.050
2018-02-07 10:36:24,626 INFO EPOCH 24 - 454 sec ....7.34 min
2018-02-07 10:36:24,626 INFO Training error = 0.000 Validation error = 0.046
2018-02-07 10:36:43,449 INFO EPOCH 25 - 472 sec ....7.52 min
2018-02-07 10:36:43,449 INFO Training error = 0.000 Validation error = 0.067
2018-02-07 10:37:02,520 INFO EPOCH 26 - 491 sec ....8.11 min
2018-02-07 10:37:02,520 INFO Training error = 0.000 Validation error = 0.056
2018-02-07 10:37:21,337 INFO EPOCH 27 - 510 sec ....8.30 min
2018-02-07 10:37:21,337 INFO Training error = 0.000 Validation error = 0.027
2018-02-07 10:37:40,161 INFO EPOCH 28 - 529 sec ....8.49 min
2018-02-07 10:37:40,162 INFO Training error = 0.000 Validation error = 0.047
2018-02-07 10:37:59,084 INFO EPOCH 29 - 548 sec ....9.8 min
2018-02-07 10:37:59,085 INFO Training error = 0.001 Validation error = 0.062
2018-02-07 10:38:17,905 INFO EPOCH 30 - 567 sec ....9.27 min
2018-02-07 10:38:17,905 INFO Training error = 0.000 Validation error = 0.032
2018-02-07 10:38:36,722 INFO EPOCH 31 - 586 sec ....9.46 min
2018-02-07 10:38:36,723 INFO Training error = 0.000 Validation error = 0.040
2018-02-07 10:38:55,632 INFO EPOCH 32 - 605 sec ....10.5 min
2018-02-07 10:38:55,633 INFO Training error = 0.000 Validation error = 0.039
2018-02-07 10:39:14,456 INFO EPOCH 33 - 623 sec ....10.23 min
2018-02-07 10:39:14,457 INFO Training error = 0.000 Validation error = 0.043
2018-02-07 10:39:33,294 INFO EPOCH 34 - 642 sec ....10.42 min
2018-02-07 10:39:33,295 INFO Training error = 0.000 Validation error = 0.056
2018-02-07 10:39:52,217 INFO EPOCH 35 - 661 sec ....11.1 min
2018-02-07 10:39:52,217 INFO Training error = 0.000 Validation error = 0.060
2018-02-07 10:40:11,046 INFO EPOCH 36 - 680 sec ....11.20 min
2018-02-07 10:40:11,046 INFO Training error = 0.000 Validation error = 0.047
2018-02-07 10:40:29,884 INFO EPOCH 37 - 699 sec ....11.39 min
2018-02-07 10:40:29,884 INFO Training error = 0.000 Validation error = 0.030
2018-02-07 10:40:48,787 INFO EPOCH 38 - 718 sec ....11.58 min
2018-02-07 10:40:48,788 INFO Training error = 0.000 Validation error = 0.043
2018-02-07 10:41:07,589 INFO EPOCH 39 - 737 sec ....12.17 min
2018-02-07 10:41:07,589 INFO Training error = 0.000 Validation error = 0.050
2018-02-07 10:41:26,405 INFO EPOCH 40 - 755 sec ....12.35 min
2018-02-07 10:41:26,405 INFO Training error = 0.000 Validation error = 0.076
2018-02-07 10:41:26,798 INFO Restoring parameters from ./models/lenet
2018-02-07 10:41:26,840 INFO ACCURACY:
2018-02-07 10:41:30,661 INFO Accuracy Model On Training Images: 1.000
2018-02-07 10:41:30,863 INFO Accuracy Model On Validation Images: 0.924
2018-02-07 10:41:32,790 INFO Accuracy Model On Test Images: 0.972
