2018-01-27 17:31:33,751 INFO Number of training examples = 34799
2018-01-27 17:31:33,751 INFO Number of validation examples = 4410
2018-01-27 17:31:33,751 INFO Number of testing examples = 12630
2018-01-27 17:31:33,751 INFO Number of classes = 43

2018-01-27 17:31:35,680 INFO used net = LeNet
2018-01-27 17:31:36,615 INFO Training... dropout = 0.3 , batch_size = 128 , learning rate = 0.001
2018-01-27 17:31:40,568 INFO EPOCH 1 - 4 sec ....0.4 min
2018-01-27 17:31:40,568 INFO Training error = 0.431 Validation error = 0.482
2018-01-27 17:31:43,883 INFO EPOCH 2 - 7 sec ....0.7 min
2018-01-27 17:31:43,884 INFO Training error = 0.213 Validation error = 0.276
2018-01-27 17:31:47,216 INFO EPOCH 3 - 11 sec ....0.11 min
2018-01-27 17:31:47,216 INFO Training error = 0.131 Validation error = 0.205
2018-01-27 17:31:50,509 INFO EPOCH 4 - 14 sec ....0.14 min
2018-01-27 17:31:50,510 INFO Training error = 0.087 Validation error = 0.152
2018-01-27 17:31:53,842 INFO EPOCH 5 - 17 sec ....0.17 min
2018-01-27 17:31:53,842 INFO Training error = 0.063 Validation error = 0.125
2018-01-27 17:31:57,265 INFO EPOCH 6 - 21 sec ....0.21 min
2018-01-27 17:31:57,265 INFO Training error = 0.045 Validation error = 0.104
2018-01-27 17:32:00,764 INFO EPOCH 7 - 24 sec ....0.24 min
2018-01-27 17:32:00,765 INFO Training error = 0.039 Validation error = 0.093
2018-01-27 17:32:04,157 INFO EPOCH 8 - 28 sec ....0.28 min
2018-01-27 17:32:04,158 INFO Training error = 0.034 Validation error = 0.094
2018-01-27 17:32:07,561 INFO EPOCH 9 - 31 sec ....0.31 min
2018-01-27 17:32:07,562 INFO Training error = 0.033 Validation error = 0.092
2018-01-27 17:32:10,863 INFO EPOCH 10 - 34 sec ....0.34 min
2018-01-27 17:32:10,863 INFO Training error = 0.025 Validation error = 0.089
2018-01-27 17:32:14,223 INFO EPOCH 11 - 38 sec ....0.38 min
2018-01-27 17:32:14,224 INFO Training error = 0.020 Validation error = 0.085
2018-01-27 17:32:17,530 INFO EPOCH 12 - 41 sec ....0.41 min
2018-01-27 17:32:17,530 INFO Training error = 0.014 Validation error = 0.081
2018-01-27 17:32:20,859 INFO EPOCH 13 - 44 sec ....0.44 min
2018-01-27 17:32:20,859 INFO Training error = 0.017 Validation error = 0.077
2018-01-27 17:32:24,301 INFO EPOCH 14 - 48 sec ....0.48 min
2018-01-27 17:32:24,302 INFO Training error = 0.013 Validation error = 0.076
2018-01-27 17:32:27,702 INFO EPOCH 15 - 51 sec ....0.51 min
2018-01-27 17:32:27,702 INFO Training error = 0.013 Validation error = 0.072
2018-01-27 17:32:31,151 INFO EPOCH 16 - 55 sec ....0.55 min
2018-01-27 17:32:31,151 INFO Training error = 0.016 Validation error = 0.078
2018-01-27 17:32:34,715 INFO EPOCH 17 - 58 sec ....0.58 min
2018-01-27 17:32:34,715 INFO Training error = 0.010 Validation error = 0.076
2018-01-27 17:32:38,039 INFO EPOCH 18 - 62 sec ....1.2 min
2018-01-27 17:32:38,039 INFO Training error = 0.008 Validation error = 0.072
2018-01-27 17:32:41,336 INFO EPOCH 19 - 65 sec ....1.5 min
2018-01-27 17:32:41,337 INFO Training error = 0.007 Validation error = 0.069
2018-01-27 17:32:44,734 INFO EPOCH 20 - 68 sec ....1.8 min
2018-01-27 17:32:44,734 INFO Training error = 0.009 Validation error = 0.077
2018-01-27 17:32:48,024 INFO EPOCH 21 - 72 sec ....1.12 min
2018-01-27 17:32:48,024 INFO Training error = 0.007 Validation error = 0.065
2018-01-27 17:32:51,333 INFO EPOCH 22 - 75 sec ....1.15 min
2018-01-27 17:32:51,334 INFO Training error = 0.007 Validation error = 0.074
2018-01-27 17:32:54,680 INFO EPOCH 23 - 78 sec ....1.18 min
2018-01-27 17:32:54,681 INFO Training error = 0.007 Validation error = 0.075
2018-01-27 17:32:58,026 INFO EPOCH 24 - 82 sec ....1.22 min
2018-01-27 17:32:58,026 INFO Training error = 0.005 Validation error = 0.061
2018-01-27 17:33:01,436 INFO EPOCH 25 - 85 sec ....1.25 min
2018-01-27 17:33:01,437 INFO Training error = 0.005 Validation error = 0.068
2018-01-27 17:33:04,878 INFO EPOCH 26 - 88 sec ....1.28 min
2018-01-27 17:33:04,878 INFO Training error = 0.005 Validation error = 0.072
2018-01-27 17:33:08,275 INFO EPOCH 27 - 92 sec ....1.32 min
2018-01-27 17:33:08,275 INFO Training error = 0.004 Validation error = 0.060
2018-01-27 17:33:11,634 INFO EPOCH 28 - 95 sec ....1.35 min
2018-01-27 17:33:11,634 INFO Training error = 0.005 Validation error = 0.066
2018-01-27 17:33:14,999 INFO EPOCH 29 - 99 sec ....1.39 min
2018-01-27 17:33:14,999 INFO Training error = 0.005 Validation error = 0.063
2018-01-27 17:33:18,380 INFO EPOCH 30 - 102 sec ....1.42 min
2018-01-27 17:33:18,380 INFO Training error = 0.005 Validation error = 0.067
2018-01-27 17:33:21,723 INFO EPOCH 31 - 105 sec ....1.45 min
2018-01-27 17:33:21,723 INFO Training error = 0.004 Validation error = 0.063
2018-01-27 17:33:25,071 INFO EPOCH 32 - 109 sec ....1.49 min
2018-01-27 17:33:25,071 INFO Training error = 0.004 Validation error = 0.063
2018-01-27 17:33:28,429 INFO EPOCH 33 - 112 sec ....1.52 min
2018-01-27 17:33:28,429 INFO Training error = 0.003 Validation error = 0.063
2018-01-27 17:33:31,797 INFO EPOCH 34 - 115 sec ....1.55 min
2018-01-27 17:33:31,797 INFO Training error = 0.003 Validation error = 0.059
2018-01-27 17:33:35,145 INFO EPOCH 35 - 119 sec ....1.59 min
2018-01-27 17:33:35,145 INFO Training error = 0.004 Validation error = 0.063
2018-01-27 17:33:38,431 INFO EPOCH 36 - 122 sec ....2.2 min
2018-01-27 17:33:38,431 INFO Training error = 0.004 Validation error = 0.062
2018-01-27 17:33:41,887 INFO EPOCH 37 - 125 sec ....2.5 min
2018-01-27 17:33:41,887 INFO Training error = 0.004 Validation error = 0.062
2018-01-27 17:33:45,247 INFO EPOCH 38 - 129 sec ....2.9 min
2018-01-27 17:33:45,248 INFO Training error = 0.008 Validation error = 0.073
2018-01-27 17:33:48,561 INFO EPOCH 39 - 132 sec ....2.12 min
2018-01-27 17:33:48,561 INFO Training error = 0.003 Validation error = 0.058
2018-01-27 17:33:51,952 INFO EPOCH 40 - 136 sec ....2.16 min
2018-01-27 17:33:51,952 INFO Training error = 0.002 Validation error = 0.060
2018-01-27 17:33:55,407 INFO EPOCH 41 - 139 sec ....2.19 min
2018-01-27 17:33:55,408 INFO Training error = 0.005 Validation error = 0.068
2018-01-27 17:33:58,739 INFO EPOCH 42 - 142 sec ....2.22 min
2018-01-27 17:33:58,739 INFO Training error = 0.002 Validation error = 0.060
2018-01-27 17:34:02,032 INFO EPOCH 43 - 146 sec ....2.26 min
2018-01-27 17:34:02,033 INFO Training error = 0.004 Validation error = 0.060
2018-01-27 17:34:05,376 INFO EPOCH 44 - 149 sec ....2.29 min
2018-01-27 17:34:05,376 INFO Training error = 0.002 Validation error = 0.060
2018-01-27 17:34:08,694 INFO EPOCH 45 - 152 sec ....2.32 min
2018-01-27 17:34:08,694 INFO Training error = 0.004 Validation error = 0.064
2018-01-27 17:34:12,012 INFO EPOCH 46 - 156 sec ....2.36 min
2018-01-27 17:34:12,012 INFO Training error = 0.003 Validation error = 0.066
2018-01-27 17:34:15,344 INFO EPOCH 47 - 159 sec ....2.39 min
2018-01-27 17:34:15,345 INFO Training error = 0.003 Validation error = 0.066
2018-01-27 17:34:18,664 INFO EPOCH 48 - 162 sec ....2.42 min
2018-01-27 17:34:18,664 INFO Training error = 0.003 Validation error = 0.060
2018-01-27 17:34:21,964 INFO EPOCH 49 - 166 sec ....2.46 min
2018-01-27 17:34:21,965 INFO Training error = 0.003 Validation error = 0.062
2018-01-27 17:34:25,406 INFO EPOCH 50 - 169 sec ....2.49 min
2018-01-27 17:34:25,407 INFO Training error = 0.004 Validation error = 0.060
2018-01-27 17:34:28,909 INFO EPOCH 51 - 173 sec ....2.53 min
2018-01-27 17:34:28,909 INFO Training error = 0.003 Validation error = 0.064
2018-01-27 17:34:32,291 INFO EPOCH 52 - 176 sec ....2.56 min
2018-01-27 17:34:32,291 INFO Training error = 0.004 Validation error = 0.067
2018-01-27 17:34:35,649 INFO EPOCH 53 - 179 sec ....2.59 min
2018-01-27 17:34:35,650 INFO Training error = 0.002 Validation error = 0.058
2018-01-27 17:34:38,959 INFO EPOCH 54 - 183 sec ....3.3 min
2018-01-27 17:34:38,959 INFO Training error = 0.003 Validation error = 0.063
2018-01-27 17:34:42,293 INFO EPOCH 55 - 186 sec ....3.6 min
2018-01-27 17:34:42,294 INFO Training error = 0.001 Validation error = 0.061
2018-01-27 17:34:45,719 INFO EPOCH 56 - 189 sec ....3.9 min
2018-01-27 17:34:45,720 INFO Training error = 0.004 Validation error = 0.069
2018-01-27 17:34:49,173 INFO EPOCH 57 - 193 sec ....3.13 min
2018-01-27 17:34:49,174 INFO Training error = 0.006 Validation error = 0.068
2018-01-27 17:34:52,524 INFO EPOCH 58 - 196 sec ....3.16 min
2018-01-27 17:34:52,524 INFO Training error = 0.002 Validation error = 0.059
2018-01-27 17:34:55,920 INFO EPOCH 59 - 200 sec ....3.20 min
2018-01-27 17:34:55,920 INFO Training error = 0.002 Validation error = 0.065
2018-01-27 17:34:59,540 INFO EPOCH 60 - 203 sec ....3.23 min
2018-01-27 17:34:59,540 INFO Training error = 0.003 Validation error = 0.062
2018-01-27 17:35:03,186 INFO EPOCH 61 - 207 sec ....3.27 min
2018-01-27 17:35:03,187 INFO Training error = 0.002 Validation error = 0.058
2018-01-27 17:35:06,462 INFO EPOCH 62 - 210 sec ....3.30 min
2018-01-27 17:35:06,462 INFO Training error = 0.002 Validation error = 0.058
2018-01-27 17:35:09,730 INFO EPOCH 63 - 213 sec ....3.33 min
2018-01-27 17:35:09,731 INFO Training error = 0.010 Validation error = 0.061
2018-01-27 17:35:13,114 INFO EPOCH 64 - 217 sec ....3.37 min
2018-01-27 17:35:13,114 INFO Training error = 0.002 Validation error = 0.058
2018-01-27 17:35:16,551 INFO EPOCH 65 - 220 sec ....3.40 min
2018-01-27 17:35:16,551 INFO Training error = 0.003 Validation error = 0.063
2018-01-27 17:35:19,858 INFO EPOCH 66 - 223 sec ....3.43 min
2018-01-27 17:35:19,858 INFO Training error = 0.002 Validation error = 0.061
2018-01-27 17:35:23,124 INFO EPOCH 67 - 227 sec ....3.47 min
2018-01-27 17:35:23,124 INFO Training error = 0.008 Validation error = 0.065
2018-01-27 17:35:26,443 INFO EPOCH 68 - 230 sec ....3.50 min
2018-01-27 17:35:26,443 INFO Training error = 0.003 Validation error = 0.056
2018-01-27 17:35:29,672 INFO EPOCH 69 - 233 sec ....3.53 min
2018-01-27 17:35:29,672 INFO Training error = 0.004 Validation error = 0.064
2018-01-27 17:35:32,954 INFO EPOCH 70 - 237 sec ....3.57 min
2018-01-27 17:35:32,954 INFO Training error = 0.004 Validation error = 0.063
2018-01-27 17:35:36,460 INFO EPOCH 71 - 240 sec ....4.0 min
2018-01-27 17:35:36,460 INFO Training error = 0.002 Validation error = 0.061
2018-01-27 17:35:39,658 INFO EPOCH 72 - 243 sec ....4.3 min
2018-01-27 17:35:39,658 INFO Training error = 0.002 Validation error = 0.056
2018-01-27 17:35:42,971 INFO EPOCH 73 - 247 sec ....4.7 min
2018-01-27 17:35:42,971 INFO Training error = 0.001 Validation error = 0.053
2018-01-27 17:35:46,393 INFO EPOCH 74 - 250 sec ....4.10 min
2018-01-27 17:35:46,393 INFO Training error = 0.002 Validation error = 0.063
2018-01-27 17:35:49,716 INFO EPOCH 75 - 253 sec ....4.13 min
2018-01-27 17:35:49,716 INFO Training error = 0.002 Validation error = 0.059
2018-01-27 17:35:53,011 INFO EPOCH 76 - 257 sec ....4.17 min
2018-01-27 17:35:53,011 INFO Training error = 0.002 Validation error = 0.062
2018-01-27 17:35:56,426 INFO EPOCH 77 - 260 sec ....4.20 min
2018-01-27 17:35:56,426 INFO Training error = 0.002 Validation error = 0.053
2018-01-27 17:35:59,817 INFO EPOCH 78 - 263 sec ....4.23 min
2018-01-27 17:35:59,818 INFO Training error = 0.002 Validation error = 0.057
2018-01-27 17:36:03,115 INFO EPOCH 79 - 267 sec ....4.27 min
2018-01-27 17:36:03,115 INFO Training error = 0.002 Validation error = 0.056
2018-01-27 17:36:06,431 INFO EPOCH 80 - 270 sec ....4.30 min
2018-01-27 17:36:06,431 INFO Training error = 0.002 Validation error = 0.057
2018-01-27 17:36:06,490 INFO Restoring parameters from ./models/lenet
2018-01-27 17:36:06,524 INFO ACCURACY:
2018-01-27 17:36:07,453 INFO Accuracy Model On Training Images: 0.998
2018-01-27 17:36:07,557 INFO Accuracy Model On Validation Images: 0.943
2018-01-27 17:36:07,907 INFO Accuracy Model On Test Images: 0.928
