2018-01-27 16:05:38,722 INFO Number of training examples = 34799
2018-01-27 16:05:38,722 INFO Number of validation examples = 4410
2018-01-27 16:05:38,722 INFO Number of testing examples = 12630
2018-01-27 16:05:38,722 INFO Number of classes = 43

2018-01-27 16:06:25,699 INFO Number of training examples (augmentated) = 382789
2018-01-27 16:06:25,772 INFO used net = LeNet
2018-01-27 16:07:49,094 INFO Training... dropout = 0.3 , batch_size = 128 , learning rate = 0.001
2018-01-27 16:08:26,513 INFO EPOCH 1 - 120 sec ....2.0 min
2018-01-27 16:08:26,513 INFO Training error = 0.231 Validation error = 0.267
2018-01-27 16:09:01,823 INFO EPOCH 2 - 155 sec ....2.35 min
2018-01-27 16:09:01,823 INFO Training error = 0.136 Validation error = 0.166
2018-01-27 16:09:37,295 INFO EPOCH 3 - 191 sec ....3.11 min
2018-01-27 16:09:37,296 INFO Training error = 0.105 Validation error = 0.120
2018-01-27 16:10:12,414 INFO EPOCH 4 - 226 sec ....3.46 min
2018-01-27 16:10:12,415 INFO Training error = 0.089 Validation error = 0.094
2018-01-27 16:10:47,912 INFO EPOCH 5 - 261 sec ....4.21 min
2018-01-27 16:10:47,913 INFO Training error = 0.078 Validation error = 0.079
2018-01-27 16:11:23,291 INFO EPOCH 6 - 297 sec ....4.57 min
2018-01-27 16:11:23,291 INFO Training error = 0.075 Validation error = 0.075
2018-01-27 16:11:58,905 INFO EPOCH 7 - 332 sec ....5.32 min
2018-01-27 16:11:58,905 INFO Training error = 0.076 Validation error = 0.076
2018-01-27 16:12:03,028 INFO Restoring parameters from ./models/lenet
2018-01-27 16:12:03,069 INFO ACCURACY:
2018-01-27 16:12:13,721 INFO Accuracy Model On Training Images: 0.927
2018-01-27 16:12:13,849 INFO Accuracy Model On Validation Images: 0.917
2018-01-27 16:12:14,203 INFO Accuracy Model On Test Images: 0.899
