2018-01-27 16:12:28,088 INFO Number of training examples = 34799
2018-01-27 16:12:28,088 INFO Number of validation examples = 4410
2018-01-27 16:12:28,088 INFO Number of testing examples = 12630
2018-01-27 16:12:28,088 INFO Number of classes = 43

2018-01-27 16:13:16,039 INFO Number of training examples (augmentated) = 382789
2018-01-27 16:13:16,106 INFO used net = LeNet
2018-01-27 16:13:16,785 INFO Training... dropout = 0.3 , batch_size = 128 , learning rate = 0.001
2018-01-27 16:13:52,989 INFO EPOCH 1 - 36 sec ....0.36 min
2018-01-27 16:13:52,989 INFO Training error = 0.197 Validation error = 0.204
2018-01-27 16:14:28,408 INFO EPOCH 2 - 72 sec ....1.12 min
2018-01-27 16:14:28,408 INFO Training error = 0.125 Validation error = 0.124
2018-01-27 16:15:03,973 INFO EPOCH 3 - 107 sec ....1.47 min
2018-01-27 16:15:03,974 INFO Training error = 0.096 Validation error = 0.096
2018-01-27 16:15:39,384 INFO EPOCH 4 - 143 sec ....2.23 min
2018-01-27 16:15:39,385 INFO Training error = 0.093 Validation error = 0.093
2018-01-27 16:16:14,925 INFO EPOCH 5 - 178 sec ....2.58 min
2018-01-27 16:16:14,926 INFO Training error = 0.083 Validation error = 0.083
2018-01-27 16:16:50,396 INFO EPOCH 6 - 214 sec ....3.34 min
2018-01-27 16:16:50,396 INFO Training error = 0.081 Validation error = 0.098
2018-01-27 16:17:25,948 INFO EPOCH 7 - 249 sec ....4.9 min
2018-01-27 16:17:25,949 INFO Training error = 0.071 Validation error = 0.072
2018-01-27 16:18:01,432 INFO EPOCH 8 - 285 sec ....4.45 min
2018-01-27 16:18:01,432 INFO Training error = 0.070 Validation error = 0.072
2018-01-27 16:18:37,126 INFO EPOCH 9 - 320 sec ....5.20 min
2018-01-27 16:18:37,126 INFO Training error = 0.066 Validation error = 0.063
2018-01-27 16:19:12,403 INFO EPOCH 10 - 356 sec ....5.56 min
2018-01-27 16:19:12,403 INFO Training error = 0.073 Validation error = 0.068
2018-01-27 16:19:48,192 INFO EPOCH 11 - 391 sec ....6.31 min
2018-01-27 16:19:48,192 INFO Training error = 0.067 Validation error = 0.068
2018-01-27 16:20:23,639 INFO EPOCH 12 - 427 sec ....7.7 min
2018-01-27 16:20:23,639 INFO Training error = 0.065 Validation error = 0.060
2018-01-27 16:20:59,320 INFO EPOCH 13 - 463 sec ....7.43 min
2018-01-27 16:20:59,320 INFO Training error = 0.067 Validation error = 0.067
2018-01-27 16:21:34,748 INFO EPOCH 14 - 498 sec ....8.18 min
2018-01-27 16:21:34,748 INFO Training error = 0.063 Validation error = 0.058
2018-01-27 16:22:10,289 INFO EPOCH 15 - 533 sec ....8.53 min
2018-01-27 16:22:10,290 INFO Training error = 0.063 Validation error = 0.056
2018-01-27 16:22:45,716 INFO EPOCH 16 - 569 sec ....9.29 min
2018-01-27 16:22:45,716 INFO Training error = 0.059 Validation error = 0.056
2018-01-27 16:23:21,402 INFO EPOCH 17 - 605 sec ....10.5 min
2018-01-27 16:23:21,403 INFO Training error = 0.063 Validation error = 0.068
2018-01-27 16:23:56,706 INFO EPOCH 18 - 640 sec ....10.40 min
2018-01-27 16:23:56,706 INFO Training error = 0.063 Validation error = 0.062
2018-01-27 16:24:32,151 INFO EPOCH 19 - 675 sec ....11.15 min
2018-01-27 16:24:32,152 INFO Training error = 0.058 Validation error = 0.058
2018-01-27 16:25:07,629 INFO EPOCH 20 - 711 sec ....11.51 min
2018-01-27 16:25:07,629 INFO Training error = 0.059 Validation error = 0.055
2018-01-27 16:25:43,276 INFO EPOCH 21 - 746 sec ....12.26 min
2018-01-27 16:25:43,277 INFO Training error = 0.061 Validation error = 0.064
2018-01-27 16:26:18,567 INFO EPOCH 22 - 782 sec ....13.2 min
2018-01-27 16:26:18,567 INFO Training error = 0.062 Validation error = 0.060
2018-01-27 16:26:54,200 INFO EPOCH 23 - 817 sec ....13.37 min
2018-01-27 16:26:54,200 INFO Training error = 0.057 Validation error = 0.057
2018-01-27 16:27:29,621 INFO EPOCH 24 - 853 sec ....14.13 min
2018-01-27 16:27:29,621 INFO Training error = 0.054 Validation error = 0.055
2018-01-27 16:28:05,239 INFO EPOCH 25 - 888 sec ....14.48 min
2018-01-27 16:28:05,239 INFO Training error = 0.055 Validation error = 0.058
2018-01-27 16:28:40,709 INFO EPOCH 26 - 924 sec ....15.24 min
2018-01-27 16:28:40,709 INFO Training error = 0.053 Validation error = 0.052
2018-01-27 16:29:16,362 INFO EPOCH 27 - 960 sec ....16.0 min
2018-01-27 16:29:16,362 INFO Training error = 0.059 Validation error = 0.059
2018-01-27 16:29:51,804 INFO EPOCH 28 - 995 sec ....16.35 min
2018-01-27 16:29:51,805 INFO Training error = 0.064 Validation error = 0.074
2018-01-27 16:30:27,445 INFO EPOCH 29 - 1031 sec ....17.11 min
2018-01-27 16:30:27,446 INFO Training error = 0.056 Validation error = 0.055
2018-01-27 16:31:02,819 INFO EPOCH 30 - 1066 sec ....17.46 min
2018-01-27 16:31:02,820 INFO Training error = 0.054 Validation error = 0.061
2018-01-27 16:31:38,399 INFO EPOCH 31 - 1102 sec ....18.22 min
2018-01-27 16:31:38,399 INFO Training error = 0.056 Validation error = 0.053
2018-01-27 16:32:13,860 INFO EPOCH 32 - 1137 sec ....18.57 min
2018-01-27 16:32:13,861 INFO Training error = 0.068 Validation error = 0.067
2018-01-27 16:32:49,503 INFO EPOCH 33 - 1173 sec ....19.33 min
2018-01-27 16:32:49,503 INFO Training error = 0.061 Validation error = 0.058
2018-01-27 16:33:24,888 INFO EPOCH 34 - 1208 sec ....20.8 min
2018-01-27 16:33:24,888 INFO Training error = 0.065 Validation error = 0.061
2018-01-27 16:34:00,628 INFO EPOCH 35 - 1244 sec ....20.44 min
2018-01-27 16:34:00,628 INFO Training error = 0.057 Validation error = 0.061
2018-01-27 16:34:36,102 INFO EPOCH 36 - 1279 sec ....21.19 min
2018-01-27 16:34:36,103 INFO Training error = 0.054 Validation error = 0.048
2018-01-27 16:35:11,643 INFO EPOCH 37 - 1315 sec ....21.55 min
2018-01-27 16:35:11,644 INFO Training error = 0.053 Validation error = 0.056
2018-01-27 16:35:47,161 INFO EPOCH 38 - 1350 sec ....22.30 min
2018-01-27 16:35:47,161 INFO Training error = 0.054 Validation error = 0.051
2018-01-27 16:36:22,775 INFO EPOCH 39 - 1386 sec ....23.6 min
2018-01-27 16:36:22,776 INFO Training error = 0.052 Validation error = 0.051
2018-01-27 16:36:58,191 INFO EPOCH 40 - 1421 sec ....23.41 min
2018-01-27 16:36:58,191 INFO Training error = 0.055 Validation error = 0.055
2018-01-27 16:37:33,897 INFO EPOCH 41 - 1457 sec ....24.17 min
2018-01-27 16:37:33,897 INFO Training error = 0.058 Validation error = 0.047
2018-01-27 16:38:09,135 INFO EPOCH 42 - 1492 sec ....24.52 min
2018-01-27 16:38:09,136 INFO Training error = 0.054 Validation error = 0.049
2018-01-27 16:38:44,750 INFO EPOCH 43 - 1528 sec ....25.28 min
2018-01-27 16:38:44,750 INFO Training error = 0.059 Validation error = 0.062
2018-01-27 16:39:20,243 INFO EPOCH 44 - 1563 sec ....26.3 min
2018-01-27 16:39:20,244 INFO Training error = 0.054 Validation error = 0.054
2018-01-27 16:39:55,866 INFO EPOCH 45 - 1599 sec ....26.39 min
2018-01-27 16:39:55,867 INFO Training error = 0.055 Validation error = 0.055
2018-01-27 16:40:32,572 INFO EPOCH 46 - 1636 sec ....27.16 min
2018-01-27 16:40:32,572 INFO Training error = 0.060 Validation error = 0.063
2018-01-27 16:41:08,059 INFO EPOCH 47 - 1671 sec ....27.51 min
2018-01-27 16:41:08,059 INFO Training error = 0.053 Validation error = 0.051
2018-01-27 16:41:43,631 INFO EPOCH 48 - 1707 sec ....28.27 min
2018-01-27 16:41:43,631 INFO Training error = 0.058 Validation error = 0.054
2018-01-27 16:42:18,959 INFO EPOCH 49 - 1742 sec ....29.2 min
2018-01-27 16:42:18,959 INFO Training error = 0.052 Validation error = 0.052
2018-01-27 16:42:54,645 INFO EPOCH 50 - 1778 sec ....29.38 min
2018-01-27 16:42:54,646 INFO Training error = 0.053 Validation error = 0.051
2018-01-27 16:43:30,019 INFO EPOCH 51 - 1813 sec ....30.13 min
2018-01-27 16:43:30,019 INFO Training error = 0.053 Validation error = 0.051
2018-01-27 16:44:05,522 INFO EPOCH 52 - 1849 sec ....30.49 min
2018-01-27 16:44:05,522 INFO Training error = 0.059 Validation error = 0.059
2018-01-27 16:44:41,040 INFO EPOCH 53 - 1884 sec ....31.24 min
2018-01-27 16:44:41,041 INFO Training error = 0.056 Validation error = 0.051
2018-01-27 16:45:16,628 INFO EPOCH 54 - 1920 sec ....32.0 min
2018-01-27 16:45:16,628 INFO Training error = 0.057 Validation error = 0.054
2018-01-27 16:45:52,039 INFO EPOCH 55 - 1955 sec ....32.35 min
2018-01-27 16:45:52,039 INFO Training error = 0.052 Validation error = 0.057
2018-01-27 16:46:27,805 INFO EPOCH 56 - 1991 sec ....33.11 min
2018-01-27 16:46:27,805 INFO Training error = 0.061 Validation error = 0.056
2018-01-27 16:47:03,095 INFO EPOCH 57 - 2026 sec ....33.46 min
2018-01-27 16:47:03,095 INFO Training error = 0.050 Validation error = 0.051
2018-01-27 16:47:38,699 INFO EPOCH 58 - 2062 sec ....34.22 min
2018-01-27 16:47:38,699 INFO Training error = 0.058 Validation error = 0.060
2018-01-27 16:48:14,126 INFO EPOCH 59 - 2097 sec ....34.57 min
2018-01-27 16:48:14,126 INFO Training error = 0.052 Validation error = 0.051
2018-01-27 16:48:49,804 INFO EPOCH 60 - 2133 sec ....35.33 min
2018-01-27 16:48:49,804 INFO Training error = 0.054 Validation error = 0.055
2018-01-27 16:49:25,185 INFO EPOCH 61 - 2168 sec ....36.8 min
2018-01-27 16:49:25,185 INFO Training error = 0.051 Validation error = 0.049
2018-01-27 16:50:00,914 INFO EPOCH 62 - 2204 sec ....36.44 min
2018-01-27 16:50:00,914 INFO Training error = 0.054 Validation error = 0.053
2018-01-27 16:50:36,341 INFO EPOCH 63 - 2240 sec ....37.20 min
2018-01-27 16:50:36,341 INFO Training error = 0.056 Validation error = 0.057
2018-01-27 16:51:11,847 INFO EPOCH 64 - 2275 sec ....37.55 min
2018-01-27 16:51:11,847 INFO Training error = 0.058 Validation error = 0.047
2018-01-27 16:51:47,224 INFO EPOCH 65 - 2310 sec ....38.30 min
2018-01-27 16:51:47,224 INFO Training error = 0.051 Validation error = 0.047
2018-01-27 16:52:22,818 INFO EPOCH 66 - 2346 sec ....39.6 min
2018-01-27 16:52:22,818 INFO Training error = 0.057 Validation error = 0.065
2018-01-27 16:52:58,194 INFO EPOCH 67 - 2381 sec ....39.41 min
2018-01-27 16:52:58,194 INFO Training error = 0.053 Validation error = 0.053
2018-01-27 16:53:33,857 INFO EPOCH 68 - 2417 sec ....40.17 min
2018-01-27 16:53:33,857 INFO Training error = 0.052 Validation error = 0.049
2018-01-27 16:54:09,152 INFO EPOCH 69 - 2452 sec ....40.52 min
2018-01-27 16:54:09,153 INFO Training error = 0.053 Validation error = 0.053
2018-01-27 16:54:44,781 INFO EPOCH 70 - 2488 sec ....41.28 min
2018-01-27 16:54:44,782 INFO Training error = 0.050 Validation error = 0.054
2018-01-27 16:55:20,307 INFO EPOCH 71 - 2523 sec ....42.3 min
2018-01-27 16:55:20,307 INFO Training error = 0.056 Validation error = 0.057
2018-01-27 16:55:55,975 INFO EPOCH 72 - 2559 sec ....42.39 min
2018-01-27 16:55:55,975 INFO Training error = 0.053 Validation error = 0.053
2018-01-27 16:56:31,375 INFO EPOCH 73 - 2595 sec ....43.15 min
2018-01-27 16:56:31,376 INFO Training error = 0.056 Validation error = 0.054
2018-01-27 16:57:07,183 INFO EPOCH 74 - 2630 sec ....43.50 min
2018-01-27 16:57:07,184 INFO Training error = 0.051 Validation error = 0.054
2018-01-27 16:57:42,570 INFO EPOCH 75 - 2666 sec ....44.26 min
2018-01-27 16:57:42,570 INFO Training error = 0.054 Validation error = 0.056
2018-01-27 16:58:18,263 INFO EPOCH 76 - 2701 sec ....45.1 min
2018-01-27 16:58:18,263 INFO Training error = 0.060 Validation error = 0.061
2018-01-27 16:58:53,786 INFO EPOCH 77 - 2737 sec ....45.37 min
2018-01-27 16:58:53,786 INFO Training error = 0.051 Validation error = 0.049
2018-01-27 16:59:29,393 INFO EPOCH 78 - 2773 sec ....46.13 min
2018-01-27 16:59:29,394 INFO Training error = 0.057 Validation error = 0.063
2018-01-27 17:00:04,755 INFO EPOCH 79 - 2808 sec ....46.48 min
2018-01-27 17:00:04,756 INFO Training error = 0.055 Validation error = 0.050
2018-01-27 17:00:40,502 INFO EPOCH 80 - 2844 sec ....47.24 min
2018-01-27 17:00:40,503 INFO Training error = 0.066 Validation error = 0.055
2018-01-27 17:00:40,604 INFO Restoring parameters from ./models/lenet
2018-01-27 17:00:40,650 INFO ACCURACY:
2018-01-27 17:00:51,769 INFO Accuracy Model On Training Images: 0.934
2018-01-27 17:00:51,894 INFO Accuracy Model On Validation Images: 0.945
2018-01-27 17:00:52,262 INFO Accuracy Model On Test Images: 0.911
