2018-01-29 16:18:42,117 INFO Number of training examples = 25350
2018-01-29 16:18:42,117 INFO Number of validation examples = 1290
2018-01-29 16:18:42,117 INFO Number of testing examples = 12569
2018-01-29 16:18:42,117 INFO Number of classes = 43

2018-01-29 16:25:06,153 INFO used net = LeNet
2018-01-29 16:25:06,830 INFO Training... dropout = 0.3 , batch_size = 128 , learning rate = 0.001
2018-01-29 16:25:09,761 INFO EPOCH 1 - 3 sec ....0.3 min
2018-01-29 16:25:09,762 INFO Training error = 0.243 Validation error = 0.516
2018-01-29 16:25:12,113 INFO EPOCH 2 - 5 sec ....0.5 min
2018-01-29 16:25:12,113 INFO Training error = 0.104 Validation error = 0.252
2018-01-29 16:25:14,454 INFO EPOCH 3 - 8 sec ....0.8 min
2018-01-29 16:25:14,454 INFO Training error = 0.066 Validation error = 0.159
2018-01-29 16:25:16,790 INFO EPOCH 4 - 10 sec ....0.10 min
2018-01-29 16:25:16,791 INFO Training error = 0.048 Validation error = 0.150
2018-01-29 16:25:19,118 INFO EPOCH 5 - 12 sec ....0.12 min
2018-01-29 16:25:19,119 INFO Training error = 0.032 Validation error = 0.119
2018-01-29 16:25:21,455 INFO EPOCH 6 - 15 sec ....0.15 min
2018-01-29 16:25:21,455 INFO Training error = 0.026 Validation error = 0.101
2018-01-29 16:25:23,779 INFO EPOCH 7 - 17 sec ....0.17 min
2018-01-29 16:25:23,779 INFO Training error = 0.023 Validation error = 0.090
2018-01-29 16:25:26,193 INFO EPOCH 8 - 19 sec ....0.19 min
2018-01-29 16:25:26,194 INFO Training error = 0.017 Validation error = 0.090
2018-01-29 16:25:28,534 INFO EPOCH 9 - 22 sec ....0.22 min
2018-01-29 16:25:28,535 INFO Training error = 0.014 Validation error = 0.064
2018-01-29 16:25:30,876 INFO EPOCH 10 - 24 sec ....0.24 min
2018-01-29 16:25:30,877 INFO Training error = 0.013 Validation error = 0.060
2018-01-29 16:25:33,265 INFO EPOCH 11 - 26 sec ....0.26 min
2018-01-29 16:25:33,265 INFO Training error = 0.012 Validation error = 0.076
2018-01-29 16:25:35,591 INFO EPOCH 12 - 29 sec ....0.29 min
2018-01-29 16:25:35,591 INFO Training error = 0.008 Validation error = 0.053
2018-01-29 16:25:37,938 INFO EPOCH 13 - 31 sec ....0.31 min
2018-01-29 16:25:37,938 INFO Training error = 0.007 Validation error = 0.064
2018-01-29 16:25:40,322 INFO EPOCH 14 - 33 sec ....0.33 min
2018-01-29 16:25:40,322 INFO Training error = 0.006 Validation error = 0.060
2018-01-29 16:25:42,675 INFO EPOCH 15 - 36 sec ....0.36 min
2018-01-29 16:25:42,675 INFO Training error = 0.006 Validation error = 0.060
2018-01-29 16:25:45,021 INFO EPOCH 16 - 38 sec ....0.38 min
2018-01-29 16:25:45,021 INFO Training error = 0.006 Validation error = 0.074
2018-01-29 16:25:47,399 INFO EPOCH 17 - 41 sec ....0.41 min
2018-01-29 16:25:47,399 INFO Training error = 0.004 Validation error = 0.062
2018-01-29 16:25:49,696 INFO EPOCH 18 - 43 sec ....0.43 min
2018-01-29 16:25:49,696 INFO Training error = 0.004 Validation error = 0.047
2018-01-29 16:25:52,016 INFO EPOCH 19 - 45 sec ....0.45 min
2018-01-29 16:25:52,016 INFO Training error = 0.003 Validation error = 0.049
2018-01-29 16:25:54,426 INFO EPOCH 20 - 48 sec ....0.48 min
2018-01-29 16:25:54,426 INFO Training error = 0.003 Validation error = 0.057
2018-01-29 16:25:56,762 INFO EPOCH 21 - 50 sec ....0.50 min
2018-01-29 16:25:56,763 INFO Training error = 0.003 Validation error = 0.052
2018-01-29 16:25:59,127 INFO EPOCH 22 - 52 sec ....0.52 min
2018-01-29 16:25:59,127 INFO Training error = 0.003 Validation error = 0.060
2018-01-29 16:26:01,516 INFO EPOCH 23 - 55 sec ....0.55 min
2018-01-29 16:26:01,516 INFO Training error = 0.003 Validation error = 0.058
2018-01-29 16:26:03,864 INFO EPOCH 24 - 57 sec ....0.57 min
2018-01-29 16:26:03,865 INFO Training error = 0.002 Validation error = 0.067
2018-01-29 16:26:06,225 INFO EPOCH 25 - 59 sec ....0.59 min
2018-01-29 16:26:06,226 INFO Training error = 0.001 Validation error = 0.057
2018-01-29 16:26:08,610 INFO EPOCH 26 - 62 sec ....1.2 min
2018-01-29 16:26:08,610 INFO Training error = 0.001 Validation error = 0.049
2018-01-29 16:26:10,966 INFO EPOCH 27 - 64 sec ....1.4 min
2018-01-29 16:26:10,966 INFO Training error = 0.001 Validation error = 0.053
2018-01-29 16:26:13,330 INFO EPOCH 28 - 66 sec ....1.6 min
2018-01-29 16:26:13,330 INFO Training error = 0.002 Validation error = 0.067
2018-01-29 16:26:15,694 INFO EPOCH 29 - 69 sec ....1.9 min
2018-01-29 16:26:15,695 INFO Training error = 0.001 Validation error = 0.051
2018-01-29 16:26:18,010 INFO EPOCH 30 - 71 sec ....1.11 min
2018-01-29 16:26:18,011 INFO Training error = 0.001 Validation error = 0.054
2018-01-29 16:26:20,350 INFO EPOCH 31 - 73 sec ....1.13 min
2018-01-29 16:26:20,350 INFO Training error = 0.001 Validation error = 0.047
2018-01-29 16:26:22,752 INFO EPOCH 32 - 76 sec ....1.16 min
2018-01-29 16:26:22,753 INFO Training error = 0.001 Validation error = 0.060
2018-01-29 16:26:25,107 INFO EPOCH 33 - 78 sec ....1.18 min
2018-01-29 16:26:25,107 INFO Training error = 0.001 Validation error = 0.042
2018-01-29 16:26:27,441 INFO EPOCH 34 - 81 sec ....1.21 min
2018-01-29 16:26:27,442 INFO Training error = 0.001 Validation error = 0.043
2018-01-29 16:26:29,822 INFO EPOCH 35 - 83 sec ....1.23 min
2018-01-29 16:26:29,822 INFO Training error = 0.001 Validation error = 0.066
2018-01-29 16:26:32,148 INFO EPOCH 36 - 85 sec ....1.25 min
2018-01-29 16:26:32,148 INFO Training error = 0.000 Validation error = 0.057
2018-01-29 16:26:34,513 INFO EPOCH 37 - 88 sec ....1.28 min
2018-01-29 16:26:34,513 INFO Training error = 0.001 Validation error = 0.056
2018-01-29 16:26:36,907 INFO EPOCH 38 - 90 sec ....1.30 min
2018-01-29 16:26:36,907 INFO Training error = 0.000 Validation error = 0.046
2018-01-29 16:26:39,278 INFO EPOCH 39 - 92 sec ....1.32 min
2018-01-29 16:26:39,278 INFO Training error = 0.000 Validation error = 0.056
2018-01-29 16:26:41,636 INFO EPOCH 40 - 95 sec ....1.35 min
2018-01-29 16:26:41,636 INFO Training error = 0.001 Validation error = 0.053
2018-01-29 16:26:44,031 INFO EPOCH 41 - 97 sec ....1.37 min
2018-01-29 16:26:44,031 INFO Training error = 0.001 Validation error = 0.057
2018-01-29 16:26:46,369 INFO EPOCH 42 - 100 sec ....1.40 min
2018-01-29 16:26:46,370 INFO Training error = 0.000 Validation error = 0.050
2018-01-29 16:26:48,689 INFO EPOCH 43 - 102 sec ....1.42 min
2018-01-29 16:26:48,689 INFO Training error = 0.000 Validation error = 0.045
2018-01-29 16:26:51,089 INFO EPOCH 44 - 104 sec ....1.44 min
2018-01-29 16:26:51,089 INFO Training error = 0.000 Validation error = 0.050
2018-01-29 16:26:53,439 INFO EPOCH 45 - 107 sec ....1.47 min
2018-01-29 16:26:53,440 INFO Training error = 0.000 Validation error = 0.057
2018-01-29 16:26:55,794 INFO EPOCH 46 - 109 sec ....1.49 min
2018-01-29 16:26:55,795 INFO Training error = 0.000 Validation error = 0.059
2018-01-29 16:26:58,188 INFO EPOCH 47 - 111 sec ....1.51 min
2018-01-29 16:26:58,189 INFO Training error = 0.000 Validation error = 0.051
2018-01-29 16:27:00,552 INFO EPOCH 48 - 114 sec ....1.54 min
2018-01-29 16:27:00,553 INFO Training error = 0.000 Validation error = 0.045
2018-01-29 16:27:02,917 INFO EPOCH 49 - 116 sec ....1.56 min
2018-01-29 16:27:02,917 INFO Training error = 0.000 Validation error = 0.058
2018-01-29 16:27:05,292 INFO EPOCH 50 - 118 sec ....1.58 min
2018-01-29 16:27:05,292 INFO Training error = 0.000 Validation error = 0.045
2018-01-29 16:27:07,635 INFO EPOCH 51 - 121 sec ....2.1 min
2018-01-29 16:27:07,635 INFO Training error = 0.000 Validation error = 0.050
2018-01-29 16:27:09,965 INFO EPOCH 52 - 123 sec ....2.3 min
2018-01-29 16:27:09,965 INFO Training error = 0.000 Validation error = 0.047
2018-01-29 16:27:12,345 INFO EPOCH 53 - 125 sec ....2.5 min
2018-01-29 16:27:12,346 INFO Training error = 0.000 Validation error = 0.059
2018-01-29 16:27:14,715 INFO EPOCH 54 - 128 sec ....2.8 min
2018-01-29 16:27:14,715 INFO Training error = 0.000 Validation error = 0.057
2018-01-29 16:27:17,053 INFO EPOCH 55 - 130 sec ....2.10 min
2018-01-29 16:27:17,053 INFO Training error = 0.000 Validation error = 0.060
2018-01-29 16:27:19,421 INFO EPOCH 56 - 133 sec ....2.13 min
2018-01-29 16:27:19,422 INFO Training error = 0.000 Validation error = 0.050
2018-01-29 16:27:21,747 INFO EPOCH 57 - 135 sec ....2.15 min
2018-01-29 16:27:21,747 INFO Training error = 0.000 Validation error = 0.050
2018-01-29 16:27:24,103 INFO EPOCH 58 - 137 sec ....2.17 min
2018-01-29 16:27:24,103 INFO Training error = 0.000 Validation error = 0.051
2018-01-29 16:27:26,494 INFO EPOCH 59 - 140 sec ....2.20 min
2018-01-29 16:27:26,494 INFO Training error = 0.000 Validation error = 0.049
2018-01-29 16:27:28,845 INFO EPOCH 60 - 142 sec ....2.22 min
2018-01-29 16:27:28,845 INFO Training error = 0.000 Validation error = 0.049
2018-01-29 16:27:31,206 INFO EPOCH 61 - 144 sec ....2.24 min
2018-01-29 16:27:31,206 INFO Training error = 0.000 Validation error = 0.048
2018-01-29 16:27:33,590 INFO EPOCH 62 - 147 sec ....2.27 min
2018-01-29 16:27:33,590 INFO Training error = 0.000 Validation error = 0.053
2018-01-29 16:27:35,933 INFO EPOCH 63 - 149 sec ....2.29 min
2018-01-29 16:27:35,933 INFO Training error = 0.000 Validation error = 0.047
2018-01-29 16:27:38,278 INFO EPOCH 64 - 151 sec ....2.31 min
2018-01-29 16:27:38,278 INFO Training error = 0.000 Validation error = 0.065
2018-01-29 16:27:40,669 INFO EPOCH 65 - 154 sec ....2.34 min
2018-01-29 16:27:40,669 INFO Training error = 0.000 Validation error = 0.053
2018-01-29 16:27:43,024 INFO EPOCH 66 - 156 sec ....2.36 min
2018-01-29 16:27:43,024 INFO Training error = 0.000 Validation error = 0.060
2018-01-29 16:27:45,344 INFO EPOCH 67 - 158 sec ....2.38 min
2018-01-29 16:27:45,345 INFO Training error = 0.000 Validation error = 0.057
2018-01-29 16:27:47,728 INFO EPOCH 68 - 161 sec ....2.41 min
2018-01-29 16:27:47,728 INFO Training error = 0.000 Validation error = 0.047
2018-01-29 16:27:50,089 INFO EPOCH 69 - 163 sec ....2.43 min
2018-01-29 16:27:50,089 INFO Training error = 0.000 Validation error = 0.047
2018-01-29 16:27:52,427 INFO EPOCH 70 - 166 sec ....2.46 min
2018-01-29 16:27:52,427 INFO Training error = 0.000 Validation error = 0.050
2018-01-29 16:27:54,864 INFO EPOCH 71 - 168 sec ....2.48 min
2018-01-29 16:27:54,864 INFO Training error = 0.000 Validation error = 0.050
2018-01-29 16:27:57,199 INFO EPOCH 72 - 170 sec ....2.50 min
2018-01-29 16:27:57,199 INFO Training error = 0.000 Validation error = 0.044
2018-01-29 16:27:59,541 INFO EPOCH 73 - 173 sec ....2.53 min
2018-01-29 16:27:59,542 INFO Training error = 0.001 Validation error = 0.059
2018-01-29 16:28:01,947 INFO EPOCH 74 - 175 sec ....2.55 min
2018-01-29 16:28:01,948 INFO Training error = 0.000 Validation error = 0.044
2018-01-29 16:28:04,307 INFO EPOCH 75 - 177 sec ....2.57 min
2018-01-29 16:28:04,307 INFO Training error = 0.000 Validation error = 0.043
2018-01-29 16:28:06,658 INFO EPOCH 76 - 180 sec ....3.0 min
2018-01-29 16:28:06,658 INFO Training error = 0.000 Validation error = 0.039
2018-01-29 16:28:09,025 INFO EPOCH 77 - 182 sec ....3.2 min
2018-01-29 16:28:09,026 INFO Training error = 0.000 Validation error = 0.053
2018-01-29 16:28:11,381 INFO EPOCH 78 - 185 sec ....3.5 min
2018-01-29 16:28:11,382 INFO Training error = 0.000 Validation error = 0.050
2018-01-29 16:28:13,722 INFO EPOCH 79 - 187 sec ....3.7 min
2018-01-29 16:28:13,722 INFO Training error = 0.000 Validation error = 0.045
2018-01-29 16:28:16,078 INFO EPOCH 80 - 189 sec ....3.9 min
2018-01-29 16:28:16,078 INFO Training error = 0.000 Validation error = 0.059
2018-01-29 16:28:16,128 INFO Restoring parameters from ./models/lenet
2018-01-29 16:28:16,156 INFO ACCURACY:
2018-01-29 16:28:16,854 INFO Accuracy Model On Training Images: 1.000
2018-01-29 16:28:16,894 INFO Accuracy Model On Validation Images: 0.941
2018-01-29 16:28:17,230 INFO Accuracy Model On Test Images: 0.950
