2018-02-01 11:30:35,689 INFO Number of training examples = 25350
2018-02-01 11:30:35,689 INFO Number of validation examples = 1290
2018-02-01 11:30:35,689 INFO Number of testing examples = 12569
2018-02-01 11:30:35,690 INFO Number of classes = 43

2018-02-01 11:53:07,176 INFO Number of training examples (augmentated) = 126750
2018-02-01 11:53:07,253 INFO used net = LeNet-adv
2018-02-01 11:53:08,151 INFO Training... dropout = 0.3 , batch_size = 128 , learning rate = 0.001
2018-02-01 11:54:43,072 INFO EPOCH 1 - 95 sec ....1.35 min
2018-02-01 11:54:43,073 INFO Training error = 0.062 Validation error = 0.073
2018-02-01 11:56:16,975 INFO EPOCH 2 - 189 sec ....3.9 min
2018-02-01 11:56:16,975 INFO Training error = 0.018 Validation error = 0.022
2018-02-01 11:57:50,895 INFO EPOCH 3 - 283 sec ....4.43 min
2018-02-01 11:57:50,895 INFO Training error = 0.011 Validation error = 0.021
2018-02-01 11:59:24,781 INFO EPOCH 4 - 377 sec ....6.17 min
2018-02-01 11:59:24,782 INFO Training error = 0.005 Validation error = 0.012
2018-02-01 12:00:59,590 INFO EPOCH 5 - 472 sec ....7.52 min
2018-02-01 12:00:59,590 INFO Training error = 0.003 Validation error = 0.019
2018-02-01 12:02:33,440 INFO EPOCH 6 - 565 sec ....9.25 min
2018-02-01 12:02:33,440 INFO Training error = 0.004 Validation error = 0.019
2018-02-01 12:04:07,213 INFO EPOCH 7 - 659 sec ....10.59 min
2018-02-01 12:04:07,214 INFO Training error = 0.003 Validation error = 0.029
2018-02-01 12:05:41,158 INFO EPOCH 8 - 753 sec ....12.33 min
2018-02-01 12:05:41,159 INFO Training error = 0.003 Validation error = 0.017
2018-02-01 12:07:14,989 INFO EPOCH 9 - 847 sec ....14.7 min
2018-02-01 12:07:14,989 INFO Training error = 0.002 Validation error = 0.013
2018-02-01 12:08:48,841 INFO EPOCH 10 - 941 sec ....15.41 min
2018-02-01 12:08:48,842 INFO Training error = 0.001 Validation error = 0.011
2018-02-01 12:10:22,918 INFO EPOCH 11 - 1035 sec ....17.15 min
2018-02-01 12:10:22,919 INFO Training error = 0.001 Validation error = 0.012
2018-02-01 12:11:56,785 INFO EPOCH 12 - 1129 sec ....18.49 min
2018-02-01 12:11:56,785 INFO Training error = 0.002 Validation error = 0.019
2018-02-01 12:13:30,593 INFO EPOCH 13 - 1223 sec ....20.23 min
2018-02-01 12:13:30,594 INFO Training error = 0.001 Validation error = 0.008
2018-02-01 12:15:04,500 INFO EPOCH 14 - 1317 sec ....21.57 min
2018-02-01 12:15:04,501 INFO Training error = 0.001 Validation error = 0.033
2018-02-01 12:16:38,302 INFO EPOCH 15 - 1410 sec ....23.30 min
2018-02-01 12:16:38,303 INFO Training error = 0.001 Validation error = 0.017
2018-02-01 12:18:12,126 INFO EPOCH 16 - 1504 sec ....25.4 min
2018-02-01 12:18:12,126 INFO Training error = 0.001 Validation error = 0.036
2018-02-01 12:19:46,155 INFO EPOCH 17 - 1598 sec ....26.38 min
2018-02-01 12:19:46,155 INFO Training error = 0.001 Validation error = 0.012
2018-02-01 12:21:19,901 INFO EPOCH 18 - 1692 sec ....28.12 min
2018-02-01 12:21:19,901 INFO Training error = 0.001 Validation error = 0.015
2018-02-01 12:22:53,725 INFO EPOCH 19 - 1786 sec ....29.46 min
2018-02-01 12:22:53,725 INFO Training error = 0.001 Validation error = 0.018
2018-02-01 12:24:27,773 INFO EPOCH 20 - 1880 sec ....31.20 min
2018-02-01 12:24:27,774 INFO Training error = 0.000 Validation error = 0.023
2018-02-01 12:26:01,569 INFO EPOCH 21 - 1974 sec ....32.54 min
2018-02-01 12:26:01,570 INFO Training error = 0.000 Validation error = 0.009
2018-02-01 12:27:35,345 INFO EPOCH 22 - 2067 sec ....34.27 min
2018-02-01 12:27:35,345 INFO Training error = 0.001 Validation error = 0.011
2018-02-01 12:29:09,226 INFO EPOCH 23 - 2161 sec ....36.1 min
2018-02-01 12:29:09,226 INFO Training error = 0.000 Validation error = 0.012
2018-02-01 12:30:42,967 INFO EPOCH 24 - 2255 sec ....37.35 min
2018-02-01 12:30:42,967 INFO Training error = 0.000 Validation error = 0.020
2018-02-01 12:32:16,741 INFO EPOCH 25 - 2349 sec ....39.9 min
2018-02-01 12:32:16,742 INFO Training error = 0.001 Validation error = 0.009
2018-02-01 12:33:50,633 INFO EPOCH 26 - 2443 sec ....40.43 min
2018-02-01 12:33:50,633 INFO Training error = 0.000 Validation error = 0.015
2018-02-01 12:35:24,359 INFO EPOCH 27 - 2536 sec ....42.16 min
2018-02-01 12:35:24,359 INFO Training error = 0.001 Validation error = 0.017
2018-02-01 12:36:58,143 INFO EPOCH 28 - 2630 sec ....43.50 min
2018-02-01 12:36:58,143 INFO Training error = 0.001 Validation error = 0.005
2018-02-01 12:38:32,970 INFO EPOCH 29 - 2725 sec ....45.25 min
2018-02-01 12:38:32,970 INFO Training error = 0.001 Validation error = 0.014
2018-02-01 12:40:06,627 INFO EPOCH 30 - 2819 sec ....46.59 min
2018-02-01 12:40:06,628 INFO Training error = 0.000 Validation error = 0.016
2018-02-01 12:41:40,314 INFO EPOCH 31 - 2912 sec ....48.32 min
2018-02-01 12:41:40,315 INFO Training error = 0.000 Validation error = 0.012
2018-02-01 12:43:14,096 INFO EPOCH 32 - 3006 sec ....50.6 min
2018-02-01 12:43:14,097 INFO Training error = 0.001 Validation error = 0.022
2018-02-01 12:44:47,801 INFO EPOCH 33 - 3100 sec ....51.40 min
2018-02-01 12:44:47,802 INFO Training error = 0.000 Validation error = 0.010
2018-02-01 12:46:21,541 INFO EPOCH 34 - 3194 sec ....53.14 min
2018-02-01 12:46:21,542 INFO Training error = 0.000 Validation error = 0.008
2018-02-01 12:47:55,371 INFO EPOCH 35 - 3287 sec ....54.47 min
2018-02-01 12:47:55,372 INFO Training error = 0.001 Validation error = 0.008
2018-02-01 12:49:29,144 INFO EPOCH 36 - 3381 sec ....56.21 min
2018-02-01 12:49:29,144 INFO Training error = 0.000 Validation error = 0.005
2018-02-01 12:51:02,861 INFO EPOCH 37 - 3475 sec ....57.55 min
2018-02-01 12:51:02,861 INFO Training error = 0.000 Validation error = 0.008
2018-02-01 12:52:36,742 INFO EPOCH 38 - 3569 sec ....59.29 min
2018-02-01 12:52:36,743 INFO Training error = 0.000 Validation error = 0.011
2018-02-01 12:54:10,513 INFO EPOCH 39 - 3663 sec ....61.3 min
2018-02-01 12:54:10,514 INFO Training error = 0.000 Validation error = 0.009
2018-02-01 12:55:44,270 INFO EPOCH 40 - 3756 sec ....62.36 min
2018-02-01 12:55:44,270 INFO Training error = 0.000 Validation error = 0.012
2018-02-01 12:55:44,595 INFO Restoring parameters from ./models/lenet
2018-02-01 12:55:44,649 INFO ACCURACY:
2018-02-01 12:56:04,277 INFO Accuracy Model On Training Images: 1.000
2018-02-01 12:56:04,482 INFO Accuracy Model On Validation Images: 0.988
2018-02-01 12:56:06,458 INFO Accuracy Model On Test Images: 0.982
