2018-01-25 13:08:41,217 INFO 	Number of training examples = 25350
2018-01-25 13:08:41,217 INFO 	Number of validation examples = 1290
2018-01-25 13:08:41,217 INFO 	Number of testing examples = 12569
2018-01-25 13:08:41,217 INFO Number of classes = 43
2018-01-25 13:08:42,667 INFO used net = LeNet
2018-01-25 13:08:43,330 INFO Training... dropout = 0.3 , batch_size = 128 , learning rate = 0.001
2018-01-25 13:08:47,303 INFO EPOCH 1 - 4 sec ....0.4 min
2018-01-25 13:08:47,304 INFO Training error = 0.665 Validation error = 0.787
2018-01-25 13:08:49,631 INFO EPOCH 2 - 6 sec ....0.6 min
2018-01-25 13:08:49,631 INFO Training error = 0.455 Validation error = 0.681
2018-01-25 13:08:51,986 INFO EPOCH 3 - 9 sec ....0.9 min
2018-01-25 13:08:51,986 INFO Training error = 0.312 Validation error = 0.523
2018-01-25 13:08:54,313 INFO EPOCH 4 - 11 sec ....0.11 min
2018-01-25 13:08:54,314 INFO Training error = 0.207 Validation error = 0.409
2018-01-25 13:08:56,663 INFO EPOCH 5 - 13 sec ....0.13 min
2018-01-25 13:08:56,664 INFO Training error = 0.151 Validation error = 0.366
2018-01-25 13:08:59,023 INFO EPOCH 6 - 16 sec ....0.16 min
2018-01-25 13:08:59,024 INFO Training error = 0.121 Validation error = 0.321
2018-01-25 13:09:01,337 INFO EPOCH 7 - 18 sec ....0.18 min
2018-01-25 13:09:01,337 INFO Training error = 0.095 Validation error = 0.272
2018-01-25 13:09:03,738 INFO EPOCH 8 - 20 sec ....0.20 min
2018-01-25 13:09:03,738 INFO Training error = 0.078 Validation error = 0.253
2018-01-25 13:09:06,093 INFO EPOCH 9 - 23 sec ....0.23 min
2018-01-25 13:09:06,093 INFO Training error = 0.070 Validation error = 0.240
2018-01-25 13:09:08,449 INFO EPOCH 10 - 25 sec ....0.25 min
2018-01-25 13:09:08,449 INFO Training error = 0.057 Validation error = 0.219
2018-01-25 13:09:10,856 INFO EPOCH 11 - 27 sec ....0.27 min
2018-01-25 13:09:10,856 INFO Training error = 0.062 Validation error = 0.235
2018-01-25 13:09:13,189 INFO EPOCH 12 - 30 sec ....0.30 min
2018-01-25 13:09:13,190 INFO Training error = 0.041 Validation error = 0.199
2018-01-25 13:09:15,533 INFO EPOCH 13 - 32 sec ....0.32 min
2018-01-25 13:09:15,534 INFO Training error = 0.036 Validation error = 0.194
2018-01-25 13:09:17,916 INFO EPOCH 14 - 35 sec ....0.35 min
2018-01-25 13:09:17,917 INFO Training error = 0.033 Validation error = 0.198
2018-01-25 13:09:20,251 INFO EPOCH 15 - 37 sec ....0.37 min
2018-01-25 13:09:20,251 INFO Training error = 0.030 Validation error = 0.198
2018-01-25 13:09:22,615 INFO EPOCH 16 - 39 sec ....0.39 min
2018-01-25 13:09:22,615 INFO Training error = 0.023 Validation error = 0.195
2018-01-25 13:09:25,004 INFO EPOCH 17 - 42 sec ....0.42 min
2018-01-25 13:09:25,005 INFO Training error = 0.021 Validation error = 0.182
2018-01-25 13:09:27,373 INFO EPOCH 18 - 44 sec ....0.44 min
2018-01-25 13:09:27,373 INFO Training error = 0.017 Validation error = 0.188
2018-01-25 13:09:29,699 INFO EPOCH 19 - 46 sec ....0.46 min
2018-01-25 13:09:29,699 INFO Training error = 0.018 Validation error = 0.187
2018-01-25 13:09:32,085 INFO EPOCH 20 - 49 sec ....0.49 min
2018-01-25 13:09:32,085 INFO Training error = 0.018 Validation error = 0.181
2018-01-25 13:09:34,440 INFO EPOCH 21 - 51 sec ....0.51 min
2018-01-25 13:09:34,440 INFO Training error = 0.014 Validation error = 0.171
2018-01-25 13:09:36,794 INFO EPOCH 22 - 53 sec ....0.53 min
2018-01-25 13:09:36,794 INFO Training error = 0.012 Validation error = 0.178
2018-01-25 13:09:39,164 INFO EPOCH 23 - 56 sec ....0.56 min
2018-01-25 13:09:39,165 INFO Training error = 0.014 Validation error = 0.191
2018-01-25 13:09:41,524 INFO EPOCH 24 - 58 sec ....0.58 min
2018-01-25 13:09:41,524 INFO Training error = 0.013 Validation error = 0.183
2018-01-25 13:09:43,868 INFO EPOCH 25 - 61 sec ....1.1 min
2018-01-25 13:09:43,868 INFO Training error = 0.010 Validation error = 0.145
2018-01-25 13:09:46,197 INFO EPOCH 26 - 63 sec ....1.3 min
2018-01-25 13:09:46,197 INFO Training error = 0.009 Validation error = 0.159
2018-01-25 13:09:48,563 INFO EPOCH 27 - 65 sec ....1.5 min
2018-01-25 13:09:48,563 INFO Training error = 0.010 Validation error = 0.165
2018-01-25 13:09:50,914 INFO EPOCH 28 - 68 sec ....1.8 min
2018-01-25 13:09:50,914 INFO Training error = 0.011 Validation error = 0.179
2018-01-25 13:09:53,313 INFO EPOCH 29 - 70 sec ....1.10 min
2018-01-25 13:09:53,313 INFO Training error = 0.009 Validation error = 0.149
2018-01-25 13:09:55,682 INFO EPOCH 30 - 72 sec ....1.12 min
2018-01-25 13:09:55,683 INFO Training error = 0.009 Validation error = 0.165
2018-01-25 13:09:58,004 INFO EPOCH 31 - 75 sec ....1.15 min
2018-01-25 13:09:58,004 INFO Training error = 0.007 Validation error = 0.169
2018-01-25 13:10:00,386 INFO EPOCH 32 - 77 sec ....1.17 min
2018-01-25 13:10:00,386 INFO Training error = 0.008 Validation error = 0.175
2018-01-25 13:10:02,734 INFO EPOCH 33 - 79 sec ....1.19 min
2018-01-25 13:10:02,734 INFO Training error = 0.007 Validation error = 0.171
2018-01-25 13:10:05,085 INFO EPOCH 34 - 82 sec ....1.22 min
2018-01-25 13:10:05,086 INFO Training error = 0.008 Validation error = 0.160
2018-01-25 13:10:07,489 INFO EPOCH 35 - 84 sec ....1.24 min
2018-01-25 13:10:07,490 INFO Training error = 0.006 Validation error = 0.174
2018-01-25 13:10:09,828 INFO EPOCH 36 - 86 sec ....1.26 min
2018-01-25 13:10:09,829 INFO Training error = 0.005 Validation error = 0.152
2018-01-25 13:10:12,164 INFO EPOCH 37 - 89 sec ....1.29 min
2018-01-25 13:10:12,164 INFO Training error = 0.006 Validation error = 0.173
2018-01-25 13:10:14,572 INFO EPOCH 38 - 91 sec ....1.31 min
2018-01-25 13:10:14,573 INFO Training error = 0.011 Validation error = 0.170
2018-01-25 13:10:16,934 INFO EPOCH 39 - 94 sec ....1.34 min
2018-01-25 13:10:16,935 INFO Training error = 0.007 Validation error = 0.160
2018-01-25 13:10:19,193 INFO EPOCH 40 - 96 sec ....1.36 min
2018-01-25 13:10:19,193 INFO Training error = 0.004 Validation error = 0.153
2018-01-25 13:10:21,582 INFO EPOCH 41 - 98 sec ....1.38 min
2018-01-25 13:10:21,583 INFO Training error = 0.014 Validation error = 0.188
2018-01-25 13:10:23,959 INFO EPOCH 42 - 101 sec ....1.41 min
2018-01-25 13:10:23,960 INFO Training error = 0.003 Validation error = 0.156
2018-01-25 13:10:26,304 INFO EPOCH 43 - 103 sec ....1.43 min
2018-01-25 13:10:26,305 INFO Training error = 0.004 Validation error = 0.158
2018-01-25 13:10:28,738 INFO EPOCH 44 - 105 sec ....1.45 min
2018-01-25 13:10:28,738 INFO Training error = 0.005 Validation error = 0.164
2018-01-25 13:10:31,084 INFO EPOCH 45 - 108 sec ....1.48 min
2018-01-25 13:10:31,085 INFO Training error = 0.003 Validation error = 0.133
2018-01-25 13:10:33,437 INFO EPOCH 46 - 110 sec ....1.50 min
2018-01-25 13:10:33,437 INFO Training error = 0.004 Validation error = 0.154
2018-01-25 13:10:35,828 INFO EPOCH 47 - 112 sec ....1.52 min
2018-01-25 13:10:35,828 INFO Training error = 0.004 Validation error = 0.163
2018-01-25 13:10:38,185 INFO EPOCH 48 - 115 sec ....1.55 min
2018-01-25 13:10:38,185 INFO Training error = 0.004 Validation error = 0.151
2018-01-25 13:10:40,532 INFO EPOCH 49 - 117 sec ....1.57 min
2018-01-25 13:10:40,532 INFO Training error = 0.005 Validation error = 0.147
2018-01-25 13:10:42,932 INFO EPOCH 50 - 120 sec ....2.0 min
2018-01-25 13:10:42,932 INFO Training error = 0.003 Validation error = 0.147
2018-01-25 13:10:45,281 INFO EPOCH 51 - 122 sec ....2.2 min
2018-01-25 13:10:45,281 INFO Training error = 0.003 Validation error = 0.153
2018-01-25 13:10:47,651 INFO EPOCH 52 - 124 sec ....2.4 min
2018-01-25 13:10:47,651 INFO Training error = 0.002 Validation error = 0.149
2018-01-25 13:10:50,053 INFO EPOCH 53 - 127 sec ....2.7 min
2018-01-25 13:10:50,053 INFO Training error = 0.003 Validation error = 0.149
2018-01-25 13:10:52,431 INFO EPOCH 54 - 129 sec ....2.9 min
2018-01-25 13:10:52,431 INFO Training error = 0.004 Validation error = 0.167
2018-01-25 13:10:54,793 INFO EPOCH 55 - 131 sec ....2.11 min
2018-01-25 13:10:54,793 INFO Training error = 0.006 Validation error = 0.141
2018-01-25 13:10:57,164 INFO EPOCH 56 - 134 sec ....2.14 min
2018-01-25 13:10:57,165 INFO Training error = 0.002 Validation error = 0.130
2018-01-25 13:10:59,501 INFO EPOCH 57 - 136 sec ....2.16 min
2018-01-25 13:10:59,501 INFO Training error = 0.003 Validation error = 0.136
2018-01-25 13:11:01,856 INFO EPOCH 58 - 138 sec ....2.18 min
2018-01-25 13:11:01,856 INFO Training error = 0.002 Validation error = 0.145
2018-01-25 13:11:04,264 INFO EPOCH 59 - 141 sec ....2.21 min
2018-01-25 13:11:04,264 INFO Training error = 0.002 Validation error = 0.154
2018-01-25 13:11:06,619 INFO EPOCH 60 - 143 sec ....2.23 min
2018-01-25 13:11:06,619 INFO Training error = 0.005 Validation error = 0.147
2018-01-25 13:11:08,961 INFO EPOCH 61 - 146 sec ....2.26 min
2018-01-25 13:11:08,961 INFO Training error = 0.003 Validation error = 0.150
2018-01-25 13:11:11,330 INFO EPOCH 62 - 148 sec ....2.28 min
2018-01-25 13:11:11,330 INFO Training error = 0.002 Validation error = 0.143
2018-01-25 13:11:13,670 INFO EPOCH 63 - 150 sec ....2.30 min
2018-01-25 13:11:13,670 INFO Training error = 0.009 Validation error = 0.153
2018-01-25 13:11:16,052 INFO EPOCH 64 - 153 sec ....2.33 min
2018-01-25 13:11:16,052 INFO Training error = 0.010 Validation error = 0.164
2018-01-25 13:11:18,446 INFO EPOCH 65 - 155 sec ....2.35 min
2018-01-25 13:11:18,447 INFO Training error = 0.002 Validation error = 0.133
2018-01-25 13:11:20,804 INFO EPOCH 66 - 157 sec ....2.37 min
2018-01-25 13:11:20,804 INFO Training error = 0.002 Validation error = 0.159
2018-01-25 13:11:23,186 INFO EPOCH 67 - 160 sec ....2.40 min
2018-01-25 13:11:23,186 INFO Training error = 0.002 Validation error = 0.155
2018-01-25 13:11:25,617 INFO EPOCH 68 - 162 sec ....2.42 min
2018-01-25 13:11:25,617 INFO Training error = 0.001 Validation error = 0.159
2018-01-25 13:11:27,961 INFO EPOCH 69 - 165 sec ....2.45 min
2018-01-25 13:11:27,961 INFO Training error = 0.002 Validation error = 0.127
2018-01-25 13:11:30,331 INFO EPOCH 70 - 167 sec ....2.47 min
2018-01-25 13:11:30,331 INFO Training error = 0.002 Validation error = 0.139
2018-01-25 13:11:32,734 INFO EPOCH 71 - 169 sec ....2.49 min
2018-01-25 13:11:32,734 INFO Training error = 0.001 Validation error = 0.131
2018-01-25 13:11:35,099 INFO EPOCH 72 - 172 sec ....2.52 min
2018-01-25 13:11:35,099 INFO Training error = 0.001 Validation error = 0.132
2018-01-25 13:11:37,453 INFO EPOCH 73 - 174 sec ....2.54 min
2018-01-25 13:11:37,453 INFO Training error = 0.009 Validation error = 0.129
2018-01-25 13:11:39,878 INFO EPOCH 74 - 177 sec ....2.57 min
2018-01-25 13:11:39,878 INFO Training error = 0.001 Validation error = 0.125
2018-01-25 13:11:42,267 INFO EPOCH 75 - 179 sec ....2.59 min
2018-01-25 13:11:42,267 INFO Training error = 0.001 Validation error = 0.137
2018-01-25 13:11:44,682 INFO EPOCH 76 - 181 sec ....3.1 min
2018-01-25 13:11:44,682 INFO Training error = 0.002 Validation error = 0.133
2018-01-25 13:11:47,041 INFO EPOCH 77 - 184 sec ....3.4 min
2018-01-25 13:11:47,041 INFO Training error = 0.009 Validation error = 0.153
2018-01-25 13:11:49,393 INFO EPOCH 78 - 186 sec ....3.6 min
2018-01-25 13:11:49,393 INFO Training error = 0.004 Validation error = 0.143
2018-01-25 13:11:51,783 INFO EPOCH 79 - 188 sec ....3.8 min
2018-01-25 13:11:51,783 INFO Training error = 0.002 Validation error = 0.137
2018-01-25 13:11:54,262 INFO EPOCH 80 - 191 sec ....3.11 min
2018-01-25 13:11:54,262 INFO Training error = 0.002 Validation error = 0.151
2018-01-25 13:11:56,662 INFO EPOCH 81 - 193 sec ....3.13 min
2018-01-25 13:11:56,662 INFO Training error = 0.005 Validation error = 0.157
2018-01-25 13:11:59,066 INFO EPOCH 82 - 196 sec ....3.16 min
2018-01-25 13:11:59,066 INFO Training error = 0.002 Validation error = 0.140
2018-01-25 13:12:01,476 INFO EPOCH 83 - 198 sec ....3.18 min
2018-01-25 13:12:01,477 INFO Training error = 0.002 Validation error = 0.128
2018-01-25 13:12:03,736 INFO EPOCH 84 - 200 sec ....3.20 min
2018-01-25 13:12:03,737 INFO Training error = 0.002 Validation error = 0.144
2018-01-25 13:12:06,150 INFO EPOCH 85 - 203 sec ....3.23 min
2018-01-25 13:12:06,151 INFO Training error = 0.003 Validation error = 0.149
2018-01-25 13:12:08,618 INFO EPOCH 86 - 205 sec ....3.25 min
2018-01-25 13:12:08,619 INFO Training error = 0.005 Validation error = 0.147
2018-01-25 13:12:11,043 INFO EPOCH 87 - 208 sec ....3.28 min
2018-01-25 13:12:11,043 INFO Training error = 0.002 Validation error = 0.138
2018-01-25 13:12:13,511 INFO EPOCH 88 - 210 sec ....3.30 min
2018-01-25 13:12:13,511 INFO Training error = 0.002 Validation error = 0.140
2018-01-25 13:12:15,916 INFO EPOCH 89 - 213 sec ....3.33 min
2018-01-25 13:12:15,917 INFO Training error = 0.001 Validation error = 0.147
2018-01-25 13:12:18,288 INFO EPOCH 90 - 215 sec ....3.35 min
2018-01-25 13:12:18,288 INFO Training error = 0.001 Validation error = 0.139
2018-01-25 13:12:20,644 INFO EPOCH 91 - 217 sec ....3.37 min
2018-01-25 13:12:20,644 INFO Training error = 0.001 Validation error = 0.148
2018-01-25 13:12:23,125 INFO EPOCH 92 - 220 sec ....3.40 min
2018-01-25 13:12:23,125 INFO Training error = 0.001 Validation error = 0.140
2018-01-25 13:12:25,539 INFO EPOCH 93 - 222 sec ....3.42 min
2018-01-25 13:12:25,539 INFO Training error = 0.002 Validation error = 0.150
2018-01-25 13:12:27,909 INFO EPOCH 94 - 225 sec ....3.45 min
2018-01-25 13:12:27,909 INFO Training error = 0.000 Validation error = 0.146
2018-01-25 13:12:30,375 INFO EPOCH 95 - 227 sec ....3.47 min
2018-01-25 13:12:30,375 INFO Training error = 0.005 Validation error = 0.143
2018-01-25 13:12:32,808 INFO EPOCH 96 - 229 sec ....3.49 min
2018-01-25 13:12:32,808 INFO Training error = 0.002 Validation error = 0.136
2018-01-25 13:12:35,214 INFO EPOCH 97 - 232 sec ....3.52 min
2018-01-25 13:12:35,214 INFO Training error = 0.001 Validation error = 0.139
2018-01-25 13:12:37,537 INFO EPOCH 98 - 234 sec ....3.54 min
2018-01-25 13:12:37,537 INFO Training error = 0.004 Validation error = 0.159
2018-01-25 13:12:39,894 INFO EPOCH 99 - 237 sec ....3.57 min
2018-01-25 13:12:39,895 INFO Training error = 0.001 Validation error = 0.135
2018-01-25 13:12:42,313 INFO EPOCH 100 - 239 sec ....3.59 min
2018-01-25 13:12:42,313 INFO Training error = 0.001 Validation error = 0.131
2018-01-25 13:12:44,607 INFO EPOCH 101 - 241 sec ....4.1 min
2018-01-25 13:12:44,607 INFO Training error = 0.005 Validation error = 0.146
2018-01-25 13:12:46,890 INFO EPOCH 102 - 244 sec ....4.4 min
2018-01-25 13:12:46,890 INFO Training error = 0.001 Validation error = 0.126
2018-01-25 13:12:49,239 INFO EPOCH 103 - 246 sec ....4.6 min
2018-01-25 13:12:49,239 INFO Training error = 0.002 Validation error = 0.139
2018-01-25 13:12:51,698 INFO EPOCH 104 - 248 sec ....4.8 min
2018-01-25 13:12:51,698 INFO Training error = 0.001 Validation error = 0.142
2018-01-25 13:12:54,161 INFO EPOCH 105 - 251 sec ....4.11 min
2018-01-25 13:12:54,161 INFO Training error = 0.001 Validation error = 0.133
2018-01-25 13:12:56,416 INFO EPOCH 106 - 253 sec ....4.13 min
2018-01-25 13:12:56,416 INFO Training error = 0.001 Validation error = 0.135
2018-01-25 13:12:58,867 INFO EPOCH 107 - 256 sec ....4.16 min
2018-01-25 13:12:58,867 INFO Training error = 0.001 Validation error = 0.143
2018-01-25 13:13:01,063 INFO EPOCH 108 - 258 sec ....4.18 min
2018-01-25 13:13:01,063 INFO Training error = 0.002 Validation error = 0.122
2018-01-25 13:13:03,451 INFO EPOCH 109 - 260 sec ....4.20 min
2018-01-25 13:13:03,451 INFO Training error = 0.002 Validation error = 0.129
2018-01-25 13:13:05,936 INFO EPOCH 110 - 263 sec ....4.23 min
2018-01-25 13:13:05,936 INFO Training error = 0.001 Validation error = 0.144
2018-01-25 13:13:08,371 INFO EPOCH 111 - 265 sec ....4.25 min
2018-01-25 13:13:08,371 INFO Training error = 0.005 Validation error = 0.143
2018-01-25 13:13:10,805 INFO EPOCH 112 - 267 sec ....4.27 min
2018-01-25 13:13:10,805 INFO Training error = 0.001 Validation error = 0.119
2018-01-25 13:13:13,136 INFO EPOCH 113 - 270 sec ....4.30 min
2018-01-25 13:13:13,136 INFO Training error = 0.001 Validation error = 0.134
2018-01-25 13:13:15,540 INFO EPOCH 114 - 272 sec ....4.32 min
2018-01-25 13:13:15,541 INFO Training error = 0.003 Validation error = 0.136
2018-01-25 13:13:17,916 INFO EPOCH 115 - 275 sec ....4.35 min
2018-01-25 13:13:17,916 INFO Training error = 0.003 Validation error = 0.136
2018-01-25 13:13:20,249 INFO EPOCH 116 - 277 sec ....4.37 min
2018-01-25 13:13:20,249 INFO Training error = 0.002 Validation error = 0.134
2018-01-25 13:13:22,676 INFO EPOCH 117 - 279 sec ....4.39 min
2018-01-25 13:13:22,676 INFO Training error = 0.002 Validation error = 0.140
2018-01-25 13:13:25,129 INFO EPOCH 118 - 282 sec ....4.42 min
2018-01-25 13:13:25,129 INFO Training error = 0.003 Validation error = 0.150
2018-01-25 13:13:27,551 INFO EPOCH 119 - 284 sec ....4.44 min
2018-01-25 13:13:27,551 INFO Training error = 0.001 Validation error = 0.133
2018-01-25 13:13:29,956 INFO EPOCH 120 - 287 sec ....4.47 min
2018-01-25 13:13:29,956 INFO Training error = 0.001 Validation error = 0.124
2018-01-25 13:13:32,329 INFO EPOCH 121 - 289 sec ....4.49 min
2018-01-25 13:13:32,329 INFO Training error = 0.003 Validation error = 0.129
2018-01-25 13:13:34,772 INFO EPOCH 122 - 291 sec ....4.51 min
2018-01-25 13:13:34,772 INFO Training error = 0.006 Validation error = 0.142
2018-01-25 13:13:37,175 INFO EPOCH 123 - 294 sec ....4.54 min
2018-01-25 13:13:37,175 INFO Training error = 0.000 Validation error = 0.124
2018-01-25 13:13:39,588 INFO EPOCH 124 - 296 sec ....4.56 min
2018-01-25 13:13:39,588 INFO Training error = 0.001 Validation error = 0.119
2018-01-25 13:13:42,079 INFO EPOCH 125 - 299 sec ....4.59 min
2018-01-25 13:13:42,079 INFO Training error = 0.001 Validation error = 0.120
2018-01-25 13:13:44,540 INFO EPOCH 126 - 301 sec ....5.1 min
2018-01-25 13:13:44,541 INFO Training error = 0.015 Validation error = 0.161
2018-01-25 13:13:46,916 INFO EPOCH 127 - 304 sec ....5.4 min
2018-01-25 13:13:46,917 INFO Training error = 0.001 Validation error = 0.118
2018-01-25 13:13:49,329 INFO EPOCH 128 - 306 sec ....5.6 min
2018-01-25 13:13:49,329 INFO Training error = 0.001 Validation error = 0.132
2018-01-25 13:13:51,754 INFO EPOCH 129 - 308 sec ....5.8 min
2018-01-25 13:13:51,754 INFO Training error = 0.001 Validation error = 0.112
2018-01-25 13:13:54,209 INFO EPOCH 130 - 311 sec ....5.11 min
2018-01-25 13:13:54,209 INFO Training error = 0.001 Validation error = 0.120
2018-01-25 13:13:56,701 INFO EPOCH 131 - 313 sec ....5.13 min
2018-01-25 13:13:56,701 INFO Training error = 0.004 Validation error = 0.136
2018-01-25 13:13:59,136 INFO EPOCH 132 - 316 sec ....5.16 min
2018-01-25 13:13:59,136 INFO Training error = 0.004 Validation error = 0.126
2018-01-25 13:14:01,545 INFO EPOCH 133 - 318 sec ....5.18 min
2018-01-25 13:14:01,546 INFO Training error = 0.003 Validation error = 0.143
2018-01-25 13:14:04,039 INFO EPOCH 134 - 321 sec ....5.21 min
2018-01-25 13:14:04,040 INFO Training error = 0.001 Validation error = 0.136
2018-01-25 13:14:06,401 INFO EPOCH 135 - 323 sec ....5.23 min
2018-01-25 13:14:06,402 INFO Training error = 0.001 Validation error = 0.131
2018-01-25 13:14:08,653 INFO EPOCH 136 - 325 sec ....5.25 min
2018-01-25 13:14:08,653 INFO Training error = 0.001 Validation error = 0.135
2018-01-25 13:14:10,965 INFO EPOCH 137 - 328 sec ....5.28 min
2018-01-25 13:14:10,965 INFO Training error = 0.000 Validation error = 0.124
2018-01-25 13:14:13,380 INFO EPOCH 138 - 330 sec ....5.30 min
2018-01-25 13:14:13,380 INFO Training error = 0.001 Validation error = 0.131
2018-01-25 13:14:15,735 INFO EPOCH 139 - 332 sec ....5.32 min
2018-01-25 13:14:15,735 INFO Training error = 0.003 Validation error = 0.136
2018-01-25 13:14:18,225 INFO EPOCH 140 - 335 sec ....5.35 min
2018-01-25 13:14:18,225 INFO Training error = 0.001 Validation error = 0.129
2018-01-25 13:14:20,639 INFO EPOCH 141 - 337 sec ....5.37 min
2018-01-25 13:14:20,640 INFO Training error = 0.004 Validation error = 0.135
2018-01-25 13:14:23,043 INFO EPOCH 142 - 340 sec ....5.40 min
2018-01-25 13:14:23,043 INFO Training error = 0.001 Validation error = 0.136
2018-01-25 13:14:25,534 INFO EPOCH 143 - 342 sec ....5.42 min
2018-01-25 13:14:25,534 INFO Training error = 0.003 Validation error = 0.126
2018-01-25 13:14:27,965 INFO EPOCH 144 - 345 sec ....5.45 min
2018-01-25 13:14:27,965 INFO Training error = 0.002 Validation error = 0.125
2018-01-25 13:14:30,374 INFO EPOCH 145 - 347 sec ....5.47 min
2018-01-25 13:14:30,375 INFO Training error = 0.001 Validation error = 0.145
2018-01-25 13:14:32,685 INFO EPOCH 146 - 349 sec ....5.49 min
2018-01-25 13:14:32,685 INFO Training error = 0.001 Validation error = 0.109
2018-01-25 13:14:35,102 INFO EPOCH 147 - 352 sec ....5.52 min
2018-01-25 13:14:35,102 INFO Training error = 0.004 Validation error = 0.137
2018-01-25 13:14:37,369 INFO EPOCH 148 - 354 sec ....5.54 min
2018-01-25 13:14:37,369 INFO Training error = 0.001 Validation error = 0.147
2018-01-25 13:14:39,809 INFO EPOCH 149 - 356 sec ....5.56 min
2018-01-25 13:14:39,809 INFO Training error = 0.001 Validation error = 0.121
2018-01-25 13:14:42,019 INFO EPOCH 150 - 359 sec ....5.59 min
2018-01-25 13:14:42,019 INFO Training error = 0.001 Validation error = 0.137
2018-01-25 13:14:42,070 INFO Restoring parameters from ./models/lenet
2018-01-25 13:14:42,099 INFO ACCURACY:
2018-01-25 13:14:42,731 INFO Accuracy Model On Training Images: 0.999
2018-01-25 13:14:42,772 INFO Accuracy Model On Validation Images: 0.863
2018-01-25 13:14:43,094 INFO Accuracy Model On Test Images: 0.921
