2018-02-01 16:45:12,943 INFO Number of training examples = 25350
2018-02-01 16:45:12,944 INFO Number of validation examples = 1290
2018-02-01 16:45:12,944 INFO Number of testing examples = 12569
2018-02-01 16:45:12,944 INFO Number of classes = 43

2018-02-01 16:59:19,588 INFO Number of training examples (augmentated) = 76050
2018-02-01 16:59:19,650 INFO used net = LeNet-adv
2018-02-01 17:00:43,181 INFO Training... dropout = 0.3 , batch_size = 128 , learning rate = 0.001
2018-02-01 17:01:42,027 INFO EPOCH 1 - 142 sec ....2.22 min
2018-02-01 17:01:42,028 INFO Training error = 0.124 Validation error = 0.109
2018-02-01 17:02:38,532 INFO EPOCH 2 - 198 sec ....3.18 min
2018-02-01 17:02:38,533 INFO Training error = 0.061 Validation error = 0.091
2018-02-01 17:03:35,641 INFO EPOCH 3 - 255 sec ....4.15 min
2018-02-01 17:03:35,641 INFO Training error = 0.027 Validation error = 0.076
2018-02-01 17:04:32,079 INFO EPOCH 4 - 312 sec ....5.12 min
2018-02-01 17:04:32,080 INFO Training error = 0.019 Validation error = 0.083
2018-02-01 17:05:28,747 INFO EPOCH 5 - 368 sec ....6.8 min
2018-02-01 17:05:28,748 INFO Training error = 0.012 Validation error = 0.072
2018-02-01 17:06:25,524 INFO EPOCH 6 - 425 sec ....7.5 min
2018-02-01 17:06:25,524 INFO Training error = 0.007 Validation error = 0.066
2018-02-01 17:07:22,166 INFO EPOCH 7 - 482 sec ....8.2 min
2018-02-01 17:07:22,166 INFO Training error = 0.005 Validation error = 0.052
2018-02-01 17:08:18,883 INFO EPOCH 8 - 539 sec ....8.59 min
2018-02-01 17:08:18,884 INFO Training error = 0.004 Validation error = 0.075
2018-02-01 17:09:15,959 INFO EPOCH 9 - 596 sec ....9.56 min
2018-02-01 17:09:15,959 INFO Training error = 0.004 Validation error = 0.089
2018-02-01 17:10:12,384 INFO EPOCH 10 - 652 sec ....10.52 min
2018-02-01 17:10:12,385 INFO Training error = 0.004 Validation error = 0.067
2018-02-01 17:11:09,016 INFO EPOCH 11 - 709 sec ....11.49 min
2018-02-01 17:11:09,016 INFO Training error = 0.003 Validation error = 0.054
2018-02-01 17:12:05,459 INFO EPOCH 12 - 765 sec ....12.45 min
2018-02-01 17:12:05,459 INFO Training error = 0.001 Validation error = 0.057
2018-02-01 17:13:01,914 INFO EPOCH 13 - 822 sec ....13.42 min
2018-02-01 17:13:01,915 INFO Training error = 0.002 Validation error = 0.050
2018-02-01 17:14:00,409 INFO EPOCH 14 - 880 sec ....14.40 min
2018-02-01 17:14:00,409 INFO Training error = 0.002 Validation error = 0.057
2018-02-01 17:15:00,385 INFO EPOCH 15 - 940 sec ....15.40 min
2018-02-01 17:15:00,385 INFO Training error = 0.002 Validation error = 0.056
2018-02-01 17:15:59,550 INFO EPOCH 16 - 999 sec ....16.39 min
2018-02-01 17:15:59,550 INFO Training error = 0.001 Validation error = 0.056
2018-02-01 17:16:58,208 INFO EPOCH 17 - 1058 sec ....17.38 min
2018-02-01 17:16:58,209 INFO Training error = 0.002 Validation error = 0.063
2018-02-01 17:17:55,627 INFO EPOCH 18 - 1115 sec ....18.35 min
2018-02-01 17:17:55,627 INFO Training error = 0.001 Validation error = 0.060
2018-02-01 17:18:52,055 INFO EPOCH 19 - 1172 sec ....19.32 min
2018-02-01 17:18:52,056 INFO Training error = 0.001 Validation error = 0.043
2018-02-01 17:19:49,568 INFO EPOCH 20 - 1229 sec ....20.29 min
2018-02-01 17:19:49,568 INFO Training error = 0.001 Validation error = 0.061
2018-02-01 17:20:45,968 INFO EPOCH 21 - 1286 sec ....21.26 min
2018-02-01 17:20:45,968 INFO Training error = 0.001 Validation error = 0.064
2018-02-01 17:21:42,386 INFO EPOCH 22 - 1342 sec ....22.22 min
2018-02-01 17:21:42,387 INFO Training error = 0.001 Validation error = 0.056
2018-02-01 17:22:38,955 INFO EPOCH 23 - 1399 sec ....23.19 min
2018-02-01 17:22:38,956 INFO Training error = 0.002 Validation error = 0.050
2018-02-01 17:23:35,362 INFO EPOCH 24 - 1455 sec ....24.15 min
2018-02-01 17:23:35,362 INFO Training error = 0.001 Validation error = 0.046
2018-02-01 17:24:31,750 INFO EPOCH 25 - 1511 sec ....25.11 min
2018-02-01 17:24:31,750 INFO Training error = 0.001 Validation error = 0.048
2018-02-01 17:25:29,227 INFO EPOCH 26 - 1569 sec ....26.9 min
2018-02-01 17:25:29,227 INFO Training error = 0.002 Validation error = 0.036
2018-02-01 17:26:25,604 INFO EPOCH 27 - 1625 sec ....27.5 min
2018-02-01 17:26:25,605 INFO Training error = 0.001 Validation error = 0.042
2018-02-01 17:27:21,934 INFO EPOCH 28 - 1682 sec ....28.2 min
2018-02-01 17:27:21,935 INFO Training error = 0.001 Validation error = 0.054
2018-02-01 17:28:18,411 INFO EPOCH 29 - 1738 sec ....28.58 min
2018-02-01 17:28:18,411 INFO Training error = 0.001 Validation error = 0.049
2018-02-01 17:29:14,741 INFO EPOCH 30 - 1794 sec ....29.54 min
2018-02-01 17:29:14,741 INFO Training error = 0.001 Validation error = 0.044
2018-02-01 17:30:11,115 INFO EPOCH 31 - 1851 sec ....30.51 min
2018-02-01 17:30:11,115 INFO Training error = 0.000 Validation error = 0.045
2018-02-01 17:31:07,619 INFO EPOCH 32 - 1907 sec ....31.47 min
2018-02-01 17:31:07,620 INFO Training error = 0.001 Validation error = 0.044
2018-02-01 17:32:04,025 INFO EPOCH 33 - 1964 sec ....32.44 min
2018-02-01 17:32:04,025 INFO Training error = 0.001 Validation error = 0.067
2018-02-01 17:33:00,406 INFO EPOCH 34 - 2020 sec ....33.40 min
2018-02-01 17:33:00,407 INFO Training error = 0.001 Validation error = 0.048
2018-02-01 17:33:56,877 INFO EPOCH 35 - 2077 sec ....34.37 min
2018-02-01 17:33:56,878 INFO Training error = 0.000 Validation error = 0.047
2018-02-01 17:34:53,233 INFO EPOCH 36 - 2133 sec ....35.33 min
2018-02-01 17:34:53,234 INFO Training error = 0.001 Validation error = 0.053
2018-02-01 17:35:49,615 INFO EPOCH 37 - 2189 sec ....36.29 min
2018-02-01 17:35:49,616 INFO Training error = 0.001 Validation error = 0.045
2018-02-01 17:36:46,127 INFO EPOCH 38 - 2246 sec ....37.26 min
2018-02-01 17:36:46,127 INFO Training error = 0.001 Validation error = 0.054
2018-02-01 17:37:42,477 INFO EPOCH 39 - 2302 sec ....38.22 min
2018-02-01 17:37:42,477 INFO Training error = 0.001 Validation error = 0.056
2018-02-01 17:38:38,800 INFO EPOCH 40 - 2358 sec ....39.18 min
2018-02-01 17:38:38,800 INFO Training error = 0.001 Validation error = 0.050
2018-02-01 17:38:39,136 INFO Restoring parameters from ./models/lenet
2018-02-01 17:38:39,183 INFO ACCURACY:
2018-02-01 17:38:50,972 INFO Accuracy Model On Training Images: 0.999
2018-02-01 17:38:51,178 INFO Accuracy Model On Validation Images: 0.950
2018-02-01 17:38:53,154 INFO Accuracy Model On Test Images: 0.983
