2018-02-07 11:09:18,377 INFO dataset used = 2018-02-06_1645_online_augm_blur
2018-02-07 11:09:19,978 INFO Number of training examples = 152100
2018-02-07 11:09:19,978 INFO Number of validation examples = 1290
2018-02-07 11:09:19,978 INFO Number of testing examples = 12569
2018-02-07 11:09:19,978 INFO Number of classes = 43

2018-02-07 11:09:20,020 INFO used net = LeNet-adv
2018-02-07 11:09:20,743 INFO Training... dropout = 0.3 , batch_size = 128 , learning rate = 0.001
2018-02-07 11:11:14,111 INFO EPOCH 1 - 113 sec ....1.53 min
2018-02-07 11:11:14,111 INFO Training error = 0.038 Validation error = 0.037
2018-02-07 11:13:06,375 INFO EPOCH 2 - 226 sec ....3.46 min
2018-02-07 11:13:06,375 INFO Training error = 0.017 Validation error = 0.044
2018-02-07 11:14:58,510 INFO EPOCH 3 - 338 sec ....5.38 min
2018-02-07 11:14:58,510 INFO Training error = 0.008 Validation error = 0.024
2018-02-07 11:16:50,713 INFO EPOCH 4 - 450 sec ....7.30 min
2018-02-07 11:16:50,714 INFO Training error = 0.005 Validation error = 0.035
2018-02-07 11:18:42,883 INFO EPOCH 5 - 562 sec ....9.22 min
2018-02-07 11:18:42,883 INFO Training error = 0.004 Validation error = 0.040
2018-02-07 11:20:35,065 INFO EPOCH 6 - 674 sec ....11.14 min
2018-02-07 11:20:35,065 INFO Training error = 0.004 Validation error = 0.027
2018-02-07 11:22:27,259 INFO EPOCH 7 - 787 sec ....13.7 min
2018-02-07 11:22:27,260 INFO Training error = 0.003 Validation error = 0.029
2018-02-07 11:24:19,762 INFO EPOCH 8 - 899 sec ....14.59 min
2018-02-07 11:24:19,763 INFO Training error = 0.002 Validation error = 0.036
2018-02-07 11:26:11,979 INFO EPOCH 9 - 1011 sec ....16.51 min
2018-02-07 11:26:11,980 INFO Training error = 0.001 Validation error = 0.036
2018-02-07 11:28:04,150 INFO EPOCH 10 - 1123 sec ....18.43 min
2018-02-07 11:28:04,150 INFO Training error = 0.001 Validation error = 0.026
2018-02-07 11:29:56,476 INFO EPOCH 11 - 1236 sec ....20.36 min
2018-02-07 11:29:56,477 INFO Training error = 0.001 Validation error = 0.019
2018-02-07 11:31:48,624 INFO EPOCH 12 - 1348 sec ....22.28 min
2018-02-07 11:31:48,624 INFO Training error = 0.001 Validation error = 0.025
2018-02-07 11:33:40,754 INFO EPOCH 13 - 1460 sec ....24.20 min
2018-02-07 11:33:40,754 INFO Training error = 0.001 Validation error = 0.034
2018-02-07 11:35:32,973 INFO EPOCH 14 - 1572 sec ....26.12 min
2018-02-07 11:35:32,974 INFO Training error = 0.001 Validation error = 0.040
2018-02-07 11:37:25,114 INFO EPOCH 15 - 1684 sec ....28.4 min
2018-02-07 11:37:25,114 INFO Training error = 0.000 Validation error = 0.043
2018-02-07 11:39:17,229 INFO EPOCH 16 - 1797 sec ....29.57 min
2018-02-07 11:39:17,230 INFO Training error = 0.000 Validation error = 0.044
2018-02-07 11:41:09,538 INFO EPOCH 17 - 1909 sec ....31.49 min
2018-02-07 11:41:09,539 INFO Training error = 0.001 Validation error = 0.059
2018-02-07 11:43:01,612 INFO EPOCH 18 - 2021 sec ....33.41 min
2018-02-07 11:43:01,613 INFO Training error = 0.001 Validation error = 0.052
2018-02-07 11:44:53,685 INFO EPOCH 19 - 2133 sec ....35.33 min
2018-02-07 11:44:53,685 INFO Training error = 0.001 Validation error = 0.051
2018-02-07 11:46:46,012 INFO EPOCH 20 - 2245 sec ....37.25 min
2018-02-07 11:46:46,012 INFO Training error = 0.000 Validation error = 0.045
2018-02-07 11:48:38,172 INFO EPOCH 21 - 2357 sec ....39.17 min
2018-02-07 11:48:38,172 INFO Training error = 0.001 Validation error = 0.020
2018-02-07 11:50:30,305 INFO EPOCH 22 - 2470 sec ....41.10 min
2018-02-07 11:50:30,305 INFO Training error = 0.001 Validation error = 0.047
2018-02-07 11:52:22,572 INFO EPOCH 23 - 2582 sec ....43.2 min
2018-02-07 11:52:22,573 INFO Training error = 0.000 Validation error = 0.060
2018-02-07 11:54:14,680 INFO EPOCH 24 - 2694 sec ....44.54 min
2018-02-07 11:54:14,680 INFO Training error = 0.000 Validation error = 0.044
2018-02-07 11:56:06,731 INFO EPOCH 25 - 2806 sec ....46.46 min
2018-02-07 11:56:06,732 INFO Training error = 0.000 Validation error = 0.047
2018-02-07 11:58:02,351 INFO EPOCH 26 - 2922 sec ....48.42 min
2018-02-07 11:58:02,351 INFO Training error = 0.001 Validation error = 0.024
2018-02-07 11:59:58,303 INFO EPOCH 27 - 3038 sec ....50.38 min
2018-02-07 11:59:58,305 INFO Training error = 0.000 Validation error = 0.040
2018-02-07 12:01:51,007 INFO EPOCH 28 - 3150 sec ....52.30 min
2018-02-07 12:01:51,007 INFO Training error = 0.000 Validation error = 0.033
2018-02-07 12:03:43,128 INFO EPOCH 29 - 3262 sec ....54.22 min
2018-02-07 12:03:43,129 INFO Training error = 0.001 Validation error = 0.033
2018-02-07 12:05:35,180 INFO EPOCH 30 - 3374 sec ....56.14 min
2018-02-07 12:05:35,181 INFO Training error = 0.000 Validation error = 0.029
2018-02-07 12:07:27,161 INFO EPOCH 31 - 3486 sec ....58.6 min
2018-02-07 12:07:27,161 INFO Training error = 0.001 Validation error = 0.048
2018-02-07 12:09:19,320 INFO EPOCH 32 - 3599 sec ....59.59 min
2018-02-07 12:09:19,320 INFO Training error = 0.000 Validation error = 0.024
2018-02-07 12:11:11,347 INFO EPOCH 33 - 3711 sec ....61.51 min
2018-02-07 12:11:11,348 INFO Training error = 0.000 Validation error = 0.053
2018-02-07 12:13:03,298 INFO EPOCH 34 - 3823 sec ....63.43 min
2018-02-07 12:13:03,298 INFO Training error = 0.000 Validation error = 0.029
2018-02-07 12:14:55,438 INFO EPOCH 35 - 3935 sec ....65.35 min
2018-02-07 12:14:55,438 INFO Training error = 0.000 Validation error = 0.023
2018-02-07 12:16:47,401 INFO EPOCH 36 - 4047 sec ....67.27 min
2018-02-07 12:16:47,401 INFO Training error = 0.000 Validation error = 0.030
2018-02-07 12:18:39,360 INFO EPOCH 37 - 4159 sec ....69.19 min
2018-02-07 12:18:39,361 INFO Training error = 0.000 Validation error = 0.026
2018-02-07 12:20:31,550 INFO EPOCH 38 - 4271 sec ....71.11 min
2018-02-07 12:20:31,551 INFO Training error = 0.000 Validation error = 0.039
2018-02-07 12:22:23,518 INFO EPOCH 39 - 4383 sec ....73.3 min
2018-02-07 12:22:23,518 INFO Training error = 0.000 Validation error = 0.040
2018-02-07 12:24:15,492 INFO EPOCH 40 - 4495 sec ....74.55 min
2018-02-07 12:24:15,493 INFO Training error = 0.001 Validation error = 0.033
2018-02-07 12:24:15,762 INFO Restoring parameters from ./models/lenet
2018-02-07 12:24:15,805 INFO ACCURACY:
2018-02-07 12:24:38,714 INFO Accuracy Model On Training Images: 0.999
2018-02-07 12:24:38,908 INFO Accuracy Model On Validation Images: 0.967
2018-02-07 12:24:40,831 INFO Accuracy Model On Test Images: 0.986
