2018-01-29 11:25:03,372 INFO Number of training examples = 25350
2018-01-29 11:25:03,372 INFO Number of validation examples = 1290
2018-01-29 11:25:03,372 INFO Number of testing examples = 12569
2018-01-29 11:25:03,372 INFO Number of classes = 43

2018-01-29 11:25:38,784 INFO Number of training examples (augmentated) = 278850
2018-01-29 11:25:38,854 INFO used net = LeNet_adv
2018-01-29 11:25:39,640 INFO Training... dropout = 0.3 , batch_size = 128 , learning rate = 0.001
2018-01-29 11:29:11,352 INFO EPOCH 1 - 212 sec ....3.32 min
2018-01-29 11:29:11,353 INFO Training error = 0.926 Validation error = 0.977
2018-01-29 11:32:38,570 INFO EPOCH 2 - 419 sec ....6.59 min
2018-01-29 11:32:38,570 INFO Training error = 0.920 Validation error = 0.977
2018-01-29 11:36:06,368 INFO EPOCH 3 - 627 sec ....10.27 min
2018-01-29 11:36:06,368 INFO Training error = 0.737 Validation error = 0.904
2018-01-29 11:39:32,776 INFO EPOCH 4 - 833 sec ....13.53 min
2018-01-29 11:39:32,777 INFO Training error = 0.542 Validation error = 0.691
2018-01-29 11:42:58,229 INFO EPOCH 5 - 1039 sec ....17.19 min
2018-01-29 11:42:58,229 INFO Training error = 0.217 Validation error = 0.336
2018-01-29 11:46:24,178 INFO EPOCH 6 - 1245 sec ....20.45 min
2018-01-29 11:46:24,178 INFO Training error = 0.096 Validation error = 0.181
2018-01-29 11:49:51,993 INFO EPOCH 7 - 1452 sec ....24.12 min
2018-01-29 11:49:51,993 INFO Training error = 0.066 Validation error = 0.150
2018-01-29 11:53:18,497 INFO EPOCH 8 - 1659 sec ....27.39 min
2018-01-29 11:53:18,499 INFO Training error = 0.062 Validation error = 0.135
2018-01-29 11:56:44,540 INFO EPOCH 9 - 1865 sec ....31.5 min
2018-01-29 11:56:44,540 INFO Training error = 0.049 Validation error = 0.120
2018-01-29 12:00:09,980 INFO EPOCH 10 - 2070 sec ....34.30 min
2018-01-29 12:00:09,981 INFO Training error = 0.045 Validation error = 0.125
2018-01-29 12:03:41,643 INFO EPOCH 11 - 2282 sec ....38.2 min
2018-01-29 12:03:41,643 INFO Training error = 0.055 Validation error = 0.136
2018-01-29 12:07:08,310 INFO EPOCH 12 - 2489 sec ....41.29 min
2018-01-29 12:07:08,310 INFO Training error = 0.042 Validation error = 0.116
2018-01-29 12:10:36,177 INFO EPOCH 13 - 2697 sec ....44.57 min
2018-01-29 12:10:36,177 INFO Training error = 0.039 Validation error = 0.125
2018-01-29 12:14:03,641 INFO EPOCH 14 - 2904 sec ....48.24 min
2018-01-29 12:14:03,641 INFO Training error = 0.038 Validation error = 0.114
2018-01-29 12:17:29,526 INFO EPOCH 15 - 3110 sec ....51.50 min
2018-01-29 12:17:29,526 INFO Training error = 0.037 Validation error = 0.112
2018-01-29 12:20:58,268 INFO EPOCH 16 - 3319 sec ....55.19 min
2018-01-29 12:20:58,268 INFO Training error = 0.038 Validation error = 0.090
2018-01-29 12:24:24,976 INFO EPOCH 17 - 3525 sec ....58.45 min
2018-01-29 12:24:24,977 INFO Training error = 0.034 Validation error = 0.105
2018-01-29 12:27:50,608 INFO EPOCH 18 - 3731 sec ....62.11 min
2018-01-29 12:27:50,609 INFO Training error = 0.034 Validation error = 0.095
2018-01-29 12:31:16,203 INFO EPOCH 19 - 3937 sec ....65.37 min
2018-01-29 12:31:16,203 INFO Training error = 0.033 Validation error = 0.093
2018-01-29 12:34:41,856 INFO EPOCH 20 - 4142 sec ....69.2 min
2018-01-29 12:34:41,856 INFO Training error = 0.034 Validation error = 0.095
2018-01-29 12:38:07,427 INFO EPOCH 21 - 4348 sec ....72.28 min
2018-01-29 12:38:07,427 INFO Training error = 0.032 Validation error = 0.119
2018-01-29 12:41:32,970 INFO EPOCH 22 - 4553 sec ....75.53 min
2018-01-29 12:41:32,970 INFO Training error = 0.035 Validation error = 0.153
2018-01-29 12:45:00,271 INFO EPOCH 23 - 4761 sec ....79.21 min
2018-01-29 12:45:00,271 INFO Training error = 0.032 Validation error = 0.128
2018-01-29 12:48:51,958 INFO EPOCH 24 - 4992 sec ....83.12 min
2018-01-29 12:48:51,958 INFO Training error = 0.031 Validation error = 0.097
2018-01-29 12:52:43,504 INFO EPOCH 25 - 5224 sec ....87.4 min
2018-01-29 12:52:43,504 INFO Training error = 0.031 Validation error = 0.105
2018-01-29 12:56:35,133 INFO EPOCH 26 - 5456 sec ....90.56 min
2018-01-29 12:56:35,133 INFO Training error = 0.032 Validation error = 0.129
2018-01-29 13:00:26,568 INFO EPOCH 27 - 5687 sec ....94.47 min
2018-01-29 13:00:26,569 INFO Training error = 0.034 Validation error = 0.121
2018-01-29 13:04:17,858 INFO EPOCH 28 - 5918 sec ....98.38 min
2018-01-29 13:04:17,858 INFO Training error = 0.029 Validation error = 0.120
2018-01-29 13:08:09,432 INFO EPOCH 29 - 6150 sec ....102.30 min
2018-01-29 13:08:09,432 INFO Training error = 0.031 Validation error = 0.121
2018-01-29 13:12:00,971 INFO EPOCH 30 - 6381 sec ....106.21 min
2018-01-29 13:12:00,971 INFO Training error = 0.030 Validation error = 0.103
2018-01-29 13:15:52,607 INFO EPOCH 31 - 6613 sec ....110.13 min
2018-01-29 13:15:52,607 INFO Training error = 0.029 Validation error = 0.108
2018-01-29 13:19:47,451 INFO EPOCH 32 - 6848 sec ....114.8 min
2018-01-29 13:19:47,451 INFO Training error = 0.028 Validation error = 0.093
2018-01-29 13:23:42,062 INFO EPOCH 33 - 7083 sec ....118.3 min
2018-01-29 13:23:42,063 INFO Training error = 0.029 Validation error = 0.089
2018-01-29 13:27:36,472 INFO EPOCH 34 - 7317 sec ....121.57 min
2018-01-29 13:27:36,472 INFO Training error = 0.031 Validation error = 0.097
2018-01-29 13:31:30,929 INFO EPOCH 35 - 7551 sec ....125.51 min
2018-01-29 13:31:30,929 INFO Training error = 0.029 Validation error = 0.074
2018-01-29 13:35:25,475 INFO EPOCH 36 - 7786 sec ....129.46 min
2018-01-29 13:35:25,475 INFO Training error = 0.042 Validation error = 0.132
2018-01-29 13:39:19,903 INFO EPOCH 37 - 8020 sec ....133.40 min
2018-01-29 13:39:19,903 INFO Training error = 0.029 Validation error = 0.091
2018-01-29 13:43:14,435 INFO EPOCH 38 - 8255 sec ....137.35 min
2018-01-29 13:43:14,435 INFO Training error = 0.029 Validation error = 0.131
2018-01-29 13:47:08,676 INFO EPOCH 39 - 8489 sec ....141.29 min
2018-01-29 13:47:08,677 INFO Training error = 0.033 Validation error = 0.107
2018-01-29 13:51:02,841 INFO EPOCH 40 - 8723 sec ....145.23 min
2018-01-29 13:51:02,841 INFO Training error = 0.028 Validation error = 0.105
2018-01-29 13:51:03,209 INFO Restoring parameters from ./models/lenet
2018-01-29 13:51:03,272 INFO ACCURACY:
2018-01-29 13:51:47,436 INFO Accuracy Model On Training Images: 0.972
2018-01-29 13:51:47,644 INFO Accuracy Model On Validation Images: 0.895
2018-01-29 13:51:49,670 INFO Accuracy Model On Test Images: 0.946
