2018-01-31 13:03:24,306 INFO Number of training examples = 34799
2018-01-31 13:03:24,307 INFO Number of validation examples = 4410
2018-01-31 13:03:24,307 INFO Number of testing examples = 12630
2018-01-31 13:03:24,307 INFO Number of classes = 43

2018-01-31 13:23:23,971 INFO Number of training examples (augmentated) = 104397
2018-01-31 13:23:24,039 INFO used net = LeNet
2018-01-31 13:23:24,611 INFO Training... dropout = 0.3 , batch_size = 128 , learning rate = 0.001
2018-01-31 13:23:34,934 INFO EPOCH 1 - 10 sec ....0.10 min
2018-01-31 13:23:34,934 INFO Training error = 0.158 Validation error = 0.102
2018-01-31 13:23:44,663 INFO EPOCH 2 - 20 sec ....0.20 min
2018-01-31 13:23:44,664 INFO Training error = 0.105 Validation error = 0.058
2018-01-31 13:23:54,349 INFO EPOCH 3 - 30 sec ....0.30 min
2018-01-31 13:23:54,349 INFO Training error = 0.080 Validation error = 0.037
2018-01-31 13:24:04,047 INFO EPOCH 4 - 39 sec ....0.39 min
2018-01-31 13:24:04,048 INFO Training error = 0.064 Validation error = 0.034
2018-01-31 13:24:13,742 INFO EPOCH 5 - 49 sec ....0.49 min
2018-01-31 13:24:13,743 INFO Training error = 0.054 Validation error = 0.025
2018-01-31 13:24:23,463 INFO EPOCH 6 - 59 sec ....0.59 min
2018-01-31 13:24:23,463 INFO Training error = 0.050 Validation error = 0.029
2018-01-31 13:24:33,160 INFO EPOCH 7 - 68 sec ....1.8 min
2018-01-31 13:24:33,160 INFO Training error = 0.043 Validation error = 0.025
2018-01-31 13:24:42,950 INFO EPOCH 8 - 78 sec ....1.18 min
2018-01-31 13:24:42,950 INFO Training error = 0.039 Validation error = 0.023
2018-01-31 13:24:52,610 INFO EPOCH 9 - 88 sec ....1.28 min
2018-01-31 13:24:52,610 INFO Training error = 0.037 Validation error = 0.024
2018-01-31 13:25:02,319 INFO EPOCH 10 - 98 sec ....1.38 min
2018-01-31 13:25:02,319 INFO Training error = 0.031 Validation error = 0.026
2018-01-31 13:25:12,057 INFO EPOCH 11 - 107 sec ....1.47 min
2018-01-31 13:25:12,057 INFO Training error = 0.030 Validation error = 0.023
2018-01-31 13:25:21,706 INFO EPOCH 12 - 117 sec ....1.57 min
2018-01-31 13:25:21,706 INFO Training error = 0.028 Validation error = 0.026
2018-01-31 13:25:31,380 INFO EPOCH 13 - 127 sec ....2.7 min
2018-01-31 13:25:31,380 INFO Training error = 0.026 Validation error = 0.028
2018-01-31 13:25:41,131 INFO EPOCH 14 - 136 sec ....2.16 min
2018-01-31 13:25:41,131 INFO Training error = 0.025 Validation error = 0.024
2018-01-31 13:25:50,837 INFO EPOCH 15 - 146 sec ....2.26 min
2018-01-31 13:25:50,837 INFO Training error = 0.021 Validation error = 0.023
2018-01-31 13:26:00,548 INFO EPOCH 16 - 156 sec ....2.36 min
2018-01-31 13:26:00,548 INFO Training error = 0.023 Validation error = 0.021
2018-01-31 13:26:10,216 INFO EPOCH 17 - 165 sec ....2.45 min
2018-01-31 13:26:10,217 INFO Training error = 0.021 Validation error = 0.025
2018-01-31 13:26:19,894 INFO EPOCH 18 - 175 sec ....2.55 min
2018-01-31 13:26:19,894 INFO Training error = 0.019 Validation error = 0.025
2018-01-31 13:26:29,519 INFO EPOCH 19 - 185 sec ....3.5 min
2018-01-31 13:26:29,520 INFO Training error = 0.017 Validation error = 0.020
2018-01-31 13:26:39,235 INFO EPOCH 20 - 194 sec ....3.14 min
2018-01-31 13:26:39,235 INFO Training error = 0.018 Validation error = 0.021
2018-01-31 13:26:48,936 INFO EPOCH 21 - 204 sec ....3.24 min
2018-01-31 13:26:48,937 INFO Training error = 0.017 Validation error = 0.024
2018-01-31 13:26:58,641 INFO EPOCH 22 - 214 sec ....3.34 min
2018-01-31 13:26:58,642 INFO Training error = 0.014 Validation error = 0.022
2018-01-31 13:27:08,334 INFO EPOCH 23 - 224 sec ....3.44 min
2018-01-31 13:27:08,335 INFO Training error = 0.015 Validation error = 0.020
2018-01-31 13:27:18,026 INFO EPOCH 24 - 233 sec ....3.53 min
2018-01-31 13:27:18,026 INFO Training error = 0.015 Validation error = 0.022
2018-01-31 13:27:27,681 INFO EPOCH 25 - 243 sec ....4.3 min
2018-01-31 13:27:27,681 INFO Training error = 0.014 Validation error = 0.021
2018-01-31 13:27:37,414 INFO EPOCH 26 - 253 sec ....4.13 min
2018-01-31 13:27:37,414 INFO Training error = 0.015 Validation error = 0.022
2018-01-31 13:27:47,112 INFO EPOCH 27 - 262 sec ....4.22 min
2018-01-31 13:27:47,112 INFO Training error = 0.014 Validation error = 0.024
2018-01-31 13:27:56,782 INFO EPOCH 28 - 272 sec ....4.32 min
2018-01-31 13:27:56,783 INFO Training error = 0.013 Validation error = 0.019
2018-01-31 13:28:06,505 INFO EPOCH 29 - 282 sec ....4.42 min
2018-01-31 13:28:06,505 INFO Training error = 0.012 Validation error = 0.020
2018-01-31 13:28:16,170 INFO EPOCH 30 - 291 sec ....4.51 min
2018-01-31 13:28:16,170 INFO Training error = 0.011 Validation error = 0.022
2018-01-31 13:28:25,891 INFO EPOCH 31 - 301 sec ....5.1 min
2018-01-31 13:28:25,891 INFO Training error = 0.013 Validation error = 0.021
2018-01-31 13:28:35,662 INFO EPOCH 32 - 311 sec ....5.11 min
2018-01-31 13:28:35,662 INFO Training error = 0.012 Validation error = 0.021
2018-01-31 13:28:45,075 INFO EPOCH 33 - 320 sec ....5.20 min
2018-01-31 13:28:45,075 INFO Training error = 0.011 Validation error = 0.024
2018-01-31 13:28:54,648 INFO EPOCH 34 - 330 sec ....5.30 min
2018-01-31 13:28:54,648 INFO Training error = 0.010 Validation error = 0.023
2018-01-31 13:29:04,371 INFO EPOCH 35 - 340 sec ....5.40 min
2018-01-31 13:29:04,371 INFO Training error = 0.010 Validation error = 0.023
2018-01-31 13:29:14,086 INFO EPOCH 36 - 349 sec ....5.49 min
2018-01-31 13:29:14,087 INFO Training error = 0.009 Validation error = 0.022
2018-01-31 13:29:23,756 INFO EPOCH 37 - 359 sec ....5.59 min
2018-01-31 13:29:23,757 INFO Training error = 0.010 Validation error = 0.023
2018-01-31 13:29:33,510 INFO EPOCH 38 - 369 sec ....6.9 min
2018-01-31 13:29:33,510 INFO Training error = 0.010 Validation error = 0.023
2018-01-31 13:29:43,214 INFO EPOCH 39 - 378 sec ....6.18 min
2018-01-31 13:29:43,214 INFO Training error = 0.009 Validation error = 0.022
2018-01-31 13:29:52,935 INFO EPOCH 40 - 388 sec ....6.28 min
2018-01-31 13:29:52,935 INFO Training error = 0.009 Validation error = 0.025
2018-01-31 13:29:53,037 INFO Restoring parameters from ./models/lenet
2018-01-31 13:29:53,069 INFO ACCURACY:
2018-01-31 13:29:55,947 INFO Accuracy Model On Training Images: 0.991
2018-01-31 13:29:56,066 INFO Accuracy Model On Validation Images: 0.975
2018-01-31 13:29:56,406 INFO Accuracy Model On Test Images: 0.960
