2018-01-31 10:56:23,555 INFO Number of training examples = 34799
2018-01-31 10:56:23,555 INFO Number of validation examples = 4410
2018-01-31 10:56:23,555 INFO Number of testing examples = 12630
2018-01-31 10:56:23,555 INFO Number of classes = 43

2018-01-31 10:56:39,768 INFO Number of training examples (augmentated) = 69598
2018-01-31 10:56:39,833 INFO used net = LeNet
2018-01-31 10:58:04,019 INFO Training... dropout = 0.3 , batch_size = 128 , learning rate = 0.001
2018-01-31 10:58:12,423 INFO EPOCH 1 - 92 sec ....1.32 min
2018-01-31 10:58:12,423 INFO Training error = 0.346 Validation error = 0.278
2018-01-31 10:58:18,798 INFO EPOCH 2 - 98 sec ....1.38 min
2018-01-31 10:58:18,799 INFO Training error = 0.205 Validation error = 0.136
2018-01-31 10:58:25,216 INFO EPOCH 3 - 105 sec ....1.45 min
2018-01-31 10:58:25,216 INFO Training error = 0.166 Validation error = 0.109
2018-01-31 10:58:31,644 INFO EPOCH 4 - 111 sec ....1.51 min
2018-01-31 10:58:31,644 INFO Training error = 0.134 Validation error = 0.086
2018-01-31 10:58:38,008 INFO EPOCH 5 - 117 sec ....1.57 min
2018-01-31 10:58:38,008 INFO Training error = 0.123 Validation error = 0.094
2018-01-31 10:58:44,403 INFO EPOCH 6 - 124 sec ....2.4 min
2018-01-31 10:58:44,403 INFO Training error = 0.105 Validation error = 0.087
2018-01-31 10:58:50,800 INFO EPOCH 7 - 130 sec ....2.10 min
2018-01-31 10:58:50,800 INFO Training error = 0.090 Validation error = 0.079
2018-01-31 10:58:57,250 INFO EPOCH 8 - 137 sec ....2.17 min
2018-01-31 10:58:57,251 INFO Training error = 0.082 Validation error = 0.071
2018-01-31 10:59:03,641 INFO EPOCH 9 - 143 sec ....2.23 min
2018-01-31 10:59:03,641 INFO Training error = 0.076 Validation error = 0.079
2018-01-31 10:59:10,054 INFO EPOCH 10 - 150 sec ....2.30 min
2018-01-31 10:59:10,055 INFO Training error = 0.069 Validation error = 0.066
2018-01-31 10:59:16,469 INFO EPOCH 11 - 156 sec ....2.36 min
2018-01-31 10:59:16,469 INFO Training error = 0.069 Validation error = 0.075
2018-01-31 10:59:22,852 INFO EPOCH 12 - 162 sec ....2.42 min
2018-01-31 10:59:22,853 INFO Training error = 0.057 Validation error = 0.064
2018-01-31 10:59:29,303 INFO EPOCH 13 - 169 sec ....2.49 min
2018-01-31 10:59:29,303 INFO Training error = 0.059 Validation error = 0.061
2018-01-31 10:59:35,763 INFO EPOCH 14 - 175 sec ....2.55 min
2018-01-31 10:59:35,764 INFO Training error = 0.057 Validation error = 0.066
2018-01-31 10:59:42,165 INFO EPOCH 15 - 182 sec ....3.2 min
2018-01-31 10:59:42,165 INFO Training error = 0.048 Validation error = 0.063
2018-01-31 10:59:48,614 INFO EPOCH 16 - 188 sec ....3.8 min
2018-01-31 10:59:48,614 INFO Training error = 0.045 Validation error = 0.067
2018-01-31 10:59:55,047 INFO EPOCH 17 - 195 sec ....3.15 min
2018-01-31 10:59:55,047 INFO Training error = 0.046 Validation error = 0.061
2018-01-31 11:00:01,420 INFO EPOCH 18 - 201 sec ....3.21 min
2018-01-31 11:00:01,420 INFO Training error = 0.041 Validation error = 0.051
2018-01-31 11:00:07,822 INFO EPOCH 19 - 207 sec ....3.27 min
2018-01-31 11:00:07,822 INFO Training error = 0.040 Validation error = 0.067
2018-01-31 11:00:14,241 INFO EPOCH 20 - 214 sec ....3.34 min
2018-01-31 11:00:14,241 INFO Training error = 0.034 Validation error = 0.052
2018-01-31 11:00:20,660 INFO EPOCH 21 - 220 sec ....3.40 min
2018-01-31 11:00:20,660 INFO Training error = 0.035 Validation error = 0.058
2018-01-31 11:00:27,063 INFO EPOCH 22 - 227 sec ....3.47 min
2018-01-31 11:00:27,063 INFO Training error = 0.036 Validation error = 0.055
2018-01-31 11:00:33,514 INFO EPOCH 23 - 233 sec ....3.53 min
2018-01-31 11:00:33,514 INFO Training error = 0.035 Validation error = 0.064
2018-01-31 11:00:39,914 INFO EPOCH 24 - 239 sec ....3.59 min
2018-01-31 11:00:39,914 INFO Training error = 0.032 Validation error = 0.051
2018-01-31 11:00:46,358 INFO EPOCH 25 - 246 sec ....4.6 min
2018-01-31 11:00:46,358 INFO Training error = 0.031 Validation error = 0.047
2018-01-31 11:00:52,808 INFO EPOCH 26 - 252 sec ....4.12 min
2018-01-31 11:00:52,808 INFO Training error = 0.032 Validation error = 0.061
2018-01-31 11:00:59,196 INFO EPOCH 27 - 259 sec ....4.19 min
2018-01-31 11:00:59,197 INFO Training error = 0.028 Validation error = 0.053
2018-01-31 11:01:05,577 INFO EPOCH 28 - 265 sec ....4.25 min
2018-01-31 11:01:05,577 INFO Training error = 0.026 Validation error = 0.052
2018-01-31 11:01:12,086 INFO EPOCH 29 - 272 sec ....4.32 min
2018-01-31 11:01:12,086 INFO Training error = 0.023 Validation error = 0.042
2018-01-31 11:01:18,489 INFO EPOCH 30 - 278 sec ....4.38 min
2018-01-31 11:01:18,490 INFO Training error = 0.024 Validation error = 0.055
2018-01-31 11:01:24,850 INFO EPOCH 31 - 284 sec ....4.44 min
2018-01-31 11:01:24,850 INFO Training error = 0.022 Validation error = 0.048
2018-01-31 11:01:31,266 INFO EPOCH 32 - 291 sec ....4.51 min
2018-01-31 11:01:31,266 INFO Training error = 0.022 Validation error = 0.048
2018-01-31 11:01:37,690 INFO EPOCH 33 - 297 sec ....4.57 min
2018-01-31 11:01:37,690 INFO Training error = 0.022 Validation error = 0.052
2018-01-31 11:01:44,123 INFO EPOCH 34 - 304 sec ....5.4 min
2018-01-31 11:01:44,123 INFO Training error = 0.020 Validation error = 0.044
2018-01-31 11:01:50,577 INFO EPOCH 35 - 310 sec ....5.10 min
2018-01-31 11:01:50,578 INFO Training error = 0.023 Validation error = 0.052
2018-01-31 11:01:56,963 INFO EPOCH 36 - 316 sec ....5.16 min
2018-01-31 11:01:56,964 INFO Training error = 0.018 Validation error = 0.045
2018-01-31 11:02:03,398 INFO EPOCH 37 - 323 sec ....5.23 min
2018-01-31 11:02:03,398 INFO Training error = 0.022 Validation error = 0.058
2018-01-31 11:02:09,867 INFO EPOCH 38 - 329 sec ....5.29 min
2018-01-31 11:02:09,868 INFO Training error = 0.020 Validation error = 0.052
2018-01-31 11:02:16,241 INFO EPOCH 39 - 336 sec ....5.36 min
2018-01-31 11:02:16,241 INFO Training error = 0.020 Validation error = 0.048
2018-01-31 11:02:22,670 INFO EPOCH 40 - 342 sec ....5.42 min
2018-01-31 11:02:22,671 INFO Training error = 0.019 Validation error = 0.050
2018-01-31 11:02:22,775 INFO Restoring parameters from ./models/lenet
2018-01-31 11:02:22,808 INFO ACCURACY:
2018-01-31 11:02:24,702 INFO Accuracy Model On Training Images: 0.981
2018-01-31 11:02:24,822 INFO Accuracy Model On Validation Images: 0.950
2018-01-31 11:02:25,176 INFO Accuracy Model On Test Images: 0.944
