2018-02-06 15:23:40,513 INFO Number of training examples = 152100
2018-02-06 15:23:40,513 INFO Number of validation examples = 1290
2018-02-06 15:23:40,513 INFO Number of testing examples = 12569
2018-02-06 15:23:40,513 INFO Number of classes = 43

2018-02-06 15:23:40,555 INFO used net = LeNet-adv
2018-02-06 15:23:41,287 INFO Training... dropout = 0.3 , batch_size = 128 , learning rate = 0.001
2018-02-06 15:25:36,162 INFO EPOCH 1 - 115 sec ....1.55 min
2018-02-06 15:25:36,163 INFO Training error = 0.036 Validation error = 0.060
2018-02-06 15:27:28,730 INFO EPOCH 2 - 227 sec ....3.47 min
2018-02-06 15:27:28,731 INFO Training error = 0.011 Validation error = 0.057
2018-02-06 15:29:23,133 INFO EPOCH 3 - 342 sec ....5.42 min
2018-02-06 15:29:23,133 INFO Training error = 0.006 Validation error = 0.056
2018-02-06 15:31:17,840 INFO EPOCH 4 - 457 sec ....7.37 min
2018-02-06 15:31:17,841 INFO Training error = 0.005 Validation error = 0.053
2018-02-06 15:33:10,028 INFO EPOCH 5 - 569 sec ....9.29 min
2018-02-06 15:33:10,028 INFO Training error = 0.003 Validation error = 0.046
2018-02-06 15:35:02,119 INFO EPOCH 6 - 681 sec ....11.21 min
2018-02-06 15:35:02,119 INFO Training error = 0.003 Validation error = 0.050
2018-02-06 15:36:54,290 INFO EPOCH 7 - 793 sec ....13.13 min
2018-02-06 15:36:54,291 INFO Training error = 0.002 Validation error = 0.048
2018-02-06 15:38:46,482 INFO EPOCH 8 - 905 sec ....15.5 min
2018-02-06 15:38:46,482 INFO Training error = 0.002 Validation error = 0.053
2018-02-06 15:40:38,617 INFO EPOCH 9 - 1017 sec ....16.57 min
2018-02-06 15:40:38,618 INFO Training error = 0.002 Validation error = 0.050
2018-02-06 15:42:30,661 INFO EPOCH 10 - 1129 sec ....18.49 min
2018-02-06 15:42:30,661 INFO Training error = 0.002 Validation error = 0.054
2018-02-06 15:44:22,874 INFO EPOCH 11 - 1242 sec ....20.42 min
2018-02-06 15:44:22,874 INFO Training error = 0.001 Validation error = 0.054
2018-02-06 15:46:14,888 INFO EPOCH 12 - 1354 sec ....22.34 min
2018-02-06 15:46:14,888 INFO Training error = 0.001 Validation error = 0.043
2018-02-06 15:48:07,002 INFO EPOCH 13 - 1466 sec ....24.26 min
2018-02-06 15:48:07,002 INFO Training error = 0.001 Validation error = 0.059
2018-02-06 15:49:59,118 INFO EPOCH 14 - 1578 sec ....26.18 min
2018-02-06 15:49:59,119 INFO Training error = 0.001 Validation error = 0.060
2018-02-06 15:51:51,149 INFO EPOCH 15 - 1690 sec ....28.10 min
2018-02-06 15:51:51,150 INFO Training error = 0.001 Validation error = 0.057
2018-02-06 15:53:43,188 INFO EPOCH 16 - 1802 sec ....30.2 min
2018-02-06 15:53:43,188 INFO Training error = 0.001 Validation error = 0.060
2018-02-06 15:55:35,345 INFO EPOCH 17 - 1914 sec ....31.54 min
2018-02-06 15:55:35,346 INFO Training error = 0.001 Validation error = 0.055
2018-02-06 15:57:27,339 INFO EPOCH 18 - 2026 sec ....33.46 min
2018-02-06 15:57:27,340 INFO Training error = 0.001 Validation error = 0.058
2018-02-06 15:59:19,403 INFO EPOCH 19 - 2138 sec ....35.38 min
2018-02-06 15:59:19,403 INFO Training error = 0.001 Validation error = 0.044
2018-02-06 16:01:11,491 INFO EPOCH 20 - 2250 sec ....37.30 min
2018-02-06 16:01:11,491 INFO Training error = 0.001 Validation error = 0.047
2018-02-06 16:03:03,541 INFO EPOCH 21 - 2362 sec ....39.22 min
2018-02-06 16:03:03,541 INFO Training error = 0.001 Validation error = 0.040
2018-02-06 16:04:55,530 INFO EPOCH 22 - 2474 sec ....41.14 min
2018-02-06 16:04:55,530 INFO Training error = 0.001 Validation error = 0.067
2018-02-06 16:06:47,655 INFO EPOCH 23 - 2586 sec ....43.6 min
2018-02-06 16:06:47,655 INFO Training error = 0.000 Validation error = 0.060
2018-02-06 16:08:39,624 INFO EPOCH 24 - 2698 sec ....44.58 min
2018-02-06 16:08:39,625 INFO Training error = 0.001 Validation error = 0.051
2018-02-06 16:10:31,669 INFO EPOCH 25 - 2810 sec ....46.50 min
2018-02-06 16:10:31,670 INFO Training error = 0.001 Validation error = 0.044
2018-02-06 16:12:23,737 INFO EPOCH 26 - 2922 sec ....48.42 min
2018-02-06 16:12:23,737 INFO Training error = 0.001 Validation error = 0.050
2018-02-06 16:14:16,501 INFO EPOCH 27 - 3035 sec ....50.35 min
2018-02-06 16:14:16,501 INFO Training error = 0.001 Validation error = 0.051
2018-02-06 16:16:11,215 INFO EPOCH 28 - 3150 sec ....52.30 min
2018-02-06 16:16:11,215 INFO Training error = 0.000 Validation error = 0.044
2018-02-06 16:18:03,687 INFO EPOCH 29 - 3262 sec ....54.22 min
2018-02-06 16:18:03,687 INFO Training error = 0.000 Validation error = 0.040
2018-02-06 16:19:57,695 INFO EPOCH 30 - 3376 sec ....56.16 min
2018-02-06 16:19:57,695 INFO Training error = 0.000 Validation error = 0.044
2018-02-06 16:21:49,774 INFO EPOCH 31 - 3489 sec ....58.9 min
2018-02-06 16:21:49,774 INFO Training error = 0.001 Validation error = 0.041
2018-02-06 16:23:41,882 INFO EPOCH 32 - 3601 sec ....60.1 min
2018-02-06 16:23:41,883 INFO Training error = 0.000 Validation error = 0.049
2018-02-06 16:25:33,935 INFO EPOCH 33 - 3713 sec ....61.53 min
2018-02-06 16:25:33,936 INFO Training error = 0.001 Validation error = 0.053
2018-02-06 16:27:25,958 INFO EPOCH 34 - 3825 sec ....63.45 min
2018-02-06 16:27:25,958 INFO Training error = 0.000 Validation error = 0.040
2018-02-06 16:29:18,158 INFO EPOCH 35 - 3937 sec ....65.37 min
2018-02-06 16:29:18,158 INFO Training error = 0.000 Validation error = 0.045
2018-02-06 16:31:10,320 INFO EPOCH 36 - 4049 sec ....67.29 min
2018-02-06 16:31:10,321 INFO Training error = 0.001 Validation error = 0.049
2018-02-06 16:33:02,375 INFO EPOCH 37 - 4161 sec ....69.21 min
2018-02-06 16:33:02,376 INFO Training error = 0.000 Validation error = 0.058
2018-02-06 16:34:54,394 INFO EPOCH 38 - 4273 sec ....71.13 min
2018-02-06 16:34:54,394 INFO Training error = 0.000 Validation error = 0.049
2018-02-06 16:36:46,484 INFO EPOCH 39 - 4385 sec ....73.5 min
2018-02-06 16:36:46,484 INFO Training error = 0.000 Validation error = 0.043
2018-02-06 16:38:39,940 INFO EPOCH 40 - 4499 sec ....74.59 min
2018-02-06 16:38:39,940 INFO Training error = 0.000 Validation error = 0.050
2018-02-06 16:38:40,172 INFO Restoring parameters from ./models/lenet
2018-02-06 16:38:40,220 INFO ACCURACY:
2018-02-06 16:39:03,978 INFO Accuracy Model On Training Images: 1.000
2018-02-06 16:39:04,182 INFO Accuracy Model On Validation Images: 0.950
2018-02-06 16:39:06,193 INFO Accuracy Model On Test Images: 0.983
