2018-01-25 14:52:15,656 INFO 	Number of training examples = 25350
2018-01-25 14:52:15,656 INFO 	Number of validation examples = 1290
2018-01-25 14:52:15,657 INFO 	Number of testing examples = 12569
2018-01-25 14:52:15,657 INFO Number of classes = 43
2018-01-25 14:52:17,088 INFO used net = LeNet
2018-01-25 14:52:17,739 INFO Training... dropout = 0.5 , batch_size = 128 , learning rate = 0.001
2018-01-25 14:52:20,683 INFO EPOCH 1 - 3 sec ....0.3 min
2018-01-25 14:52:20,684 INFO Training error = 0.846 Validation error = 0.940
2018-01-25 14:52:23,020 INFO EPOCH 2 - 5 sec ....0.5 min
2018-01-25 14:52:23,020 INFO Training error = 0.702 Validation error = 0.881
2018-01-25 14:52:25,360 INFO EPOCH 3 - 8 sec ....0.8 min
2018-01-25 14:52:25,361 INFO Training error = 0.600 Validation error = 0.779
2018-01-25 14:52:27,720 INFO EPOCH 4 - 10 sec ....0.10 min
2018-01-25 14:52:27,721 INFO Training error = 0.522 Validation error = 0.735
2018-01-25 14:52:30,087 INFO EPOCH 5 - 12 sec ....0.12 min
2018-01-25 14:52:30,087 INFO Training error = 0.484 Validation error = 0.722
2018-01-25 14:52:32,446 INFO EPOCH 6 - 15 sec ....0.15 min
2018-01-25 14:52:32,446 INFO Training error = 0.450 Validation error = 0.664
2018-01-25 14:52:34,797 INFO EPOCH 7 - 17 sec ....0.17 min
2018-01-25 14:52:34,798 INFO Training error = 0.420 Validation error = 0.640
2018-01-25 14:52:37,203 INFO EPOCH 8 - 19 sec ....0.19 min
2018-01-25 14:52:37,203 INFO Training error = 0.392 Validation error = 0.622
2018-01-25 14:52:39,529 INFO EPOCH 9 - 22 sec ....0.22 min
2018-01-25 14:52:39,530 INFO Training error = 0.362 Validation error = 0.619
2018-01-25 14:52:41,880 INFO EPOCH 10 - 24 sec ....0.24 min
2018-01-25 14:52:41,881 INFO Training error = 0.359 Validation error = 0.583
2018-01-25 14:52:44,249 INFO EPOCH 11 - 26 sec ....0.26 min
2018-01-25 14:52:44,250 INFO Training error = 0.318 Validation error = 0.557
2018-01-25 14:52:46,613 INFO EPOCH 12 - 29 sec ....0.29 min
2018-01-25 14:52:46,613 INFO Training error = 0.297 Validation error = 0.538
2018-01-25 14:52:48,982 INFO EPOCH 13 - 31 sec ....0.31 min
2018-01-25 14:52:48,983 INFO Training error = 0.283 Validation error = 0.519
2018-01-25 14:52:51,377 INFO EPOCH 14 - 34 sec ....0.34 min
2018-01-25 14:52:51,377 INFO Training error = 0.263 Validation error = 0.501
2018-01-25 14:52:53,736 INFO EPOCH 15 - 36 sec ....0.36 min
2018-01-25 14:52:53,736 INFO Training error = 0.232 Validation error = 0.467
2018-01-25 14:52:56,084 INFO EPOCH 16 - 38 sec ....0.38 min
2018-01-25 14:52:56,084 INFO Training error = 0.234 Validation error = 0.478
2018-01-25 14:52:58,432 INFO EPOCH 17 - 41 sec ....0.41 min
2018-01-25 14:52:58,433 INFO Training error = 0.207 Validation error = 0.450
2018-01-25 14:53:00,794 INFO EPOCH 18 - 43 sec ....0.43 min
2018-01-25 14:53:00,795 INFO Training error = 0.213 Validation error = 0.464
2018-01-25 14:53:03,139 INFO EPOCH 19 - 45 sec ....0.45 min
2018-01-25 14:53:03,139 INFO Training error = 0.207 Validation error = 0.421
2018-01-25 14:53:05,540 INFO EPOCH 20 - 48 sec ....0.48 min
2018-01-25 14:53:05,540 INFO Training error = 0.174 Validation error = 0.400
2018-01-25 14:53:07,879 INFO EPOCH 21 - 50 sec ....0.50 min
2018-01-25 14:53:07,879 INFO Training error = 0.163 Validation error = 0.384
2018-01-25 14:53:10,238 INFO EPOCH 22 - 52 sec ....0.52 min
2018-01-25 14:53:10,239 INFO Training error = 0.150 Validation error = 0.371
2018-01-25 14:53:12,591 INFO EPOCH 23 - 55 sec ....0.55 min
2018-01-25 14:53:12,591 INFO Training error = 0.153 Validation error = 0.368
2018-01-25 14:53:14,945 INFO EPOCH 24 - 57 sec ....0.57 min
2018-01-25 14:53:14,945 INFO Training error = 0.141 Validation error = 0.365
2018-01-25 14:53:17,305 INFO EPOCH 25 - 60 sec ....1.0 min
2018-01-25 14:53:17,306 INFO Training error = 0.130 Validation error = 0.325
2018-01-25 14:53:19,711 INFO EPOCH 26 - 62 sec ....1.2 min
2018-01-25 14:53:19,711 INFO Training error = 0.133 Validation error = 0.353
2018-01-25 14:53:22,064 INFO EPOCH 27 - 64 sec ....1.4 min
2018-01-25 14:53:22,064 INFO Training error = 0.122 Validation error = 0.310
2018-01-25 14:53:24,412 INFO EPOCH 28 - 67 sec ....1.7 min
2018-01-25 14:53:24,413 INFO Training error = 0.113 Validation error = 0.319
2018-01-25 14:53:26,793 INFO EPOCH 29 - 69 sec ....1.9 min
2018-01-25 14:53:26,793 INFO Training error = 0.104 Validation error = 0.282
2018-01-25 14:53:29,132 INFO EPOCH 30 - 71 sec ....1.11 min
2018-01-25 14:53:29,133 INFO Training error = 0.095 Validation error = 0.270
2018-01-25 14:53:31,486 INFO EPOCH 31 - 74 sec ....1.14 min
2018-01-25 14:53:31,487 INFO Training error = 0.100 Validation error = 0.273
2018-01-25 14:53:33,898 INFO EPOCH 32 - 76 sec ....1.16 min
2018-01-25 14:53:33,898 INFO Training error = 0.091 Validation error = 0.255
2018-01-25 14:53:36,219 INFO EPOCH 33 - 78 sec ....1.18 min
2018-01-25 14:53:36,220 INFO Training error = 0.079 Validation error = 0.268
2018-01-25 14:53:38,577 INFO EPOCH 34 - 81 sec ....1.21 min
2018-01-25 14:53:38,577 INFO Training error = 0.073 Validation error = 0.250
2018-01-25 14:53:40,986 INFO EPOCH 35 - 83 sec ....1.23 min
2018-01-25 14:53:40,986 INFO Training error = 0.070 Validation error = 0.227
2018-01-25 14:53:43,320 INFO EPOCH 36 - 86 sec ....1.26 min
2018-01-25 14:53:43,320 INFO Training error = 0.082 Validation error = 0.240
2018-01-25 14:53:45,696 INFO EPOCH 37 - 88 sec ....1.28 min
2018-01-25 14:53:45,696 INFO Training error = 0.065 Validation error = 0.239
2018-01-25 14:53:48,092 INFO EPOCH 38 - 90 sec ....1.30 min
2018-01-25 14:53:48,092 INFO Training error = 0.068 Validation error = 0.250
2018-01-25 14:53:50,439 INFO EPOCH 39 - 93 sec ....1.33 min
2018-01-25 14:53:50,439 INFO Training error = 0.057 Validation error = 0.231
2018-01-25 14:53:52,777 INFO EPOCH 40 - 95 sec ....1.35 min
2018-01-25 14:53:52,778 INFO Training error = 0.059 Validation error = 0.225
2018-01-25 14:53:55,173 INFO EPOCH 41 - 97 sec ....1.37 min
2018-01-25 14:53:55,173 INFO Training error = 0.073 Validation error = 0.260
2018-01-25 14:53:57,492 INFO EPOCH 42 - 100 sec ....1.40 min
2018-01-25 14:53:57,492 INFO Training error = 0.060 Validation error = 0.230
2018-01-25 14:53:59,820 INFO EPOCH 43 - 102 sec ....1.42 min
2018-01-25 14:53:59,820 INFO Training error = 0.061 Validation error = 0.233
2018-01-25 14:54:02,266 INFO EPOCH 44 - 104 sec ....1.44 min
2018-01-25 14:54:02,266 INFO Training error = 0.056 Validation error = 0.241
2018-01-25 14:54:04,581 INFO EPOCH 45 - 107 sec ....1.47 min
2018-01-25 14:54:04,582 INFO Training error = 0.057 Validation error = 0.240
2018-01-25 14:54:06,938 INFO EPOCH 46 - 109 sec ....1.49 min
2018-01-25 14:54:06,938 INFO Training error = 0.058 Validation error = 0.229
2018-01-25 14:54:09,294 INFO EPOCH 47 - 112 sec ....1.52 min
2018-01-25 14:54:09,295 INFO Training error = 0.051 Validation error = 0.208
2018-01-25 14:54:11,671 INFO EPOCH 48 - 114 sec ....1.54 min
2018-01-25 14:54:11,672 INFO Training error = 0.049 Validation error = 0.209
2018-01-25 14:54:14,036 INFO EPOCH 49 - 116 sec ....1.56 min
2018-01-25 14:54:14,036 INFO Training error = 0.050 Validation error = 0.209
2018-01-25 14:54:16,436 INFO EPOCH 50 - 119 sec ....1.59 min
2018-01-25 14:54:16,436 INFO Training error = 0.045 Validation error = 0.211
2018-01-25 14:54:18,803 INFO EPOCH 51 - 121 sec ....2.1 min
2018-01-25 14:54:18,803 INFO Training error = 0.042 Validation error = 0.230
2018-01-25 14:54:21,143 INFO EPOCH 52 - 123 sec ....2.3 min
2018-01-25 14:54:21,143 INFO Training error = 0.042 Validation error = 0.222
2018-01-25 14:54:23,514 INFO EPOCH 53 - 126 sec ....2.6 min
2018-01-25 14:54:23,514 INFO Training error = 0.049 Validation error = 0.241
2018-01-25 14:54:25,872 INFO EPOCH 54 - 128 sec ....2.8 min
2018-01-25 14:54:25,872 INFO Training error = 0.041 Validation error = 0.229
2018-01-25 14:54:28,202 INFO EPOCH 55 - 130 sec ....2.10 min
2018-01-25 14:54:28,202 INFO Training error = 0.047 Validation error = 0.228
2018-01-25 14:54:30,591 INFO EPOCH 56 - 133 sec ....2.13 min
2018-01-25 14:54:30,591 INFO Training error = 0.038 Validation error = 0.219
2018-01-25 14:54:32,948 INFO EPOCH 57 - 135 sec ....2.15 min
2018-01-25 14:54:32,948 INFO Training error = 0.042 Validation error = 0.223
2018-01-25 14:54:35,291 INFO EPOCH 58 - 138 sec ....2.18 min
2018-01-25 14:54:35,291 INFO Training error = 0.043 Validation error = 0.222
2018-01-25 14:54:37,670 INFO EPOCH 59 - 140 sec ....2.20 min
2018-01-25 14:54:37,670 INFO Training error = 0.036 Validation error = 0.191
2018-01-25 14:54:40,026 INFO EPOCH 60 - 142 sec ....2.22 min
2018-01-25 14:54:40,026 INFO Training error = 0.042 Validation error = 0.204
2018-01-25 14:54:42,350 INFO EPOCH 61 - 145 sec ....2.25 min
2018-01-25 14:54:42,350 INFO Training error = 0.043 Validation error = 0.216
2018-01-25 14:54:44,746 INFO EPOCH 62 - 147 sec ....2.27 min
2018-01-25 14:54:44,746 INFO Training error = 0.041 Validation error = 0.220
2018-01-25 14:54:47,067 INFO EPOCH 63 - 149 sec ....2.29 min
2018-01-25 14:54:47,067 INFO Training error = 0.036 Validation error = 0.217
2018-01-25 14:54:49,380 INFO EPOCH 64 - 152 sec ....2.32 min
2018-01-25 14:54:49,381 INFO Training error = 0.039 Validation error = 0.237
2018-01-25 14:54:51,762 INFO EPOCH 65 - 154 sec ....2.34 min
2018-01-25 14:54:51,763 INFO Training error = 0.035 Validation error = 0.232
2018-01-25 14:54:54,113 INFO EPOCH 66 - 156 sec ....2.36 min
2018-01-25 14:54:54,114 INFO Training error = 0.030 Validation error = 0.212
2018-01-25 14:54:56,451 INFO EPOCH 67 - 159 sec ....2.39 min
2018-01-25 14:54:56,452 INFO Training error = 0.028 Validation error = 0.204
2018-01-25 14:54:58,850 INFO EPOCH 68 - 161 sec ....2.41 min
2018-01-25 14:54:58,850 INFO Training error = 0.054 Validation error = 0.240
2018-01-25 14:55:01,219 INFO EPOCH 69 - 163 sec ....2.43 min
2018-01-25 14:55:01,220 INFO Training error = 0.042 Validation error = 0.209
2018-01-25 14:55:03,602 INFO EPOCH 70 - 166 sec ....2.46 min
2018-01-25 14:55:03,602 INFO Training error = 0.031 Validation error = 0.216
2018-01-25 14:55:06,102 INFO EPOCH 71 - 168 sec ....2.48 min
2018-01-25 14:55:06,102 INFO Training error = 0.042 Validation error = 0.225
2018-01-25 14:55:08,447 INFO EPOCH 72 - 171 sec ....2.51 min
2018-01-25 14:55:08,447 INFO Training error = 0.044 Validation error = 0.251
2018-01-25 14:55:10,871 INFO EPOCH 73 - 173 sec ....2.53 min
2018-01-25 14:55:10,871 INFO Training error = 0.030 Validation error = 0.221
2018-01-25 14:55:13,353 INFO EPOCH 74 - 176 sec ....2.56 min
2018-01-25 14:55:13,353 INFO Training error = 0.024 Validation error = 0.191
2018-01-25 14:55:15,761 INFO EPOCH 75 - 178 sec ....2.58 min
2018-01-25 14:55:15,761 INFO Training error = 0.036 Validation error = 0.209
2018-01-25 14:55:18,120 INFO EPOCH 76 - 180 sec ....3.0 min
2018-01-25 14:55:18,120 INFO Training error = 0.028 Validation error = 0.195
2018-01-25 14:55:20,554 INFO EPOCH 77 - 183 sec ....3.3 min
2018-01-25 14:55:20,554 INFO Training error = 0.036 Validation error = 0.213
2018-01-25 14:55:23,009 INFO EPOCH 78 - 185 sec ....3.5 min
2018-01-25 14:55:23,009 INFO Training error = 0.032 Validation error = 0.207
2018-01-25 14:55:25,366 INFO EPOCH 79 - 188 sec ....3.8 min
2018-01-25 14:55:25,367 INFO Training error = 0.034 Validation error = 0.200
2018-01-25 14:55:27,754 INFO EPOCH 80 - 190 sec ....3.10 min
2018-01-25 14:55:27,754 INFO Training error = 0.031 Validation error = 0.205
2018-01-25 14:55:27,803 INFO Restoring parameters from ./models/lenet
2018-01-25 14:55:27,832 INFO ACCURACY:
2018-01-25 14:55:28,516 INFO Accuracy Model On Training Images: 0.969
2018-01-25 14:55:28,554 INFO Accuracy Model On Validation Images: 0.795
2018-01-25 14:55:28,895 INFO Accuracy Model On Test Images: 0.905
