2018-02-07 10:43:32,583 INFO dataset used = 2018-02-06_1645_online_augm_blur
2018-02-07 10:43:33,028 INFO Number of training examples = 50700
2018-02-07 10:43:33,028 INFO Number of validation examples = 1290
2018-02-07 10:43:33,028 INFO Number of testing examples = 12569
2018-02-07 10:43:33,028 INFO Number of classes = 43

2018-02-07 10:43:33,070 INFO used net = LeNet-adv
2018-02-07 10:43:33,799 INFO Training... dropout = 0.3 , batch_size = 128 , learning rate = 0.001
2018-02-07 10:44:12,376 INFO EPOCH 1 - 39 sec ....0.39 min
2018-02-07 10:44:12,376 INFO Training error = 0.017 Validation error = 0.080
2018-02-07 10:44:49,944 INFO EPOCH 2 - 76 sec ....1.16 min
2018-02-07 10:44:49,944 INFO Training error = 0.003 Validation error = 0.081
2018-02-07 10:45:27,526 INFO EPOCH 3 - 114 sec ....1.54 min
2018-02-07 10:45:27,526 INFO Training error = 0.002 Validation error = 0.092
2018-02-07 10:46:05,130 INFO EPOCH 4 - 151 sec ....2.31 min
2018-02-07 10:46:05,130 INFO Training error = 0.001 Validation error = 0.057
2018-02-07 10:46:42,717 INFO EPOCH 5 - 189 sec ....3.9 min
2018-02-07 10:46:42,717 INFO Training error = 0.001 Validation error = 0.067
2018-02-07 10:47:20,298 INFO EPOCH 6 - 227 sec ....3.47 min
2018-02-07 10:47:20,299 INFO Training error = 0.001 Validation error = 0.056
2018-02-07 10:47:57,872 INFO EPOCH 7 - 264 sec ....4.24 min
2018-02-07 10:47:57,873 INFO Training error = 0.002 Validation error = 0.057
2018-02-07 10:48:35,568 INFO EPOCH 8 - 302 sec ....5.2 min
2018-02-07 10:48:35,569 INFO Training error = 0.002 Validation error = 0.038
2018-02-07 10:49:13,144 INFO EPOCH 9 - 339 sec ....5.39 min
2018-02-07 10:49:13,144 INFO Training error = 0.000 Validation error = 0.036
2018-02-07 10:49:50,692 INFO EPOCH 10 - 377 sec ....6.17 min
2018-02-07 10:49:50,692 INFO Training error = 0.000 Validation error = 0.046
2018-02-07 10:50:28,350 INFO EPOCH 11 - 415 sec ....6.55 min
2018-02-07 10:50:28,350 INFO Training error = 0.000 Validation error = 0.043
2018-02-07 10:51:05,887 INFO EPOCH 12 - 452 sec ....7.32 min
2018-02-07 10:51:05,888 INFO Training error = 0.000 Validation error = 0.059
2018-02-07 10:51:43,438 INFO EPOCH 13 - 490 sec ....8.10 min
2018-02-07 10:51:43,438 INFO Training error = 0.001 Validation error = 0.031
2018-02-07 10:52:21,105 INFO EPOCH 14 - 527 sec ....8.47 min
2018-02-07 10:52:21,105 INFO Training error = 0.004 Validation error = 0.090
2018-02-07 10:52:58,650 INFO EPOCH 15 - 565 sec ....9.25 min
2018-02-07 10:52:58,650 INFO Training error = 0.000 Validation error = 0.036
2018-02-07 10:53:36,198 INFO EPOCH 16 - 602 sec ....10.2 min
2018-02-07 10:53:36,199 INFO Training error = 0.001 Validation error = 0.029
2018-02-07 10:54:13,850 INFO EPOCH 17 - 640 sec ....10.40 min
2018-02-07 10:54:13,850 INFO Training error = 0.000 Validation error = 0.049
2018-02-07 10:54:51,416 INFO EPOCH 18 - 678 sec ....11.18 min
2018-02-07 10:54:51,416 INFO Training error = 0.000 Validation error = 0.053
2018-02-07 10:55:28,967 INFO EPOCH 19 - 715 sec ....11.55 min
2018-02-07 10:55:28,967 INFO Training error = 0.000 Validation error = 0.066
2018-02-07 10:56:06,642 INFO EPOCH 20 - 753 sec ....12.33 min
2018-02-07 10:56:06,642 INFO Training error = 0.000 Validation error = 0.047
2018-02-07 10:56:44,201 INFO EPOCH 21 - 790 sec ....13.10 min
2018-02-07 10:56:44,201 INFO Training error = 0.000 Validation error = 0.052
2018-02-07 10:57:21,757 INFO EPOCH 22 - 828 sec ....13.48 min
2018-02-07 10:57:21,758 INFO Training error = 0.000 Validation error = 0.037
2018-02-07 10:57:59,410 INFO EPOCH 23 - 866 sec ....14.26 min
2018-02-07 10:57:59,410 INFO Training error = 0.000 Validation error = 0.053
2018-02-07 10:58:36,959 INFO EPOCH 24 - 903 sec ....15.3 min
2018-02-07 10:58:36,960 INFO Training error = 0.000 Validation error = 0.053
2018-02-07 10:59:14,526 INFO EPOCH 25 - 941 sec ....15.41 min
2018-02-07 10:59:14,527 INFO Training error = 0.000 Validation error = 0.051
2018-02-07 10:59:52,188 INFO EPOCH 26 - 978 sec ....16.18 min
2018-02-07 10:59:52,188 INFO Training error = 0.000 Validation error = 0.054
2018-02-07 11:00:29,726 INFO EPOCH 27 - 1016 sec ....16.56 min
2018-02-07 11:00:29,727 INFO Training error = 0.000 Validation error = 0.058
2018-02-07 11:01:07,258 INFO EPOCH 28 - 1053 sec ....17.33 min
2018-02-07 11:01:07,258 INFO Training error = 0.000 Validation error = 0.050
2018-02-07 11:01:44,881 INFO EPOCH 29 - 1091 sec ....18.11 min
2018-02-07 11:01:44,882 INFO Training error = 0.000 Validation error = 0.058
2018-02-07 11:02:22,446 INFO EPOCH 30 - 1129 sec ....18.49 min
2018-02-07 11:02:22,447 INFO Training error = 0.000 Validation error = 0.053
2018-02-07 11:02:59,973 INFO EPOCH 31 - 1166 sec ....19.26 min
2018-02-07 11:02:59,973 INFO Training error = 0.000 Validation error = 0.064
2018-02-07 11:03:37,622 INFO EPOCH 32 - 1204 sec ....20.4 min
2018-02-07 11:03:37,623 INFO Training error = 0.001 Validation error = 0.036
2018-02-07 11:04:15,172 INFO EPOCH 33 - 1241 sec ....20.41 min
2018-02-07 11:04:15,172 INFO Training error = 0.000 Validation error = 0.053
2018-02-07 11:04:52,713 INFO EPOCH 34 - 1279 sec ....21.19 min
2018-02-07 11:04:52,713 INFO Training error = 0.000 Validation error = 0.055
2018-02-07 11:05:30,355 INFO EPOCH 35 - 1317 sec ....21.57 min
2018-02-07 11:05:30,356 INFO Training error = 0.000 Validation error = 0.050
2018-02-07 11:06:07,895 INFO EPOCH 36 - 1354 sec ....22.34 min
2018-02-07 11:06:07,895 INFO Training error = 0.000 Validation error = 0.029
2018-02-07 11:06:45,435 INFO EPOCH 37 - 1392 sec ....23.12 min
2018-02-07 11:06:45,435 INFO Training error = 0.000 Validation error = 0.051
2018-02-07 11:07:23,066 INFO EPOCH 38 - 1429 sec ....23.49 min
2018-02-07 11:07:23,066 INFO Training error = 0.001 Validation error = 0.078
2018-02-07 11:08:00,592 INFO EPOCH 39 - 1467 sec ....24.27 min
2018-02-07 11:08:00,592 INFO Training error = 0.000 Validation error = 0.030
2018-02-07 11:08:38,139 INFO EPOCH 40 - 1504 sec ....25.4 min
2018-02-07 11:08:38,140 INFO Training error = 0.000 Validation error = 0.043
2018-02-07 11:08:38,504 INFO Restoring parameters from ./models/lenet
2018-02-07 11:08:38,547 INFO ACCURACY:
2018-02-07 11:08:46,150 INFO Accuracy Model On Training Images: 1.000
2018-02-07 11:08:46,345 INFO Accuracy Model On Validation Images: 0.957
2018-02-07 11:08:48,264 INFO Accuracy Model On Test Images: 0.973
