2018-02-09 10:01:20,525 INFO Number of training examples = 152100
2018-02-09 10:01:20,525 INFO Number of validation examples = 1290
2018-02-09 10:01:20,526 INFO Number of testing examples = 12569
2018-02-09 10:01:20,526 INFO Number of classes = 43

2018-02-09 10:01:40,556 INFO Number of training examples = 152100
2018-02-09 10:01:40,556 INFO Number of training examples = 152100
2018-02-09 10:01:40,557 INFO Number of validation examples = 1290
2018-02-09 10:01:40,557 INFO Number of validation examples = 1290
2018-02-09 10:01:40,557 INFO Number of testing examples = 12569
2018-02-09 10:01:40,557 INFO Number of testing examples = 12569
2018-02-09 10:01:40,558 INFO Number of classes = 43

2018-02-09 10:01:40,558 INFO Number of classes = 43

2018-02-09 10:01:42,486 INFO used net = VGGnet
2018-02-09 10:01:42,486 INFO used net = VGGnet
2018-02-09 10:01:43,667 INFO Training... dropout = 0.3 , batch_size = 128 , learning rate = 0.001
2018-02-09 10:01:43,667 INFO Training... dropout = 0.3 , batch_size = 128 , learning rate = 0.001
2018-02-09 10:02:48,114 INFO EPOCH 1 - 64 sec ....1.4 min
2018-02-09 10:02:48,114 INFO EPOCH 1 - 64 sec ....1.4 min
2018-02-09 10:02:48,114 INFO Training error = 0.1194 Validation error = 0.1798
2018-02-09 10:02:48,114 INFO Training error = 0.1194 Validation error = 0.1798
2018-02-09 10:03:51,780 INFO EPOCH 2 - 128 sec ....2.8 min
2018-02-09 10:03:51,780 INFO EPOCH 2 - 128 sec ....2.8 min
2018-02-09 10:03:51,780 INFO Training error = 0.0439 Validation error = 0.0519
2018-02-09 10:03:51,780 INFO Training error = 0.0439 Validation error = 0.0519
2018-02-09 10:04:55,403 INFO EPOCH 3 - 192 sec ....3.12 min
2018-02-09 10:04:55,403 INFO EPOCH 3 - 192 sec ....3.12 min
2018-02-09 10:04:55,404 INFO Training error = 0.0192 Validation error = 0.0357
2018-02-09 10:04:55,404 INFO Training error = 0.0192 Validation error = 0.0357
2018-02-09 10:05:58,973 INFO EPOCH 4 - 255 sec ....4.15 min
2018-02-09 10:05:58,973 INFO EPOCH 4 - 255 sec ....4.15 min
2018-02-09 10:05:58,973 INFO Training error = 0.0151 Validation error = 0.0372
2018-02-09 10:05:58,973 INFO Training error = 0.0151 Validation error = 0.0372
2018-02-09 10:07:02,553 INFO EPOCH 5 - 319 sec ....5.19 min
2018-02-09 10:07:02,553 INFO EPOCH 5 - 319 sec ....5.19 min
2018-02-09 10:07:02,554 INFO Training error = 0.0103 Validation error = 0.0233
2018-02-09 10:07:02,554 INFO Training error = 0.0103 Validation error = 0.0233
2018-02-09 10:08:06,147 INFO EPOCH 6 - 382 sec ....6.22 min
2018-02-09 10:08:06,147 INFO EPOCH 6 - 382 sec ....6.22 min
2018-02-09 10:08:06,148 INFO Training error = 0.0081 Validation error = 0.0364
2018-02-09 10:08:06,148 INFO Training error = 0.0081 Validation error = 0.0364
2018-02-09 10:09:09,718 INFO EPOCH 7 - 446 sec ....7.26 min
2018-02-09 10:09:09,718 INFO EPOCH 7 - 446 sec ....7.26 min
2018-02-09 10:09:09,718 INFO Training error = 0.0083 Validation error = 0.0434
2018-02-09 10:09:09,718 INFO Training error = 0.0083 Validation error = 0.0434
2018-02-09 10:10:13,503 INFO EPOCH 8 - 510 sec ....8.30 min
2018-02-09 10:10:13,503 INFO EPOCH 8 - 510 sec ....8.30 min
2018-02-09 10:10:13,503 INFO Training error = 0.0053 Validation error = 0.0225
2018-02-09 10:10:13,503 INFO Training error = 0.0053 Validation error = 0.0225
2018-02-09 10:11:17,097 INFO EPOCH 9 - 573 sec ....9.33 min
2018-02-09 10:11:17,097 INFO EPOCH 9 - 573 sec ....9.33 min
2018-02-09 10:11:17,097 INFO Training error = 0.0043 Validation error = 0.0233
2018-02-09 10:11:17,097 INFO Training error = 0.0043 Validation error = 0.0233
2018-02-09 10:12:20,708 INFO EPOCH 10 - 637 sec ....10.37 min
2018-02-09 10:12:20,708 INFO EPOCH 10 - 637 sec ....10.37 min
2018-02-09 10:12:20,709 INFO Training error = 0.0034 Validation error = 0.0248
2018-02-09 10:12:20,709 INFO Training error = 0.0034 Validation error = 0.0248
2018-02-09 10:13:24,559 INFO EPOCH 11 - 701 sec ....11.41 min
2018-02-09 10:13:24,559 INFO EPOCH 11 - 701 sec ....11.41 min
2018-02-09 10:13:24,560 INFO Training error = 0.0033 Validation error = 0.0194
2018-02-09 10:13:24,560 INFO Training error = 0.0033 Validation error = 0.0194
2018-02-09 10:14:28,215 INFO EPOCH 12 - 764 sec ....12.44 min
2018-02-09 10:14:28,215 INFO EPOCH 12 - 764 sec ....12.44 min
2018-02-09 10:14:28,216 INFO Training error = 0.0026 Validation error = 0.0264
2018-02-09 10:14:28,216 INFO Training error = 0.0026 Validation error = 0.0264
2018-02-09 10:15:31,819 INFO EPOCH 13 - 828 sec ....13.48 min
2018-02-09 10:15:31,819 INFO EPOCH 13 - 828 sec ....13.48 min
2018-02-09 10:15:31,820 INFO Training error = 0.0040 Validation error = 0.0271
2018-02-09 10:15:31,820 INFO Training error = 0.0040 Validation error = 0.0271
2018-02-09 10:16:35,526 INFO EPOCH 14 - 892 sec ....14.52 min
2018-02-09 10:16:35,526 INFO EPOCH 14 - 892 sec ....14.52 min
2018-02-09 10:16:35,527 INFO Training error = 0.0037 Validation error = 0.0287
2018-02-09 10:16:35,527 INFO Training error = 0.0037 Validation error = 0.0287
2018-02-09 10:17:39,109 INFO EPOCH 15 - 955 sec ....15.55 min
2018-02-09 10:17:39,109 INFO EPOCH 15 - 955 sec ....15.55 min
2018-02-09 10:17:39,109 INFO Training error = 0.0031 Validation error = 0.0248
2018-02-09 10:17:39,109 INFO Training error = 0.0031 Validation error = 0.0248
2018-02-09 10:18:42,697 INFO EPOCH 16 - 1019 sec ....16.59 min
2018-02-09 10:18:42,697 INFO EPOCH 16 - 1019 sec ....16.59 min
2018-02-09 10:18:42,698 INFO Training error = 0.0026 Validation error = 0.0085
2018-02-09 10:18:42,698 INFO Training error = 0.0026 Validation error = 0.0085
2018-02-09 10:19:46,317 INFO EPOCH 17 - 1083 sec ....18.3 min
2018-02-09 10:19:46,317 INFO EPOCH 17 - 1083 sec ....18.3 min
2018-02-09 10:19:46,318 INFO Training error = 0.0028 Validation error = 0.0248
2018-02-09 10:19:46,318 INFO Training error = 0.0028 Validation error = 0.0248
2018-02-09 10:20:49,905 INFO EPOCH 18 - 1146 sec ....19.6 min
2018-02-09 10:20:49,905 INFO EPOCH 18 - 1146 sec ....19.6 min
2018-02-09 10:20:49,905 INFO Training error = 0.0021 Validation error = 0.0318
2018-02-09 10:20:49,905 INFO Training error = 0.0021 Validation error = 0.0318
2018-02-09 10:21:53,430 INFO EPOCH 19 - 1210 sec ....20.10 min
2018-02-09 10:21:53,430 INFO EPOCH 19 - 1210 sec ....20.10 min
2018-02-09 10:21:53,431 INFO Training error = 0.0018 Validation error = 0.0271
2018-02-09 10:21:53,431 INFO Training error = 0.0018 Validation error = 0.0271
2018-02-09 10:22:57,145 INFO EPOCH 20 - 1273 sec ....21.13 min
2018-02-09 10:22:57,145 INFO EPOCH 20 - 1273 sec ....21.13 min
2018-02-09 10:22:57,146 INFO Training error = 0.0018 Validation error = 0.0279
2018-02-09 10:22:57,146 INFO Training error = 0.0018 Validation error = 0.0279
2018-02-09 10:22:57,260 INFO Restoring parameters from ./models/2018-02-09_1001/lenet
2018-02-09 10:22:57,260 INFO Restoring parameters from ./models/2018-02-09_1001/lenet
2018-02-09 10:22:57,350 INFO ACCURACY:
2018-02-09 10:22:57,350 INFO ACCURACY:
2018-02-09 10:23:13,044 INFO Accuracy Model On Training Images: 0.9982
2018-02-09 10:23:13,044 INFO Accuracy Model On Training Images: 0.9982
2018-02-09 10:23:13,179 INFO Accuracy Model On Validation Images: 0.9721
2018-02-09 10:23:13,179 INFO Accuracy Model On Validation Images: 0.9721
2018-02-09 10:23:14,499 INFO Accuracy Model On Test Images: 0.9901
2018-02-09 10:23:14,499 INFO Accuracy Model On Test Images: 0.9901
